Log file open, 04/08/15 17:35:36
LogInit:Display: Running engine for game: Project_8_46
LogInit: Version: 4.7.4-2497108+++depot+UE4-Releases+4.7
LogInit: API Version: 2455222
LogInit: Compiled (64-bit): Mar 31 2015 09:40:25
LogInit: Compiled with Visual C++: 18.00.21005.01
LogInit: Build Configuration: Development
LogInit: Branch Name: ++depot+UE4-Releases+4.7
LogInit: Command line: 
LogInit: Base directory: C:/Program Files/Epic Games/4.7/Engine/Binaries/Win64/
LogInit: Rocket: 1
[2015.04.08-16.35.36:286][  0]LogTaskGraph: Started task graph with 3 named threads and 6 total threads.
[2015.04.08-16.35.36:345][  0]LogOnline:Warning: No default platform service specified for OnlineSubsystem
[2015.04.08-16.35.36:374][  0]LogInit: Presizing for 0 objects not considered by GC, pre-allocating 0 bytes.
[2015.04.08-16.35.36:382][  0]LogInit: Object subsystem initialized
[2015.04.08-16.35.36:383][  0]LogConsoleResponse:Warning: Skipping Unknown console variable: 'TranslucentSortAxis = (X=0.000000,Y=-1.000000,Z=0.000000)'
[2015.04.08-16.35.36:383][  0]LogConsoleResponse:Warning:   Found in ini file 'C:/Users/Axel/Documents/GitHub/08-46/UE4-Project/Project_8_46/Saved/Config/Windows/Engine.ini', in section '[/Script/Engine.RendererSettings]'
[2015.04.08-16.35.36:384][  0]LogConsoleResponse:Warning: Skipping Unknown console variable: 'UIScaleRule = ShortestSide'
[2015.04.08-16.35.36:384][  0]LogConsoleResponse:Warning:   Found in ini file 'C:/Users/Axel/Documents/GitHub/08-46/UE4-Project/Project_8_46/Saved/Config/Windows/Engine.ini', in section '[/Script/Engine.RendererSettings]'
[2015.04.08-16.35.36:384][  0]LogConsoleResponse:Warning: Skipping Unknown console variable: 'UIScaleCurve = (EditorCurveData=(Keys=),ExternalCurve=None)'
[2015.04.08-16.35.36:384][  0]LogConsoleResponse:Warning:   Found in ini file 'C:/Users/Axel/Documents/GitHub/08-46/UE4-Project/Project_8_46/Saved/Config/Windows/Engine.ini', in section '[/Script/Engine.RendererSettings]'
[2015.04.08-16.35.36:384][  0]LogInit: Selected Device Profile: [Windows]
[2015.04.08-16.35.36:384][  0]LogInit: Applying CVar settings loaded from the selected device profile: [Windows]
[2015.04.08-16.35.36:390][  0]LogInit: Computer: AXEL
[2015.04.08-16.35.36:390][  0]LogInit: User: Axel
[2015.04.08-16.35.36:390][  0]LogInit: CPU Page size=4096, Cores=4
[2015.04.08-16.35.36:390][  0]LogInit: High frequency timer resolution =2.435776 MHz
[2015.04.08-16.35.36:390][  0]LogMemory: Memory total: Physical=7.9GB (8GB approx) Virtual=131072.0GB
[2015.04.08-16.35.36:390][  0]LogMemory: Platform Memory Stats for Windows
[2015.04.08-16.35.36:390][  0]LogMemory: Process Physical Memory: 46.18 MB used, 46.18 MB peak
[2015.04.08-16.35.36:390][  0]LogMemory: Process Virtual Memory: 24.51 MB used, 24.51 MB peak
[2015.04.08-16.35.36:390][  0]LogMemory: Physical Memory: 3806.63 MB used, 8111.20 MB total
[2015.04.08-16.35.36:390][  0]LogMemory: Virtual Memory: 286.18 MB used, 134217728.00 MB total
[2015.04.08-16.35.36:410][  0]LogD3D11RHI: Found D3D11 adapter 0: NVIDIA GeForce GTX 850M        (Feature Level 11_0)
[2015.04.08-16.35.36:410][  0]LogD3D11RHI: Adapter has 1972MB of dedicated video memory, 0MB of dedicated system memory, and 2048MB of shared system memory, 1 output[s]
[2015.04.08-16.35.36:416][  0]LogD3D11RHI: Found D3D11 adapter 1: Intel(R) HD Graphics 4600 (Feature Level 11_0)
[2015.04.08-16.35.36:416][  0]LogD3D11RHI: Adapter has 0MB of dedicated video memory, 0MB of dedicated system memory, and 1792MB of shared system memory, 0 output[s]
[2015.04.08-16.35.36:417][  0]LogD3D11RHI: Found D3D11 adapter 2: Microsoft Basic Render Driver (Feature Level 11_0)
[2015.04.08-16.35.36:417][  0]LogD3D11RHI: Adapter has 0MB of dedicated video memory, 0MB of dedicated system memory, and 256MB of shared system memory, 0 output[s]
[2015.04.08-16.35.36:417][  0]LogD3D11RHI: Chosen D3D11 Adapter Id = 0
[2015.04.08-16.35.36:422][  0]LogRHI: Texture pool is 1361 MB (70% of 1945 MB)
[2015.04.08-16.35.36:436][  0]LogD3D11RHI: Async texture creation enabled
[2015.04.08-16.35.36:494][  0]LogTextLocalizationManager: The requested culture ('fr_FR') has no localization data; falling back to 'en' for localization and internationalization data.
[2015.04.08-16.35.36:568][  0]LogTextLocalizationManager:Warning: Loading localization resources contain conflicting entries for (Namespace:UICommands, Key:Save_ToolTip):
Resource: (C:/Program Files/Epic Games/4.7/Engine/Content/Localization/Editor/en/Editor.locres) Hash: (-29098895) String: (Saves the current level to disk)
Resource: (C:/Program Files/Epic Games/4.7/Engine/Content/Localization/Engine/en/Engine.locres) Hash: (-1280300587) String: (Save selected data to vlog file)
[2015.04.08-16.35.36:569][  0]LogTextLocalizationManager:Warning: Loading localization resources contain conflicting entries for (Namespace:ContentBrowser, Key:ImportAssetToolTip):
Resource: (C:/Program Files/Epic Games/4.7/Engine/Content/Localization/Editor/en/Editor.locres) Hash: (-630476809) String: (Import to {0}...)
Resource: (C:/Program Files/Epic Games/4.7/Engine/Content/Localization/Editor/en/Editor.locres) Hash: (1271782899) String: (Imports an asset from file to this folder.)
[2015.04.08-16.35.36:643][  0]LogContentStreaming: Texture pool size is 0.000000MB
[2015.04.08-16.35.38:709][  0]LogTargetPlatformManager:Display: Building Assets For Windows
[2015.04.08-16.35.39:174][  0]LogTargetPlatformManager:Display: Building Assets For Windows
[2015.04.08-16.35.39:228][  0]LogDerivedDataCache:Display: Max Cache Size: 512 MB
[2015.04.08-16.35.39:270][  0]LogDerivedDataCache: Loaded boot cache 0.04s 39MB C:/Users/Axel/AppData/Local/UnrealEngine/4.7/DerivedDataCache/Boot.ddc.
[2015.04.08-16.35.39:270][  0]LogDerivedDataCache:Display: Loaded Boot cache: C:/Users/Axel/AppData/Local/UnrealEngine/4.7/DerivedDataCache/Boot.ddc
[2015.04.08-16.35.39:271][  0]LogDerivedDataCache: FDerivedDataBackendGraph:  Pak pak cache file ../../../../../../Users/Axel/Documents/GitHub/08-46/UE4-Project/Project_8_46/DerivedDataCache/DDC.ddp not found, will not use a pak cache.
[2015.04.08-16.35.39:271][  0]LogDerivedDataCache: Unable to find inner node Pak for hierarchical cache Hierarchy.
[2015.04.08-16.35.39:377][  0]LogDerivedDataCache:Display: Pak cache opened for reading ../../../Engine/DerivedDataCache/Compressed.ddp.
[2015.04.08-16.35.39:390][  0]LogDerivedDataCache: Using Local data cache path C:/Users/Axel/AppData/Local/UnrealEngine/Common/DerivedDataCache: Writable
[2015.04.08-16.35.39:641][  0]LogMeshUtilities: No automatic mesh reduction module available
[2015.04.08-16.35.39:641][  0]LogMeshUtilities: No automatic mesh merging module available
[2015.04.08-16.35.40:017][  0]LogInit: WinSock: version 1.1 (2.2), MaxSocks=32767, MaxUdp=65467
[2015.04.08-16.35.40:087][  0]LogSlate:Warning: Failed to load font data from '../../../Engine/Content/Slate/Fonts/Roboto-Italic.ttf'
[2015.04.08-16.35.40:788][  0]UdpMessaging: Initializing bridge on interface 0.0.0.0:0 to multicast group 230.0.0.1:6666.
[2015.04.08-16.35.40:966][  0]SourceControl: Info Source control is disabled
[2015.04.08-16.35.40:966][  0]SourceControl: Info Source control is disabled
[2015.04.08-16.35.40:966][  0]SourceControl: Info Source control is disabled
[2015.04.08-16.35.40:966][  0]LogSourceControl: RunCommandInternalRaw: 'git version'
[2015.04.08-16.35.40:966][  0]LogSourceControl: RunCommandInternalRaw: ExecProcess ReturnCode=2 OutResults=''
[2015.04.08-16.35.40:974][  0]SourceControl: Info Source control is disabled
[2015.04.08-16.35.41:130][  0]LogObj: 24232 objects as part of root set at end of initial load.
[2015.04.08-16.35.41:130][  0]LogUObjectAllocator: 5137176 out of 0 bytes used by permanent object pool.
[2015.04.08-16.35.41:205][  0]LogEngine: Initializing Engine...
[2015.04.08-16.35.43:340][  0]LogInit: XAudio2 using 'Speakers (Realtek High Definition Audio)' : 2 channels at 48 kHz using 32 bits per sample (channel mask 0x3)
[2015.04.08-16.35.43:348][  0]LogInit: FAudioDevice initialized.
[2015.04.08-16.35.43:381][  0]LogAIModule: Creating AISystem for world NewWorld
[2015.04.08-16.35.43:410][  0]LogDerivedDataCache: Saved boot cache 0.03s 39MB C:/Users/Axel/AppData/Local/UnrealEngine/4.7/DerivedDataCache/Boot.ddc.
[2015.04.08-16.35.43:417][  0]LogInit: Texture streaming: Enabled
[2015.04.08-16.35.43:497][  0]LogAnalytics: Creating configured Analytics provider AnalyticsET
[2015.04.08-16.35.43:497][  0]LogAnalytics: ET APIKey = Rocket.Release. APIServer = http://et2.epicgames.com/ET2/. AppVersion = 4.7.4-2497108+++depot+UE4-Releases+4.7
[2015.04.08-16.35.43:497][  0]LogAnalytics: ET APIKey = Rocket.Release. DataRouterUploadURL = https://datarouter-public-service-gamedev.ol.epicgames.net/datarouter/api/v1/public/data. AppVersion = 4.7.4-2497108+++depot+UE4-Releases+4.7
[2015.04.08-16.35.43:497][  0]LogAnalytics: SetUserId e88c5383477aca45f485feae05ecce95|055f838899cf4f808bea9037a5bce58a|a41b6706-46c7-4e3e-8712-6c4db12eddd9
[2015.04.08-16.35.43:497][  0]LogAnalytics: AnalyticsET::StartSession [Rocket.Release]
[2015.04.08-16.35.43:520][  0]LogInit: Transaction tracking system initialized
[2015.04.08-16.35.43:680][  0]BlueprintLog: New page: Editor Load
[2015.04.08-16.35.43:714][  0]LogAssetRegistry: FAssetRegistry took 0.0109 seconds to start up
[2015.04.08-16.35.43:714][  0]LogDirectoryWatcher:Warning: Failed to begin reading directory changes for ../../../Engine/Plugins/Experimental/CharacterAI/Content/. Error: 0
[2015.04.08-16.35.44:234][  0]LogTargetPlatformManager:Display: Building Assets For Windows
[2015.04.08-16.35.44:554][  0]LogTargetPlatformManager:Display: Building Assets For Windows
[2015.04.08-16.35.44:749][  0]LogLinker:Warning: Can't find file '/Game/FirstPersonBP/FirstPersonOverview'
[2015.04.08-16.35.44:750][  0]LogLinker:Warning: Can't find file '/Game/FirstPersonBP/FirstPersonOverview'
[2015.04.08-16.35.44:750][  0]LogUObjectGlobals:Warning: Failed to find object 'Class /Game/FirstPersonBP/FirstPersonOverview.FirstPersonOverview_C'
[2015.04.08-16.35.44:782][  0]LogSlate:Warning: Failed to load font data from '../../../Engine/Content/Editor/Slate/Fonts/Roboto-Regular.ttf'
[2015.04.08-16.35.44:782][  0]LogSlate:Warning: Failed to load font data from '../../../Engine/Content/Editor/Slate/Fonts/Roboto-Bold.ttf'
[2015.04.08-16.35.44:787][  0]LogConsoleResponse:Display: 
[2015.04.08-16.35.44:894][  0]LogCook:Display: Done creating registry. It took  0.00s.
[2015.04.08-16.35.45:016][  0]SourceControl: Info Source control is disabled
[2015.04.08-16.35.45:017][  0]Cmd: MAP LOAD FILE="../../../../../../Users/Axel/Documents/GitHub/08-46/UE4-Project/Project_8_46/Content/FirstPersonBP/Maps/FirstPersonExampleMap.umap" TEMPLATE=0 SHOWPROGRESS=1 FEATURELEVEL=3
[2015.04.08-16.35.45:017][  0]LogEditorServer:Warning: Can't find file '../../../../../../Users/Axel/Documents/GitHub/08-46/UE4-Project/Project_8_46/Content/FirstPersonBP/Maps/FirstPersonExampleMap.umap'
[2015.04.08-16.35.45:017][  0]Cmd: MAP CHECKDEP
[2015.04.08-16.35.45:017][  0]MapCheck: New page: Untitled_0 - Apr 8, 2015, 6:35:45 PM
[2015.04.08-16.35.45:076][  0]MapCheck: Info Map check complete: 0 Error(s), 0 Warning(s), took 58.582ms to complete.
[2015.04.08-16.35.45:076][  0]LogFileHelpers: Loading map 'FirstPersonExampleMap' took 0.059
[2015.04.08-16.35.45:263][  0]LogCollectionManager: Loaded 0 collections in 0.001787 seconds
[2015.04.08-16.35.45:272][  0]LogContentBrowser: Native class hierarchy populated in 0.0096 seconds. Added 1696 classes and 261 folders.
[2015.04.08-16.35.45:301][  0]LogContentBrowser: Native class hierarchy updated for 'SceneOutliner' in 0.0017 seconds. Added 1 classes and 2 folders.
[2015.04.08-16.35.45:341][  0]LogCrashTracker: Crashtracker disabled due to settings.
[2015.04.08-16.35.45:342][  0]LogSlate:Warning: Failed to load font data from 'Veranda'
[2015.04.08-16.35.45:349][  0]LogUObjectGlobals:Warning: Failed to find object 'Class None.'
[2015.04.08-16.35.45:376][  0]LogLoad: Full Startup: 9.91 seconds (BP compile: 0.00 seconds)
[2015.04.08-16.35.45:399][  0]LogContentBrowser:Verbose: The content browser source was changed by the sources view to '/Game/Character/UE_Model/Bend'
[2015.04.08-16.35.45:591][  0]LogRenderer:Warning: Reallocating scene render targets to support 1208x560 (Frame:2).
[2015.04.08-16.35.45:916][  5]LogAssetRegistry: Asset discovery search completed in 2.2142 seconds
[2015.04.08-16.36.02:661][979]LogContentBrowser:Verbose: The content browser source was changed by the sources view to '/Game/Character/UE_Model'
[2015.04.08-16.36.03:946][ 55]LogContentBrowser:Verbose: The content browser source was changed by the sources view to '/Game/Character/UE_Model/Animations'
[2015.04.08-16.36.05:239][128]LogContentBrowser:Verbose: The content browser source was changed by the sources view to '/Game/Character/UE_Model'
[2015.04.08-16.36.07:057][236]LogContentBrowser:Verbose: The content browser source was changed by the sources view to '/Game/Level'
[2015.04.08-16.36.08:259][271]Cmd: MAP LOAD FILE="../../../../../../Users/Axel/Documents/GitHub/08-46/UE4-Project/Project_8_46/Content/Level/Main_Level.umap" TEMPLATE=0 SHOWPROGRESS=1 FEATURELEVEL=3
[2015.04.08-16.36.08:259][271]LightingResults: New page: Lighting Build
[2015.04.08-16.36.08:273][271]LogContentBrowser: Native class hierarchy updated for 'StatsViewer' in 0.0017 seconds. Added 5 classes and 0 folders.
[2015.04.08-16.36.08:296][271]LoadErrors: New page: Loading map: Main_Level.umap
[2015.04.08-16.36.08:296][271]MapCheck: New page: Map Check
[2015.04.08-16.36.08:296][271]LightingResults: New page: Lighting Build
[2015.04.08-16.36.08:304][271]LogParticles: Destroying 0 GPU particle simulations for FXSystem 0x000000664DBDE980
[2015.04.08-16.36.08:308][271]LogEditorServer: Finished looking for orphan Actors (0.000 secs)
[2015.04.08-16.36.08:311][271]LogAIModule: Creating AISystem for world Main_Level
[2015.04.08-16.36.08:342][271]Cmd: MAP CHECKDEP
[2015.04.08-16.36.08:342][271]MapCheck: New page: Main_Level - Apr 8, 2015, 6:36:08 PM
[2015.04.08-16.36.08:406][271]MapCheck: Info Map check complete: 0 Error(s), 0 Warning(s), took 63.962ms to complete.
[2015.04.08-16.36.08:406][271]LogFileHelpers: Loading map 'Main_Level' took 0.148
[2015.04.08-16.36.12:186][475]LogEditorViewport: Clicking on Actor (LMB): BP_Sky_Sphere_C (Sky Sphere)
[2015.04.08-16.36.13:959][565]MapCheck: New page: Map Check
[2015.04.08-16.36.14:081][565]Cmd: MAP REBUILD ALLVISIBLE
[2015.04.08-16.36.14:088][565]LogEditorServer: Rebuildmap Clear paths rebuilt
[2015.04.08-16.36.14:185][565]LightingResults: New page: Lighting Build - Apr 8, 2015, 6:36:14 PM
[2015.04.08-16.36.30:446][565]LogStaticLightingSystem:Warning: No importance volume found, so the scene bounding box was used.  You can optimize your scene's quality and lighting build times by adding importance volumes.
[2015.04.08-16.36.30:471][565]LogStaticLightingSystem: Running Lightmass w/ ImmediateImport mode ENABLED
[2015.04.08-16.36.30:471][565]LogStaticLightingSystem: Running Lightmass w/ ImmediateProcess mode ENABLED
[2015.04.08-16.36.30:471][565]LogStaticLightingSystem: Running Lightmass w/ Sorting mode ENABLED
[2015.04.08-16.36.30:471][565]LogStaticLightingSystem: Running Lightmass w/ Mapping paddings ENABLED
[2015.04.08-16.36.30:471][565]LogStaticLightingSystem: Running Lightmass w/ Mapping debug paddings DISABLED
[2015.04.08-16.36.31:352][565]LogEditorBuildUtils: Build time 0:00:17
[2015.04.08-16.36.31:420][565]LogMaterial: Missing cached shader map for material FLightmassMaterialRenderer DefaultMaterial, compiling. 
[2015.04.08-16.36.31:559][565]LogMaterial: Missing cached shader map for material FLightmassMaterialRenderer DefaultMaterial, compiling. 
[2015.04.08-16.36.35:681][623]Job is a success!
[2015.04.08-16.36.36:169][624]LogTexture:Display: Building textures: HQ_Lightmap0_1 (AutoDXT)
[2015.04.08-16.36.36:224][624]LogTexture:Display: Building textures: LQ_Lightmap_1_2 (DXT1)
[2015.04.08-16.36.36:225][624]LogTexture:Display: Building textures: HQ_Lightmap1_2 (AutoDXT)
[2015.04.08-16.36.36:226][624]LogTexture:Display: Building textures: LQ_Lightmap_0_1 (DXT1)
[2015.04.08-16.36.36:317][624]LogTexture:Display: Building textures: ShadowMapTexture2D_0 (BGRA8)
[2015.04.08-16.36.36:401][624]LogTexture:Display: Building textures: ShadowMapTexture2D_3 (BGRA8)
[2015.04.08-16.36.36:658][624]Lightmass on AXEL: 1.54 sec total, 208 ms importing, 3 ms setup, 311 ms photons, 1.00 sec processing, 0 ms extra exporting [2/2 mappings]. Threads: 6.84 sec total, 274 ms processing.
[2015.04.08-16.36.36:689][624]LogStaticLightingSystem: Illumination: 22.4 sec (242 ms encoding lightmaps)
[2015.04.08-16.36.36:689][624]LogStaticLightingSystem: Lightmap texture memory:  0.1 MB (0.1 MB streaming, 0.0 MB non-streaming), 4 textures
[2015.04.08-16.36.36:689][624]LogStaticLightingSystem: Shadowmap texture memory: 0.2 MB (0.2 MB streaming, 0.0 MB non-streaming), 2 textures
[2015.04.08-16.36.37:449][625]Cmd: MAP CHECK NOTIFYRESULTS
[2015.04.08-16.36.37:449][625]MapCheck: New page: Main_Level - Apr 8, 2015, 6:36:37 PM
[2015.04.08-16.36.37:618][625]MapCheck: Info Map check complete: 0 Error(s), 0 Warning(s), took 169.636ms to complete.
[2015.04.08-16.36.40:840][770]LogSavePackage: Save=131.523590ms
[2015.04.08-16.36.40:840][770]LogSavePackage: Moving '../../../../../../Users/Axel/Documents/GitHub/08-46/UE4-Project/Project_8_46/Saved/Main_Level1A8CC46944DB1EA0756A1D992EB9A1DB.tmp' to '../../../../../../Users/Axel/Documents/GitHub/08-46/UE4-Project/Project_8_46/Content/Level/Main_Level.umap'
[2015.04.08-16.36.40:894][770]LogFileHelpers: Saving map 'Main_Level' took 0.308
[2015.04.08-16.36.45:245][ 28]LogContentBrowser:Verbose: The content browser source was changed by the sources view to '/Game/Textures'
[2015.04.08-16.36.46:217][ 84]LogContentBrowser:Verbose: The content browser source was changed by the sources view to '/Game/Scripts'
[2015.04.08-16.36.48:343][209]LogContentBrowser:Verbose: The content browser source was changed by the sources view to '/Game/Character/UE_Model/Animations'
[2015.04.08-16.36.50:091][307]LogContentBrowser:Verbose: The content browser source was changed by the sources view to '/Game/Character/UE_Model/Bend'
[2015.04.08-16.36.51:849][411]LogContentBrowser:Verbose: The content browser source was changed by the sources view to '/Game/Character/UE_Model'
[2015.04.08-16.36.53:732][506]LogLinker:Warning: Asset '../../../Engine/Content/EngineMeshes/Humanoid.uasset' has been saved with empty engine version. The asset will be loaded but may be incompatible.
[2015.04.08-16.36.54:494][506]LogLinker:Warning: Can't find file '/Game/ThirdPersonBP/Character/ThirdPersonSkelMesh'
[2015.04.08-16.36.54:524][506]LogLinker:Warning: Can't find file '/Game/ThirdPersonBP/Character/ThirdPersonSkelMesh'
[2015.04.08-16.36.54:551][506]LogUObjectGlobals:Warning: Failed to find object 'SkeletalMesh /Game/ThirdPersonBP/Character/ThirdPersonSkelMesh.ThirdPersonSkelMesh'
[2015.04.08-16.36.54:854][506]LogLinker:Warning: Asset '../../../Engine/Content/Tutorial/SubEditors/PersonaAnimEditorTutorial.uasset' has been saved with empty engine version. The asset will be loaded but may be incompatible.
[2015.04.08-16.36.54:939][506]LogContentBrowser:Verbose: The majority of assets in the view are of type: AnimSequence
[2015.04.08-16.36.57:176][625]BlueprintLog: New page: Compile CharacterAnim_BP
[2015.04.08-16.36.57:293][625]BlueprintEditorCompileResults: Info [0081.83] Compile of CharacterAnim_BP successful! [in 116 ms]
[2015.04.08-16.37.06:475][ 55]LogContentBrowser:Verbose: The content browser source was changed by the sources view to '/Game/Scripts/Player'
[2015.04.08-16.37.21:950][748]Cmd: OBJ SAVEPACKAGE PACKAGE="/Game/Scripts/Player/Player_BP" FILE="../../../../../../Users/Axel/Documents/GitHub/08-46/UE4-Project/Project_8_46/Content/Scripts/Player/Player_BP.uasset" SILENT=true
[2015.04.08-16.37.22:327][748]LogSavePackage: Save=369.485138ms
[2015.04.08-16.37.22:327][748]LogSavePackage: Moving '../../../../../../Users/Axel/Documents/GitHub/08-46/UE4-Project/Project_8_46/Saved/Player_BPFE0094374AB47F08B8DDEB961E5B3F5C.tmp' to '../../../../../../Users/Axel/Documents/GitHub/08-46/UE4-Project/Project_8_46/Content/Scripts/Player/Player_BP.uasset'
[2015.04.08-16.37.25:957][918]LogActorComponent: UnregisterComponent: (/Engine/Transient.CharMoveComp) Not registered. Aborting.
[2015.04.08-16.37.31:580][135]BlueprintLog: New page: Pre-PIE auto-recompile
[2015.04.08-16.37.31:583][135]LogActorComponent: UnregisterComponent: (/Engine/Transient.CharMoveComp) Not registered. Aborting.
[2015.04.08-16.37.31:596][135]LogPlayLevel: [PIE] Compiling Player_BP before PIE...
[2015.04.08-16.37.31:749][135]LogPlayLevel: PIE:  Blueprint regeneration took 169 ms (1 blueprints)
[2015.04.08-16.37.31:749][135]PIE: New page: PIE session: Main_Level (Apr 8, 2015, 6:37:31 PM)
[2015.04.08-16.37.31:753][135]LogPlayLevel: PIE: StaticDuplicateObject took: (0.003483s)
[2015.04.08-16.37.31:755][135]LogPlayLevel: PIE: World Init took: (0.001418s)
[2015.04.08-16.37.31:755][135]LogPlayLevel: PIE: Created PIE world by copying editor world from /Game/Level/Main_Level.Main_Level to /Game/Level/UEDPIE_0_Main_Level.Main_Level (0.005099s)
[2015.04.08-16.37.31:856][135]LogLinker:Warning: Can't find file '/Game/FirstPersonBP/Blueprints/FirstPersonGameMode'
[2015.04.08-16.37.31:856][135]LogLinker:Warning: Can't find file '/Game/FirstPersonBP/Blueprints/FirstPersonGameMode'
[2015.04.08-16.37.31:856][135]LogUObjectGlobals:Warning: Failed to find object 'Class /Game/FirstPersonBP/Blueprints/FirstPersonGameMode.FirstPersonGameMode_C'
[2015.04.08-16.37.31:856][135]LogWorld: Game class is 'GameMode'
[2015.04.08-16.37.31:859][135]LogAIModule: Creating AISystem for world Main_Level
[2015.04.08-16.37.31:862][135]LogWorld: Bringing World /Game/Level/UEDPIE_0_Main_Level.Main_Level up for play (max tick rate 60) at 2015.04.08-17.37.31
[2015.04.08-16.37.31:862][135]LogWorld: Bringing up level for play took: 0.002406
[2015.04.08-16.37.31:904][135]PIE: Info Play in editor start time for /Game/Level/UEDPIE_0_Main_Level -0.611
[2015.04.08-16.37.33:566][224]LogActorComponent: UnregisterComponent: (/Engine/Transient.CharMoveComp) Not registered. Aborting.
[2015.04.08-16.37.33:619][225]LogParticles: Destroying 0 GPU particle simulations for FXSystem 0x0000006676E9B4C0
[2015.04.08-16.37.39:615][544]LogLinker:Warning: Can't find file '/Game/FirstPersonBP/Blueprints/FirstPersonGameMode'
[2015.04.08-16.37.39:615][544]LogLinker:Warning: Can't find file '/Game/FirstPersonBP/Blueprints/FirstPersonGameMode'
[2015.04.08-16.37.39:615][544]LogUObjectGlobals:Warning: Failed to find object 'Object /Game/FirstPersonBP/Blueprints/FirstPersonGameMode.FirstPersonGameMode_C'
[2015.04.08-16.37.39:616][544]LogLinker:Warning: Can't find file '/Game/FirstPersonBP/Blueprints/FirstPersonGameMode'
[2015.04.08-16.37.39:616][544]LogLinker:Warning: Can't find file '/Game/FirstPersonBP/Blueprints/FirstPersonGameMode'
[2015.04.08-16.37.39:616][544]LogUObjectGlobals:Warning: Failed to find object 'Object /Game/FirstPersonBP/Blueprints/FirstPersonGameMode.FirstPersonGameMode_C'
[2015.04.08-16.37.49:538][ 44]LogContentBrowser:Verbose: The content browser source was changed by the sources view to '/Game/Scripts/GameState'
[2015.04.08-16.37.51:580][155]LogLinker:Warning: Can't find file '/Game/FirstPersonBP/Blueprints/FirstPersonGameMode'
[2015.04.08-16.37.51:581][155]LogLinker:Warning: Can't find file '/Game/FirstPersonBP/Blueprints/FirstPersonGameMode'
[2015.04.08-16.37.51:581][155]LogUObjectGlobals:Warning: Failed to find object 'Object /Game/FirstPersonBP/Blueprints/FirstPersonGameMode.FirstPersonGameMode_C'
[2015.04.08-16.37.51:581][155]LogLinker:Warning: Can't find file '/Game/FirstPersonBP/Blueprints/FirstPersonGameMode'
[2015.04.08-16.37.51:581][155]LogLinker:Warning: Can't find file '/Game/FirstPersonBP/Blueprints/FirstPersonGameMode'
[2015.04.08-16.37.51:582][155]LogUObjectGlobals:Warning: Failed to find object 'Object /Game/FirstPersonBP/Blueprints/FirstPersonGameMode.FirstPersonGameMode_C'
[2015.04.08-16.37.53:089][220]LogLinker:Warning: Can't find file '/Game/FirstPersonBP/Blueprints/FirstPersonGameMode'
[2015.04.08-16.37.53:089][220]LogLinker:Warning: Can't find file '/Game/FirstPersonBP/Blueprints/FirstPersonGameMode'
[2015.04.08-16.37.53:090][220]LogUObjectGlobals:Warning: Failed to find object 'Object /Game/FirstPersonBP/Blueprints/FirstPersonGameMode.FirstPersonGameMode_C'
[2015.04.08-16.37.53:091][220]LogLinker:Warning: Can't find file '/Game/FirstPersonBP/Blueprints/FirstPersonGameMode'
[2015.04.08-16.37.53:091][220]LogLinker:Warning: Can't find file '/Game/FirstPersonBP/Blueprints/FirstPersonGameMode'
[2015.04.08-16.37.53:091][220]LogUObjectGlobals:Warning: Failed to find object 'Object /Game/FirstPersonBP/Blueprints/FirstPersonGameMode.FirstPersonGameMode_C'
[2015.04.08-16.37.53:970][259]LogSlate:Warning: Prevented a slow task dialog from being summoned while a context menu was open
[2015.04.08-16.37.56:892][326]LogEditorViewport: Clicking on Actor (LMB): StaticMeshActor (Floor)
[2015.04.08-16.37.56:941][326]LogEditorViewport: Clicking on Component (LMB): StaticMeshComponent (StaticMeshComponent0)
[2015.04.08-16.37.58:644][413]LogActorComponent: UnregisterComponent: (/Engine/Transient.CharMoveComp) Not registered. Aborting.
[2015.04.08-16.37.58:661][413]LogParticles: Destroying 0 GPU particle simulations for FXSystem 0x000000665366AB60
[2015.04.08-16.38.21:092][653]Cmd: OBJ SAVEPACKAGE PACKAGE="/Game/Scripts/GameState/GameMode" FILE="../../../../../../Users/Axel/Documents/GitHub/08-46/UE4-Project/Project_8_46/Content/Scripts/GameState/GameMode.uasset" SILENT=true
[2015.04.08-16.38.21:113][653]LogSavePackage: Save=11.651729ms
[2015.04.08-16.38.21:113][653]LogSavePackage: Moving '../../../../../../Users/Axel/Documents/GitHub/08-46/UE4-Project/Project_8_46/Saved/GameMode08FC9D9E4D73BDFDCEA33EB920270082.tmp' to '../../../../../../Users/Axel/Documents/GitHub/08-46/UE4-Project/Project_8_46/Content/Scripts/GameState/GameMode.uasset'
[2015.04.08-16.38.21:689][684]BlueprintLog: New page: Compile GameMode
[2015.04.08-16.38.21:791][684]BlueprintEditorCompileResults: Info [0166.33] Compile of GameMode successful! [in 101 ms]
[2015.04.08-16.38.26:395][844]LogPlayLevel: PIE:  No blueprints needed recompiling
[2015.04.08-16.38.26:395][844]PIE: New page: PIE session: Main_Level (Apr 8, 2015, 6:38:26 PM)
[2015.04.08-16.38.26:399][844]LogPlayLevel: PIE: StaticDuplicateObject took: (0.003413s)
[2015.04.08-16.38.26:401][844]LogPlayLevel: PIE: World Init took: (0.001434s)
[2015.04.08-16.38.26:401][844]LogPlayLevel: PIE: Created PIE world by copying editor world from /Game/Level/Main_Level.Main_Level to /Game/Level/UEDPIE_0_Main_Level.Main_Level (0.005023s)
[2015.04.08-16.38.26:436][844]LogWorld: Game class is 'GameMode'
[2015.04.08-16.38.26:438][844]LogAIModule: Creating AISystem for world Main_Level
[2015.04.08-16.38.26:440][844]LogWorld: Bringing World /Game/Level/UEDPIE_0_Main_Level.Main_Level up for play (max tick rate 60) at 2015.04.08-17.38.26
[2015.04.08-16.38.26:441][844]LogWorld: Bringing up level for play took: 0.002251
[2015.04.08-16.38.26:442][844]PIE: Info Play in editor start time for /Game/Level/UEDPIE_0_Main_Level -0.072
[2015.04.08-16.38.28:007][932]LogParticles: Destroying 0 GPU particle simulations for FXSystem 0x000000667158C720
[2015.04.08-16.38.34:627][252]LogSlate:Warning: Prevented a slow task dialog from being summoned while a context menu was open
[2015.04.08-16.39.54:683][603]BlueprintLog: New page: Compile GameMode
[2015.04.08-16.39.54:721][603]LogActorComponent: UnregisterComponent: (/Engine/Transient.CharMoveComp) Not registered. Aborting.
[2015.04.08-16.39.54:746][603]BlueprintEditorCompileResults: Info [0259.28] Compile of GameMode successful! [in 62 ms]
[2015.04.08-16.39.57:360][753]LogContentBrowser:Verbose: The content browser source was changed by the sources view to '/Game/Textures'
[2015.04.08-16.39.58:597][822]LogContentBrowser:Verbose: The content browser source was changed by the sources view to '/Game/Scripts/GameState'
[2015.04.08-16.39.58:978][843]LogContentBrowser:Verbose: The content browser source was changed by the sources view to '/Game/Scripts'
[2015.04.08-16.39.59:266][858]LogContentBrowser:Verbose: The content browser source was changed by the sources view to '/Game/Meshes'
[2015.04.08-16.39.59:830][889]LogContentBrowser:Verbose: The content browser source was changed by the sources view to '/Game/Level'
[2015.04.08-16.40.02:046][ 12]LogContentBrowser:Verbose: The content browser source was changed by the sources view to '/Game/Scripts'
[2015.04.08-16.40.02:828][ 55]LogContentBrowser:Verbose: The content browser source was changed by the sources view to '/Game/Scripts/Player'
[2015.04.08-16.41.34:553][478]LogActorComponent: UnregisterComponent: (/Engine/Transient.CharMoveComp) Not registered. Aborting.
[2015.04.08-16.41.34:655][478]Cmd: OBJ SAVEPACKAGE PACKAGE="/Game/Scripts/GameState/GameMode" FILE="../../../../../../Users/Axel/Documents/GitHub/08-46/UE4-Project/Project_8_46/Content/Scripts/GameState/GameMode.uasset" SILENT=true
[2015.04.08-16.41.34:674][478]LogSavePackage: Save=11.312616ms
[2015.04.08-16.41.34:674][478]LogSavePackage: Moving '../../../../../../Users/Axel/Documents/GitHub/08-46/UE4-Project/Project_8_46/Saved/GameMode9E18E5B14BC0C56211F4F0AC01A0A203.tmp' to '../../../../../../Users/Axel/Documents/GitHub/08-46/UE4-Project/Project_8_46/Content/Scripts/GameState/GameMode.uasset'
[2015.04.08-16.41.39:112][723]LogRenderer:Warning: Reallocating scene render targets to support 1208x904 (Frame:18247).
[2015.04.08-16.42.06:111][138]Cmd: OBJ SAVEPACKAGE PACKAGE="/Game/Scripts/Player/Player_BP" FILE="../../../../../../Users/Axel/Documents/GitHub/08-46/UE4-Project/Project_8_46/Content/Scripts/Player/Player_BP.uasset" SILENT=true
[2015.04.08-16.42.06:496][138]LogSavePackage: Save=374.152222ms
[2015.04.08-16.42.06:496][138]LogSavePackage: Moving '../../../../../../Users/Axel/Documents/GitHub/08-46/UE4-Project/Project_8_46/Saved/Player_BP750B4E51493184D87FF449B03FF0FCD0.tmp' to '../../../../../../Users/Axel/Documents/GitHub/08-46/UE4-Project/Project_8_46/Content/Scripts/Player/Player_BP.uasset'
[2015.04.08-16.42.17:662][782]LogActorComponent: UnregisterComponent: (/Engine/Transient.CharMoveComp) Not registered. Aborting.
[2015.04.08-16.42.18:363][783]Cmd: QUIT_EDITOR
[2015.04.08-16.42.18:572][783]LogExit: Preparing to exit.
[2015.04.08-16.42.19:122][783]LogExit: Editor shut down
[2015.04.08-16.42.19:123][783]LogExit: Transaction tracking system shut down
[2015.04.08-16.42.19:124][783]LogParticles: Destroying 0 GPU particle simulations for FXSystem 0x00000066444A0360
[2015.04.08-16.42.19:125][783]LogParticles: Destroying 0 GPU particle simulations for FXSystem 0x0000006654FEB1A0
[2015.04.08-16.42.19:126][783]LogParticles: Destroying 0 GPU particle simulations for FXSystem 0x0000006654FEB880
[2015.04.08-16.42.19:126][783]LogParticles: Destroying 0 GPU particle simulations for FXSystem 0x0000006653E64540
[2015.04.08-16.42.19:127][783]LogParticles: Destroying 0 GPU particle simulations for FXSystem 0x000000665794D6C0
[2015.04.08-16.42.19:127][783]LogParticles: Destroying 0 GPU particle simulations for FXSystem 0x0000006673BF5E40
[2015.04.08-16.42.19:127][783]LogParticles: Destroying 0 GPU particle simulations for FXSystem 0x000000664B676520
[2015.04.08-16.42.19:129][783]LogParticles: Destroying 0 GPU particle simulations for FXSystem 0x0000006676E49760
[2015.04.08-16.42.19:129][783]LogParticles: Destroying 0 GPU particle simulations for FXSystem 0x0000006676E99300
[2015.04.08-16.42.19:130][783]LogParticles: Destroying 0 GPU particle simulations for FXSystem 0x00000066411AE5C0
[2015.04.08-16.42.19:131][783]LogParticles: Destroying 0 GPU particle simulations for FXSystem 0x0000006677952840
[2015.04.08-16.42.19:131][783]LogParticles: Destroying 0 GPU particle simulations for FXSystem 0x000000667847BD80
[2015.04.08-16.42.19:215][783]LogExit: Object subsystem successfully closed.
[2015.04.08-16.42.19:258][783]LogModuleManager: Shutting down and abandoning module StatsViewer (177)
[2015.04.08-16.42.19:258][783]LogModuleManager: Shutting down and abandoning module CrashTracker (176)
[2015.04.08-16.42.19:258][783]LogModuleManager: Shutting down and abandoning module SuperSearch (175)
[2015.04.08-16.42.19:258][783]LogModuleManager: Shutting down and abandoning module SceneOutliner (174)
[2015.04.08-16.42.19:258][783]LogModuleManager: Shutting down and abandoning module EditorWidgets (173)
[2015.04.08-16.42.19:258][783]LogModuleManager: Shutting down and abandoning module CollectionManager (172)
[2015.04.08-16.42.19:258][783]LogModuleManager: Shutting down and abandoning module FoliageEdit (171)
[2015.04.08-16.42.19:258][783]LogModuleManager: Shutting down and abandoning module LandscapeEditor (170)
[2015.04.08-16.42.19:258][783]LogModuleManager: Shutting down and abandoning module MeshPaint (169)
[2015.04.08-16.42.19:258][783]LogModuleManager: Shutting down and abandoning module ActorPickerMode (168)
[2015.04.08-16.42.19:258][783]LogModuleManager: Shutting down and abandoning module GeometryMode (167)
[2015.04.08-16.42.19:258][783]LogModuleManager: Shutting down and abandoning module TextureAlignMode (166)
[2015.04.08-16.42.19:258][783]LogModuleManager: Shutting down and abandoning module BspMode (165)
[2015.04.08-16.42.19:259][783]LogModuleManager: Shutting down and abandoning module PlacementMode (164)
[2015.04.08-16.42.19:259][783]LogModuleManager: Shutting down and abandoning module AutomationWorker (163)
[2015.04.08-16.42.19:259][783]LogModuleManager: Shutting down and abandoning module CharacterAI (162)
[2015.04.08-16.42.19:259][783]LogModuleManager: Shutting down and abandoning module SmartSnapping (161)
[2015.04.08-16.42.19:259][783]LogModuleManager: Shutting down and abandoning module ViewportSnapping (160)
[2015.04.08-16.42.19:259][783]LogModuleManager: Shutting down and abandoning module LogVisualizer (159)
[2015.04.08-16.42.19:259][783]LogModuleManager: Shutting down and abandoning module GameProjectGeneration (158)
[2015.04.08-16.42.19:259][783]LogModuleManager: Shutting down and abandoning module IntroTutorials (157)
[2015.04.08-16.42.19:259][783]LogModuleManager: Shutting down and abandoning module EditorLiveStreaming (156)
[2015.04.08-16.42.19:259][783]LogModuleManager: Shutting down and abandoning module HardwareTargeting (155)
[2015.04.08-16.42.19:259][783]LogModuleManager: Shutting down and abandoning module DeviceProfileEditor (154)
[2015.04.08-16.42.19:259][783]LogModuleManager: Shutting down and abandoning module UndoHistory (153)
[2015.04.08-16.42.19:259][783]LogModuleManager: Shutting down and abandoning module GameplayTagsEditor (152)
[2015.04.08-16.42.19:259][783]LogModuleManager: Shutting down and abandoning module UserFeedback (151)
[2015.04.08-16.42.19:259][783]LogModuleManager: Shutting down and abandoning module XmlParser (150)
[2015.04.08-16.42.19:259][783]LogModuleManager: Shutting down and abandoning module Blutility (149)
[2015.04.08-16.42.19:259][783]LogModuleManager: Shutting down and abandoning module IOSPlatformEditor (148)
[2015.04.08-16.42.19:259][783]LogModuleManager: Shutting down and abandoning module IOSRuntimeSettings (147)
[2015.04.08-16.42.19:259][783]LogModuleManager: Shutting down and abandoning module AndroidDeviceDetection (146)
[2015.04.08-16.42.19:848][783]LogModuleManager: Shutting down and abandoning module AndroidPlatformEditor (145)
[2015.04.08-16.42.19:848][783]LogModuleManager: Shutting down and abandoning module AndroidRuntimeSettings (144)
[2015.04.08-16.42.19:848][783]LogModuleManager: Shutting down and abandoning module ProjectTargetPlatformEditor (143)
[2015.04.08-16.42.19:848][783]LogModuleManager: Shutting down and abandoning module ProjectSettingsViewer (142)
[2015.04.08-16.42.19:848][783]LogModuleManager: Shutting down and abandoning module InputBindingEditor (141)
[2015.04.08-16.42.19:850][783]LogModuleManager: Shutting down and abandoning module EditorSettingsViewer (140)
[2015.04.08-16.42.19:851][783]LogModuleManager: Shutting down and abandoning module SettingsEditor (139)
[2015.04.08-16.42.19:851][783]LogModuleManager: Shutting down and abandoning module ProjectLauncher (138)
[2015.04.08-16.42.19:851][783]LogModuleManager: Shutting down and abandoning module SessionFrontend (137)
[2015.04.08-16.42.19:851][783]LogModuleManager: Shutting down and abandoning module ProfilerClient (136)
[2015.04.08-16.42.19:851][783]LogModuleManager: Shutting down and abandoning module TargetDeviceServices (135)
[2015.04.08-16.42.19:851][783]LogModuleManager: Shutting down and abandoning module DeviceManager (134)
[2015.04.08-16.42.19:851][783]LogModuleManager: Shutting down and abandoning module AutomationController (133)
[2015.04.08-16.42.19:851][783]LogModuleManager: Shutting down and abandoning module AutomationWindow (132)
[2015.04.08-16.42.19:851][783]LogModuleManager: Shutting down and abandoning module Layers (131)
[2015.04.08-16.42.19:851][783]LogModuleManager: Shutting down and abandoning module ComponentVisualizers (130)
[2015.04.08-16.42.19:851][783]LogModuleManager: Shutting down and abandoning module DetailCustomizations (129)
[2015.04.08-16.42.19:851][783]LogModuleManager: Shutting down and abandoning module PackagesDialog (128)
[2015.04.08-16.42.19:852][783]LogModuleManager: Shutting down and abandoning module AssetRegistry (127)
[2015.04.08-16.42.19:893][783]LogModuleManager: Shutting down and abandoning module Persona (126)
[2015.04.08-16.42.19:893][783]LogModuleManager: Shutting down and abandoning module SlateReflector (125)
[2015.04.08-16.42.19:893][783]LogModuleManager: Shutting down and abandoning module LevelEditor (124)
[2015.04.08-16.42.19:894][783]LogModuleManager: Shutting down and abandoning module Kismet (123)
[2015.04.08-16.42.19:894][783]LogModuleManager: Shutting down and abandoning module GraphEditor (122)
[2015.04.08-16.42.19:894][783]LogModuleManager: Shutting down and abandoning module ClassViewer (121)
[2015.04.08-16.42.19:894][783]LogModuleManager: Shutting down and abandoning module Toolbox (120)
[2015.04.08-16.42.19:894][783]LogModuleManager: Shutting down and abandoning module ModuleUI (119)
[2015.04.08-16.42.19:894][783]LogModuleManager: Shutting down and abandoning module MovieSceneTools (118)
[2015.04.08-16.42.19:894][783]LogModuleManager: Shutting down and abandoning module OutputLog (117)
[2015.04.08-16.42.19:894][783]LogModuleManager: Shutting down and abandoning module GammaUI (116)
[2015.04.08-16.42.19:894][783]LogModuleManager: Shutting down and abandoning module Documentation (115)
[2015.04.08-16.42.19:894][783]LogModuleManager: Shutting down and abandoning module GameLiveStreaming (114)
[2015.04.08-16.42.19:895][783]LogModuleManager: Shutting down and abandoning module StreamingPauseRendering (113)
[2015.04.08-16.42.19:895][783]LogModuleManager: Shutting down and abandoning module HTTP (112)
[2015.04.08-16.42.19:895][783]LogModuleManager: Shutting down and abandoning module AnalyticsET (111)
[2015.04.08-16.42.19:895][783]LogModuleManager: Shutting down and abandoning module Analytics (110)
[2015.04.08-16.42.19:895][783]LogModuleManager: Shutting down and abandoning module AITestSuite (109)
[2015.04.08-16.42.19:895][783]LogModuleManager: Shutting down and abandoning module GameplayDebugger (108)
[2015.04.08-16.42.19:895][783]LogModuleManager: Shutting down and abandoning module AIModule (107)
[2015.04.08-16.42.19:895][783]LogModuleManager: Shutting down and abandoning module ProfilerService (106)
[2015.04.08-16.42.20:006][783]LogModuleManager: Shutting down and abandoning module TaskGraph (105)
[2015.04.08-16.42.20:006][783]LogModuleManager: Shutting down and abandoning module SlateRemote (104)
[2015.04.08-16.42.20:006][783]LogModuleManager: Shutting down and abandoning module ScriptEditorPlugin (103)
[2015.04.08-16.42.20:006][783]LogModuleManager: Shutting down and abandoning module CustomMeshComponent (102)
[2015.04.08-16.42.20:006][783]LogModuleManager: Shutting down and abandoning module CableComponent (101)
[2015.04.08-16.42.20:006][783]LogModuleManager: Shutting down and abandoning module MessagingDebugger (100)
[2015.04.08-16.42.20:006][783]LogModuleManager: Shutting down and abandoning module MediaPlayerEditor (99)
[2015.04.08-16.42.20:006][783]LogModuleManager: Shutting down and abandoning module SpeedTreeImporter (98)
[2015.04.08-16.42.20:006][783]LogModuleManager: Shutting down and abandoning module PluginsEditor (97)
[2015.04.08-16.42.20:006][783]LogModuleManager: Shutting down and abandoning module MainFrame (96)
[2015.04.08-16.42.20:006][783]LogModuleManager: Shutting down and abandoning module EpicSurvey (95)
[2015.04.08-16.42.20:006][783]LogModuleManager: Shutting down and abandoning module DesktopPlatform (94)
[2015.04.08-16.42.20:006][783]LogModuleManager: Shutting down and abandoning module DirectoryWatcher (93)
[2015.04.08-16.42.20:007][783]LogModuleManager: Shutting down and abandoning module HotReload (92)
[2015.04.08-16.42.20:007][783]LogModuleManager: Shutting down and abandoning module VisualStudioSourceCodeAccess (91)
[2015.04.08-16.42.20:007][783]LogModuleManager: Shutting down and abandoning module UObjectPlugin (90)
[2015.04.08-16.42.20:007][783]LogModuleManager: Shutting down and abandoning module SubversionSourceControl (89)
[2015.04.08-16.42.20:007][783]LogModuleManager: Shutting down and abandoning module PerforceSourceControl (88)
[2015.04.08-16.42.20:007][783]LogModuleManager: Shutting down and abandoning module SourceControl (87)
[2015.04.08-16.42.20:007][783]LogModuleManager: Shutting down and abandoning module GitSourceControl (86)
[2015.04.08-16.42.20:007][783]LogModuleManager: Shutting down and abandoning module BlankPlugin (85)
[2015.04.08-16.42.20:007][783]LogModuleManager: Shutting down and abandoning module PaperTiledImporter (84)
[2015.04.08-16.42.20:007][783]LogModuleManager: Shutting down and abandoning module PaperJsonImporter (83)
[2015.04.08-16.42.20:007][783]LogModuleManager: Shutting down and abandoning module ContentBrowser (82)
[2015.04.08-16.42.20:008][783]LogModuleManager: Shutting down and abandoning module Paper2DEditor (81)
[2015.04.08-16.42.20:008][783]LogModuleManager: Shutting down and abandoning module ScriptPlugin (80)
[2015.04.08-16.42.20:008][783]LogModuleManager: Shutting down and abandoning module UdpMessaging (79)
[2015.04.08-16.42.20:109][783]LogModuleManager: Shutting down and abandoning module Paper2D (78)
[2015.04.08-16.42.20:109][783]LogModuleManager: Shutting down and abandoning module WindowsMoviePlayer (77)
[2015.04.08-16.42.20:111][783]LogModuleManager: Shutting down and abandoning module Media (76)
[2015.04.08-16.42.20:111][783]LogModuleManager: Shutting down and abandoning module WmfMedia (75)
[2015.04.08-16.42.20:111][783]LogModuleManager: Shutting down and abandoning module OnlineBlueprintSupport (74)
[2015.04.08-16.42.20:111][783]LogModuleManager: Shutting down and abandoning module PropertyEditor (73)
[2015.04.08-16.42.20:111][783]LogModuleManager: Shutting down and abandoning module BehaviorTreeEditor (72)
[2015.04.08-16.42.20:111][783]LogModuleManager: Shutting down and abandoning module FunctionalTesting (71)
[2015.04.08-16.42.20:111][783]LogModuleManager: Shutting down and abandoning module CollisionAnalyzer (70)
[2015.04.08-16.42.20:111][783]LogModuleManager: Shutting down and abandoning module WorkspaceMenuStructure (69)
[2015.04.08-16.42.20:111][783]LogModuleManager: Shutting down and abandoning module MessageLog (68)
[2015.04.08-16.42.20:111][783]LogModuleManager: Shutting down and abandoning module Sequencer (67)
[2015.04.08-16.42.20:111][783]LogModuleManager: Shutting down and abandoning module AssetTools (66)
[2015.04.08-16.42.20:111][783]LogModuleManager: Shutting down and abandoning module UMGEditor (65)
[2015.04.08-16.42.20:111][783]LogModuleManager: Shutting down and abandoning module UMG (64)
[2015.04.08-16.42.20:111][783]LogModuleManager: Shutting down and abandoning module Slate (63)
[2015.04.08-16.42.20:111][783]LogModuleManager: Shutting down and abandoning module EditorStyle (62)
[2015.04.08-16.42.20:114][783]LogModuleManager: Shutting down and abandoning module SessionServices (61)
[2015.04.08-16.42.20:114][783]LogModuleManager: Shutting down and abandoning module SourceCodeAccess (60)
[2015.04.08-16.42.20:114][783]LogModuleManager: Shutting down and abandoning module HeadMountedDisplay (59)
[2015.04.08-16.42.20:114][783]LogModuleManager: Shutting down and abandoning module XAudio2 (58)
[2015.04.08-16.42.20:114][783]LogModuleManager: Shutting down and abandoning module Networking (56)
[2015.04.08-16.42.20:114][783]LogModuleManager: Shutting down and abandoning module Core (55)
[2015.04.08-16.42.20:114][783]LogModuleManager: Shutting down and abandoning module KismetCompiler (54)
[2015.04.08-16.42.20:114][783]LogModuleManager: Shutting down and abandoning module PhysXFormats (53)
[2015.04.08-16.42.20:114][783]LogModuleManager: Shutting down and abandoning module MeshUtilities (52)
[2015.04.08-16.42.20:114][783]LogModuleManager: Shutting down and abandoning module DerivedDataCache (51)
[2015.04.08-16.42.20:118][783]LogDerivedDataCache: Shutdown
[2015.04.08-16.42.20:118][783]LogModuleManager: Shutting down and abandoning module ShaderFormatOpenGL (50)
[2015.04.08-16.42.20:118][783]LogModuleManager: Shutting down and abandoning module ShaderFormatD3D (49)
[2015.04.08-16.42.20:118][783]LogModuleManager: Shutting down and abandoning module MetalShaderFormat (48)
[2015.04.08-16.42.20:118][783]LogModuleManager: Shutting down and abandoning module TextureFormatUncompressed (47)
[2015.04.08-16.42.20:118][783]LogModuleManager: Shutting down and abandoning module TextureFormatPVR (46)
[2015.04.08-16.42.20:118][783]LogModuleManager: Shutting down and abandoning module TextureFormatIntelISPCTexComp (45)
[2015.04.08-16.42.20:118][783]LogModuleManager: Shutting down and abandoning module TextureFormatDXT (44)
[2015.04.08-16.42.20:118][783]LogModuleManager: Shutting down and abandoning module ImageWrapper (43)
[2015.04.08-16.42.20:118][783]LogModuleManager: Shutting down and abandoning module TextureFormatASTC (42)
[2015.04.08-16.42.20:118][783]LogModuleManager: Shutting down and abandoning module TextureFormatAndroid (41)
[2015.04.08-16.42.20:118][783]LogModuleManager: Shutting down and abandoning module AudioFormatOpus (40)
[2015.04.08-16.42.20:118][783]LogModuleManager: Shutting down and abandoning module AudioFormatOgg (39)
[2015.04.08-16.42.20:118][783]LogModuleManager: Shutting down and abandoning module AudioFormatADPCM (38)
[2015.04.08-16.42.20:118][783]LogModuleManager: Shutting down and abandoning module LinuxTargetPlatform (37)
[2015.04.08-16.42.20:118][783]LogModuleManager: Shutting down and abandoning module LinuxServerTargetPlatform (36)
[2015.04.08-16.42.20:118][783]LogModuleManager: Shutting down and abandoning module LinuxNoEditorTargetPlatform (35)
[2015.04.08-16.42.20:118][783]LogModuleManager: Shutting down and abandoning module Messaging (34)
[2015.04.08-16.42.20:118][783]LogModuleManager: Shutting down and abandoning module IOSTargetPlatform (33)
[2015.04.08-16.42.20:118][783]LogModuleManager: Shutting down and abandoning module HTML5TargetPlatform (32)
[2015.04.08-16.42.20:118][783]LogModuleManager: Shutting down and abandoning module Android_PVRTCTargetPlatform (31)
[2015.04.08-16.42.20:118][783]LogModuleManager: Shutting down and abandoning module Android_ETC2TargetPlatform (30)
[2015.04.08-16.42.20:118][783]LogModuleManager: Shutting down and abandoning module Android_ETC1TargetPlatform (29)
[2015.04.08-16.42.20:118][783]LogModuleManager: Shutting down and abandoning module Android_ES31TargetPlatform (28)
[2015.04.08-16.42.20:118][783]LogModuleManager: Shutting down and abandoning module Android_DXTTargetPlatform (27)
[2015.04.08-16.42.20:118][783]LogModuleManager: Shutting down and abandoning module Android_ATCTargetPlatform (26)
[2015.04.08-16.42.20:118][783]LogModuleManager: Shutting down and abandoning module AndroidTargetPlatform (25)
[2015.04.08-16.42.20:118][783]LogModuleManager: Shutting down and abandoning module WindowsTargetPlatform (24)
[2015.04.08-16.42.20:118][783]LogModuleManager: Shutting down and abandoning module WindowsServerTargetPlatform (23)
[2015.04.08-16.42.20:118][783]LogModuleManager: Shutting down and abandoning module WindowsNoEditorTargetPlatform (22)
[2015.04.08-16.42.20:118][783]LogModuleManager: Shutting down and abandoning module WindowsClientTargetPlatform (21)
[2015.04.08-16.42.20:118][783]LogModuleManager: Shutting down and abandoning module TargetPlatform (20)
[2015.04.08-16.42.20:118][783]LogModuleManager: Shutting down and abandoning module InputCore (19)
[2015.04.08-16.42.20:118][783]LogModuleManager: Shutting down and abandoning module Settings (18)
[2015.04.08-16.42.20:118][783]LogModuleManager: Shutting down and abandoning module OnlineSubsystem (16)
[2015.04.08-16.42.20:118][783]LogModuleManager: Shutting down and abandoning module OculusRift (15)
[2015.04.08-16.42.20:118][783]LogModuleManager: Shutting down and abandoning module ExampleDeviceProfileSelector (14)
[2015.04.08-16.42.20:118][783]LogModuleManager: Shutting down and abandoning module TextureCompressor (13)
[2015.04.08-16.42.20:118][783]LogModuleManager: Shutting down and abandoning module ShaderCore (12)
[2015.04.08-16.42.20:118][783]LogModuleManager: Shutting down and abandoning module Landscape (11)
[2015.04.08-16.42.20:118][783]LogModuleManager: Shutting down and abandoning module SlateRHIRenderer (10)
[2015.04.08-16.42.20:121][783]LogModuleManager: Shutting down and abandoning module OpenGLDrv (9)
[2015.04.08-16.42.20:121][783]LogModuleManager: Shutting down and abandoning module D3D11RHI (8)
[2015.04.08-16.42.20:121][783]LogModuleManager: Shutting down and abandoning module Renderer (7)
[2015.04.08-16.42.20:121][783]LogModuleManager: Shutting down and abandoning module Engine (6)
[2015.04.08-16.42.20:121][783]LogModuleManager: Shutting down and abandoning module CoreUObject (5)
[2015.04.08-16.42.20:121][783]LogModuleManager: Shutting down and abandoning module NetworkFile (4)
[2015.04.08-16.42.20:121][783]LogModuleManager: Shutting down and abandoning module StreamingFile (3)
[2015.04.08-16.42.20:121][783]LogModuleManager: Shutting down and abandoning module SandboxFile (2)
[2015.04.08-16.42.20:121][783]LogModuleManager: Shutting down and abandoning module PakFile (1)
[2015.04.08-16.42.20:122][783]LogExit: Exiting.
[2015.04.08-16.42.20:128][783]Log file closed, 04/08/15 17:42:20
