Log file open, 04/08/15 16:48:25
LogInit:Display: Running engine for game: Project_8_46
LogInit: Version: 4.7.4-2497108+++depot+UE4-Releases+4.7
LogInit: API Version: 2455222
LogInit: Compiled (64-bit): Mar 31 2015 09:40:25
LogInit: Compiled with Visual C++: 18.00.21005.01
LogInit: Build Configuration: Development
LogInit: Branch Name: ++depot+UE4-Releases+4.7
LogInit: Command line:  
LogInit: Base directory: C:/Program Files/Epic Games/4.7/Engine/Binaries/Win64/
LogInit: Rocket: 1
[2015.04.08-15.48.25:250][  0]LogTaskGraph: Started task graph with 3 named threads and 6 total threads.
[2015.04.08-15.48.25:308][  0]LogOnline:Warning: No default platform service specified for OnlineSubsystem
[2015.04.08-15.48.25:326][  0]LogInit: Presizing for 0 objects not considered by GC, pre-allocating 0 bytes.
[2015.04.08-15.48.25:338][  0]LogInit: Object subsystem initialized
[2015.04.08-15.48.25:341][  0]LogConsoleResponse:Warning: Skipping Unknown console variable: 'TranslucentSortAxis = (X=0.000000,Y=-1.000000,Z=0.000000)'
[2015.04.08-15.48.25:341][  0]LogConsoleResponse:Warning:   Found in ini file 'C:/Users/Axel/Documents/GitHub/08-46/UE4-Project/Project_8_46/Saved/Config/Windows/Engine.ini', in section '[/Script/Engine.RendererSettings]'
[2015.04.08-15.48.25:341][  0]LogConsoleResponse:Warning: Skipping Unknown console variable: 'UIScaleRule = ShortestSide'
[2015.04.08-15.48.25:341][  0]LogConsoleResponse:Warning:   Found in ini file 'C:/Users/Axel/Documents/GitHub/08-46/UE4-Project/Project_8_46/Saved/Config/Windows/Engine.ini', in section '[/Script/Engine.RendererSettings]'
[2015.04.08-15.48.25:341][  0]LogConsoleResponse:Warning: Skipping Unknown console variable: 'UIScaleCurve = (EditorCurveData=(Keys=),ExternalCurve=None)'
[2015.04.08-15.48.25:341][  0]LogConsoleResponse:Warning:   Found in ini file 'C:/Users/Axel/Documents/GitHub/08-46/UE4-Project/Project_8_46/Saved/Config/Windows/Engine.ini', in section '[/Script/Engine.RendererSettings]'
[2015.04.08-15.48.25:341][  0]LogInit: Selected Device Profile: [Windows]
[2015.04.08-15.48.25:341][  0]LogInit: Applying CVar settings loaded from the selected device profile: [Windows]
[2015.04.08-15.48.25:371][  0]LogInit: Computer: AXEL
[2015.04.08-15.48.25:371][  0]LogInit: User: Axel
[2015.04.08-15.48.25:371][  0]LogInit: CPU Page size=4096, Cores=4
[2015.04.08-15.48.25:371][  0]LogInit: High frequency timer resolution =2.435776 MHz
[2015.04.08-15.48.25:371][  0]LogMemory: Memory total: Physical=7.9GB (8GB approx) Virtual=131072.0GB
[2015.04.08-15.48.25:371][  0]LogMemory: Platform Memory Stats for Windows
[2015.04.08-15.48.25:371][  0]LogMemory: Process Physical Memory: 46.14 MB used, 46.14 MB peak
[2015.04.08-15.48.25:371][  0]LogMemory: Process Virtual Memory: 24.51 MB used, 24.51 MB peak
[2015.04.08-15.48.25:371][  0]LogMemory: Physical Memory: 4233.06 MB used, 8111.20 MB total
[2015.04.08-15.48.25:371][  0]LogMemory: Virtual Memory: 286.18 MB used, 134217728.00 MB total
[2015.04.08-15.48.25:423][  0]LogD3D11RHI: Found D3D11 adapter 0: NVIDIA GeForce GTX 850M        (Feature Level 11_0)
[2015.04.08-15.48.25:423][  0]LogD3D11RHI: Adapter has 1972MB of dedicated video memory, 0MB of dedicated system memory, and 2048MB of shared system memory, 1 output[s]
[2015.04.08-15.48.25:429][  0]LogD3D11RHI: Found D3D11 adapter 1: Intel(R) HD Graphics 4600 (Feature Level 11_0)
[2015.04.08-15.48.25:429][  0]LogD3D11RHI: Adapter has 0MB of dedicated video memory, 0MB of dedicated system memory, and 1792MB of shared system memory, 0 output[s]
[2015.04.08-15.48.25:430][  0]LogD3D11RHI: Found D3D11 adapter 2: Microsoft Basic Render Driver (Feature Level 11_0)
[2015.04.08-15.48.25:430][  0]LogD3D11RHI: Adapter has 0MB of dedicated video memory, 0MB of dedicated system memory, and 256MB of shared system memory, 0 output[s]
[2015.04.08-15.48.25:430][  0]LogD3D11RHI: Chosen D3D11 Adapter Id = 0
[2015.04.08-15.48.25:435][  0]LogRHI: Texture pool is 1361 MB (70% of 1945 MB)
[2015.04.08-15.48.25:454][  0]LogD3D11RHI: Async texture creation enabled
[2015.04.08-15.48.25:700][  0]LogTextLocalizationManager: The requested culture ('fr_FR') has no localization data; falling back to 'en' for localization and internationalization data.
[2015.04.08-15.48.25:871][  0]LogTextLocalizationManager:Warning: Loading localization resources contain conflicting entries for (Namespace:UICommands, Key:Save_ToolTip):
Resource: (C:/Program Files/Epic Games/4.7/Engine/Content/Localization/Editor/en/Editor.locres) Hash: (-29098895) String: (Saves the current level to disk)
Resource: (C:/Program Files/Epic Games/4.7/Engine/Content/Localization/Engine/en/Engine.locres) Hash: (-1280300587) String: (Save selected data to vlog file)
[2015.04.08-15.48.25:872][  0]LogTextLocalizationManager:Warning: Loading localization resources contain conflicting entries for (Namespace:ContentBrowser, Key:ImportAssetToolTip):
Resource: (C:/Program Files/Epic Games/4.7/Engine/Content/Localization/Editor/en/Editor.locres) Hash: (-630476809) String: (Import to {0}...)
Resource: (C:/Program Files/Epic Games/4.7/Engine/Content/Localization/Editor/en/Editor.locres) Hash: (1271782899) String: (Imports an asset from file to this folder.)
[2015.04.08-15.48.26:028][  0]LogContentStreaming: Texture pool size is 0.000000MB
[2015.04.08-15.48.29:753][  0]LogTargetPlatformManager:Display: Building Assets For Windows
[2015.04.08-15.48.30:221][  0]LogTargetPlatformManager:Display: Building Assets For Windows
[2015.04.08-15.48.30:281][  0]LogDerivedDataCache:Display: Max Cache Size: 512 MB
[2015.04.08-15.48.30:495][  0]LogDerivedDataCache: Loaded boot cache 0.21s 39MB C:/Users/Axel/AppData/Local/UnrealEngine/4.7/DerivedDataCache/Boot.ddc.
[2015.04.08-15.48.30:495][  0]LogDerivedDataCache:Display: Loaded Boot cache: C:/Users/Axel/AppData/Local/UnrealEngine/4.7/DerivedDataCache/Boot.ddc
[2015.04.08-15.48.30:496][  0]LogDerivedDataCache: FDerivedDataBackendGraph:  Pak pak cache file ../../../../../../Users/Axel/Documents/GitHub/08-46/UE4-Project/Project_8_46/DerivedDataCache/DDC.ddp not found, will not use a pak cache.
[2015.04.08-15.48.30:496][  0]LogDerivedDataCache: Unable to find inner node Pak for hierarchical cache Hierarchy.
[2015.04.08-15.48.30:602][  0]LogDerivedDataCache:Display: Pak cache opened for reading ../../../Engine/DerivedDataCache/Compressed.ddp.
[2015.04.08-15.48.30:615][  0]LogDerivedDataCache: Using Local data cache path C:/Users/Axel/AppData/Local/UnrealEngine/Common/DerivedDataCache: Writable
[2015.04.08-15.48.30:885][  0]LogMeshUtilities: No automatic mesh reduction module available
[2015.04.08-15.48.30:885][  0]LogMeshUtilities: No automatic mesh merging module available
[2015.04.08-15.48.31:317][  0]LogInit: WinSock: version 1.1 (2.2), MaxSocks=32767, MaxUdp=65467
[2015.04.08-15.48.31:458][  0]LogSlate:Warning: Failed to load font data from '../../../Engine/Content/Slate/Fonts/Roboto-Italic.ttf'
[2015.04.08-15.48.45:037][  0]UdpMessaging: Initializing bridge on interface 0.0.0.0:0 to multicast group 230.0.0.1:6666.
[2015.04.08-15.48.45:487][  0]SourceControl: Info Source control is disabled
[2015.04.08-15.48.45:487][  0]SourceControl: Info Source control is disabled
[2015.04.08-15.48.45:487][  0]SourceControl: Info Source control is disabled
[2015.04.08-15.48.45:487][  0]LogSourceControl: RunCommandInternalRaw: 'git version'
[2015.04.08-15.48.45:487][  0]LogSourceControl: RunCommandInternalRaw: ExecProcess ReturnCode=2 OutResults=''
[2015.04.08-15.48.45:495][  0]SourceControl: Info Source control is disabled
[2015.04.08-15.48.46:024][  0]LogObj: 24232 objects as part of root set at end of initial load.
[2015.04.08-15.48.46:024][  0]LogUObjectAllocator: 5137176 out of 0 bytes used by permanent object pool.
[2015.04.08-15.48.46:103][  0]LogEngine: Initializing Engine...
[2015.04.08-15.48.48:240][  0]LogInit: XAudio2 using 'Speakers (Realtek High Definition Audio)' : 2 channels at 48 kHz using 32 bits per sample (channel mask 0x3)
[2015.04.08-15.48.48:249][  0]LogInit: FAudioDevice initialized.
[2015.04.08-15.48.48:281][  0]LogAIModule: Creating AISystem for world NewWorld
[2015.04.08-15.48.48:303][  0]LogDerivedDataCache: Saved boot cache 0.02s 39MB C:/Users/Axel/AppData/Local/UnrealEngine/4.7/DerivedDataCache/Boot.ddc.
[2015.04.08-15.48.48:310][  0]LogInit: Texture streaming: Enabled
[2015.04.08-15.48.48:386][  0]LogAnalytics: Creating configured Analytics provider AnalyticsET
[2015.04.08-15.48.48:386][  0]LogAnalytics: ET APIKey = Rocket.Release. APIServer = http://et2.epicgames.com/ET2/. AppVersion = 4.7.4-2497108+++depot+UE4-Releases+4.7
[2015.04.08-15.48.48:386][  0]LogAnalytics: ET APIKey = Rocket.Release. DataRouterUploadURL = https://datarouter-public-service-gamedev.ol.epicgames.net/datarouter/api/v1/public/data. AppVersion = 4.7.4-2497108+++depot+UE4-Releases+4.7
[2015.04.08-15.48.48:386][  0]LogAnalytics: SetUserId e88c5383477aca45f485feae05ecce95|055f838899cf4f808bea9037a5bce58a|a41b6706-46c7-4e3e-8712-6c4db12eddd9
[2015.04.08-15.48.48:386][  0]LogAnalytics: AnalyticsET::StartSession [Rocket.Release]
[2015.04.08-15.48.48:407][  0]LogInit: Transaction tracking system initialized
[2015.04.08-15.48.48:554][  0]BlueprintLog: New page: Editor Load
[2015.04.08-15.48.48:586][  0]LogAssetRegistry: FAssetRegistry took 0.0108 seconds to start up
[2015.04.08-15.48.48:586][  0]LogDirectoryWatcher:Warning: Failed to begin reading directory changes for ../../../Engine/Plugins/Experimental/CharacterAI/Content/. Error: 0
[2015.04.08-15.48.49:092][  0]LogTargetPlatformManager:Display: Building Assets For Windows
[2015.04.08-15.48.49:416][  0]LogTargetPlatformManager:Display: Building Assets For Windows
[2015.04.08-15.48.49:612][  0]LogLinker:Warning: Can't find file '/Game/FirstPersonBP/FirstPersonOverview'
[2015.04.08-15.48.49:612][  0]LogLinker:Warning: Can't find file '/Game/FirstPersonBP/FirstPersonOverview'
[2015.04.08-15.48.49:687][  0]LogUObjectGlobals:Warning: Failed to find object 'Class /Game/FirstPersonBP/FirstPersonOverview.FirstPersonOverview_C'
[2015.04.08-15.48.49:732][  0]LogSlate:Warning: Failed to load font data from '../../../Engine/Content/Editor/Slate/Fonts/Roboto-Regular.ttf'
[2015.04.08-15.48.49:732][  0]LogSlate:Warning: Failed to load font data from '../../../Engine/Content/Editor/Slate/Fonts/Roboto-Bold.ttf'
[2015.04.08-15.48.49:736][  0]LogConsoleResponse:Display: 
[2015.04.08-15.48.49:856][  0]LogCook:Display: Done creating registry. It took  0.00s.
[2015.04.08-15.48.50:018][  0]SourceControl: Info Source control is disabled
[2015.04.08-15.48.50:019][  0]Cmd: MAP LOAD FILE="../../../../../../Users/Axel/Documents/GitHub/08-46/UE4-Project/Project_8_46/Content/FirstPersonBP/Maps/FirstPersonExampleMap.umap" TEMPLATE=0 SHOWPROGRESS=1 FEATURELEVEL=3
[2015.04.08-15.48.50:019][  0]LogEditorServer:Warning: Can't find file '../../../../../../Users/Axel/Documents/GitHub/08-46/UE4-Project/Project_8_46/Content/FirstPersonBP/Maps/FirstPersonExampleMap.umap'
[2015.04.08-15.48.50:019][  0]Cmd: MAP CHECKDEP
[2015.04.08-15.48.50:020][  0]MapCheck: New page: Untitled_0 - Apr 8, 2015, 5:48:50 PM
[2015.04.08-15.48.50:090][  0]MapCheck: Info Map check complete: 0 Error(s), 0 Warning(s), took 70.45ms to complete.
[2015.04.08-15.48.50:090][  0]LogFileHelpers: Loading map 'FirstPersonExampleMap' took 0.072
[2015.04.08-15.48.50:269][  0]LogCollectionManager: Loaded 0 collections in 0.001548 seconds
[2015.04.08-15.48.50:278][  0]LogContentBrowser: Native class hierarchy populated in 0.0086 seconds. Added 1696 classes and 261 folders.
[2015.04.08-15.48.50:293][  0]LogContentBrowser:Verbose: The content browser source was changed by the sources view to '/Game'
[2015.04.08-15.48.50:306][  0]LogContentBrowser: Native class hierarchy updated for 'SceneOutliner' in 0.0016 seconds. Added 1 classes and 2 folders.
[2015.04.08-15.48.50:346][  0]LogCrashTracker: Crashtracker disabled due to settings.
[2015.04.08-15.48.50:347][  0]LogSlate:Warning: Failed to load font data from 'Veranda'
[2015.04.08-15.48.50:352][  0]LogUObjectGlobals:Warning: Failed to find object 'Class None.'
[2015.04.08-15.48.50:379][  0]LogLoad: Full Startup: 26.52 seconds (BP compile: 0.00 seconds)
[2015.04.08-15.48.50:887][  0]LogRenderer:Warning: Reallocating scene render targets to support 1208x560 (Frame:2).
[2015.04.08-15.48.51:790][  4]LogAssetRegistry: Asset discovery search completed in 3.2153 seconds
[2015.04.08-15.48.57:888][302]LogContentBrowser:Verbose: The content browser source was changed by the sources view to '/Game/Scripts/GameState'
[2015.04.08-15.48.58:842][359]LogContentBrowser:Verbose: The content browser source was changed by the sources view to '/Game/Scripts'
[2015.04.08-15.49.04:157][638]LogContentBrowser:Verbose: The content browser source was changed by the sources view to '/Game/Scripts'
[2015.04.08-15.49.14:553][246]LogContentBrowser:Verbose: The content browser source was changed by the sources view to '/Game/Scripts'
[2015.04.08-15.49.21:728][676]LogContentBrowser:Verbose: The content browser source was changed by the sources view to '/Game/Textures'
[2015.04.08-15.49.24:297][819]LogContentBrowser:Verbose: The content browser source was changed by the sources view to '/Game/Textures/NewFolder'
[2015.04.08-15.49.25:176][866]LogContentBrowser:Verbose: The content browser source was changed by the sources view to '/Game/Textures/NewFolder'
[2015.04.08-15.49.26:507][946]LogContentBrowser:Verbose: The content browser source was changed by the sources view to '/Game/Textures'
[2015.04.08-15.49.26:856][967]LogContentBrowser:Verbose: The content browser source was changed by the sources view to '/Game/Textures/NewFolder'
[2015.04.08-15.49.27:106][982]LogContentBrowser:Verbose: The content browser source was changed by the sources view to '/Game/Textures/NewFolder'
[2015.04.08-15.49.31:015][216]LogContentBrowser:Verbose: The content browser source was changed by the sources view to '/Game/Textures/HUD_Textures'
[2015.04.08-15.49.32:115][282]LogContentBrowser:Verbose: The content browser source was changed by the sources view to '/Game/Textures'
[2015.04.08-15.49.39:046][603]LogContentBrowser:Verbose: The content browser source was changed by the sources view to '/Game/Textures/HUD_Textures'
[2015.04.08-15.49.40:508][684]LogSavePackage: Save=4.111626ms
[2015.04.08-15.49.40:508][684]LogSavePackage: Moving '../../../../../../Users/Axel/Documents/GitHub/08-46/UE4-Project/Project_8_46/Saved/FirstPersonCrosshair0FE87A9042ECF890C1AA8FB88668C01C.tmp' to '../../../../../../Users/Axel/Documents/GitHub/08-46/UE4-Project/Project_8_46/Content/Textures/HUD_Textures/FirstPersonCrosshair.uasset'
[2015.04.08-15.49.41:824][763]LogContentBrowser:Verbose: The content browser source was changed by the sources view to '/Game/Scripts'
[2015.04.08-15.49.46:762][ 59]LogContentBrowser:Verbose: The content browser source was changed by the sources view to '/Game/Scripts/GameState'
[2015.04.08-15.49.47:743][117]LogLinker:Warning: Can't find file '/Game/FirstPersonBP/Textures/FirstPersonCrosshair'
[2015.04.08-15.49.47:743][117]LogLinker:Warning: Can't find file for asset '/Game/FirstPersonBP/Textures/FirstPersonCrosshair' while loading ../../../../../../Users/Axel/Documents/GitHub/08-46/UE4-Project/Project_8_46/Content/Scripts/GameState/HUD.uasset.
[2015.04.08-15.49.47:744][117]LoadErrors:Error: Error /Game/Scripts/GameState/HUD : Can't find file for asset. /Game/FirstPersonBP/Textures/FirstPersonCrosshair
[2015.04.08-15.49.47:744][117]LogLinker:Warning: Can't find file '/Game/FirstPersonBP/Textures/FirstPersonCrosshair'
[2015.04.08-15.49.47:744][117]LogLinker:Warning: Can't find file for asset '/Game/FirstPersonBP/Textures/FirstPersonCrosshair' while loading ../../../../../../Users/Axel/Documents/GitHub/08-46/UE4-Project/Project_8_46/Content/Scripts/GameState/HUD.uasset.
[2015.04.08-15.49.47:745][117]LogLinker:Warning: Can't find file '/Game/FirstPersonBP/Textures/FirstPersonCrosshair'
[2015.04.08-15.49.47:745][117]LogLinker:Warning: Can't find file for asset '/Game/FirstPersonBP/Textures/FirstPersonCrosshair' while loading NULL.
[2015.04.08-15.49.47:745][117]LogLinker:Warning: Can't find file '/Game/FirstPersonBP/Textures/FirstPersonCrosshair'
[2015.04.08-15.49.47:746][117]LogLinker:Warning: Can't find file for asset '/Game/FirstPersonBP/Textures/FirstPersonCrosshair' while loading NULL.
[2015.04.08-15.49.47:750][117]LogLinker:Warning: Can't find file '/Game/FirstPersonBP/Textures/FirstPersonCrosshair'
[2015.04.08-15.49.47:750][117]LoadErrors: Info Failed to load /Game/FirstPersonBP/Textures/FirstPersonCrosshair.FirstPersonCrosshair Referenced by EdGraphPin_4839
[2015.04.08-15.49.47:750][117]LogLinker:Warning: Can't find file for asset '/Game/FirstPersonBP/Textures/FirstPersonCrosshair' while loading NULL.
[2015.04.08-15.49.53:897][352]Cmd: OBJ SAVEPACKAGE PACKAGE="/Game/Scripts/GameState/HUD" FILE="../../../../../../Users/Axel/Documents/GitHub/08-46/UE4-Project/Project_8_46/Content/Scripts/GameState/HUD.uasset" SILENT=true
[2015.04.08-15.49.53:932][352]LogSavePackage: Save=28.695988ms
[2015.04.08-15.49.53:932][352]LogSavePackage: Moving '../../../../../../Users/Axel/Documents/GitHub/08-46/UE4-Project/Project_8_46/Saved/HUD677BC0C644BB65EC0BEF57AB7E358DF4.tmp' to '../../../../../../Users/Axel/Documents/GitHub/08-46/UE4-Project/Project_8_46/Content/Scripts/GameState/HUD.uasset'
[2015.04.08-15.49.58:842][641]Cmd: OBJ SAVEPACKAGE PACKAGE="/Game/Scripts/GameState/HUD" FILE="../../../../../../Users/Axel/Documents/GitHub/08-46/UE4-Project/Project_8_46/Content/Scripts/GameState/HUD.uasset" SILENT=true
[2015.04.08-15.49.58:874][641]LogSavePackage: Save=27.608860ms
[2015.04.08-15.49.58:874][641]LogSavePackage: Moving '../../../../../../Users/Axel/Documents/GitHub/08-46/UE4-Project/Project_8_46/Saved/HUDB6B27FB14A8BC195A07B7F92654BE393.tmp' to '../../../../../../Users/Axel/Documents/GitHub/08-46/UE4-Project/Project_8_46/Content/Scripts/GameState/HUD.uasset'
[2015.04.08-15.50.07:003][123]LogRenderer:Warning: Reallocating scene render targets to support 1208x904 (Frame:2531).
[2015.04.08-15.50.18:313][787]LogContentBrowser:Verbose: The content browser source was changed by the sources view to '/Game/Scripts'
[2015.04.08-15.50.20:299][906]LogContentBrowser:Verbose: The content browser source was changed by the sources view to '/Game'
[2015.04.08-15.50.21:595][975]LogContentBrowser:Verbose: The content browser source was changed by the sources view to '/Game/NewFolder'
[2015.04.08-15.50.23:189][ 65]LogContentBrowser:Verbose: The content browser source was changed by the sources view to '/Game/Map'
[2015.04.08-15.50.32:893][562]Cmd: MAP LOAD FILE="../../../Engine/Content/Maps/Templates/Template_Default.umap" TEMPLATE=1 SHOWPROGRESS=1 FEATURELEVEL=3
[2015.04.08-15.50.32:979][562]LightingResults: New page: Lighting Build
[2015.04.08-15.50.33:010][562]LogContentBrowser: Native class hierarchy updated for 'StatsViewer' in 0.0042 seconds. Added 5 classes and 0 folders.
[2015.04.08-15.50.33:044][562]LoadErrors: New page: Loading map: Template_Default.umap
[2015.04.08-15.50.33:044][562]MapCheck: New page: Map Check
[2015.04.08-15.50.33:044][562]LightingResults: New page: Lighting Build
[2015.04.08-15.50.33:060][562]LogParticles: Destroying 0 GPU particle simulations for FXSystem 0x000000F14C926980
[2015.04.08-15.50.33:417][562]LogEditorServer: Finished looking for orphan Actors (0.000 secs)
[2015.04.08-15.50.33:424][562]LogAIModule: Creating AISystem for world Untitled_1
[2015.04.08-15.50.33:434][562]Cmd: MAP CHECKDEP
[2015.04.08-15.50.33:434][562]MapCheck: New page: Untitled_1 - Apr 8, 2015, 5:50:33 PM
[2015.04.08-15.50.33:507][562]MapCheck: Info Map check complete: 0 Error(s), 0 Warning(s), took 72.659ms to complete.
[2015.04.08-15.50.33:507][562]LogFileHelpers: Loading map 'Template_Default' took 0.617
[2015.04.08-15.50.42:754][754]LogSavePackage: Save=18.477068ms
[2015.04.08-15.50.42:754][754]LogSavePackage: Moving '../../../../../../Users/Axel/Documents/GitHub/08-46/UE4-Project/Project_8_46/Saved/Main_LevelF877520A4B6EE2B8A56EFDB465BE8000.tmp' to '../../../../../../Users/Axel/Documents/GitHub/08-46/UE4-Project/Project_8_46/Content/Map/Main_Level.umap'
[2015.04.08-15.50.42:785][754]LogFileHelpers: Saving map 'Main_Level' took 0.373
[2015.04.08-15.50.44:028][827]LogContentBrowser:Verbose: The content browser source was changed by the sources view to '/Game/Map'
[2015.04.08-15.50.46:354][966]LogContentBrowser:Verbose: The content browser source was changed by the sources view to '/Game/Level'
[2015.04.08-15.50.46:687][966]LogSavePackage: Save=18.084585ms
[2015.04.08-15.50.46:687][966]LogSavePackage: Moving '../../../../../../Users/Axel/Documents/GitHub/08-46/UE4-Project/Project_8_46/Saved/Main_LevelBE9CB8CE48992A7C1ABACDBDC48FCCBE.tmp' to '../../../../../../Users/Axel/Documents/GitHub/08-46/UE4-Project/Project_8_46/Content/Level/Main_Level.umap'
[2015.04.08-15.50.46:719][966]LogFileHelpers: Saving map 'Main_Level' took 0.145
[2015.04.08-15.50.50:039][150]LogEditorViewport: Clicking on Actor (LMB): BP_Sky_Sphere_C (Sky Sphere)
[2015.04.08-15.50.51:369][225]LogContentBrowser:Verbose: The content browser source was changed by the sources view to '/Game/Meshes'
[2015.04.08-15.50.53:871][373]LogContentBrowser:Verbose: The content browser source was changed by the sources view to '/Game/Scripts'
[2015.04.08-15.50.55:493][470]LogContentBrowser:Verbose: The content browser source was changed by the sources view to '/Game/Textures'
[2015.04.08-15.50.59:697][707]LogContentBrowser:Verbose: The content browser source was changed by the sources view to '/Game/Textures/NewFolder'
[2015.04.08-15.51.01:921][840]LogContentBrowser:Verbose: The content browser source was changed by the sources view to '/Game/Textures/Sounds'
[2015.04.08-15.51.05:889][ 56]LogContentBrowser:Verbose: The content browser source was changed by the sources view to 'None'
[2015.04.08-15.51.05:890][ 56]LogContentBrowser:Verbose: The content browser source was changed by the sources view to '/Game/Sounds'
[2015.04.08-15.51.09:183][252]LogContentBrowser:Verbose: The content browser source was changed by the sources view to '/Game'
[2015.04.08-15.51.15:978][648]LogContentBrowser:Verbose: The content browser source was changed by the sources view to '/Game/NewFolder'
[2015.04.08-15.51.18:601][800]LogContentBrowser:Verbose: The content browser source was changed by the sources view to '/Game/Character'
[2015.04.08-15.51.20:796][917]LogContentBrowser:Verbose: The content browser source was changed by the sources view to '/Game/Character'
[2015.04.08-15.52.36:131][644]LogEditorViewport: Clicking on Actor (LMB): StaticMeshActor (Floor)
[2015.04.08-15.52.36:676][674]LogEditorViewport: Clicking on Actor (LMB): StaticMeshActor (Floor)
[2015.04.08-15.52.37:125][699]LogEditorViewport: Clicking on Actor (LMB): StaticMeshActor (Floor)
[2015.04.08-15.52.37:509][720]LogEditorViewport: Clicking on Actor (LMB): StaticMeshActor (Floor)
[2015.04.08-15.52.37:821][737]LogEditorViewport: Clicking on Actor (LMB): StaticMeshActor (Floor)
[2015.04.08-15.52.38:111][752]LogEditorViewport: Clicking on Component (LMB): StaticMeshComponent (StaticMeshComponent0)
[2015.04.08-15.52.38:483][773]LogEditorViewport: Clicking on Component (LMB): StaticMeshComponent (StaticMeshComponent0)
[2015.04.08-15.52.39:660][842]LogEditorViewport: Clicking on Component (LMB): StaticMeshComponent (StaticMeshComponent0)
[2015.04.08-15.52.40:008][861]LogEditorViewport: Clicking on Component (LMB): StaticMeshComponent (StaticMeshComponent0)
[2015.04.08-15.52.40:407][883]LogEditorViewport: Clicking on Component (LMB): StaticMeshComponent (StaticMeshComponent0)
[2015.04.08-15.52.40:701][899]LogEditorViewport: Clicking on Component (LMB): StaticMeshComponent (StaticMeshComponent0)
[2015.04.08-15.52.40:987][914]LogEditorViewport: Clicking on Component (LMB): StaticMeshComponent (StaticMeshComponent0)
[2015.04.08-15.52.42:563][  0]LogEditorViewport: Clicking on Component (LMB): StaticMeshComponent (StaticMeshComponent0)
[2015.04.08-15.52.42:911][ 18]LogEditorViewport: Clicking on Component (LMB): StaticMeshComponent (StaticMeshComponent0)
[2015.04.08-15.52.43:207][ 34]LogEditorViewport: Clicking on Actor (LMB): Character (Character)
[2015.04.08-15.52.44:256][ 94]Cmd: DELETE
[2015.04.08-15.52.44:256][ 94]Cmd: ACTOR DELETE
[2015.04.08-15.52.44:257][ 94]LogEditorActor: Deleted Actor: Character
[2015.04.08-15.52.44:283][ 94]LogEditorActor: Deleted 1 Actors (0.026 secs)
[2015.04.08-15.52.46:029][184]LogSavePackage: Save=21.692881ms
[2015.04.08-15.52.46:029][184]LogSavePackage: Moving '../../../../../../Users/Axel/Documents/GitHub/08-46/UE4-Project/Project_8_46/Saved/Main_Level2D8EF0E54288F8C0F713F4A0F1601F5B.tmp' to '../../../../../../Users/Axel/Documents/GitHub/08-46/UE4-Project/Project_8_46/Content/Level/Main_Level.umap'
[2015.04.08-15.52.46:058][184]LogFileHelpers: Saving map 'Main_Level' took 0.150
[2015.04.08-15.52.49:941][417]LogContentBrowser:Verbose: The content browser source was changed by the sources view to '/Game/Scripts/Character'
[2015.04.08-15.53.03:632][646]LogEditorViewport: Clicking on Actor (context menu): StaticMeshActor (Floor)
[2015.04.08-15.53.48:824][943]LogContentBrowser:Verbose: The content browser source was changed by the sources view to '/Game/Scripts'
[2015.04.08-15.55.23:945][244]LogParticles: Destroying 0 GPU particle simulations for FXSystem 0x000000F14A43EAC0
[2015.04.08-15.55.24:178][244]LogSavePackage: Save=53.896992ms
[2015.04.08-15.55.24:178][244]LogSavePackage: Moving '../../../../../../Users/Axel/Documents/GitHub/08-46/UE4-Project/Project_8_46/Saved/Main_LevelD36AD8694651AA865AAAF9AF4001BD22.tmp' to '../../../../../../Users/Axel/Documents/GitHub/08-46/UE4-Project/Project_8_46/Content/Level/Main_Level.umap'
[2015.04.08-15.55.24:209][244]LogFileHelpers: Saving map 'Main_Level' took 0.178
[2015.04.08-15.55.30:105][598]LogContentBrowser:Verbose: The content browser source was changed by the sources view to '/Game/Level'
[2015.04.08-15.55.30:941][645]Cmd: MAP LOAD FILE="../../../../../../Users/Axel/Documents/GitHub/08-46/UE4-Project/Project_8_46/Content/Level/Main_Level.umap" TEMPLATE=0 SHOWPROGRESS=1 FEATURELEVEL=3
[2015.04.08-15.55.30:941][645]LightingResults: New page: Lighting Build
[2015.04.08-15.55.30:976][645]LoadErrors: New page: Loading map: Main_Level.umap
[2015.04.08-15.55.30:976][645]MapCheck: New page: Map Check
[2015.04.08-15.55.30:976][645]LightingResults: New page: Lighting Build
[2015.04.08-15.55.30:991][645]LogParticles: Destroying 0 GPU particle simulations for FXSystem 0x000000F159CB13A0
[2015.04.08-15.55.31:037][645]LogEditorServer: Finished looking for orphan Actors (0.000 secs)
[2015.04.08-15.55.31:040][645]LogAIModule: Creating AISystem for world Main_Level
[2015.04.08-15.55.31:070][645]Cmd: MAP CHECKDEP
[2015.04.08-15.55.31:070][645]MapCheck: New page: Main_Level - Apr 8, 2015, 5:55:31 PM
[2015.04.08-15.55.31:140][645]MapCheck: Info Map check complete: 0 Error(s), 0 Warning(s), took 69.516ms to complete.
[2015.04.08-15.55.31:141][645]LogFileHelpers: Loading map 'Main_Level' took 0.201
[2015.04.08-15.55.46:511][556]Cmd: DELETE
[2015.04.08-15.55.46:511][556]Cmd: ACTOR DELETE
[2015.04.08-15.55.46:513][556]LogEditorActor: Deleted Actor: AtmosphericFog
[2015.04.08-15.55.46:542][556]LogEditorActor: Deleted 1 Actors (0.030 secs)
[2015.04.08-15.55.48:982][701]Cmd: TRANSACTION UNDO
[2015.04.08-15.55.48:982][701]LogEditorTransaction: Undo Delete Actors
[2015.04.08-15.57.03:647][ 56]LogEditorViewport: Clicking on Actor (LMB): BP_Sky_Sphere_C (Sky Sphere)
[2015.04.08-15.57.05:528][143]LogSavePackage: Save=54.942654ms
[2015.04.08-15.57.05:528][143]LogSavePackage: Moving '../../../../../../Users/Axel/Documents/GitHub/08-46/UE4-Project/Project_8_46/Saved/Main_LevelD6E16B8644B9F8BDC691EE931400F138.tmp' to '../../../../../../Users/Axel/Documents/GitHub/08-46/UE4-Project/Project_8_46/Content/Level/Main_Level.umap'
[2015.04.08-15.57.05:573][143]LogFileHelpers: Saving map 'Main_Level' took 0.221
[2015.04.08-15.57.05:576][143]Cmd: OBJ SAVEPACKAGE PACKAGE="/Game/Scripts/GameState/HUD" FILE="../../../../../../Users/Axel/Documents/GitHub/08-46/UE4-Project/Project_8_46/Content/Scripts/GameState/HUD.uasset" SILENT=true
[2015.04.08-15.57.05:611][143]LogSavePackage: Save=28.601152ms
[2015.04.08-15.57.05:611][143]LogSavePackage: Moving '../../../../../../Users/Axel/Documents/GitHub/08-46/UE4-Project/Project_8_46/Saved/HUD8349E5634F4D77C8570A4096E757BA3E.tmp' to '../../../../../../Users/Axel/Documents/GitHub/08-46/UE4-Project/Project_8_46/Content/Scripts/GameState/HUD.uasset'
[2015.04.08-15.57.14:828][686]BlueprintLog: New page: Pre-PIE auto-recompile
[2015.04.08-15.57.14:831][686]LogPlayLevel: [PIE] Compiling HUD before PIE...
[2015.04.08-15.57.14:891][686]LogPlayLevel: PIE:  Blueprint regeneration took 63 ms (1 blueprints)
[2015.04.08-15.57.14:892][686]PIE: New page: PIE session: Main_Level (Apr 8, 2015, 5:57:14 PM)
[2015.04.08-15.57.14:895][686]LogPlayLevel: PIE: StaticDuplicateObject took: (0.002704s)
[2015.04.08-15.57.14:896][686]LogPlayLevel: PIE: World Init took: (0.000830s)
[2015.04.08-15.57.14:896][686]LogPlayLevel: PIE: Created PIE world by copying editor world from /Game/Level/Main_Level.Main_Level to /Game/Level/UEDPIE_0_Main_Level.Main_Level (0.003731s)
[2015.04.08-15.57.14:974][686]LogLinker:Warning: Can't find file '/Game/FirstPersonBP/Blueprints/FirstPersonGameMode'
[2015.04.08-15.57.14:974][686]LogLinker:Warning: Can't find file '/Game/FirstPersonBP/Blueprints/FirstPersonGameMode'
[2015.04.08-15.57.14:975][686]LogUObjectGlobals:Warning: Failed to find object 'Class /Game/FirstPersonBP/Blueprints/FirstPersonGameMode.FirstPersonGameMode_C'
[2015.04.08-15.57.14:975][686]LogWorld: Game class is 'GameMode'
[2015.04.08-15.57.15:034][686]LogAIModule: Creating AISystem for world Main_Level
[2015.04.08-15.57.15:036][686]LogWorld: Bringing World /Game/Level/UEDPIE_0_Main_Level.Main_Level up for play (max tick rate 60) at 2015.04.08-16.57.15
[2015.04.08-15.57.15:047][686]LogWorld: Bringing up level for play took: 0.011823
[2015.04.08-15.57.15:086][686]PIE: Info Play in editor start time for /Game/Level/UEDPIE_0_Main_Level 0.571
[2015.04.08-15.57.18:832][892]LogParticles: Destroying 0 GPU particle simulations for FXSystem 0x000000F159AD5F80
[2015.04.08-15.58.04:948][526]LogPlayLevel: PIE:  No blueprints needed recompiling
[2015.04.08-15.58.04:949][526]PIE: New page: PIE session: Main_Level (Apr 8, 2015, 5:58:04 PM)
[2015.04.08-15.58.04:952][526]LogPlayLevel: PIE: StaticDuplicateObject took: (0.003220s)
[2015.04.08-15.58.04:953][526]LogPlayLevel: PIE: World Init took: (0.001115s)
[2015.04.08-15.58.04:953][526]LogPlayLevel: PIE: Created PIE world by copying editor world from /Game/Level/Main_Level.Main_Level to /Game/Level/UEDPIE_0_Main_Level.Main_Level (0.004484s)
[2015.04.08-15.58.04:986][526]LogLinker:Warning: Can't find file '/Game/FirstPersonBP/Blueprints/FirstPersonGameMode'
[2015.04.08-15.58.04:986][526]LogLinker:Warning: Can't find file '/Game/FirstPersonBP/Blueprints/FirstPersonGameMode'
[2015.04.08-15.58.04:986][526]LogUObjectGlobals:Warning: Failed to find object 'Class /Game/FirstPersonBP/Blueprints/FirstPersonGameMode.FirstPersonGameMode_C'
[2015.04.08-15.58.04:986][526]LogWorld: Game class is 'GameMode'
[2015.04.08-15.58.04:988][526]LogAIModule: Creating AISystem for world Main_Level
[2015.04.08-15.58.04:990][526]LogWorld: Bringing World /Game/Level/UEDPIE_0_Main_Level.Main_Level up for play (max tick rate 60) at 2015.04.08-16.58.04
[2015.04.08-15.58.04:990][526]LogWorld: Bringing up level for play took: 0.001978
[2015.04.08-15.58.04:992][526]PIE: Info Play in editor start time for /Game/Level/UEDPIE_0_Main_Level 0.477
[2015.04.08-15.58.07:843][692]LogParticles: Destroying 0 GPU particle simulations for FXSystem 0x000000F156916160
[2015.04.08-15.58.25:471][733]LogEditorViewport: Clicking on Actor (context menu): StaticMeshActor (Floor)
[2015.04.08-15.58.26:924][812]LogEditorViewport: Clicking on Actor (LMB): BP_Sky_Sphere_C (Sky Sphere)
[2015.04.08-15.58.27:633][853]LogEditorViewport: Clicking on Actor (LMB): BP_Sky_Sphere_C (Sky Sphere)
[2015.04.08-15.58.32:999][150]Cmd: STAT FPS
[2015.04.08-15.58.37:155][387]LogPlayLevel: PIE:  No blueprints needed recompiling
[2015.04.08-15.58.37:155][387]PIE: New page: PIE session: Main_Level (Apr 8, 2015, 5:58:37 PM)
[2015.04.08-15.58.37:159][387]LogPlayLevel: PIE: StaticDuplicateObject took: (0.002678s)
[2015.04.08-15.58.37:160][387]LogPlayLevel: PIE: World Init took: (0.000959s)
[2015.04.08-15.58.37:160][387]LogPlayLevel: PIE: Created PIE world by copying editor world from /Game/Level/Main_Level.Main_Level to /Game/Level/UEDPIE_0_Main_Level.Main_Level (0.003861s)
[2015.04.08-15.58.37:197][387]LogLinker:Warning: Can't find file '/Game/FirstPersonBP/Blueprints/FirstPersonGameMode'
[2015.04.08-15.58.37:197][387]LogLinker:Warning: Can't find file '/Game/FirstPersonBP/Blueprints/FirstPersonGameMode'
[2015.04.08-15.58.37:197][387]LogUObjectGlobals:Warning: Failed to find object 'Class /Game/FirstPersonBP/Blueprints/FirstPersonGameMode.FirstPersonGameMode_C'
[2015.04.08-15.58.37:198][387]LogWorld: Game class is 'GameMode'
[2015.04.08-15.58.37:200][387]LogAIModule: Creating AISystem for world Main_Level
[2015.04.08-15.58.37:202][387]LogWorld: Bringing World /Game/Level/UEDPIE_0_Main_Level.Main_Level up for play (max tick rate 60) at 2015.04.08-16.58.37
[2015.04.08-15.58.37:202][387]LogWorld: Bringing up level for play took: 0.002260
[2015.04.08-15.58.37:204][387]PIE: Info Play in editor start time for /Game/Level/UEDPIE_0_Main_Level 0.689
[2015.04.08-15.58.44:543][823]LogParticles: Destroying 0 GPU particle simulations for FXSystem 0x000000F157181580
[2015.04.08-15.58.51:388][215]LogPlayLevel: PIE:  No blueprints needed recompiling
[2015.04.08-15.58.51:388][215]PIE: New page: PIE session: Main_Level (Apr 8, 2015, 5:58:51 PM)
[2015.04.08-15.58.51:393][215]LogPlayLevel: PIE: StaticDuplicateObject took: (0.005078s)
[2015.04.08-15.58.51:394][215]LogPlayLevel: PIE: World Init took: (0.001081s)
[2015.04.08-15.58.51:395][215]LogPlayLevel: PIE: Created PIE world by copying editor world from /Game/Level/Main_Level.Main_Level to /Game/Level/UEDPIE_0_Main_Level.Main_Level (0.006411s)
[2015.04.08-15.58.51:431][215]LogLinker:Warning: Can't find file '/Game/FirstPersonBP/Blueprints/FirstPersonGameMode'
[2015.04.08-15.58.51:431][215]LogLinker:Warning: Can't find file '/Game/FirstPersonBP/Blueprints/FirstPersonGameMode'
[2015.04.08-15.58.51:431][215]LogUObjectGlobals:Warning: Failed to find object 'Class /Game/FirstPersonBP/Blueprints/FirstPersonGameMode.FirstPersonGameMode_C'
[2015.04.08-15.58.51:431][215]LogWorld: Game class is 'GameMode'
[2015.04.08-15.58.51:434][215]LogAIModule: Creating AISystem for world Main_Level
[2015.04.08-15.58.51:436][215]LogWorld: Bringing World /Game/Level/UEDPIE_0_Main_Level.Main_Level up for play (max tick rate 60) at 2015.04.08-16.58.51
[2015.04.08-15.58.51:436][215]LogWorld: Bringing up level for play took: 0.002088
[2015.04.08-15.58.51:438][215]PIE: Info Play in editor start time for /Game/Level/UEDPIE_0_Main_Level 0.923
[2015.04.08-15.58.53:300][327]LogSelection:Warning: PIE object was selected: "AbstractNavData /Game/Level/UEDPIE_0_Main_Level.Main_Level:PersistentLevel.AbstractNavData-Default"
[2015.04.08-15.58.53:778][355]LogSelection:Warning: PIE object was selected: "CameraActor /Game/Level/UEDPIE_0_Main_Level.Main_Level:PersistentLevel.CameraActor_3"
[2015.04.08-15.58.55:786][466]LogSelection:Warning: PIE object was selected: "DefaultPawn /Game/Level/UEDPIE_0_Main_Level.Main_Level:PersistentLevel.DefaultPawn_3"
[2015.04.08-15.58.56:487][496]LogSelection:Warning: PIE object was selected: "GameMode /Game/Level/UEDPIE_0_Main_Level.Main_Level:PersistentLevel.GameMode_3"
[2015.04.08-15.58.57:348][545]LogSelection:Warning: PIE object was selected: "GameNetworkManager /Game/Level/UEDPIE_0_Main_Level.Main_Level:PersistentLevel.GameNetworkManager_3"
[2015.04.08-15.58.57:751][569]LogSelection:Warning: PIE object was selected: "GameSession /Game/Level/UEDPIE_0_Main_Level.Main_Level:PersistentLevel.GameSession_3"
[2015.04.08-15.58.58:087][589]LogSelection:Warning: PIE object was selected: "GameState /Game/Level/UEDPIE_0_Main_Level.Main_Level:PersistentLevel.GameState_3"
[2015.04.08-15.58.58:373][604]LogSelection:Warning: PIE object was selected: "HUD /Game/Level/UEDPIE_0_Main_Level.Main_Level:PersistentLevel.HUD_3"
[2015.04.08-15.59.01:089][763]LogParticles: Destroying 0 GPU particle simulations for FXSystem 0x000000F13B228680
[2015.04.08-15.59.05:822][ 34]Cmd: MAP LOAD FILE="../../../../../../Users/Axel/Documents/GitHub/08-46/UE4-Project/Project_8_46/Content/Level/Main_Level.umap" TEMPLATE=0 SHOWPROGRESS=1 FEATURELEVEL=3
[2015.04.08-15.59.05:822][ 34]LightingResults: New page: Lighting Build
[2015.04.08-15.59.05:846][ 34]LoadErrors: New page: Loading map: Main_Level.umap
[2015.04.08-15.59.05:846][ 34]MapCheck: New page: Map Check
[2015.04.08-15.59.05:846][ 34]LightingResults: New page: Lighting Build
[2015.04.08-15.59.05:872][ 34]LogParticles: Destroying 0 GPU particle simulations for FXSystem 0x000000F143CAC9A0
[2015.04.08-15.59.05:887][ 34]LogEditorServer: Finished looking for orphan Actors (0.000 secs)
[2015.04.08-15.59.05:890][ 34]LogAIModule: Creating AISystem for world Main_Level
[2015.04.08-15.59.05:922][ 34]Cmd: MAP CHECKDEP
[2015.04.08-15.59.05:922][ 34]MapCheck: New page: Main_Level - Apr 8, 2015, 5:59:05 PM
[2015.04.08-15.59.05:994][ 34]MapCheck: Info Map check complete: 0 Error(s), 0 Warning(s), took 71.796ms to complete.
[2015.04.08-15.59.05:995][ 34]LogFileHelpers: Loading map 'Main_Level' took 0.175
[2015.04.08-16.00.18:544][842]LogContentBrowser:Verbose: The content browser source was changed by the sources view to '/Game/Character'
[2015.04.08-16.00.19:744][914]LogContentBrowser:Verbose: The content browser source was changed by the sources view to '/Game/Character/Animations'
[2015.04.08-16.00.20:677][970]LogContentBrowser:Verbose: The content browser source was changed by the sources view to '/Game/Character'
[2015.04.08-16.02.19:367][736]LogEditorViewport: Clicking on Actor (LMB): BP_Sky_Sphere_C (Sky Sphere)
[2015.04.08-16.02.23:980][926]LogEditorViewport: Clicking on Actor (LMB): BP_Sky_Sphere_C (Sky Sphere)
[2015.04.08-16.02.52:147][545]LogParticles: Destroying 0 GPU particle simulations for FXSystem 0x000000F143AAB920
[2015.04.08-16.03.55:168][408]LogContentBrowser:Verbose: The content browser source was changed by the sources view to '/Game/Scripts'
[2015.04.08-16.04.13:676][948]LogEditorViewport: Clicking on Actor (LMB): BP_Sky_Sphere_C (Sky Sphere)
[2015.04.08-16.06.21:156][ 13]LogContentBrowser:Verbose: The content browser source was changed by the sources view to '/Game/Scripts/Character'
[2015.04.08-16.06.30:060][446]LogContentBrowser:Verbose: The content browser source was changed by the sources view to '/Game/Character'
[2015.04.08-16.06.37:211][851]LogContentBrowser:Verbose: The content browser source was changed by the sources view to '/Game/Character'
[2015.04.08-16.06.54:532][871]LogContentBrowser:Verbose: The content browser source was changed by the sources view to '/Game/Character/UE_Model'
[2015.04.08-16.07.05:106][368]LogContentBrowser:Verbose: The content browser source was changed by the sources view to '/Game/Character/UE_Model'
[2015.04.08-16.07.38:312][113]Cmd: QUIT_EDITOR
[2015.04.08-16.07.38:514][113]LogExit: Preparing to exit.
[2015.04.08-16.07.39:766][113]LogExit: Editor shut down
[2015.04.08-16.07.39:767][113]LogExit: Transaction tracking system shut down
[2015.04.08-16.07.39:767][113]LogParticles: Destroying 0 GPU particle simulations for FXSystem 0x000000F143B56DE0
[2015.04.08-16.07.39:770][113]LogParticles: Destroying 0 GPU particle simulations for FXSystem 0x000000F153075EE0
[2015.04.08-16.07.39:770][113]LogParticles: Destroying 0 GPU particle simulations for FXSystem 0x000000F1522F6DE0
[2015.04.08-16.07.39:770][113]LogParticles: Destroying 0 GPU particle simulations for FXSystem 0x000000F14A43CB80
[2015.04.08-16.07.39:873][113]LogParticles: Destroying 0 GPU particle simulations for FXSystem 0x000000F14A43C9A0
[2015.04.08-16.07.39:873][113]LogParticles: Destroying 0 GPU particle simulations for FXSystem 0x000000F14B13CAE0
[2015.04.08-16.07.39:873][113]LogParticles: Destroying 0 GPU particle simulations for FXSystem 0x000000F159A16340
[2015.04.08-16.07.39:873][113]LogExit: Object subsystem successfully closed.
[2015.04.08-16.07.39:920][113]LogModuleManager: Shutting down and abandoning module ExternalImagePicker (179)
[2015.04.08-16.07.39:920][113]LogModuleManager: Shutting down and abandoning module StatsViewer (178)
[2015.04.08-16.07.39:920][113]LogModuleManager: Shutting down and abandoning module NewLevelDialog (177)
[2015.04.08-16.07.39:920][113]LogModuleManager: Shutting down and abandoning module CrashTracker (176)
[2015.04.08-16.07.39:920][113]LogModuleManager: Shutting down and abandoning module SuperSearch (175)
[2015.04.08-16.07.39:920][113]LogModuleManager: Shutting down and abandoning module SceneOutliner (174)
[2015.04.08-16.07.39:920][113]LogModuleManager: Shutting down and abandoning module EditorWidgets (173)
[2015.04.08-16.07.39:920][113]LogModuleManager: Shutting down and abandoning module CollectionManager (172)
[2015.04.08-16.07.39:920][113]LogModuleManager: Shutting down and abandoning module FoliageEdit (171)
[2015.04.08-16.07.39:920][113]LogModuleManager: Shutting down and abandoning module LandscapeEditor (170)
[2015.04.08-16.07.39:920][113]LogModuleManager: Shutting down and abandoning module MeshPaint (169)
[2015.04.08-16.07.39:920][113]LogModuleManager: Shutting down and abandoning module ActorPickerMode (168)
[2015.04.08-16.07.39:920][113]LogModuleManager: Shutting down and abandoning module GeometryMode (167)
[2015.04.08-16.07.39:920][113]LogModuleManager: Shutting down and abandoning module TextureAlignMode (166)
[2015.04.08-16.07.39:920][113]LogModuleManager: Shutting down and abandoning module BspMode (165)
[2015.04.08-16.07.39:920][113]LogModuleManager: Shutting down and abandoning module PlacementMode (164)
[2015.04.08-16.07.39:920][113]LogModuleManager: Shutting down and abandoning module AutomationWorker (163)
[2015.04.08-16.07.39:920][113]LogModuleManager: Shutting down and abandoning module CharacterAI (162)
[2015.04.08-16.07.39:920][113]LogModuleManager: Shutting down and abandoning module SmartSnapping (161)
[2015.04.08-16.07.39:920][113]LogModuleManager: Shutting down and abandoning module ViewportSnapping (160)
[2015.04.08-16.07.39:920][113]LogModuleManager: Shutting down and abandoning module LogVisualizer (159)
[2015.04.08-16.07.39:921][113]LogModuleManager: Shutting down and abandoning module GameProjectGeneration (158)
[2015.04.08-16.07.39:921][113]LogModuleManager: Shutting down and abandoning module IntroTutorials (157)
[2015.04.08-16.07.39:921][113]LogModuleManager: Shutting down and abandoning module EditorLiveStreaming (156)
[2015.04.08-16.07.39:921][113]LogModuleManager: Shutting down and abandoning module HardwareTargeting (155)
[2015.04.08-16.07.39:921][113]LogModuleManager: Shutting down and abandoning module DeviceProfileEditor (154)
[2015.04.08-16.07.39:921][113]LogModuleManager: Shutting down and abandoning module UndoHistory (153)
[2015.04.08-16.07.39:921][113]LogModuleManager: Shutting down and abandoning module GameplayTagsEditor (152)
[2015.04.08-16.07.39:921][113]LogModuleManager: Shutting down and abandoning module UserFeedback (151)
[2015.04.08-16.07.39:921][113]LogModuleManager: Shutting down and abandoning module XmlParser (150)
[2015.04.08-16.07.39:921][113]LogModuleManager: Shutting down and abandoning module Blutility (149)
[2015.04.08-16.07.39:921][113]LogModuleManager: Shutting down and abandoning module IOSPlatformEditor (148)
[2015.04.08-16.07.39:921][113]LogModuleManager: Shutting down and abandoning module IOSRuntimeSettings (147)
[2015.04.08-16.07.39:921][113]LogModuleManager: Shutting down and abandoning module AndroidDeviceDetection (146)
[2015.04.08-16.07.40:077][113]LogModuleManager: Shutting down and abandoning module AndroidPlatformEditor (145)
[2015.04.08-16.07.40:077][113]LogModuleManager: Shutting down and abandoning module AndroidRuntimeSettings (144)
[2015.04.08-16.07.40:077][113]LogModuleManager: Shutting down and abandoning module ProjectTargetPlatformEditor (143)
[2015.04.08-16.07.40:077][113]LogModuleManager: Shutting down and abandoning module ProjectSettingsViewer (142)
[2015.04.08-16.07.40:077][113]LogModuleManager: Shutting down and abandoning module InputBindingEditor (141)
[2015.04.08-16.07.40:078][113]LogModuleManager: Shutting down and abandoning module EditorSettingsViewer (140)
[2015.04.08-16.07.40:078][113]LogModuleManager: Shutting down and abandoning module SettingsEditor (139)
[2015.04.08-16.07.40:078][113]LogModuleManager: Shutting down and abandoning module ProjectLauncher (138)
[2015.04.08-16.07.40:078][113]LogModuleManager: Shutting down and abandoning module SessionFrontend (137)
[2015.04.08-16.07.40:078][113]LogModuleManager: Shutting down and abandoning module ProfilerClient (136)
[2015.04.08-16.07.40:078][113]LogModuleManager: Shutting down and abandoning module TargetDeviceServices (135)
[2015.04.08-16.07.40:078][113]LogModuleManager: Shutting down and abandoning module DeviceManager (134)
[2015.04.08-16.07.40:078][113]LogModuleManager: Shutting down and abandoning module AutomationController (133)
[2015.04.08-16.07.40:078][113]LogModuleManager: Shutting down and abandoning module AutomationWindow (132)
[2015.04.08-16.07.40:078][113]LogModuleManager: Shutting down and abandoning module Layers (131)
[2015.04.08-16.07.40:078][113]LogModuleManager: Shutting down and abandoning module ComponentVisualizers (130)
[2015.04.08-16.07.40:078][113]LogModuleManager: Shutting down and abandoning module DetailCustomizations (129)
[2015.04.08-16.07.40:078][113]LogModuleManager: Shutting down and abandoning module PackagesDialog (128)
[2015.04.08-16.07.40:078][113]LogModuleManager: Shutting down and abandoning module AssetRegistry (127)
[2015.04.08-16.07.40:097][113]LogModuleManager: Shutting down and abandoning module Persona (126)
[2015.04.08-16.07.40:097][113]LogModuleManager: Shutting down and abandoning module SlateReflector (125)
[2015.04.08-16.07.40:097][113]LogModuleManager: Shutting down and abandoning module LevelEditor (124)
[2015.04.08-16.07.40:098][113]LogModuleManager: Shutting down and abandoning module Kismet (123)
[2015.04.08-16.07.40:098][113]LogModuleManager: Shutting down and abandoning module GraphEditor (122)
[2015.04.08-16.07.40:098][113]LogModuleManager: Shutting down and abandoning module ClassViewer (121)
[2015.04.08-16.07.40:098][113]LogModuleManager: Shutting down and abandoning module Toolbox (120)
[2015.04.08-16.07.40:098][113]LogModuleManager: Shutting down and abandoning module ModuleUI (119)
[2015.04.08-16.07.40:098][113]LogModuleManager: Shutting down and abandoning module MovieSceneTools (118)
[2015.04.08-16.07.40:098][113]LogModuleManager: Shutting down and abandoning module OutputLog (117)
[2015.04.08-16.07.40:098][113]LogModuleManager: Shutting down and abandoning module GammaUI (116)
[2015.04.08-16.07.40:098][113]LogModuleManager: Shutting down and abandoning module Documentation (115)
[2015.04.08-16.07.40:098][113]LogModuleManager: Shutting down and abandoning module GameLiveStreaming (114)
[2015.04.08-16.07.40:098][113]LogModuleManager: Shutting down and abandoning module StreamingPauseRendering (113)
[2015.04.08-16.07.40:098][113]LogModuleManager: Shutting down and abandoning module HTTP (112)
[2015.04.08-16.07.40:098][113]LogModuleManager: Shutting down and abandoning module AnalyticsET (111)
[2015.04.08-16.07.40:099][113]LogModuleManager: Shutting down and abandoning module Analytics (110)
[2015.04.08-16.07.40:099][113]LogModuleManager: Shutting down and abandoning module AITestSuite (109)
[2015.04.08-16.07.40:099][113]LogModuleManager: Shutting down and abandoning module GameplayDebugger (108)
[2015.04.08-16.07.40:099][113]LogModuleManager: Shutting down and abandoning module AIModule (107)
[2015.04.08-16.07.40:099][113]LogModuleManager: Shutting down and abandoning module ProfilerService (106)
[2015.04.08-16.07.40:162][113]LogModuleManager: Shutting down and abandoning module TaskGraph (105)
[2015.04.08-16.07.40:162][113]LogModuleManager: Shutting down and abandoning module SlateRemote (104)
[2015.04.08-16.07.40:162][113]LogModuleManager: Shutting down and abandoning module ScriptEditorPlugin (103)
[2015.04.08-16.07.40:162][113]LogModuleManager: Shutting down and abandoning module CustomMeshComponent (102)
[2015.04.08-16.07.40:162][113]LogModuleManager: Shutting down and abandoning module CableComponent (101)
[2015.04.08-16.07.40:162][113]LogModuleManager: Shutting down and abandoning module MessagingDebugger (100)
[2015.04.08-16.07.40:162][113]LogModuleManager: Shutting down and abandoning module MediaPlayerEditor (99)
[2015.04.08-16.07.40:162][113]LogModuleManager: Shutting down and abandoning module SpeedTreeImporter (98)
[2015.04.08-16.07.40:162][113]LogModuleManager: Shutting down and abandoning module PluginsEditor (97)
[2015.04.08-16.07.40:162][113]LogModuleManager: Shutting down and abandoning module MainFrame (96)
[2015.04.08-16.07.40:162][113]LogModuleManager: Shutting down and abandoning module EpicSurvey (95)
[2015.04.08-16.07.40:162][113]LogModuleManager: Shutting down and abandoning module DesktopPlatform (94)
[2015.04.08-16.07.40:162][113]LogModuleManager: Shutting down and abandoning module DirectoryWatcher (93)
[2015.04.08-16.07.40:164][113]LogModuleManager: Shutting down and abandoning module HotReload (92)
[2015.04.08-16.07.40:164][113]LogModuleManager: Shutting down and abandoning module VisualStudioSourceCodeAccess (91)
[2015.04.08-16.07.40:164][113]LogModuleManager: Shutting down and abandoning module UObjectPlugin (90)
[2015.04.08-16.07.40:164][113]LogModuleManager: Shutting down and abandoning module SubversionSourceControl (89)
[2015.04.08-16.07.40:165][113]LogModuleManager: Shutting down and abandoning module PerforceSourceControl (88)
[2015.04.08-16.07.40:165][113]LogModuleManager: Shutting down and abandoning module SourceControl (87)
[2015.04.08-16.07.40:165][113]LogModuleManager: Shutting down and abandoning module GitSourceControl (86)
[2015.04.08-16.07.40:165][113]LogModuleManager: Shutting down and abandoning module BlankPlugin (85)
[2015.04.08-16.07.40:165][113]LogModuleManager: Shutting down and abandoning module PaperTiledImporter (84)
[2015.04.08-16.07.40:165][113]LogModuleManager: Shutting down and abandoning module PaperJsonImporter (83)
[2015.04.08-16.07.40:165][113]LogModuleManager: Shutting down and abandoning module ContentBrowser (82)
[2015.04.08-16.07.40:166][113]LogModuleManager: Shutting down and abandoning module Paper2DEditor (81)
[2015.04.08-16.07.40:166][113]LogModuleManager: Shutting down and abandoning module ScriptPlugin (80)
[2015.04.08-16.07.40:166][113]LogModuleManager: Shutting down and abandoning module UdpMessaging (79)
[2015.04.08-16.07.40:267][113]LogModuleManager: Shutting down and abandoning module Paper2D (78)
[2015.04.08-16.07.40:267][113]LogModuleManager: Shutting down and abandoning module WindowsMoviePlayer (77)
[2015.04.08-16.07.40:271][113]LogModuleManager: Shutting down and abandoning module Media (76)
[2015.04.08-16.07.40:271][113]LogModuleManager: Shutting down and abandoning module WmfMedia (75)
[2015.04.08-16.07.40:271][113]LogModuleManager: Shutting down and abandoning module OnlineBlueprintSupport (74)
[2015.04.08-16.07.40:271][113]LogModuleManager: Shutting down and abandoning module PropertyEditor (73)
[2015.04.08-16.07.40:271][113]LogModuleManager: Shutting down and abandoning module BehaviorTreeEditor (72)
[2015.04.08-16.07.40:271][113]LogModuleManager: Shutting down and abandoning module FunctionalTesting (71)
[2015.04.08-16.07.40:271][113]LogModuleManager: Shutting down and abandoning module CollisionAnalyzer (70)
[2015.04.08-16.07.40:271][113]LogModuleManager: Shutting down and abandoning module WorkspaceMenuStructure (69)
[2015.04.08-16.07.40:271][113]LogModuleManager: Shutting down and abandoning module MessageLog (68)
[2015.04.08-16.07.40:271][113]LogModuleManager: Shutting down and abandoning module Sequencer (67)
[2015.04.08-16.07.40:271][113]LogModuleManager: Shutting down and abandoning module AssetTools (66)
[2015.04.08-16.07.40:271][113]LogModuleManager: Shutting down and abandoning module UMGEditor (65)
[2015.04.08-16.07.40:271][113]LogModuleManager: Shutting down and abandoning module UMG (64)
[2015.04.08-16.07.40:271][113]LogModuleManager: Shutting down and abandoning module Slate (63)
[2015.04.08-16.07.40:271][113]LogModuleManager: Shutting down and abandoning module EditorStyle (62)
[2015.04.08-16.07.40:278][113]LogModuleManager: Shutting down and abandoning module SessionServices (61)
[2015.04.08-16.07.40:278][113]LogModuleManager: Shutting down and abandoning module SourceCodeAccess (60)
[2015.04.08-16.07.40:278][113]LogModuleManager: Shutting down and abandoning module HeadMountedDisplay (59)
[2015.04.08-16.07.40:278][113]LogModuleManager: Shutting down and abandoning module XAudio2 (58)
[2015.04.08-16.07.40:278][113]LogModuleManager: Shutting down and abandoning module Networking (56)
[2015.04.08-16.07.40:278][113]LogModuleManager: Shutting down and abandoning module Core (55)
[2015.04.08-16.07.40:278][113]LogModuleManager: Shutting down and abandoning module KismetCompiler (54)
[2015.04.08-16.07.40:278][113]LogModuleManager: Shutting down and abandoning module PhysXFormats (53)
[2015.04.08-16.07.40:278][113]LogModuleManager: Shutting down and abandoning module MeshUtilities (52)
[2015.04.08-16.07.40:278][113]LogModuleManager: Shutting down and abandoning module DerivedDataCache (51)
[2015.04.08-16.07.40:361][113]LogDerivedDataCache: Shutdown
[2015.04.08-16.07.40:361][113]LogModuleManager: Shutting down and abandoning module ShaderFormatOpenGL (50)
[2015.04.08-16.07.40:361][113]LogModuleManager: Shutting down and abandoning module ShaderFormatD3D (49)
[2015.04.08-16.07.40:361][113]LogModuleManager: Shutting down and abandoning module MetalShaderFormat (48)
[2015.04.08-16.07.40:361][113]LogModuleManager: Shutting down and abandoning module TextureFormatUncompressed (47)
[2015.04.08-16.07.40:361][113]LogModuleManager: Shutting down and abandoning module TextureFormatPVR (46)
[2015.04.08-16.07.40:361][113]LogModuleManager: Shutting down and abandoning module TextureFormatIntelISPCTexComp (45)
[2015.04.08-16.07.40:361][113]LogModuleManager: Shutting down and abandoning module TextureFormatDXT (44)
[2015.04.08-16.07.40:361][113]LogModuleManager: Shutting down and abandoning module ImageWrapper (43)
[2015.04.08-16.07.40:361][113]LogModuleManager: Shutting down and abandoning module TextureFormatASTC (42)
[2015.04.08-16.07.40:361][113]LogModuleManager: Shutting down and abandoning module TextureFormatAndroid (41)
[2015.04.08-16.07.40:361][113]LogModuleManager: Shutting down and abandoning module AudioFormatOpus (40)
[2015.04.08-16.07.40:361][113]LogModuleManager: Shutting down and abandoning module AudioFormatOgg (39)
[2015.04.08-16.07.40:361][113]LogModuleManager: Shutting down and abandoning module AudioFormatADPCM (38)
[2015.04.08-16.07.40:361][113]LogModuleManager: Shutting down and abandoning module LinuxTargetPlatform (37)
[2015.04.08-16.07.40:361][113]LogModuleManager: Shutting down and abandoning module LinuxServerTargetPlatform (36)
[2015.04.08-16.07.40:361][113]LogModuleManager: Shutting down and abandoning module LinuxNoEditorTargetPlatform (35)
[2015.04.08-16.07.40:361][113]LogModuleManager: Shutting down and abandoning module Messaging (34)
[2015.04.08-16.07.40:361][113]LogModuleManager: Shutting down and abandoning module IOSTargetPlatform (33)
[2015.04.08-16.07.40:361][113]LogModuleManager: Shutting down and abandoning module HTML5TargetPlatform (32)
[2015.04.08-16.07.40:361][113]LogModuleManager: Shutting down and abandoning module Android_PVRTCTargetPlatform (31)
[2015.04.08-16.07.40:361][113]LogModuleManager: Shutting down and abandoning module Android_ETC2TargetPlatform (30)
[2015.04.08-16.07.40:361][113]LogModuleManager: Shutting down and abandoning module Android_ETC1TargetPlatform (29)
[2015.04.08-16.07.40:361][113]LogModuleManager: Shutting down and abandoning module Android_ES31TargetPlatform (28)
[2015.04.08-16.07.40:361][113]LogModuleManager: Shutting down and abandoning module Android_DXTTargetPlatform (27)
[2015.04.08-16.07.40:361][113]LogModuleManager: Shutting down and abandoning module Android_ATCTargetPlatform (26)
[2015.04.08-16.07.40:361][113]LogModuleManager: Shutting down and abandoning module AndroidTargetPlatform (25)
[2015.04.08-16.07.40:361][113]LogModuleManager: Shutting down and abandoning module WindowsTargetPlatform (24)
[2015.04.08-16.07.40:361][113]LogModuleManager: Shutting down and abandoning module WindowsServerTargetPlatform (23)
[2015.04.08-16.07.40:361][113]LogModuleManager: Shutting down and abandoning module WindowsNoEditorTargetPlatform (22)
[2015.04.08-16.07.40:361][113]LogModuleManager: Shutting down and abandoning module WindowsClientTargetPlatform (21)
[2015.04.08-16.07.40:361][113]LogModuleManager: Shutting down and abandoning module TargetPlatform (20)
[2015.04.08-16.07.40:362][113]LogModuleManager: Shutting down and abandoning module InputCore (19)
[2015.04.08-16.07.40:362][113]LogModuleManager: Shutting down and abandoning module Settings (18)
[2015.04.08-16.07.40:362][113]LogModuleManager: Shutting down and abandoning module OnlineSubsystem (16)
[2015.04.08-16.07.40:362][113]LogModuleManager: Shutting down and abandoning module OculusRift (15)
[2015.04.08-16.07.40:362][113]LogModuleManager: Shutting down and abandoning module ExampleDeviceProfileSelector (14)
[2015.04.08-16.07.40:362][113]LogModuleManager: Shutting down and abandoning module TextureCompressor (13)
[2015.04.08-16.07.40:362][113]LogModuleManager: Shutting down and abandoning module ShaderCore (12)
[2015.04.08-16.07.40:362][113]LogModuleManager: Shutting down and abandoning module Landscape (11)
[2015.04.08-16.07.40:362][113]LogModuleManager: Shutting down and abandoning module SlateRHIRenderer (10)
[2015.04.08-16.07.40:369][113]LogModuleManager: Shutting down and abandoning module OpenGLDrv (9)
[2015.04.08-16.07.40:369][113]LogModuleManager: Shutting down and abandoning module D3D11RHI (8)
[2015.04.08-16.07.40:369][113]LogModuleManager: Shutting down and abandoning module Renderer (7)
[2015.04.08-16.07.40:369][113]LogModuleManager: Shutting down and abandoning module Engine (6)
[2015.04.08-16.07.40:369][113]LogModuleManager: Shutting down and abandoning module CoreUObject (5)
[2015.04.08-16.07.40:369][113]LogModuleManager: Shutting down and abandoning module NetworkFile (4)
[2015.04.08-16.07.40:369][113]LogModuleManager: Shutting down and abandoning module StreamingFile (3)
[2015.04.08-16.07.40:369][113]LogModuleManager: Shutting down and abandoning module SandboxFile (2)
[2015.04.08-16.07.40:369][113]LogModuleManager: Shutting down and abandoning module PakFile (1)
[2015.04.08-16.07.40:370][113]LogExit: Exiting.
[2015.04.08-16.07.40:394][113]Log file closed, 04/08/15 17:07:40
