Log file open, 04/08/15 17:47:00
LogInit:Display: Running engine for game: Project_8_46
LogInit: Version: 4.7.4-2497108+++depot+UE4-Releases+4.7
LogInit: API Version: 2455222
LogInit: Compiled (64-bit): Mar 31 2015 09:40:25
LogInit: Compiled with Visual C++: 18.00.21005.01
LogInit: Build Configuration: Development
LogInit: Branch Name: ++depot+UE4-Releases+4.7
LogInit: Command line: 
LogInit: Base directory: C:/Program Files/Epic Games/4.7/Engine/Binaries/Win64/
LogInit: Rocket: 1
[2015.04.08-16.47.00:042][  0]LogTaskGraph: Started task graph with 3 named threads and 6 total threads.
[2015.04.08-16.47.00:122][  0]LogOnline:Warning: No default platform service specified for OnlineSubsystem
[2015.04.08-16.47.00:157][  0]LogInit: Presizing for 0 objects not considered by GC, pre-allocating 0 bytes.
[2015.04.08-16.47.00:178][  0]LogInit: Object subsystem initialized
[2015.04.08-16.47.00:180][  0]LogConsoleResponse:Warning: Skipping Unknown console variable: 'TranslucentSortAxis = (X=0.000000,Y=-1.000000,Z=0.000000)'
[2015.04.08-16.47.00:180][  0]LogConsoleResponse:Warning:   Found in ini file 'C:/Users/Axel/Documents/GitHub/08-46/UE4-Project/Project_8_46/Saved/Config/Windows/Engine.ini', in section '[/Script/Engine.RendererSettings]'
[2015.04.08-16.47.00:180][  0]LogConsoleResponse:Warning: Skipping Unknown console variable: 'UIScaleRule = ShortestSide'
[2015.04.08-16.47.00:180][  0]LogConsoleResponse:Warning:   Found in ini file 'C:/Users/Axel/Documents/GitHub/08-46/UE4-Project/Project_8_46/Saved/Config/Windows/Engine.ini', in section '[/Script/Engine.RendererSettings]'
[2015.04.08-16.47.00:180][  0]LogConsoleResponse:Warning: Skipping Unknown console variable: 'UIScaleCurve = (EditorCurveData=(Keys=),ExternalCurve=None)'
[2015.04.08-16.47.00:180][  0]LogConsoleResponse:Warning:   Found in ini file 'C:/Users/Axel/Documents/GitHub/08-46/UE4-Project/Project_8_46/Saved/Config/Windows/Engine.ini', in section '[/Script/Engine.RendererSettings]'
[2015.04.08-16.47.00:181][  0]LogInit: Selected Device Profile: [Windows]
[2015.04.08-16.47.00:181][  0]LogInit: Applying CVar settings loaded from the selected device profile: [Windows]
[2015.04.08-16.47.00:200][  0]LogInit: Computer: AXEL
[2015.04.08-16.47.00:200][  0]LogInit: User: Axel
[2015.04.08-16.47.00:200][  0]LogInit: CPU Page size=4096, Cores=4
[2015.04.08-16.47.00:200][  0]LogInit: High frequency timer resolution =2.435776 MHz
[2015.04.08-16.47.00:200][  0]LogMemory: Memory total: Physical=7.9GB (8GB approx) Virtual=131072.0GB
[2015.04.08-16.47.00:200][  0]LogMemory: Platform Memory Stats for Windows
[2015.04.08-16.47.00:200][  0]LogMemory: Process Physical Memory: 46.24 MB used, 46.24 MB peak
[2015.04.08-16.47.00:200][  0]LogMemory: Process Virtual Memory: 26.47 MB used, 26.48 MB peak
[2015.04.08-16.47.00:200][  0]LogMemory: Physical Memory: 4018.70 MB used, 8111.20 MB total
[2015.04.08-16.47.00:200][  0]LogMemory: Virtual Memory: 288.12 MB used, 134217728.00 MB total
[2015.04.08-16.47.00:263][  0]LogD3D11RHI: Found D3D11 adapter 0: NVIDIA GeForce GTX 850M        (Feature Level 11_0)
[2015.04.08-16.47.00:263][  0]LogD3D11RHI: Adapter has 1972MB of dedicated video memory, 0MB of dedicated system memory, and 2048MB of shared system memory, 1 output[s]
[2015.04.08-16.47.00:274][  0]LogD3D11RHI: Found D3D11 adapter 1: Intel(R) HD Graphics 4600 (Feature Level 11_0)
[2015.04.08-16.47.00:274][  0]LogD3D11RHI: Adapter has 0MB of dedicated video memory, 0MB of dedicated system memory, and 1792MB of shared system memory, 0 output[s]
[2015.04.08-16.47.00:277][  0]LogD3D11RHI: Found D3D11 adapter 2: Microsoft Basic Render Driver (Feature Level 11_0)
[2015.04.08-16.47.00:277][  0]LogD3D11RHI: Adapter has 0MB of dedicated video memory, 0MB of dedicated system memory, and 256MB of shared system memory, 0 output[s]
[2015.04.08-16.47.00:277][  0]LogD3D11RHI: Chosen D3D11 Adapter Id = 0
[2015.04.08-16.47.00:281][  0]LogRHI: Texture pool is 1361 MB (70% of 1945 MB)
[2015.04.08-16.47.00:295][  0]LogD3D11RHI: Async texture creation enabled
[2015.04.08-16.47.00:366][  0]LogTextLocalizationManager: The requested culture ('fr_FR') has no localization data; falling back to 'en' for localization and internationalization data.
[2015.04.08-16.47.00:478][  0]LogTextLocalizationManager:Warning: Loading localization resources contain conflicting entries for (Namespace:UICommands, Key:Save_ToolTip):
Resource: (C:/Program Files/Epic Games/4.7/Engine/Content/Localization/Editor/en/Editor.locres) Hash: (-29098895) String: (Saves the current level to disk)
Resource: (C:/Program Files/Epic Games/4.7/Engine/Content/Localization/Engine/en/Engine.locres) Hash: (-1280300587) String: (Save selected data to vlog file)
[2015.04.08-16.47.00:478][  0]LogTextLocalizationManager:Warning: Loading localization resources contain conflicting entries for (Namespace:ContentBrowser, Key:ImportAssetToolTip):
Resource: (C:/Program Files/Epic Games/4.7/Engine/Content/Localization/Editor/en/Editor.locres) Hash: (-630476809) String: (Import to {0}...)
Resource: (C:/Program Files/Epic Games/4.7/Engine/Content/Localization/Editor/en/Editor.locres) Hash: (1271782899) String: (Imports an asset from file to this folder.)
[2015.04.08-16.47.00:585][  0]LogContentStreaming: Texture pool size is 0.000000MB
[2015.04.08-16.47.02:607][  0]LogTargetPlatformManager:Display: Building Assets For Windows
[2015.04.08-16.47.03:086][  0]LogTargetPlatformManager:Display: Building Assets For Windows
[2015.04.08-16.47.03:141][  0]LogDerivedDataCache:Display: Max Cache Size: 512 MB
[2015.04.08-16.47.03:192][  0]LogDerivedDataCache: Loaded boot cache 0.05s 39MB C:/Users/Axel/AppData/Local/UnrealEngine/4.7/DerivedDataCache/Boot.ddc.
[2015.04.08-16.47.03:192][  0]LogDerivedDataCache:Display: Loaded Boot cache: C:/Users/Axel/AppData/Local/UnrealEngine/4.7/DerivedDataCache/Boot.ddc
[2015.04.08-16.47.03:192][  0]LogDerivedDataCache: FDerivedDataBackendGraph:  Pak pak cache file ../../../../../../Users/Axel/Documents/GitHub/08-46/UE4-Project/Project_8_46/DerivedDataCache/DDC.ddp not found, will not use a pak cache.
[2015.04.08-16.47.03:192][  0]LogDerivedDataCache: Unable to find inner node Pak for hierarchical cache Hierarchy.
[2015.04.08-16.47.03:300][  0]LogDerivedDataCache:Display: Pak cache opened for reading ../../../Engine/DerivedDataCache/Compressed.ddp.
[2015.04.08-16.47.03:312][  0]LogDerivedDataCache: Using Local data cache path C:/Users/Axel/AppData/Local/UnrealEngine/Common/DerivedDataCache: Writable
[2015.04.08-16.47.03:771][  0]LogMeshUtilities: No automatic mesh reduction module available
[2015.04.08-16.47.03:771][  0]LogMeshUtilities: No automatic mesh merging module available
[2015.04.08-16.47.04:199][  0]LogInit: WinSock: version 1.1 (2.2), MaxSocks=32767, MaxUdp=65467
[2015.04.08-16.47.04:266][  0]LogSlate:Warning: Failed to load font data from '../../../Engine/Content/Slate/Fonts/Roboto-Italic.ttf'
[2015.04.08-16.47.04:969][  0]UdpMessaging: Initializing bridge on interface 0.0.0.0:0 to multicast group 230.0.0.1:6666.
[2015.04.08-16.47.05:168][  0]SourceControl: Info Source control is disabled
[2015.04.08-16.47.05:168][  0]SourceControl: Info Source control is disabled
[2015.04.08-16.47.05:168][  0]SourceControl: Info Source control is disabled
[2015.04.08-16.47.05:168][  0]LogSourceControl: RunCommandInternalRaw: 'git version'
[2015.04.08-16.47.05:168][  0]LogSourceControl: RunCommandInternalRaw: ExecProcess ReturnCode=2 OutResults=''
[2015.04.08-16.47.05:176][  0]SourceControl: Info Source control is disabled
[2015.04.08-16.47.05:333][  0]LogObj: 24232 objects as part of root set at end of initial load.
[2015.04.08-16.47.05:333][  0]LogUObjectAllocator: 5137176 out of 0 bytes used by permanent object pool.
[2015.04.08-16.47.05:406][  0]LogEngine: Initializing Engine...
[2015.04.08-16.47.07:546][  0]LogInit: XAudio2 using 'Speakers (Realtek High Definition Audio)' : 2 channels at 48 kHz using 32 bits per sample (channel mask 0x3)
[2015.04.08-16.47.07:553][  0]LogInit: FAudioDevice initialized.
[2015.04.08-16.47.07:586][  0]LogAIModule: Creating AISystem for world NewWorld
[2015.04.08-16.47.07:610][  0]LogDerivedDataCache: Saved boot cache 0.02s 39MB C:/Users/Axel/AppData/Local/UnrealEngine/4.7/DerivedDataCache/Boot.ddc.
[2015.04.08-16.47.07:616][  0]LogInit: Texture streaming: Enabled
[2015.04.08-16.47.07:694][  0]LogAnalytics: Creating configured Analytics provider AnalyticsET
[2015.04.08-16.47.07:694][  0]LogAnalytics: ET APIKey = Rocket.Release. APIServer = http://et2.epicgames.com/ET2/. AppVersion = 4.7.4-2497108+++depot+UE4-Releases+4.7
[2015.04.08-16.47.07:694][  0]LogAnalytics: ET APIKey = Rocket.Release. DataRouterUploadURL = https://datarouter-public-service-gamedev.ol.epicgames.net/datarouter/api/v1/public/data. AppVersion = 4.7.4-2497108+++depot+UE4-Releases+4.7
[2015.04.08-16.47.07:694][  0]LogAnalytics: SetUserId e88c5383477aca45f485feae05ecce95|055f838899cf4f808bea9037a5bce58a|a41b6706-46c7-4e3e-8712-6c4db12eddd9
[2015.04.08-16.47.07:694][  0]LogAnalytics: AnalyticsET::StartSession [Rocket.Release]
[2015.04.08-16.47.07:715][  0]LogInit: Transaction tracking system initialized
[2015.04.08-16.47.07:862][  0]BlueprintLog: New page: Editor Load
[2015.04.08-16.47.07:895][  0]LogAssetRegistry: FAssetRegistry took 0.0108 seconds to start up
[2015.04.08-16.47.07:895][  0]LogDirectoryWatcher:Warning: Failed to begin reading directory changes for ../../../Engine/Plugins/Experimental/CharacterAI/Content/. Error: 0
[2015.04.08-16.47.08:383][  0]LogTargetPlatformManager:Display: Building Assets For Windows
[2015.04.08-16.47.08:718][  0]LogTargetPlatformManager:Display: Building Assets For Windows
[2015.04.08-16.47.08:945][  0]LogLinker:Warning: Can't find file '/Game/FirstPersonBP/FirstPersonOverview'
[2015.04.08-16.47.08:945][  0]LogLinker:Warning: Can't find file '/Game/FirstPersonBP/FirstPersonOverview'
[2015.04.08-16.47.08:945][  0]LogUObjectGlobals:Warning: Failed to find object 'Class /Game/FirstPersonBP/FirstPersonOverview.FirstPersonOverview_C'
[2015.04.08-16.47.08:972][  0]LogSlate:Warning: Failed to load font data from '../../../Engine/Content/Editor/Slate/Fonts/Roboto-Regular.ttf'
[2015.04.08-16.47.08:973][  0]LogSlate:Warning: Failed to load font data from '../../../Engine/Content/Editor/Slate/Fonts/Roboto-Bold.ttf'
[2015.04.08-16.47.08:977][  0]LogConsoleResponse:Display: 
[2015.04.08-16.47.09:083][  0]LogCook:Display: Done creating registry. It took  0.00s.
[2015.04.08-16.47.09:208][  0]SourceControl: Info Source control is disabled
[2015.04.08-16.47.09:208][  0]Cmd: MAP LOAD FILE="../../../../../../Users/Axel/Documents/GitHub/08-46/UE4-Project/Project_8_46/Content/FirstPersonBP/Maps/FirstPersonExampleMap.umap" TEMPLATE=0 SHOWPROGRESS=1 FEATURELEVEL=3
[2015.04.08-16.47.09:208][  0]LogEditorServer:Warning: Can't find file '../../../../../../Users/Axel/Documents/GitHub/08-46/UE4-Project/Project_8_46/Content/FirstPersonBP/Maps/FirstPersonExampleMap.umap'
[2015.04.08-16.47.09:209][  0]Cmd: MAP CHECKDEP
[2015.04.08-16.47.09:209][  0]MapCheck: New page: Untitled_0 - Apr 8, 2015, 6:47:09 PM
[2015.04.08-16.47.09:268][  0]MapCheck: Info Map check complete: 0 Error(s), 0 Warning(s), took 59.631ms to complete.
[2015.04.08-16.47.09:268][  0]LogFileHelpers: Loading map 'FirstPersonExampleMap' took 0.060
[2015.04.08-16.47.09:406][  0]LogCollectionManager: Loaded 0 collections in 0.001815 seconds
[2015.04.08-16.47.09:415][  0]LogContentBrowser: Native class hierarchy populated in 0.0087 seconds. Added 1696 classes and 261 folders.
[2015.04.08-16.47.09:443][  0]LogContentBrowser: Native class hierarchy updated for 'SceneOutliner' in 0.0016 seconds. Added 1 classes and 2 folders.
[2015.04.08-16.47.09:484][  0]LogCrashTracker: Crashtracker disabled due to settings.
[2015.04.08-16.47.09:485][  0]LogSlate:Warning: Failed to load font data from 'Veranda'
[2015.04.08-16.47.09:491][  0]LogUObjectGlobals:Warning: Failed to find object 'Class None.'
[2015.04.08-16.47.09:517][  0]LogLoad: Full Startup: 10.50 seconds (BP compile: 0.00 seconds)
[2015.04.08-16.47.09:862][  0]LogContentBrowser:Verbose: The content browser source was changed by the sources view to '/Game/Scripts/Player'
[2015.04.08-16.47.10:018][  0]LogRenderer:Warning: Reallocating scene render targets to support 1208x560 (Frame:2).
[2015.04.08-16.47.10:866][  3]LogAssetRegistry: Asset discovery search completed in 2.9831 seconds
[2015.04.08-16.53.42:861][359]LogContentBrowser:Verbose: The content browser source was changed by the sources view to '/Game/Level'
[2015.04.08-16.53.44:163][398]Cmd: MAP LOAD FILE="../../../../../../Users/Axel/Documents/GitHub/08-46/UE4-Project/Project_8_46/Content/Level/Main_Level.umap" TEMPLATE=0 SHOWPROGRESS=1 FEATURELEVEL=3
[2015.04.08-16.53.44:163][398]LightingResults: New page: Lighting Build
[2015.04.08-16.53.44:177][398]LogContentBrowser: Native class hierarchy updated for 'StatsViewer' in 0.0028 seconds. Added 5 classes and 0 folders.
[2015.04.08-16.53.44:200][398]LoadErrors: New page: Loading map: Main_Level.umap
[2015.04.08-16.53.44:201][398]MapCheck: New page: Map Check
[2015.04.08-16.53.44:201][398]LightingResults: New page: Lighting Build
[2015.04.08-16.53.44:208][398]LogParticles: Destroying 0 GPU particle simulations for FXSystem 0x0000005A4D0E6980
[2015.04.08-16.53.44:212][398]LogEditorServer: Finished looking for orphan Actors (0.000 secs)
[2015.04.08-16.53.44:217][398]LogAIModule: Creating AISystem for world Main_Level
[2015.04.08-16.53.44:249][398]Cmd: MAP CHECKDEP
[2015.04.08-16.53.44:249][398]MapCheck: New page: Main_Level - Apr 8, 2015, 6:53:44 PM
[2015.04.08-16.53.44:315][398]MapCheck: Info Map check complete: 0 Error(s), 0 Warning(s), took 65.568ms to complete.
[2015.04.08-16.53.44:315][398]LogFileHelpers: Loading map 'Main_Level' took 0.152
[2015.04.08-16.53.44:924][429]LogPlayLevel: PIE:  No blueprints needed recompiling
[2015.04.08-16.53.44:924][429]PIE: New page: PIE session: Main_Level (Apr 8, 2015, 6:53:44 PM)
[2015.04.08-16.53.44:928][429]LogPlayLevel: PIE: StaticDuplicateObject took: (0.003344s)
[2015.04.08-16.53.44:929][429]LogPlayLevel: PIE: World Init took: (0.000546s)
[2015.04.08-16.53.44:929][429]LogPlayLevel: PIE: Created PIE world by copying editor world from /Game/Level/Main_Level.Main_Level to /Game/Level/UEDPIE_0_Main_Level.Main_Level (0.004045s)
[2015.04.08-16.53.44:978][429]LogWorld: Game class is 'GameMode'
[2015.04.08-16.53.44:980][429]LogAIModule: Creating AISystem for world Main_Level
[2015.04.08-16.53.44:982][429]LogWorld: Bringing World /Game/Level/UEDPIE_0_Main_Level.Main_Level up for play (max tick rate 60) at 2015.04.08-17.53.44
[2015.04.08-16.53.44:983][429]LogWorld: Bringing up level for play took: 0.002104
[2015.04.08-16.53.44:985][429]PIE: Info Play in editor start time for /Game/Level/UEDPIE_0_Main_Level 0.471
[2015.04.08-16.53.47:838][596]LogParticles: Destroying 0 GPU particle simulations for FXSystem 0x0000005A47378860
[2015.04.08-16.53.49:404][681]LogPlayLevel: PIE:  No blueprints needed recompiling
[2015.04.08-16.53.49:404][681]PIE: New page: PIE session: Main_Level (Apr 8, 2015, 6:53:49 PM)
[2015.04.08-16.53.49:408][681]LogPlayLevel: PIE: StaticDuplicateObject took: (0.003190s)
[2015.04.08-16.53.49:409][681]LogPlayLevel: PIE: World Init took: (0.001219s)
[2015.04.08-16.53.49:409][681]LogPlayLevel: PIE: Created PIE world by copying editor world from /Game/Level/Main_Level.Main_Level to /Game/Level/UEDPIE_0_Main_Level.Main_Level (0.004755s)
[2015.04.08-16.53.49:449][681]LogWorld: Game class is 'GameMode'
[2015.04.08-16.53.49:451][681]LogAIModule: Creating AISystem for world Main_Level
[2015.04.08-16.53.49:453][681]LogWorld: Bringing World /Game/Level/UEDPIE_0_Main_Level.Main_Level up for play (max tick rate 60) at 2015.04.08-17.53.49
[2015.04.08-16.53.49:453][681]LogWorld: Bringing up level for play took: 0.002134
[2015.04.08-16.53.49:455][681]PIE: Info Play in editor start time for /Game/Level/UEDPIE_0_Main_Level 0.94
[2015.04.08-16.53.50:184][725]LogSelection:Warning: PIE object was selected: "AbstractNavData /Game/Level/UEDPIE_0_Main_Level.Main_Level:PersistentLevel.AbstractNavData-Default"
[2015.04.08-16.53.51:107][780]LogSelection:Warning: PIE object was selected: "CameraActor /Game/Level/UEDPIE_0_Main_Level.Main_Level:PersistentLevel.CameraActor_1"
[2015.04.08-16.53.53:975][941]LogParticles: Destroying 0 GPU particle simulations for FXSystem 0x0000005A44D319E0
[2015.04.08-16.53.55:364][ 16]LogPlayLevel: PIE:  No blueprints needed recompiling
[2015.04.08-16.53.55:364][ 16]PIE: New page: PIE session: Main_Level (Apr 8, 2015, 6:53:55 PM)
[2015.04.08-16.53.55:370][ 16]LogPlayLevel: PIE: StaticDuplicateObject took: (0.004525s)
[2015.04.08-16.53.55:371][ 16]LogPlayLevel: PIE: World Init took: (0.000771s)
[2015.04.08-16.53.55:371][ 16]LogPlayLevel: PIE: Created PIE world by copying editor world from /Game/Level/Main_Level.Main_Level to /Game/Level/UEDPIE_0_Main_Level.Main_Level (0.005528s)
[2015.04.08-16.53.55:403][ 16]LogWorld: Game class is 'GameMode'
[2015.04.08-16.53.55:404][ 16]LogAIModule: Creating AISystem for world Main_Level
[2015.04.08-16.53.55:407][ 16]LogWorld: Bringing World /Game/Level/UEDPIE_0_Main_Level.Main_Level up for play (max tick rate 60) at 2015.04.08-17.53.55
[2015.04.08-16.53.55:407][ 16]LogWorld: Bringing up level for play took: 0.002121
[2015.04.08-16.53.55:409][ 16]PIE: Info Play in editor start time for /Game/Level/UEDPIE_0_Main_Level 0.894
[2015.04.08-16.53.57:948][168]Set new viewmode: Wireframe
[2015.04.08-16.53.59:631][269]Set new viewmode: Wireframe
[2015.04.08-16.54.00:048][294]Set new viewmode: Wireframe
[2015.04.08-16.54.00:514][322]Set new viewmode: Unlit
[2015.04.08-16.54.00:781][338]Set new viewmode: Lit
[2015.04.08-16.54.01:665][391]Set new viewmode: Unlit
[2015.04.08-16.54.02:997][471]Set new viewmode: Wireframe
[2015.04.08-16.54.03:631][509]Set new viewmode: Lit
[2015.04.08-16.54.04:631][569]Set new viewmode: Wireframe
[2015.04.08-16.54.06:531][683]Set new viewmode: Unlit
[2015.04.08-16.54.06:764][697]Set new viewmode: Lit
[2015.04.08-16.54.10:431][917]LogSelection:Warning: PIE object was selected: "AbstractNavData /Game/Level/UEDPIE_0_Main_Level.Main_Level:PersistentLevel.AbstractNavData-Default"
[2015.04.08-16.54.11:456][978]LogSelection:Warning: PIE object was selected: "CameraActor /Game/Level/UEDPIE_0_Main_Level.Main_Level:PersistentLevel.CameraActor_2"
[2015.04.08-16.54.13:231][ 80]LogSelection:Warning: PIE object was selected: "DefaultPawn /Game/Level/UEDPIE_0_Main_Level.Main_Level:PersistentLevel.DefaultPawn_2"
[2015.04.08-16.54.13:943][118]LogSelection:Warning: PIE object was selected: "GameMode /Game/Level/UEDPIE_0_Main_Level.Main_Level:PersistentLevel.GameMode_2"
[2015.04.08-16.54.14:344][141]LogSelection:Warning: PIE object was selected: "GameNetworkManager /Game/Level/UEDPIE_0_Main_Level.Main_Level:PersistentLevel.GameNetworkManager_2"
[2015.04.08-16.54.14:737][164]LogSelection:Warning: PIE object was selected: "GameSession /Game/Level/UEDPIE_0_Main_Level.Main_Level:PersistentLevel.GameSession_2"
[2015.04.08-16.54.16:060][243]LogSelection:Warning: PIE object was selected: "ParticleEventManager /Game/Level/UEDPIE_0_Main_Level.Main_Level:PersistentLevel.ParticleEventManager_3"
[2015.04.08-16.54.16:415][264]LogSelection:Warning: PIE object was selected: "PlayerCameraManager /Game/Level/UEDPIE_0_Main_Level.Main_Level:PersistentLevel.PlayerCameraManager_2"
[2015.04.08-16.54.16:982][296]LogSelection:Warning: PIE object was selected: "PlayerController /Game/Level/UEDPIE_0_Main_Level.Main_Level:PersistentLevel.PlayerController_2"
[2015.04.08-16.54.17:285][313]LogSelection:Warning: PIE object was selected: "PlayerState /Game/Level/UEDPIE_0_Main_Level.Main_Level:PersistentLevel.PlayerState_4"
[2015.04.08-16.54.20:452][503]Cmd: SELECT NONE
[2015.04.08-16.54.22:146][589]LogParticles: Destroying 0 GPU particle simulations for FXSystem 0x0000005A549BB920
[2015.04.08-16.54.30:206][946]LogSlate:Warning: Prevented a slow task dialog from being summoned while a context menu was open
[2015.04.08-16.54.43:123][672]LogContentBrowser:Verbose: The content browser source was changed by the sources view to '/Game/Scripts/GameState'
[2015.04.08-16.54.43:883][713]LogLinker:Warning: Asset '../../../Engine/Content/EngineMeshes/Humanoid.uasset' has been saved with empty engine version. The asset will be loaded but may be incompatible.
[2015.04.08-16.54.49:753][991]LogSlate:Warning: Prevented a slow task dialog from being summoned while a context menu was open
[2015.04.08-16.55.01:536][673]LogContentBrowser:Verbose: The content browser source was changed by the sources view to 'None'
[2015.04.08-16.55.01:536][673]LogContentBrowser:Verbose: The content browser source was changed by the sources view to '/Game/Scripts/GameState'
[2015.04.08-16.55.14:560][404]LogMetaData: Removing '/Game/Scripts/GameState/GameMode_BP.GameMode_BP_C' ref from Metadata '/Game/Scripts/GameState/GameMode.PackageMetaData'
[2015.04.08-16.55.14:560][404]LogMetaData: Removing '/Game/Scripts/GameState/GameMode_BP.SKEL_GameMode_BP_C' ref from Metadata '/Game/Scripts/GameState/GameMode.PackageMetaData'
[2015.04.08-16.55.14:650][404]LogSavePackage: Save=9.943032ms
[2015.04.08-16.55.14:650][404]LogSavePackage: Moving '../../../../../../Users/Axel/Documents/GitHub/08-46/UE4-Project/Project_8_46/Saved/GameMode_BPEF113AF94CC2CECBF688DA84756FCB4B.tmp' to '../../../../../../Users/Axel/Documents/GitHub/08-46/UE4-Project/Project_8_46/Content/Scripts/GameState/GameMode_BP.uasset'
[2015.04.08-16.55.24:688][966]LogMetaData: Removing '/Game/Scripts/GameState/PlayerHUD_BP.PlayerHUD_BP_C' ref from Metadata '/Game/Scripts/GameState/HUD.PackageMetaData'
[2015.04.08-16.55.24:688][966]LogMetaData: Removing '/Game/Scripts/GameState/PlayerHUD_BP.SKEL_PlayerHUD_BP_C' ref from Metadata '/Game/Scripts/GameState/HUD.PackageMetaData'
[2015.04.08-16.55.24:804][966]LogSavePackage: Save=28.067030ms
[2015.04.08-16.55.24:804][966]LogSavePackage: Moving '../../../../../../Users/Axel/Documents/GitHub/08-46/UE4-Project/Project_8_46/Saved/PlayerHUD_BPCB0852A348DDA2BA47CB6A9AA7233D0B.tmp' to '../../../../../../Users/Axel/Documents/GitHub/08-46/UE4-Project/Project_8_46/Content/Scripts/GameState/PlayerHUD_BP.uasset'
[2015.04.08-16.55.31:120][313]LogSlate:Warning: Prevented a slow task dialog from being summoned while a context menu was open
[2015.04.08-16.55.40:164][757]LogPlayLevel: PIE:  No blueprints needed recompiling
[2015.04.08-16.55.40:164][757]PIE: New page: PIE session: Main_Level (Apr 8, 2015, 6:55:40 PM)
[2015.04.08-16.55.40:168][757]LogPlayLevel: PIE: StaticDuplicateObject took: (0.003273s)
[2015.04.08-16.55.40:168][757]LogPlayLevel: PIE: World Init took: (0.000611s)
[2015.04.08-16.55.40:169][757]LogPlayLevel: PIE: Created PIE world by copying editor world from /Game/Level/Main_Level.Main_Level to /Game/Level/UEDPIE_0_Main_Level.Main_Level (0.004036s)
[2015.04.08-16.55.40:203][757]LogWorld: Game class is 'GameMode_BP_C'
[2015.04.08-16.55.40:205][757]LogAIModule: Creating AISystem for world Main_Level
[2015.04.08-16.55.40:207][757]LogWorld: Bringing World /Game/Level/UEDPIE_0_Main_Level.Main_Level up for play (max tick rate 60) at 2015.04.08-17.55.40
[2015.04.08-16.55.40:208][757]LogWorld: Bringing up level for play took: 0.002132
[2015.04.08-16.55.40:220][757]PIE: Info Play in editor start time for /Game/Level/UEDPIE_0_Main_Level -0.294
[2015.04.08-16.56.05:264][257]LogActorComponent: UnregisterComponent: (/Engine/Transient.CharMoveComp) Not registered. Aborting.
[2015.04.08-16.56.05:280][257]LogParticles: Destroying 0 GPU particle simulations for FXSystem 0x0000005A43F31300
[2015.04.08-16.56.09:687][517]LogContentBrowser:Verbose: The content browser source was changed by the sources view to 'None'
[2015.04.08-16.56.10:515][560]LogContentBrowser:Verbose: The content browser source was changed by the sources view to '/Game/Character'
[2015.04.08-16.56.11:537][620]LogContentBrowser:Verbose: The content browser source was changed by the sources view to '/Game/Character/UE_Model'
[2015.04.08-16.56.11:574][621]LogLinker:Warning: Can't find file '/Game/ThirdPersonBP/Character/ThirdPersonSkelMesh'
[2015.04.08-16.56.11:574][621]LogLinker:Warning: Can't find file '/Game/ThirdPersonBP/Character/ThirdPersonSkelMesh'
[2015.04.08-16.56.11:574][621]LogUObjectGlobals:Warning: Failed to find object 'SkeletalMesh /Game/ThirdPersonBP/Character/ThirdPersonSkelMesh.ThirdPersonSkelMesh'
[2015.04.08-16.56.13:863][732]LogContentBrowser:Verbose: The content browser source was changed by the sources view to 'None'
[2015.04.08-16.56.16:129][861]LogContentBrowser:Verbose: The content browser source was changed by the sources view to '/Game/Scripts/GameState'
[2015.04.08-16.56.16:475][881]LogContentBrowser:Verbose: The content browser source was changed by the sources view to '/Game/Scripts/Player'
[2015.04.08-16.56.19:049][ 11]LogActorComponent: UnregisterComponent: (/Engine/Transient.CharMoveComp) Not registered. Aborting.
[2015.04.08-17.01.15:781][672]LogRenderer:Warning: Reallocating scene render targets to support 1208x904 (Frame:6316).
[2015.04.08-17.01.24:519][ 43]BlueprintLog: New page: Pre-PIE auto-recompile
[2015.04.08-17.01.24:542][ 43]LogPlayLevel: [PIE] Compiling Player_BP before PIE...
[2015.04.08-17.01.24:647][ 43]LogPlayLevel: PIE:  Blueprint regeneration took 127 ms (1 blueprints)
[2015.04.08-17.01.24:647][ 43]PIE: New page: PIE session: Main_Level (Apr 8, 2015, 7:01:24 PM)
[2015.04.08-17.01.24:652][ 43]LogPlayLevel: PIE: StaticDuplicateObject took: (0.004372s)
[2015.04.08-17.01.24:653][ 43]LogPlayLevel: PIE: World Init took: (0.001084s)
[2015.04.08-17.01.24:654][ 43]LogPlayLevel: PIE: Created PIE world by copying editor world from /Game/Level/Main_Level.Main_Level to /Game/Level/UEDPIE_0_Main_Level.Main_Level (0.005701s)
[2015.04.08-17.01.24:721][ 43]LogWorld: Game class is 'GameMode_BP_C'
[2015.04.08-17.01.24:724][ 43]LogAIModule: Creating AISystem for world Main_Level
[2015.04.08-17.01.24:725][ 43]LogWorld: Bringing World /Game/Level/UEDPIE_0_Main_Level.Main_Level up for play (max tick rate 60) at 2015.04.08-18.01.24
[2015.04.08-17.01.24:726][ 43]LogWorld: Bringing up level for play took: 0.001901
[2015.04.08-17.01.24:752][ 43]PIE: Info Play in editor start time for /Game/Level/UEDPIE_0_Main_Level 0.236
[2015.04.08-17.01.24:798][ 43]LogRenderer:Warning: Reallocating scene render targets to support 1296x904 (Frame:6752).
[2015.04.08-17.01.31:432][288]LogParticles: Destroying 0 GPU particle simulations for FXSystem 0x0000005A5AD572E0
[2015.04.08-17.01.36:811][486]Cmd: OBJ SAVEPACKAGE PACKAGE="/Game/Scripts/Player/Player_BP" FILE="../../../../../../Users/Axel/Documents/GitHub/08-46/UE4-Project/Project_8_46/Content/Scripts/Player/Player_BP.uasset" SILENT=true
[2015.04.08-17.01.37:214][486]LogSavePackage: Save=383.967987ms
[2015.04.08-17.01.37:215][486]LogSavePackage: Moving '../../../../../../Users/Axel/Documents/GitHub/08-46/UE4-Project/Project_8_46/Saved/Player_BPB2517AC1477A6AB1B5B685B385C7E30D.tmp' to '../../../../../../Users/Axel/Documents/GitHub/08-46/UE4-Project/Project_8_46/Content/Scripts/Player/Player_BP.uasset'
[2015.04.08-17.01.40:940][639]LogActorComponent: UnregisterComponent: (/Engine/Transient.CharMoveComp) Not registered. Aborting.
[2015.04.08-17.01.41:079][639]Cmd: OBJ SAVEPACKAGE PACKAGE="/Game/Scripts/Player/Player_BP" FILE="../../../../../../Users/Axel/Documents/GitHub/08-46/UE4-Project/Project_8_46/Content/Scripts/Player/Player_BP.uasset" SILENT=true
[2015.04.08-17.01.41:459][639]LogSavePackage: Save=373.930511ms
[2015.04.08-17.01.41:459][639]LogSavePackage: Moving '../../../../../../Users/Axel/Documents/GitHub/08-46/UE4-Project/Project_8_46/Saved/Player_BPAB31657245AB2644EB61FCA502A7CF6D.tmp' to '../../../../../../Users/Axel/Documents/GitHub/08-46/UE4-Project/Project_8_46/Content/Scripts/Player/Player_BP.uasset'
[2015.04.08-17.01.41:912][660]BlueprintLog: New page: Pre-PIE auto-recompile
[2015.04.08-17.01.41:913][660]LogActorComponent: UnregisterComponent: (/Engine/Transient.CharMoveComp) Not registered. Aborting.
[2015.04.08-17.01.41:918][660]LogPlayLevel: [PIE] Compiling Player_BP before PIE...
[2015.04.08-17.01.42:034][660]LogPlayLevel: PIE:  Blueprint regeneration took 121 ms (1 blueprints)
[2015.04.08-17.01.42:034][660]PIE: New page: PIE session: Main_Level (Apr 8, 2015, 7:01:42 PM)
[2015.04.08-17.01.42:038][660]LogPlayLevel: PIE: StaticDuplicateObject took: (0.003104s)
[2015.04.08-17.01.42:038][660]LogPlayLevel: PIE: World Init took: (0.000452s)
[2015.04.08-17.01.42:038][660]LogPlayLevel: PIE: Created PIE world by copying editor world from /Game/Level/Main_Level.Main_Level to /Game/Level/UEDPIE_0_Main_Level.Main_Level (0.003724s)
[2015.04.08-17.01.42:075][660]LogWorld: Game class is 'GameMode_BP_C'
[2015.04.08-17.01.42:077][660]LogAIModule: Creating AISystem for world Main_Level
[2015.04.08-17.01.42:079][660]LogWorld: Bringing World /Game/Level/UEDPIE_0_Main_Level.Main_Level up for play (max tick rate 60) at 2015.04.08-18.01.42
[2015.04.08-17.01.42:080][660]LogWorld: Bringing up level for play took: 0.002077
[2015.04.08-17.01.42:102][660]PIE: Info Play in editor start time for /Game/Level/UEDPIE_0_Main_Level -0.413
[2015.04.08-17.01.43:853][718]LogParticles: Destroying 0 GPU particle simulations for FXSystem 0x0000005A5ADDBB00
[2015.04.08-17.01.51:078][  7]BlueprintLog: New page: Pre-PIE auto-recompile
[2015.04.08-17.01.51:084][  7]LogPlayLevel: [PIE] Compiling Player_BP before PIE...
[2015.04.08-17.01.51:196][  7]LogPlayLevel: PIE:  Blueprint regeneration took 117 ms (1 blueprints)
[2015.04.08-17.01.51:196][  7]PIE: New page: PIE session: Main_Level (Apr 8, 2015, 7:01:51 PM)
[2015.04.08-17.01.51:199][  7]LogPlayLevel: PIE: StaticDuplicateObject took: (0.003121s)
[2015.04.08-17.01.51:200][  7]LogPlayLevel: PIE: World Init took: (0.000791s)
[2015.04.08-17.01.51:200][  7]LogPlayLevel: PIE: Created PIE world by copying editor world from /Game/Level/Main_Level.Main_Level to /Game/Level/UEDPIE_0_Main_Level.Main_Level (0.004077s)
[2015.04.08-17.01.51:241][  7]LogWorld: Game class is 'GameMode_BP_C'
[2015.04.08-17.01.51:243][  7]LogAIModule: Creating AISystem for world Main_Level
[2015.04.08-17.01.51:245][  7]LogWorld: Bringing World /Game/Level/UEDPIE_0_Main_Level.Main_Level up for play (max tick rate 60) at 2015.04.08-18.01.51
[2015.04.08-17.01.51:246][  7]LogWorld: Bringing up level for play took: 0.002173
[2015.04.08-17.01.51:280][  7]PIE: Info Play in editor start time for /Game/Level/UEDPIE_0_Main_Level 0.765
[2015.04.08-17.01.53:442][ 79]LogParticles: Destroying 0 GPU particle simulations for FXSystem 0x0000005A5534DF80
[2015.04.08-17.01.58:571][271]Cmd: OBJ SAVEPACKAGE PACKAGE="/Game/Scripts/Player/Player_BP" FILE="../../../../../../Users/Axel/Documents/GitHub/08-46/UE4-Project/Project_8_46/Content/Scripts/Player/Player_BP.uasset" SILENT=true
[2015.04.08-17.01.58:960][271]LogSavePackage: Save=382.447327ms
[2015.04.08-17.01.58:960][271]LogSavePackage: Moving '../../../../../../Users/Axel/Documents/GitHub/08-46/UE4-Project/Project_8_46/Saved/Player_BP831242D14793D081D5C610B6DB048363.tmp' to '../../../../../../Users/Axel/Documents/GitHub/08-46/UE4-Project/Project_8_46/Content/Scripts/Player/Player_BP.uasset'
[2015.04.08-17.02.01:430][397]BlueprintLog: New page: Compile Player_BP
[2015.04.08-17.02.01:556][397]LogActorComponent: UnregisterComponent: (/Engine/Transient.CharMoveComp) Not registered. Aborting.
[2015.04.08-17.02.01:594][397]BlueprintEditorCompileResults: Info [0902.58] Compile of Player_BP successful! [in 163 ms]
[2015.04.08-17.02.05:112][560]LogContentBrowser:Verbose: The content browser source was changed by the sources view to '/Game/Character'
[2015.04.08-17.02.05:784][595]LogContentBrowser:Verbose: The content browser source was changed by the sources view to '/Game/Character/UE_Model'
[2015.04.08-17.02.08:023][672]LogLinker:Warning: Asset '../../../Engine/Content/Tutorial/SubEditors/PersonaAnimEditorTutorial.uasset' has been saved with empty engine version. The asset will be loaded but may be incompatible.
[2015.04.08-17.02.16:790][113]LogActorComponent: UnregisterComponent: (/Engine/Transient.CharMoveComp) Not registered. Aborting.
[2015.04.08-17.02.16:931][113]LogSavePackage: Save=11.972775ms
[2015.04.08-17.02.16:931][113]LogSavePackage: Moving '../../../../../../Users/Axel/Documents/GitHub/08-46/UE4-Project/Project_8_46/Saved/Character_Skeleton556515904E8DDAEDAC123BB9EAB347FF.tmp' to '../../../../../../Users/Axel/Documents/GitHub/08-46/UE4-Project/Project_8_46/Content/Character/UE_Model/Character_Skeleton.uasset'
[2015.04.08-17.02.27:746][644]LogEditorTransaction: Undo Rotate Bone
[2015.04.08-17.02.28:650][656]LogSavePackage: Save=37.939449ms
[2015.04.08-17.02.28:650][656]LogSavePackage: Moving '../../../../../../Users/Axel/Documents/GitHub/08-46/UE4-Project/Project_8_46/Saved/PlayerHUD_BP9F6871BA49B680C62F6CE6935CEABAAE.tmp' to '../../../../../../Users/Axel/Documents/GitHub/08-46/UE4-Project/Project_8_46/Content/Scripts/GameState/PlayerHUD_BP.uasset'
[2015.04.08-17.02.28:694][656]Cmd: OBJ SAVEPACKAGE PACKAGE="/Game/Scripts/Player/Player_BP" FILE="../../../../../../Users/Axel/Documents/GitHub/08-46/UE4-Project/Project_8_46/Content/Scripts/Player/Player_BP.uasset" SILENT=true
[2015.04.08-17.02.29:074][656]LogSavePackage: Save=372.370026ms
[2015.04.08-17.02.29:074][656]LogSavePackage: Moving '../../../../../../Users/Axel/Documents/GitHub/08-46/UE4-Project/Project_8_46/Saved/Player_BP4DD3AB8E461E85A21FDACB81CC872A58.tmp' to '../../../../../../Users/Axel/Documents/GitHub/08-46/UE4-Project/Project_8_46/Content/Scripts/Player/Player_BP.uasset'
[2015.04.08-17.02.29:110][656]LogSavePackage: Save=14.578106ms
[2015.04.08-17.02.29:110][656]LogSavePackage: Moving '../../../../../../Users/Axel/Documents/GitHub/08-46/UE4-Project/Project_8_46/Saved/GameMode_BP0153A2E142670F130E42E59A5119E50D.tmp' to '../../../../../../Users/Axel/Documents/GitHub/08-46/UE4-Project/Project_8_46/Content/Scripts/GameState/GameMode_BP.uasset'
[2015.04.08-17.02.31:838][808]LogActorComponent: UnregisterComponent: (/Engine/Transient.CharMoveComp) Not registered. Aborting.
[2015.04.08-17.02.32:617][809]Cmd: QUIT_EDITOR
[2015.04.08-17.02.32:881][809]LogExit: Preparing to exit.
[2015.04.08-17.02.33:599][809]LogExit: Editor shut down
[2015.04.08-17.02.33:599][809]LogParticles: Destroying 0 GPU particle simulations for FXSystem 0x0000005A466644A0
[2015.04.08-17.02.33:600][809]LogExit: Transaction tracking system shut down
[2015.04.08-17.02.33:602][809]LogParticles: Destroying 0 GPU particle simulations for FXSystem 0x0000005A46C73240
[2015.04.08-17.02.33:604][809]LogParticles: Destroying 0 GPU particle simulations for FXSystem 0x0000005A54CCC220
[2015.04.08-17.02.33:604][809]LogParticles: Destroying 0 GPU particle simulations for FXSystem 0x0000005A4AD2F740
[2015.04.08-17.02.33:606][809]LogParticles: Destroying 0 GPU particle simulations for FXSystem 0x0000005A5B6B2200
[2015.04.08-17.02.33:606][809]LogParticles: Destroying 0 GPU particle simulations for FXSystem 0x0000005A600F9800
[2015.04.08-17.02.33:606][809]LogParticles: Destroying 0 GPU particle simulations for FXSystem 0x0000005A600F9EE0
[2015.04.08-17.02.33:606][809]LogParticles: Destroying 0 GPU particle simulations for FXSystem 0x0000005A5653E5C0
[2015.04.08-17.02.33:606][809]LogParticles: Destroying 0 GPU particle simulations for FXSystem 0x0000005A5CA49620
[2015.04.08-17.02.33:606][809]LogParticles: Destroying 0 GPU particle simulations for FXSystem 0x0000005A56512020
[2015.04.08-17.02.33:606][809]LogParticles: Destroying 0 GPU particle simulations for FXSystem 0x0000005A56512200
[2015.04.08-17.02.33:606][809]LogParticles: Destroying 0 GPU particle simulations for FXSystem 0x0000005A549B9300
[2015.04.08-17.02.33:726][809]LogExit: Object subsystem successfully closed.
[2015.04.08-17.02.33:793][809]LogModuleManager: Shutting down and abandoning module StatsViewer (177)
[2015.04.08-17.02.33:793][809]LogModuleManager: Shutting down and abandoning module CrashTracker (176)
[2015.04.08-17.02.33:793][809]LogModuleManager: Shutting down and abandoning module SuperSearch (175)
[2015.04.08-17.02.33:794][809]LogModuleManager: Shutting down and abandoning module SceneOutliner (174)
[2015.04.08-17.02.33:794][809]LogModuleManager: Shutting down and abandoning module EditorWidgets (173)
[2015.04.08-17.02.33:794][809]LogModuleManager: Shutting down and abandoning module CollectionManager (172)
[2015.04.08-17.02.33:794][809]LogModuleManager: Shutting down and abandoning module FoliageEdit (171)
[2015.04.08-17.02.33:794][809]LogModuleManager: Shutting down and abandoning module LandscapeEditor (170)
[2015.04.08-17.02.33:794][809]LogModuleManager: Shutting down and abandoning module MeshPaint (169)
[2015.04.08-17.02.33:794][809]LogModuleManager: Shutting down and abandoning module ActorPickerMode (168)
[2015.04.08-17.02.33:794][809]LogModuleManager: Shutting down and abandoning module GeometryMode (167)
[2015.04.08-17.02.33:794][809]LogModuleManager: Shutting down and abandoning module TextureAlignMode (166)
[2015.04.08-17.02.33:794][809]LogModuleManager: Shutting down and abandoning module BspMode (165)
[2015.04.08-17.02.33:795][809]LogModuleManager: Shutting down and abandoning module PlacementMode (164)
[2015.04.08-17.02.33:795][809]LogModuleManager: Shutting down and abandoning module AutomationWorker (163)
[2015.04.08-17.02.33:795][809]LogModuleManager: Shutting down and abandoning module CharacterAI (162)
[2015.04.08-17.02.33:795][809]LogModuleManager: Shutting down and abandoning module SmartSnapping (161)
[2015.04.08-17.02.33:795][809]LogModuleManager: Shutting down and abandoning module ViewportSnapping (160)
[2015.04.08-17.02.33:795][809]LogModuleManager: Shutting down and abandoning module LogVisualizer (159)
[2015.04.08-17.02.33:795][809]LogModuleManager: Shutting down and abandoning module GameProjectGeneration (158)
[2015.04.08-17.02.33:795][809]LogModuleManager: Shutting down and abandoning module IntroTutorials (157)
[2015.04.08-17.02.33:796][809]LogModuleManager: Shutting down and abandoning module EditorLiveStreaming (156)
[2015.04.08-17.02.33:796][809]LogModuleManager: Shutting down and abandoning module HardwareTargeting (155)
[2015.04.08-17.02.33:796][809]LogModuleManager: Shutting down and abandoning module DeviceProfileEditor (154)
[2015.04.08-17.02.33:796][809]LogModuleManager: Shutting down and abandoning module UndoHistory (153)
[2015.04.08-17.02.33:796][809]LogModuleManager: Shutting down and abandoning module GameplayTagsEditor (152)
[2015.04.08-17.02.33:796][809]LogModuleManager: Shutting down and abandoning module UserFeedback (151)
[2015.04.08-17.02.33:796][809]LogModuleManager: Shutting down and abandoning module XmlParser (150)
[2015.04.08-17.02.33:796][809]LogModuleManager: Shutting down and abandoning module Blutility (149)
[2015.04.08-17.02.33:796][809]LogModuleManager: Shutting down and abandoning module IOSPlatformEditor (148)
[2015.04.08-17.02.33:796][809]LogModuleManager: Shutting down and abandoning module IOSRuntimeSettings (147)
[2015.04.08-17.02.33:796][809]LogModuleManager: Shutting down and abandoning module AndroidDeviceDetection (146)
[2015.04.08-17.02.34:325][809]LogModuleManager: Shutting down and abandoning module AndroidPlatformEditor (145)
[2015.04.08-17.02.34:325][809]LogModuleManager: Shutting down and abandoning module AndroidRuntimeSettings (144)
[2015.04.08-17.02.34:325][809]LogModuleManager: Shutting down and abandoning module ProjectTargetPlatformEditor (143)
[2015.04.08-17.02.34:325][809]LogModuleManager: Shutting down and abandoning module ProjectSettingsViewer (142)
[2015.04.08-17.02.34:325][809]LogModuleManager: Shutting down and abandoning module InputBindingEditor (141)
[2015.04.08-17.02.34:329][809]LogModuleManager: Shutting down and abandoning module EditorSettingsViewer (140)
[2015.04.08-17.02.34:329][809]LogModuleManager: Shutting down and abandoning module SettingsEditor (139)
[2015.04.08-17.02.34:329][809]LogModuleManager: Shutting down and abandoning module ProjectLauncher (138)
[2015.04.08-17.02.34:329][809]LogModuleManager: Shutting down and abandoning module SessionFrontend (137)
[2015.04.08-17.02.34:329][809]LogModuleManager: Shutting down and abandoning module ProfilerClient (136)
[2015.04.08-17.02.34:329][809]LogModuleManager: Shutting down and abandoning module TargetDeviceServices (135)
[2015.04.08-17.02.34:329][809]LogModuleManager: Shutting down and abandoning module DeviceManager (134)
[2015.04.08-17.02.34:329][809]LogModuleManager: Shutting down and abandoning module AutomationController (133)
[2015.04.08-17.02.34:329][809]LogModuleManager: Shutting down and abandoning module AutomationWindow (132)
[2015.04.08-17.02.34:329][809]LogModuleManager: Shutting down and abandoning module Layers (131)
[2015.04.08-17.02.34:329][809]LogModuleManager: Shutting down and abandoning module ComponentVisualizers (130)
[2015.04.08-17.02.34:329][809]LogModuleManager: Shutting down and abandoning module DetailCustomizations (129)
[2015.04.08-17.02.34:329][809]LogModuleManager: Shutting down and abandoning module PackagesDialog (128)
[2015.04.08-17.02.34:329][809]LogModuleManager: Shutting down and abandoning module AssetRegistry (127)
[2015.04.08-17.02.34:453][809]LogModuleManager: Shutting down and abandoning module Persona (126)
[2015.04.08-17.02.34:453][809]LogModuleManager: Shutting down and abandoning module SlateReflector (125)
[2015.04.08-17.02.34:453][809]LogModuleManager: Shutting down and abandoning module LevelEditor (124)
[2015.04.08-17.02.34:455][809]LogModuleManager: Shutting down and abandoning module Kismet (123)
[2015.04.08-17.02.34:455][809]LogModuleManager: Shutting down and abandoning module GraphEditor (122)
[2015.04.08-17.02.34:456][809]LogModuleManager: Shutting down and abandoning module ClassViewer (121)
[2015.04.08-17.02.34:456][809]LogModuleManager: Shutting down and abandoning module Toolbox (120)
[2015.04.08-17.02.34:456][809]LogModuleManager: Shutting down and abandoning module ModuleUI (119)
[2015.04.08-17.02.34:456][809]LogModuleManager: Shutting down and abandoning module MovieSceneTools (118)
[2015.04.08-17.02.34:456][809]LogModuleManager: Shutting down and abandoning module OutputLog (117)
[2015.04.08-17.02.34:456][809]LogModuleManager: Shutting down and abandoning module GammaUI (116)
[2015.04.08-17.02.34:456][809]LogModuleManager: Shutting down and abandoning module Documentation (115)
[2015.04.08-17.02.34:456][809]LogModuleManager: Shutting down and abandoning module GameLiveStreaming (114)
[2015.04.08-17.02.34:456][809]LogModuleManager: Shutting down and abandoning module StreamingPauseRendering (113)
[2015.04.08-17.02.34:456][809]LogModuleManager: Shutting down and abandoning module HTTP (112)
[2015.04.08-17.02.34:457][809]LogModuleManager: Shutting down and abandoning module AnalyticsET (111)
[2015.04.08-17.02.34:457][809]LogModuleManager: Shutting down and abandoning module Analytics (110)
[2015.04.08-17.02.34:457][809]LogModuleManager: Shutting down and abandoning module AITestSuite (109)
[2015.04.08-17.02.34:457][809]LogModuleManager: Shutting down and abandoning module GameplayDebugger (108)
[2015.04.08-17.02.34:457][809]LogModuleManager: Shutting down and abandoning module AIModule (107)
[2015.04.08-17.02.34:457][809]LogModuleManager: Shutting down and abandoning module ProfilerService (106)
[2015.04.08-17.02.34:531][809]LogModuleManager: Shutting down and abandoning module TaskGraph (105)
[2015.04.08-17.02.34:531][809]LogModuleManager: Shutting down and abandoning module SlateRemote (104)
[2015.04.08-17.02.34:531][809]LogModuleManager: Shutting down and abandoning module ScriptEditorPlugin (103)
[2015.04.08-17.02.34:531][809]LogModuleManager: Shutting down and abandoning module CustomMeshComponent (102)
[2015.04.08-17.02.34:531][809]LogModuleManager: Shutting down and abandoning module CableComponent (101)
[2015.04.08-17.02.34:531][809]LogModuleManager: Shutting down and abandoning module MessagingDebugger (100)
[2015.04.08-17.02.34:531][809]LogModuleManager: Shutting down and abandoning module MediaPlayerEditor (99)
[2015.04.08-17.02.34:531][809]LogModuleManager: Shutting down and abandoning module SpeedTreeImporter (98)
[2015.04.08-17.02.34:531][809]LogModuleManager: Shutting down and abandoning module PluginsEditor (97)
[2015.04.08-17.02.34:531][809]LogModuleManager: Shutting down and abandoning module MainFrame (96)
[2015.04.08-17.02.34:531][809]LogModuleManager: Shutting down and abandoning module EpicSurvey (95)
[2015.04.08-17.02.34:531][809]LogModuleManager: Shutting down and abandoning module DesktopPlatform (94)
[2015.04.08-17.02.34:531][809]LogModuleManager: Shutting down and abandoning module DirectoryWatcher (93)
[2015.04.08-17.02.34:531][809]LogModuleManager: Shutting down and abandoning module HotReload (92)
[2015.04.08-17.02.34:531][809]LogModuleManager: Shutting down and abandoning module VisualStudioSourceCodeAccess (91)
[2015.04.08-17.02.34:531][809]LogModuleManager: Shutting down and abandoning module UObjectPlugin (90)
[2015.04.08-17.02.34:531][809]LogModuleManager: Shutting down and abandoning module SubversionSourceControl (89)
[2015.04.08-17.02.34:531][809]LogModuleManager: Shutting down and abandoning module PerforceSourceControl (88)
[2015.04.08-17.02.34:531][809]LogModuleManager: Shutting down and abandoning module SourceControl (87)
[2015.04.08-17.02.34:531][809]LogModuleManager: Shutting down and abandoning module GitSourceControl (86)
[2015.04.08-17.02.34:531][809]LogModuleManager: Shutting down and abandoning module BlankPlugin (85)
[2015.04.08-17.02.34:531][809]LogModuleManager: Shutting down and abandoning module PaperTiledImporter (84)
[2015.04.08-17.02.34:531][809]LogModuleManager: Shutting down and abandoning module PaperJsonImporter (83)
[2015.04.08-17.02.34:531][809]LogModuleManager: Shutting down and abandoning module ContentBrowser (82)
[2015.04.08-17.02.34:532][809]LogModuleManager: Shutting down and abandoning module Paper2DEditor (81)
[2015.04.08-17.02.34:532][809]LogModuleManager: Shutting down and abandoning module ScriptPlugin (80)
[2015.04.08-17.02.34:532][809]LogModuleManager: Shutting down and abandoning module UdpMessaging (79)
[2015.04.08-17.02.34:633][809]LogModuleManager: Shutting down and abandoning module Paper2D (78)
[2015.04.08-17.02.34:633][809]LogModuleManager: Shutting down and abandoning module WindowsMoviePlayer (77)
[2015.04.08-17.02.34:640][809]LogModuleManager: Shutting down and abandoning module Media (76)
[2015.04.08-17.02.34:640][809]LogModuleManager: Shutting down and abandoning module WmfMedia (75)
[2015.04.08-17.02.34:641][809]LogModuleManager: Shutting down and abandoning module OnlineBlueprintSupport (74)
[2015.04.08-17.02.34:641][809]LogModuleManager: Shutting down and abandoning module PropertyEditor (73)
[2015.04.08-17.02.34:641][809]LogModuleManager: Shutting down and abandoning module BehaviorTreeEditor (72)
[2015.04.08-17.02.34:641][809]LogModuleManager: Shutting down and abandoning module FunctionalTesting (71)
[2015.04.08-17.02.34:641][809]LogModuleManager: Shutting down and abandoning module CollisionAnalyzer (70)
[2015.04.08-17.02.34:641][809]LogModuleManager: Shutting down and abandoning module WorkspaceMenuStructure (69)
[2015.04.08-17.02.34:641][809]LogModuleManager: Shutting down and abandoning module MessageLog (68)
[2015.04.08-17.02.34:641][809]LogModuleManager: Shutting down and abandoning module Sequencer (67)
[2015.04.08-17.02.34:641][809]LogModuleManager: Shutting down and abandoning module AssetTools (66)
[2015.04.08-17.02.34:641][809]LogModuleManager: Shutting down and abandoning module UMGEditor (65)
[2015.04.08-17.02.34:641][809]LogModuleManager: Shutting down and abandoning module UMG (64)
[2015.04.08-17.02.34:641][809]LogModuleManager: Shutting down and abandoning module Slate (63)
[2015.04.08-17.02.34:641][809]LogModuleManager: Shutting down and abandoning module EditorStyle (62)
[2015.04.08-17.02.34:645][809]LogModuleManager: Shutting down and abandoning module SessionServices (61)
[2015.04.08-17.02.34:645][809]LogModuleManager: Shutting down and abandoning module SourceCodeAccess (60)
[2015.04.08-17.02.34:645][809]LogModuleManager: Shutting down and abandoning module HeadMountedDisplay (59)
[2015.04.08-17.02.34:645][809]LogModuleManager: Shutting down and abandoning module XAudio2 (58)
[2015.04.08-17.02.34:645][809]LogModuleManager: Shutting down and abandoning module Networking (56)
[2015.04.08-17.02.34:645][809]LogModuleManager: Shutting down and abandoning module Core (55)
[2015.04.08-17.02.34:645][809]LogModuleManager: Shutting down and abandoning module KismetCompiler (54)
[2015.04.08-17.02.34:645][809]LogModuleManager: Shutting down and abandoning module PhysXFormats (53)
[2015.04.08-17.02.34:645][809]LogModuleManager: Shutting down and abandoning module MeshUtilities (52)
[2015.04.08-17.02.34:645][809]LogModuleManager: Shutting down and abandoning module DerivedDataCache (51)
[2015.04.08-17.02.34:688][809]LogDerivedDataCache: Shutdown
[2015.04.08-17.02.34:688][809]LogModuleManager: Shutting down and abandoning module ShaderFormatOpenGL (50)
[2015.04.08-17.02.34:688][809]LogModuleManager: Shutting down and abandoning module ShaderFormatD3D (49)
[2015.04.08-17.02.34:688][809]LogModuleManager: Shutting down and abandoning module MetalShaderFormat (48)
[2015.04.08-17.02.34:688][809]LogModuleManager: Shutting down and abandoning module TextureFormatUncompressed (47)
[2015.04.08-17.02.34:688][809]LogModuleManager: Shutting down and abandoning module TextureFormatPVR (46)
[2015.04.08-17.02.34:688][809]LogModuleManager: Shutting down and abandoning module TextureFormatIntelISPCTexComp (45)
[2015.04.08-17.02.34:688][809]LogModuleManager: Shutting down and abandoning module TextureFormatDXT (44)
[2015.04.08-17.02.34:688][809]LogModuleManager: Shutting down and abandoning module ImageWrapper (43)
[2015.04.08-17.02.34:688][809]LogModuleManager: Shutting down and abandoning module TextureFormatASTC (42)
[2015.04.08-17.02.34:688][809]LogModuleManager: Shutting down and abandoning module TextureFormatAndroid (41)
[2015.04.08-17.02.34:688][809]LogModuleManager: Shutting down and abandoning module AudioFormatOpus (40)
[2015.04.08-17.02.34:688][809]LogModuleManager: Shutting down and abandoning module AudioFormatOgg (39)
[2015.04.08-17.02.34:688][809]LogModuleManager: Shutting down and abandoning module AudioFormatADPCM (38)
[2015.04.08-17.02.34:688][809]LogModuleManager: Shutting down and abandoning module LinuxTargetPlatform (37)
[2015.04.08-17.02.34:688][809]LogModuleManager: Shutting down and abandoning module LinuxServerTargetPlatform (36)
[2015.04.08-17.02.34:688][809]LogModuleManager: Shutting down and abandoning module LinuxNoEditorTargetPlatform (35)
[2015.04.08-17.02.34:688][809]LogModuleManager: Shutting down and abandoning module Messaging (34)
[2015.04.08-17.02.34:688][809]LogModuleManager: Shutting down and abandoning module IOSTargetPlatform (33)
[2015.04.08-17.02.34:688][809]LogModuleManager: Shutting down and abandoning module HTML5TargetPlatform (32)
[2015.04.08-17.02.34:688][809]LogModuleManager: Shutting down and abandoning module Android_PVRTCTargetPlatform (31)
[2015.04.08-17.02.34:688][809]LogModuleManager: Shutting down and abandoning module Android_ETC2TargetPlatform (30)
[2015.04.08-17.02.34:688][809]LogModuleManager: Shutting down and abandoning module Android_ETC1TargetPlatform (29)
[2015.04.08-17.02.34:688][809]LogModuleManager: Shutting down and abandoning module Android_ES31TargetPlatform (28)
[2015.04.08-17.02.34:688][809]LogModuleManager: Shutting down and abandoning module Android_DXTTargetPlatform (27)
[2015.04.08-17.02.34:688][809]LogModuleManager: Shutting down and abandoning module Android_ATCTargetPlatform (26)
[2015.04.08-17.02.34:688][809]LogModuleManager: Shutting down and abandoning module AndroidTargetPlatform (25)
[2015.04.08-17.02.34:688][809]LogModuleManager: Shutting down and abandoning module WindowsTargetPlatform (24)
[2015.04.08-17.02.34:688][809]LogModuleManager: Shutting down and abandoning module WindowsServerTargetPlatform (23)
[2015.04.08-17.02.34:688][809]LogModuleManager: Shutting down and abandoning module WindowsNoEditorTargetPlatform (22)
[2015.04.08-17.02.34:688][809]LogModuleManager: Shutting down and abandoning module WindowsClientTargetPlatform (21)
[2015.04.08-17.02.34:688][809]LogModuleManager: Shutting down and abandoning module TargetPlatform (20)
[2015.04.08-17.02.34:688][809]LogModuleManager: Shutting down and abandoning module InputCore (19)
[2015.04.08-17.02.34:688][809]LogModuleManager: Shutting down and abandoning module Settings (18)
[2015.04.08-17.02.34:688][809]LogModuleManager: Shutting down and abandoning module OnlineSubsystem (16)
[2015.04.08-17.02.34:688][809]LogModuleManager: Shutting down and abandoning module OculusRift (15)
[2015.04.08-17.02.34:688][809]LogModuleManager: Shutting down and abandoning module ExampleDeviceProfileSelector (14)
[2015.04.08-17.02.34:688][809]LogModuleManager: Shutting down and abandoning module TextureCompressor (13)
[2015.04.08-17.02.34:688][809]LogModuleManager: Shutting down and abandoning module ShaderCore (12)
[2015.04.08-17.02.34:688][809]LogModuleManager: Shutting down and abandoning module Landscape (11)
[2015.04.08-17.02.34:688][809]LogModuleManager: Shutting down and abandoning module SlateRHIRenderer (10)
[2015.04.08-17.02.34:693][809]LogModuleManager: Shutting down and abandoning module OpenGLDrv (9)
[2015.04.08-17.02.34:694][809]LogModuleManager: Shutting down and abandoning module D3D11RHI (8)
[2015.04.08-17.02.34:694][809]LogModuleManager: Shutting down and abandoning module Renderer (7)
[2015.04.08-17.02.34:694][809]LogModuleManager: Shutting down and abandoning module Engine (6)
[2015.04.08-17.02.34:694][809]LogModuleManager: Shutting down and abandoning module CoreUObject (5)
[2015.04.08-17.02.34:694][809]LogModuleManager: Shutting down and abandoning module NetworkFile (4)
[2015.04.08-17.02.34:694][809]LogModuleManager: Shutting down and abandoning module StreamingFile (3)
[2015.04.08-17.02.34:694][809]LogModuleManager: Shutting down and abandoning module SandboxFile (2)
[2015.04.08-17.02.34:694][809]LogModuleManager: Shutting down and abandoning module PakFile (1)
[2015.04.08-17.02.34:695][809]LogExit: Exiting.
[2015.04.08-17.02.34:708][809]Log file closed, 04/08/15 18:02:34
