Log file open, 04/08/15 17:10:39
LogInit:Display: Running engine for game: Project_8_46
LogInit: Version: 4.7.4-2497108+++depot+UE4-Releases+4.7
LogInit: API Version: 2455222
LogInit: Compiled (64-bit): Mar 31 2015 09:40:25
LogInit: Compiled with Visual C++: 18.00.21005.01
LogInit: Build Configuration: Development
LogInit: Branch Name: ++depot+UE4-Releases+4.7
LogInit: Command line: 
LogInit: Base directory: C:/Program Files/Epic Games/4.7/Engine/Binaries/Win64/
LogInit: Rocket: 1
[2015.04.08-16.10.39:579][  0]LogTaskGraph: Started task graph with 3 named threads and 6 total threads.
[2015.04.08-16.10.39:633][  0]LogOnline:Warning: No default platform service specified for OnlineSubsystem
[2015.04.08-16.10.39:644][  0]LogInit: Presizing for 0 objects not considered by GC, pre-allocating 0 bytes.
[2015.04.08-16.10.39:652][  0]LogInit: Object subsystem initialized
[2015.04.08-16.10.39:653][  0]LogConsoleResponse:Warning: Skipping Unknown console variable: 'TranslucentSortAxis = (X=0.000000,Y=-1.000000,Z=0.000000)'
[2015.04.08-16.10.39:653][  0]LogConsoleResponse:Warning:   Found in ini file 'C:/Users/Axel/Documents/GitHub/08-46/UE4-Project/Project_8_46/Saved/Config/Windows/Engine.ini', in section '[/Script/Engine.RendererSettings]'
[2015.04.08-16.10.39:653][  0]LogConsoleResponse:Warning: Skipping Unknown console variable: 'UIScaleRule = ShortestSide'
[2015.04.08-16.10.39:653][  0]LogConsoleResponse:Warning:   Found in ini file 'C:/Users/Axel/Documents/GitHub/08-46/UE4-Project/Project_8_46/Saved/Config/Windows/Engine.ini', in section '[/Script/Engine.RendererSettings]'
[2015.04.08-16.10.39:653][  0]LogConsoleResponse:Warning: Skipping Unknown console variable: 'UIScaleCurve = (EditorCurveData=(Keys=),ExternalCurve=None)'
[2015.04.08-16.10.39:654][  0]LogConsoleResponse:Warning:   Found in ini file 'C:/Users/Axel/Documents/GitHub/08-46/UE4-Project/Project_8_46/Saved/Config/Windows/Engine.ini', in section '[/Script/Engine.RendererSettings]'
[2015.04.08-16.10.39:654][  0]LogInit: Selected Device Profile: [Windows]
[2015.04.08-16.10.39:654][  0]LogInit: Applying CVar settings loaded from the selected device profile: [Windows]
[2015.04.08-16.10.39:660][  0]LogInit: Computer: AXEL
[2015.04.08-16.10.39:660][  0]LogInit: User: Axel
[2015.04.08-16.10.39:660][  0]LogInit: CPU Page size=4096, Cores=4
[2015.04.08-16.10.39:660][  0]LogInit: High frequency timer resolution =2.435776 MHz
[2015.04.08-16.10.39:660][  0]LogMemory: Memory total: Physical=7.9GB (8GB approx) Virtual=131072.0GB
[2015.04.08-16.10.39:660][  0]LogMemory: Platform Memory Stats for Windows
[2015.04.08-16.10.39:660][  0]LogMemory: Process Physical Memory: 46.16 MB used, 46.16 MB peak
[2015.04.08-16.10.39:660][  0]LogMemory: Process Virtual Memory: 24.54 MB used, 24.55 MB peak
[2015.04.08-16.10.39:660][  0]LogMemory: Physical Memory: 4646.13 MB used, 8111.20 MB total
[2015.04.08-16.10.39:660][  0]LogMemory: Virtual Memory: 286.18 MB used, 134217728.00 MB total
[2015.04.08-16.10.39:683][  0]LogD3D11RHI: Found D3D11 adapter 0: NVIDIA GeForce GTX 850M        (Feature Level 11_0)
[2015.04.08-16.10.39:683][  0]LogD3D11RHI: Adapter has 1972MB of dedicated video memory, 0MB of dedicated system memory, and 2048MB of shared system memory, 1 output[s]
[2015.04.08-16.10.39:689][  0]LogD3D11RHI: Found D3D11 adapter 1: Intel(R) HD Graphics 4600 (Feature Level 11_0)
[2015.04.08-16.10.39:689][  0]LogD3D11RHI: Adapter has 0MB of dedicated video memory, 0MB of dedicated system memory, and 1792MB of shared system memory, 0 output[s]
[2015.04.08-16.10.39:690][  0]LogD3D11RHI: Found D3D11 adapter 2: Microsoft Basic Render Driver (Feature Level 11_0)
[2015.04.08-16.10.39:690][  0]LogD3D11RHI: Adapter has 0MB of dedicated video memory, 0MB of dedicated system memory, and 256MB of shared system memory, 0 output[s]
[2015.04.08-16.10.39:690][  0]LogD3D11RHI: Chosen D3D11 Adapter Id = 0
[2015.04.08-16.10.39:695][  0]LogRHI: Texture pool is 1361 MB (70% of 1945 MB)
[2015.04.08-16.10.39:708][  0]LogD3D11RHI: Async texture creation enabled
[2015.04.08-16.10.39:767][  0]LogTextLocalizationManager: The requested culture ('fr_FR') has no localization data; falling back to 'en' for localization and internationalization data.
[2015.04.08-16.10.39:842][  0]LogTextLocalizationManager:Warning: Loading localization resources contain conflicting entries for (Namespace:UICommands, Key:Save_ToolTip):
Resource: (C:/Program Files/Epic Games/4.7/Engine/Content/Localization/Editor/en/Editor.locres) Hash: (-29098895) String: (Saves the current level to disk)
Resource: (C:/Program Files/Epic Games/4.7/Engine/Content/Localization/Engine/en/Engine.locres) Hash: (-1280300587) String: (Save selected data to vlog file)
[2015.04.08-16.10.39:842][  0]LogTextLocalizationManager:Warning: Loading localization resources contain conflicting entries for (Namespace:ContentBrowser, Key:ImportAssetToolTip):
Resource: (C:/Program Files/Epic Games/4.7/Engine/Content/Localization/Editor/en/Editor.locres) Hash: (-630476809) String: (Import to {0}...)
Resource: (C:/Program Files/Epic Games/4.7/Engine/Content/Localization/Editor/en/Editor.locres) Hash: (1271782899) String: (Imports an asset from file to this folder.)
[2015.04.08-16.10.39:917][  0]LogContentStreaming: Texture pool size is 0.000000MB
[2015.04.08-16.10.41:944][  0]LogTargetPlatformManager:Display: Building Assets For Windows
[2015.04.08-16.10.42:404][  0]LogTargetPlatformManager:Display: Building Assets For Windows
[2015.04.08-16.10.42:458][  0]LogDerivedDataCache:Display: Max Cache Size: 512 MB
[2015.04.08-16.10.42:501][  0]LogDerivedDataCache: Loaded boot cache 0.04s 39MB C:/Users/Axel/AppData/Local/UnrealEngine/4.7/DerivedDataCache/Boot.ddc.
[2015.04.08-16.10.42:501][  0]LogDerivedDataCache:Display: Loaded Boot cache: C:/Users/Axel/AppData/Local/UnrealEngine/4.7/DerivedDataCache/Boot.ddc
[2015.04.08-16.10.42:501][  0]LogDerivedDataCache: FDerivedDataBackendGraph:  Pak pak cache file ../../../../../../Users/Axel/Documents/GitHub/08-46/UE4-Project/Project_8_46/DerivedDataCache/DDC.ddp not found, will not use a pak cache.
[2015.04.08-16.10.42:501][  0]LogDerivedDataCache: Unable to find inner node Pak for hierarchical cache Hierarchy.
[2015.04.08-16.10.42:604][  0]LogDerivedDataCache:Display: Pak cache opened for reading ../../../Engine/DerivedDataCache/Compressed.ddp.
[2015.04.08-16.10.42:616][  0]LogDerivedDataCache: Using Local data cache path C:/Users/Axel/AppData/Local/UnrealEngine/Common/DerivedDataCache: Writable
[2015.04.08-16.10.42:868][  0]LogMeshUtilities: No automatic mesh reduction module available
[2015.04.08-16.10.42:868][  0]LogMeshUtilities: No automatic mesh merging module available
[2015.04.08-16.10.43:230][  0]LogInit: WinSock: version 1.1 (2.2), MaxSocks=32767, MaxUdp=65467
[2015.04.08-16.10.43:297][  0]LogSlate:Warning: Failed to load font data from '../../../Engine/Content/Slate/Fonts/Roboto-Italic.ttf'
[2015.04.08-16.10.43:999][  0]UdpMessaging: Initializing bridge on interface 0.0.0.0:0 to multicast group 230.0.0.1:6666.
[2015.04.08-16.10.44:177][  0]SourceControl: Info Source control is disabled
[2015.04.08-16.10.44:177][  0]SourceControl: Info Source control is disabled
[2015.04.08-16.10.44:177][  0]SourceControl: Info Source control is disabled
[2015.04.08-16.10.44:177][  0]LogSourceControl: RunCommandInternalRaw: 'git version'
[2015.04.08-16.10.44:177][  0]LogSourceControl: RunCommandInternalRaw: ExecProcess ReturnCode=2 OutResults=''
[2015.04.08-16.10.44:185][  0]SourceControl: Info Source control is disabled
[2015.04.08-16.10.44:340][  0]LogObj: 24232 objects as part of root set at end of initial load.
[2015.04.08-16.10.44:340][  0]LogUObjectAllocator: 5137176 out of 0 bytes used by permanent object pool.
[2015.04.08-16.10.44:412][  0]LogEngine: Initializing Engine...
[2015.04.08-16.10.46:549][  0]LogInit: XAudio2 using 'Speakers (Realtek High Definition Audio)' : 2 channels at 48 kHz using 32 bits per sample (channel mask 0x3)
[2015.04.08-16.10.46:556][  0]LogInit: FAudioDevice initialized.
[2015.04.08-16.10.46:589][  0]LogAIModule: Creating AISystem for world NewWorld
[2015.04.08-16.10.46:613][  0]LogDerivedDataCache: Saved boot cache 0.02s 39MB C:/Users/Axel/AppData/Local/UnrealEngine/4.7/DerivedDataCache/Boot.ddc.
[2015.04.08-16.10.46:619][  0]LogInit: Texture streaming: Enabled
[2015.04.08-16.10.46:698][  0]LogAnalytics: Creating configured Analytics provider AnalyticsET
[2015.04.08-16.10.46:698][  0]LogAnalytics: ET APIKey = Rocket.Release. APIServer = http://et2.epicgames.com/ET2/. AppVersion = 4.7.4-2497108+++depot+UE4-Releases+4.7
[2015.04.08-16.10.46:698][  0]LogAnalytics: ET APIKey = Rocket.Release. DataRouterUploadURL = https://datarouter-public-service-gamedev.ol.epicgames.net/datarouter/api/v1/public/data. AppVersion = 4.7.4-2497108+++depot+UE4-Releases+4.7
[2015.04.08-16.10.46:698][  0]LogAnalytics: SetUserId e88c5383477aca45f485feae05ecce95|055f838899cf4f808bea9037a5bce58a|a41b6706-46c7-4e3e-8712-6c4db12eddd9
[2015.04.08-16.10.46:698][  0]LogAnalytics: AnalyticsET::StartSession [Rocket.Release]
[2015.04.08-16.10.46:722][  0]LogInit: Transaction tracking system initialized
[2015.04.08-16.10.46:863][  0]BlueprintLog: New page: Editor Load
[2015.04.08-16.10.46:894][  0]LogAssetRegistry: FAssetRegistry took 0.0107 seconds to start up
[2015.04.08-16.10.46:894][  0]LogDirectoryWatcher:Warning: Failed to begin reading directory changes for ../../../Engine/Plugins/Experimental/CharacterAI/Content/. Error: 0
[2015.04.08-16.10.47:371][  0]LogTargetPlatformManager:Display: Building Assets For Windows
[2015.04.08-16.10.47:687][  0]LogTargetPlatformManager:Display: Building Assets For Windows
[2015.04.08-16.10.47:883][  0]LogLinker:Warning: Can't find file '/Game/FirstPersonBP/FirstPersonOverview'
[2015.04.08-16.10.47:883][  0]LogLinker:Warning: Can't find file '/Game/FirstPersonBP/FirstPersonOverview'
[2015.04.08-16.10.47:883][  0]LogUObjectGlobals:Warning: Failed to find object 'Class /Game/FirstPersonBP/FirstPersonOverview.FirstPersonOverview_C'
[2015.04.08-16.10.47:911][  0]LogSlate:Warning: Failed to load font data from '../../../Engine/Content/Editor/Slate/Fonts/Roboto-Regular.ttf'
[2015.04.08-16.10.47:911][  0]LogSlate:Warning: Failed to load font data from '../../../Engine/Content/Editor/Slate/Fonts/Roboto-Bold.ttf'
[2015.04.08-16.10.47:915][  0]LogConsoleResponse:Display: 
[2015.04.08-16.10.48:020][  0]LogCook:Display: Done creating registry. It took  0.00s.
[2015.04.08-16.10.48:144][  0]SourceControl: Info Source control is disabled
[2015.04.08-16.10.48:144][  0]Cmd: MAP LOAD FILE="../../../../../../Users/Axel/Documents/GitHub/08-46/UE4-Project/Project_8_46/Content/FirstPersonBP/Maps/FirstPersonExampleMap.umap" TEMPLATE=0 SHOWPROGRESS=1 FEATURELEVEL=3
[2015.04.08-16.10.48:144][  0]LogEditorServer:Warning: Can't find file '../../../../../../Users/Axel/Documents/GitHub/08-46/UE4-Project/Project_8_46/Content/FirstPersonBP/Maps/FirstPersonExampleMap.umap'
[2015.04.08-16.10.48:144][  0]Cmd: MAP CHECKDEP
[2015.04.08-16.10.48:144][  0]MapCheck: New page: Untitled_0 - Apr 8, 2015, 6:10:48 PM
[2015.04.08-16.10.48:202][  0]MapCheck: Info Map check complete: 0 Error(s), 0 Warning(s), took 57.667ms to complete.
[2015.04.08-16.10.48:202][  0]LogFileHelpers: Loading map 'FirstPersonExampleMap' took 0.058
[2015.04.08-16.10.48:336][  0]LogCollectionManager: Loaded 0 collections in 0.001751 seconds
[2015.04.08-16.10.48:345][  0]LogContentBrowser: Native class hierarchy populated in 0.0087 seconds. Added 1696 classes and 261 folders.
[2015.04.08-16.10.48:373][  0]LogContentBrowser: Native class hierarchy updated for 'SceneOutliner' in 0.0017 seconds. Added 1 classes and 2 folders.
[2015.04.08-16.10.48:414][  0]LogCrashTracker: Crashtracker disabled due to settings.
[2015.04.08-16.10.48:415][  0]LogSlate:Warning: Failed to load font data from 'Veranda'
[2015.04.08-16.10.48:423][  0]LogUObjectGlobals:Warning: Failed to find object 'Class None.'
[2015.04.08-16.10.48:452][  0]LogLoad: Full Startup: 9.61 seconds (BP compile: 0.00 seconds)
[2015.04.08-16.10.48:476][  0]LogContentBrowser:Verbose: The content browser source was changed by the sources view to '/Game/Character/UE_Model'
[2015.04.08-16.10.48:657][  0]LogRenderer:Warning: Reallocating scene render targets to support 1208x560 (Frame:2).
[2015.04.08-16.10.49:019][  3]LogAssetRegistry: Asset discovery search completed in 2.1372 seconds
[2015.04.08-16.10.52:277][178]LogContentBrowser:Verbose: The content browser source was changed by the sources view to '/Game/Level'
[2015.04.08-16.10.53:457][211]Cmd: MAP LOAD FILE="../../../../../../Users/Axel/Documents/GitHub/08-46/UE4-Project/Project_8_46/Content/Level/Main_Level.umap" TEMPLATE=0 SHOWPROGRESS=1 FEATURELEVEL=3
[2015.04.08-16.10.53:457][211]LightingResults: New page: Lighting Build
[2015.04.08-16.10.53:469][211]LogContentBrowser: Native class hierarchy updated for 'StatsViewer' in 0.0017 seconds. Added 5 classes and 0 folders.
[2015.04.08-16.10.53:491][211]LoadErrors: New page: Loading map: Main_Level.umap
[2015.04.08-16.10.53:492][211]MapCheck: New page: Map Check
[2015.04.08-16.10.53:492][211]LightingResults: New page: Lighting Build
[2015.04.08-16.10.53:499][211]LogParticles: Destroying 0 GPU particle simulations for FXSystem 0x000000664E02A980
[2015.04.08-16.10.53:503][211]LogEditorServer: Finished looking for orphan Actors (0.000 secs)
[2015.04.08-16.10.53:506][211]LogAIModule: Creating AISystem for world Main_Level
[2015.04.08-16.10.53:536][211]Cmd: MAP CHECKDEP
[2015.04.08-16.10.53:536][211]MapCheck: New page: Main_Level - Apr 8, 2015, 6:10:53 PM
[2015.04.08-16.10.53:600][211]MapCheck: Info Map check complete: 0 Error(s), 0 Warning(s), took 63.741ms to complete.
[2015.04.08-16.10.53:600][211]LogFileHelpers: Loading map 'Main_Level' took 0.145
[2015.04.08-16.10.57:840][454]LogContentBrowser:Verbose: The content browser source was changed by the sources view to '/Game/Character/UE_Model/Animations'
[2015.04.08-16.10.58:376][485]LogContentBrowser:Verbose: The content browser source was changed by the sources view to '/Game/Character/UE_Model'
[2015.04.08-16.11.01:540][665]LogContentBrowser:Verbose: The content browser source was changed by the sources view to '/Game/Scripts'
[2015.04.08-16.11.03:591][788]LogContentBrowser:Verbose: The content browser source was changed by the sources view to '/Game/Scripts/GameState'
[2015.04.08-16.11.04:743][853]LogContentBrowser:Verbose: The content browser source was changed by the sources view to '/Game/Scripts'
[2015.04.08-16.11.06:216][928]LogContentBrowser:Verbose: The content browser source was changed by the sources view to '/Game/Scripts'
[2015.04.08-16.11.09:158][104]LogContentBrowser:Verbose: The content browser source was changed by the sources view to '/Game/Scripts/Player'
[2015.04.08-16.11.12:993][312]LogContentBrowser:Verbose: The content browser source was changed by the sources view to '/Game/Scripts/GameState'
[2015.04.08-16.11.13:658][348]LogContentBrowser:Verbose: The content browser source was changed by the sources view to '/Game/Scripts/Player'
[2015.04.08-16.11.17:400][428]LogLinker:Warning: Can't find file '/Game/ThirdPersonBP/Character/ThirdPersonAnimBlueprint'
[2015.04.08-16.11.17:401][428]LogLinker:Warning: Can't find file for asset '/Game/ThirdPersonBP/Character/ThirdPersonAnimBlueprint' while loading ../../../../../../Users/Axel/Documents/GitHub/08-46/UE4-Project/Project_8_46/Content/Scripts/Player/ThirdPersonCharacter.uasset.
[2015.04.08-16.11.17:401][428]LoadErrors:Error: Error /Game/Scripts/Player/ThirdPersonCharacter : Can't find file for asset. /Game/ThirdPersonBP/Character/ThirdPersonAnimBlueprint
[2015.04.08-16.11.17:406][428]LogLinker:Warning: Can't find file '/Game/ThirdPersonBP/Character/ThirdPersonAnimBlueprint'
[2015.04.08-16.11.17:406][428]LogLinker:Warning: Can't find file for asset '/Game/ThirdPersonBP/Character/ThirdPersonAnimBlueprint' while loading ../../../../../../Users/Axel/Documents/GitHub/08-46/UE4-Project/Project_8_46/Content/Scripts/Player/ThirdPersonCharacter.uasset.
[2015.04.08-16.11.17:406][428]LogLinker:Warning: Can't find file '/Game/ThirdPersonBP/Character/ThirdPersonSkelMesh'
[2015.04.08-16.11.17:406][428]LogLinker:Warning: Can't find file for asset '/Game/ThirdPersonBP/Character/ThirdPersonSkelMesh' while loading ../../../../../../Users/Axel/Documents/GitHub/08-46/UE4-Project/Project_8_46/Content/Scripts/Player/ThirdPersonCharacter.uasset.
[2015.04.08-16.11.17:406][428]LoadErrors:Error: Error /Game/Scripts/Player/ThirdPersonCharacter : Can't find file for asset. /Game/ThirdPersonBP/Character/ThirdPersonSkelMesh
[2015.04.08-16.11.17:407][428]LogLinker:Warning: Can't find file '/Game/ThirdPersonBP/Character/ThirdPersonSkelMesh'
[2015.04.08-16.11.17:407][428]LogLinker:Warning: Can't find file for asset '/Game/ThirdPersonBP/Character/ThirdPersonSkelMesh' while loading ../../../../../../Users/Axel/Documents/GitHub/08-46/UE4-Project/Project_8_46/Content/Scripts/Player/ThirdPersonCharacter.uasset.
[2015.04.08-16.11.17:409][428]LogLinker:Warning: Can't find file '/Game/ThirdPersonBP/Character/ThirdPersonAnimBlueprint'
[2015.04.08-16.11.17:409][428]LogLinker:Warning: Can't find file for asset '/Game/ThirdPersonBP/Character/ThirdPersonAnimBlueprint' while loading NULL.
[2015.04.08-16.11.17:409][428]LogLinker:Warning: Can't find file '/Game/ThirdPersonBP/Character/ThirdPersonAnimBlueprint'
[2015.04.08-16.11.17:409][428]LogLinker:Warning: Can't find file for asset '/Game/ThirdPersonBP/Character/ThirdPersonAnimBlueprint' while loading NULL.
[2015.04.08-16.11.17:409][428]LogLinker:Warning: Can't find file '/Game/ThirdPersonBP/Character/ThirdPersonSkelMesh'
[2015.04.08-16.11.17:410][428]LogLinker:Warning: Can't find file for asset '/Game/ThirdPersonBP/Character/ThirdPersonSkelMesh' while loading NULL.
[2015.04.08-16.11.17:410][428]LogLinker:Warning: Can't find file '/Game/ThirdPersonBP/Character/ThirdPersonSkelMesh'
[2015.04.08-16.11.17:410][428]LogLinker:Warning: Can't find file for asset '/Game/ThirdPersonBP/Character/ThirdPersonSkelMesh' while loading NULL.
[2015.04.08-16.11.17:412][428]LogLinker:Warning: Can't find file '/Game/ThirdPersonBP/Character/ThirdPersonAnimBlueprint'
[2015.04.08-16.11.17:412][428]LoadErrors: Info Failed to load /Game/ThirdPersonBP/Character/ThirdPersonAnimBlueprint.ThirdPersonAnimBlueprint_C Referenced by Default__ThirdPersonCharacter_C
[2015.04.08-16.11.17:412][428]LogLinker:Warning: Can't find file for asset '/Game/ThirdPersonBP/Character/ThirdPersonAnimBlueprint' while loading NULL.
[2015.04.08-16.11.17:412][428]LogLinker:Warning: Can't find file '/Game/ThirdPersonBP/Character/ThirdPersonSkelMesh'
[2015.04.08-16.11.17:413][428]LoadErrors: Info Failed to load /Game/ThirdPersonBP/Character/ThirdPersonSkelMesh.ThirdPersonSkelMesh Referenced by Default__ThirdPersonCharacter_C
[2015.04.08-16.11.17:413][428]LogLinker:Warning: Can't find file for asset '/Game/ThirdPersonBP/Character/ThirdPersonSkelMesh' while loading NULL.
[2015.04.08-16.11.44:406][925]LogSavePackage: Save=72.312477ms
[2015.04.08-16.11.44:407][925]LogSavePackage: Moving '../../../../../../Users/Axel/Documents/GitHub/08-46/UE4-Project/Project_8_46/Saved/ThirdPersonCharacterFA8CCA5043B4A8FB630712BA242AADB5.tmp' to '../../../../../../Users/Axel/Documents/GitHub/08-46/UE4-Project/Project_8_46/Content/Scripts/Player/ThirdPersonCharacter.uasset'
[2015.04.08-16.11.45:855][  4]LogRenderer:Warning: Reallocating scene render targets to support 1208x904 (Frame:1095).
[2015.04.08-16.11.51:885][343]LogLinker:Warning: Can't find file '/Game/ThirdPersonBP/Character/ThirdPersonSkeleton'
[2015.04.08-16.11.51:885][343]LogLinker:Warning: Can't find file for asset '/Game/ThirdPersonBP/Character/ThirdPersonSkeleton' while loading ../../../../../../Users/Axel/Documents/GitHub/08-46/UE4-Project/Project_8_46/Content/Character/UE_Model/ThirdPersonSkelMesh.uasset.
[2015.04.08-16.11.51:886][343]LoadErrors:Error: Error /Game/Character/UE_Model/ThirdPersonSkelMesh : Can't find file for asset. /Game/ThirdPersonBP/Character/ThirdPersonSkeleton
[2015.04.08-16.11.51:886][343]LogLinker:Warning: Can't find file '/Game/ThirdPersonBP/Character/ThirdPersonSkeleton'
[2015.04.08-16.11.51:886][343]LogLinker:Warning: Can't find file for asset '/Game/ThirdPersonBP/Character/ThirdPersonSkeleton' while loading ../../../../../../Users/Axel/Documents/GitHub/08-46/UE4-Project/Project_8_46/Content/Character/UE_Model/ThirdPersonSkelMesh.uasset.
[2015.04.08-16.11.51:888][343]LogLinker:Warning: Can't find file '/Game/ThirdPersonBP/Character/ThirdPersonSkeleton'
[2015.04.08-16.11.51:888][343]LoadErrors: Info Failed to load /Game/ThirdPersonBP/Character/ThirdPersonSkeleton.ThirdPersonSkeleton Referenced by ThirdPersonSkelMesh
[2015.04.08-16.11.51:888][343]LogLinker:Warning: Can't find file for asset '/Game/ThirdPersonBP/Character/ThirdPersonSkeleton' while loading NULL.
[2015.04.08-16.11.54:095][427]LogSavePackage: Save=384.947144ms
[2015.04.08-16.11.54:095][427]LogSavePackage: Moving '../../../../../../Users/Axel/Documents/GitHub/08-46/UE4-Project/Project_8_46/Saved/ThirdPersonCharacterBCFDAFB649ADF6C4FA9BE4BC8ADB3D30.tmp' to '../../../../../../Users/Axel/Documents/GitHub/08-46/UE4-Project/Project_8_46/Content/Scripts/Player/ThirdPersonCharacter.uasset'
[2015.04.08-16.12.01:672][870]LogSlate:Warning: Prevented a slow task dialog from being summoned while a context menu was open
[2015.04.08-16.12.01:986][870]LogActorComponent: UnregisterComponent: (/Engine/Transient.CharMoveComp) Not registered. Aborting.
[2015.04.08-16.12.03:541][962]LogSlate:Warning: Prevented a slow task dialog from being summoned while a context menu was open
[2015.04.08-16.12.12:450][362]LogSavePackage: Save=380.858093ms
[2015.04.08-16.12.12:450][362]LogSavePackage: Moving '../../../../../../Users/Axel/Documents/GitHub/08-46/UE4-Project/Project_8_46/Saved/ThirdPersonCharacterC7A2E7AF470F4CE79E36E286A21D81F8.tmp' to '../../../../../../Users/Axel/Documents/GitHub/08-46/UE4-Project/Project_8_46/Content/Scripts/Player/ThirdPersonCharacter.uasset'
[2015.04.08-16.12.13:018][363]Cmd: QUIT_EDITOR
[2015.04.08-16.12.13:243][363]LogExit: Preparing to exit.
[2015.04.08-16.12.14:192][363]LogExit: Editor shut down
[2015.04.08-16.12.14:194][363]LogExit: Transaction tracking system shut down
[2015.04.08-16.12.14:196][363]LogParticles: Destroying 0 GPU particle simulations for FXSystem 0x0000006649AA3F60
[2015.04.08-16.12.14:198][363]LogParticles: Destroying 0 GPU particle simulations for FXSystem 0x0000006658A17420
[2015.04.08-16.12.14:198][363]LogParticles: Destroying 0 GPU particle simulations for FXSystem 0x0000006659004220
[2015.04.08-16.12.14:200][363]LogParticles: Destroying 0 GPU particle simulations for FXSystem 0x000000665F099A80
[2015.04.08-16.12.14:283][363]LogParticles: Destroying 0 GPU particle simulations for FXSystem 0x0000006659005120
[2015.04.08-16.12.14:283][363]LogExit: Object subsystem successfully closed.
[2015.04.08-16.12.14:326][363]LogModuleManager: Shutting down and abandoning module StatsViewer (177)
[2015.04.08-16.12.14:326][363]LogModuleManager: Shutting down and abandoning module CrashTracker (176)
[2015.04.08-16.12.14:326][363]LogModuleManager: Shutting down and abandoning module SuperSearch (175)
[2015.04.08-16.12.14:326][363]LogModuleManager: Shutting down and abandoning module SceneOutliner (174)
[2015.04.08-16.12.14:326][363]LogModuleManager: Shutting down and abandoning module EditorWidgets (173)
[2015.04.08-16.12.14:326][363]LogModuleManager: Shutting down and abandoning module CollectionManager (172)
[2015.04.08-16.12.14:326][363]LogModuleManager: Shutting down and abandoning module FoliageEdit (171)
[2015.04.08-16.12.14:326][363]LogModuleManager: Shutting down and abandoning module LandscapeEditor (170)
[2015.04.08-16.12.14:326][363]LogModuleManager: Shutting down and abandoning module MeshPaint (169)
[2015.04.08-16.12.14:326][363]LogModuleManager: Shutting down and abandoning module ActorPickerMode (168)
[2015.04.08-16.12.14:326][363]LogModuleManager: Shutting down and abandoning module GeometryMode (167)
[2015.04.08-16.12.14:326][363]LogModuleManager: Shutting down and abandoning module TextureAlignMode (166)
[2015.04.08-16.12.14:326][363]LogModuleManager: Shutting down and abandoning module BspMode (165)
[2015.04.08-16.12.14:326][363]LogModuleManager: Shutting down and abandoning module PlacementMode (164)
[2015.04.08-16.12.14:326][363]LogModuleManager: Shutting down and abandoning module AutomationWorker (163)
[2015.04.08-16.12.14:326][363]LogModuleManager: Shutting down and abandoning module CharacterAI (162)
[2015.04.08-16.12.14:326][363]LogModuleManager: Shutting down and abandoning module SmartSnapping (161)
[2015.04.08-16.12.14:326][363]LogModuleManager: Shutting down and abandoning module ViewportSnapping (160)
[2015.04.08-16.12.14:326][363]LogModuleManager: Shutting down and abandoning module LogVisualizer (159)
[2015.04.08-16.12.14:327][363]LogModuleManager: Shutting down and abandoning module GameProjectGeneration (158)
[2015.04.08-16.12.14:327][363]LogModuleManager: Shutting down and abandoning module IntroTutorials (157)
[2015.04.08-16.12.14:327][363]LogModuleManager: Shutting down and abandoning module EditorLiveStreaming (156)
[2015.04.08-16.12.14:327][363]LogModuleManager: Shutting down and abandoning module HardwareTargeting (155)
[2015.04.08-16.12.14:327][363]LogModuleManager: Shutting down and abandoning module DeviceProfileEditor (154)
[2015.04.08-16.12.14:327][363]LogModuleManager: Shutting down and abandoning module UndoHistory (153)
[2015.04.08-16.12.14:327][363]LogModuleManager: Shutting down and abandoning module GameplayTagsEditor (152)
[2015.04.08-16.12.14:327][363]LogModuleManager: Shutting down and abandoning module UserFeedback (151)
[2015.04.08-16.12.14:327][363]LogModuleManager: Shutting down and abandoning module XmlParser (150)
[2015.04.08-16.12.14:327][363]LogModuleManager: Shutting down and abandoning module Blutility (149)
[2015.04.08-16.12.14:327][363]LogModuleManager: Shutting down and abandoning module IOSPlatformEditor (148)
[2015.04.08-16.12.14:327][363]LogModuleManager: Shutting down and abandoning module IOSRuntimeSettings (147)
[2015.04.08-16.12.14:327][363]LogModuleManager: Shutting down and abandoning module AndroidDeviceDetection (146)
[2015.04.08-16.12.14:799][363]LogModuleManager: Shutting down and abandoning module AndroidPlatformEditor (145)
[2015.04.08-16.12.14:799][363]LogModuleManager: Shutting down and abandoning module AndroidRuntimeSettings (144)
[2015.04.08-16.12.14:799][363]LogModuleManager: Shutting down and abandoning module ProjectTargetPlatformEditor (143)
[2015.04.08-16.12.14:799][363]LogModuleManager: Shutting down and abandoning module ProjectSettingsViewer (142)
[2015.04.08-16.12.14:799][363]LogModuleManager: Shutting down and abandoning module InputBindingEditor (141)
[2015.04.08-16.12.14:800][363]LogModuleManager: Shutting down and abandoning module EditorSettingsViewer (140)
[2015.04.08-16.12.14:800][363]LogModuleManager: Shutting down and abandoning module SettingsEditor (139)
[2015.04.08-16.12.14:800][363]LogModuleManager: Shutting down and abandoning module ProjectLauncher (138)
[2015.04.08-16.12.14:800][363]LogModuleManager: Shutting down and abandoning module SessionFrontend (137)
[2015.04.08-16.12.14:800][363]LogModuleManager: Shutting down and abandoning module ProfilerClient (136)
[2015.04.08-16.12.14:800][363]LogModuleManager: Shutting down and abandoning module TargetDeviceServices (135)
[2015.04.08-16.12.14:800][363]LogModuleManager: Shutting down and abandoning module DeviceManager (134)
[2015.04.08-16.12.14:800][363]LogModuleManager: Shutting down and abandoning module AutomationController (133)
[2015.04.08-16.12.14:800][363]LogModuleManager: Shutting down and abandoning module AutomationWindow (132)
[2015.04.08-16.12.14:800][363]LogModuleManager: Shutting down and abandoning module Layers (131)
[2015.04.08-16.12.14:800][363]LogModuleManager: Shutting down and abandoning module ComponentVisualizers (130)
[2015.04.08-16.12.14:800][363]LogModuleManager: Shutting down and abandoning module DetailCustomizations (129)
[2015.04.08-16.12.14:800][363]LogModuleManager: Shutting down and abandoning module PackagesDialog (128)
[2015.04.08-16.12.14:800][363]LogModuleManager: Shutting down and abandoning module AssetRegistry (127)
[2015.04.08-16.12.14:888][363]LogModuleManager: Shutting down and abandoning module Persona (126)
[2015.04.08-16.12.14:888][363]LogModuleManager: Shutting down and abandoning module SlateReflector (125)
[2015.04.08-16.12.14:888][363]LogModuleManager: Shutting down and abandoning module LevelEditor (124)
[2015.04.08-16.12.14:888][363]LogModuleManager: Shutting down and abandoning module Kismet (123)
[2015.04.08-16.12.14:888][363]LogModuleManager: Shutting down and abandoning module GraphEditor (122)
[2015.04.08-16.12.14:888][363]LogModuleManager: Shutting down and abandoning module ClassViewer (121)
[2015.04.08-16.12.14:889][363]LogModuleManager: Shutting down and abandoning module Toolbox (120)
[2015.04.08-16.12.14:889][363]LogModuleManager: Shutting down and abandoning module ModuleUI (119)
[2015.04.08-16.12.14:889][363]LogModuleManager: Shutting down and abandoning module MovieSceneTools (118)
[2015.04.08-16.12.14:889][363]LogModuleManager: Shutting down and abandoning module OutputLog (117)
[2015.04.08-16.12.14:889][363]LogModuleManager: Shutting down and abandoning module GammaUI (116)
[2015.04.08-16.12.14:889][363]LogModuleManager: Shutting down and abandoning module Documentation (115)
[2015.04.08-16.12.14:889][363]LogModuleManager: Shutting down and abandoning module GameLiveStreaming (114)
[2015.04.08-16.12.14:889][363]LogModuleManager: Shutting down and abandoning module StreamingPauseRendering (113)
[2015.04.08-16.12.14:889][363]LogModuleManager: Shutting down and abandoning module HTTP (112)
[2015.04.08-16.12.14:889][363]LogModuleManager: Shutting down and abandoning module AnalyticsET (111)
[2015.04.08-16.12.14:889][363]LogModuleManager: Shutting down and abandoning module Analytics (110)
[2015.04.08-16.12.14:889][363]LogModuleManager: Shutting down and abandoning module AITestSuite (109)
[2015.04.08-16.12.14:889][363]LogModuleManager: Shutting down and abandoning module GameplayDebugger (108)
[2015.04.08-16.12.14:889][363]LogModuleManager: Shutting down and abandoning module AIModule (107)
[2015.04.08-16.12.14:889][363]LogModuleManager: Shutting down and abandoning module ProfilerService (106)
[2015.04.08-16.12.14:999][363]LogModuleManager: Shutting down and abandoning module TaskGraph (105)
[2015.04.08-16.12.14:999][363]LogModuleManager: Shutting down and abandoning module SlateRemote (104)
[2015.04.08-16.12.15:000][363]LogModuleManager: Shutting down and abandoning module ScriptEditorPlugin (103)
[2015.04.08-16.12.15:000][363]LogModuleManager: Shutting down and abandoning module CustomMeshComponent (102)
[2015.04.08-16.12.15:000][363]LogModuleManager: Shutting down and abandoning module CableComponent (101)
[2015.04.08-16.12.15:000][363]LogModuleManager: Shutting down and abandoning module MessagingDebugger (100)
[2015.04.08-16.12.15:000][363]LogModuleManager: Shutting down and abandoning module MediaPlayerEditor (99)
[2015.04.08-16.12.15:000][363]LogModuleManager: Shutting down and abandoning module SpeedTreeImporter (98)
[2015.04.08-16.12.15:000][363]LogModuleManager: Shutting down and abandoning module PluginsEditor (97)
[2015.04.08-16.12.15:000][363]LogModuleManager: Shutting down and abandoning module MainFrame (96)
[2015.04.08-16.12.15:000][363]LogModuleManager: Shutting down and abandoning module EpicSurvey (95)
[2015.04.08-16.12.15:000][363]LogModuleManager: Shutting down and abandoning module DesktopPlatform (94)
[2015.04.08-16.12.15:000][363]LogModuleManager: Shutting down and abandoning module DirectoryWatcher (93)
[2015.04.08-16.12.15:001][363]LogModuleManager: Shutting down and abandoning module HotReload (92)
[2015.04.08-16.12.15:002][363]LogModuleManager: Shutting down and abandoning module VisualStudioSourceCodeAccess (91)
[2015.04.08-16.12.15:002][363]LogModuleManager: Shutting down and abandoning module UObjectPlugin (90)
[2015.04.08-16.12.15:002][363]LogModuleManager: Shutting down and abandoning module SubversionSourceControl (89)
[2015.04.08-16.12.15:002][363]LogModuleManager: Shutting down and abandoning module PerforceSourceControl (88)
[2015.04.08-16.12.15:002][363]LogModuleManager: Shutting down and abandoning module SourceControl (87)
[2015.04.08-16.12.15:002][363]LogModuleManager: Shutting down and abandoning module GitSourceControl (86)
[2015.04.08-16.12.15:002][363]LogModuleManager: Shutting down and abandoning module BlankPlugin (85)
[2015.04.08-16.12.15:002][363]LogModuleManager: Shutting down and abandoning module PaperTiledImporter (84)
[2015.04.08-16.12.15:002][363]LogModuleManager: Shutting down and abandoning module PaperJsonImporter (83)
[2015.04.08-16.12.15:002][363]LogModuleManager: Shutting down and abandoning module ContentBrowser (82)
[2015.04.08-16.12.15:003][363]LogModuleManager: Shutting down and abandoning module Paper2DEditor (81)
[2015.04.08-16.12.15:003][363]LogModuleManager: Shutting down and abandoning module ScriptPlugin (80)
[2015.04.08-16.12.15:003][363]LogModuleManager: Shutting down and abandoning module UdpMessaging (79)
[2015.04.08-16.12.15:104][363]LogModuleManager: Shutting down and abandoning module Paper2D (78)
[2015.04.08-16.12.15:104][363]LogModuleManager: Shutting down and abandoning module WindowsMoviePlayer (77)
[2015.04.08-16.12.15:106][363]LogModuleManager: Shutting down and abandoning module Media (76)
[2015.04.08-16.12.15:106][363]LogModuleManager: Shutting down and abandoning module WmfMedia (75)
[2015.04.08-16.12.15:106][363]LogModuleManager: Shutting down and abandoning module OnlineBlueprintSupport (74)
[2015.04.08-16.12.15:106][363]LogModuleManager: Shutting down and abandoning module PropertyEditor (73)
[2015.04.08-16.12.15:106][363]LogModuleManager: Shutting down and abandoning module BehaviorTreeEditor (72)
[2015.04.08-16.12.15:106][363]LogModuleManager: Shutting down and abandoning module FunctionalTesting (71)
[2015.04.08-16.12.15:106][363]LogModuleManager: Shutting down and abandoning module CollisionAnalyzer (70)
[2015.04.08-16.12.15:106][363]LogModuleManager: Shutting down and abandoning module WorkspaceMenuStructure (69)
[2015.04.08-16.12.15:106][363]LogModuleManager: Shutting down and abandoning module MessageLog (68)
[2015.04.08-16.12.15:106][363]LogModuleManager: Shutting down and abandoning module Sequencer (67)
[2015.04.08-16.12.15:106][363]LogModuleManager: Shutting down and abandoning module AssetTools (66)
[2015.04.08-16.12.15:106][363]LogModuleManager: Shutting down and abandoning module UMGEditor (65)
[2015.04.08-16.12.15:106][363]LogModuleManager: Shutting down and abandoning module UMG (64)
[2015.04.08-16.12.15:106][363]LogModuleManager: Shutting down and abandoning module Slate (63)
[2015.04.08-16.12.15:106][363]LogModuleManager: Shutting down and abandoning module EditorStyle (62)
[2015.04.08-16.12.15:111][363]LogModuleManager: Shutting down and abandoning module SessionServices (61)
[2015.04.08-16.12.15:111][363]LogModuleManager: Shutting down and abandoning module SourceCodeAccess (60)
[2015.04.08-16.12.15:111][363]LogModuleManager: Shutting down and abandoning module HeadMountedDisplay (59)
[2015.04.08-16.12.15:111][363]LogModuleManager: Shutting down and abandoning module XAudio2 (58)
[2015.04.08-16.12.15:111][363]LogModuleManager: Shutting down and abandoning module Networking (56)
[2015.04.08-16.12.15:111][363]LogModuleManager: Shutting down and abandoning module Core (55)
[2015.04.08-16.12.15:111][363]LogModuleManager: Shutting down and abandoning module KismetCompiler (54)
[2015.04.08-16.12.15:111][363]LogModuleManager: Shutting down and abandoning module PhysXFormats (53)
[2015.04.08-16.12.15:111][363]LogModuleManager: Shutting down and abandoning module MeshUtilities (52)
[2015.04.08-16.12.15:111][363]LogModuleManager: Shutting down and abandoning module DerivedDataCache (51)
[2015.04.08-16.12.15:193][363]LogDerivedDataCache: Shutdown
[2015.04.08-16.12.15:193][363]LogModuleManager: Shutting down and abandoning module ShaderFormatOpenGL (50)
[2015.04.08-16.12.15:193][363]LogModuleManager: Shutting down and abandoning module ShaderFormatD3D (49)
[2015.04.08-16.12.15:193][363]LogModuleManager: Shutting down and abandoning module MetalShaderFormat (48)
[2015.04.08-16.12.15:193][363]LogModuleManager: Shutting down and abandoning module TextureFormatUncompressed (47)
[2015.04.08-16.12.15:193][363]LogModuleManager: Shutting down and abandoning module TextureFormatPVR (46)
[2015.04.08-16.12.15:193][363]LogModuleManager: Shutting down and abandoning module TextureFormatIntelISPCTexComp (45)
[2015.04.08-16.12.15:193][363]LogModuleManager: Shutting down and abandoning module TextureFormatDXT (44)
[2015.04.08-16.12.15:193][363]LogModuleManager: Shutting down and abandoning module ImageWrapper (43)
[2015.04.08-16.12.15:193][363]LogModuleManager: Shutting down and abandoning module TextureFormatASTC (42)
[2015.04.08-16.12.15:193][363]LogModuleManager: Shutting down and abandoning module TextureFormatAndroid (41)
[2015.04.08-16.12.15:193][363]LogModuleManager: Shutting down and abandoning module AudioFormatOpus (40)
[2015.04.08-16.12.15:193][363]LogModuleManager: Shutting down and abandoning module AudioFormatOgg (39)
[2015.04.08-16.12.15:193][363]LogModuleManager: Shutting down and abandoning module AudioFormatADPCM (38)
[2015.04.08-16.12.15:193][363]LogModuleManager: Shutting down and abandoning module LinuxTargetPlatform (37)
[2015.04.08-16.12.15:193][363]LogModuleManager: Shutting down and abandoning module LinuxServerTargetPlatform (36)
[2015.04.08-16.12.15:193][363]LogModuleManager: Shutting down and abandoning module LinuxNoEditorTargetPlatform (35)
[2015.04.08-16.12.15:193][363]LogModuleManager: Shutting down and abandoning module Messaging (34)
[2015.04.08-16.12.15:193][363]LogModuleManager: Shutting down and abandoning module IOSTargetPlatform (33)
[2015.04.08-16.12.15:193][363]LogModuleManager: Shutting down and abandoning module HTML5TargetPlatform (32)
[2015.04.08-16.12.15:193][363]LogModuleManager: Shutting down and abandoning module Android_PVRTCTargetPlatform (31)
[2015.04.08-16.12.15:193][363]LogModuleManager: Shutting down and abandoning module Android_ETC2TargetPlatform (30)
[2015.04.08-16.12.15:193][363]LogModuleManager: Shutting down and abandoning module Android_ETC1TargetPlatform (29)
[2015.04.08-16.12.15:193][363]LogModuleManager: Shutting down and abandoning module Android_ES31TargetPlatform (28)
[2015.04.08-16.12.15:193][363]LogModuleManager: Shutting down and abandoning module Android_DXTTargetPlatform (27)
[2015.04.08-16.12.15:193][363]LogModuleManager: Shutting down and abandoning module Android_ATCTargetPlatform (26)
[2015.04.08-16.12.15:193][363]LogModuleManager: Shutting down and abandoning module AndroidTargetPlatform (25)
[2015.04.08-16.12.15:193][363]LogModuleManager: Shutting down and abandoning module WindowsTargetPlatform (24)
[2015.04.08-16.12.15:193][363]LogModuleManager: Shutting down and abandoning module WindowsServerTargetPlatform (23)
[2015.04.08-16.12.15:193][363]LogModuleManager: Shutting down and abandoning module WindowsNoEditorTargetPlatform (22)
[2015.04.08-16.12.15:193][363]LogModuleManager: Shutting down and abandoning module WindowsClientTargetPlatform (21)
[2015.04.08-16.12.15:193][363]LogModuleManager: Shutting down and abandoning module TargetPlatform (20)
[2015.04.08-16.12.15:193][363]LogModuleManager: Shutting down and abandoning module InputCore (19)
[2015.04.08-16.12.15:193][363]LogModuleManager: Shutting down and abandoning module Settings (18)
[2015.04.08-16.12.15:193][363]LogModuleManager: Shutting down and abandoning module OnlineSubsystem (16)
[2015.04.08-16.12.15:193][363]LogModuleManager: Shutting down and abandoning module OculusRift (15)
[2015.04.08-16.12.15:193][363]LogModuleManager: Shutting down and abandoning module ExampleDeviceProfileSelector (14)
[2015.04.08-16.12.15:193][363]LogModuleManager: Shutting down and abandoning module TextureCompressor (13)
[2015.04.08-16.12.15:193][363]LogModuleManager: Shutting down and abandoning module ShaderCore (12)
[2015.04.08-16.12.15:193][363]LogModuleManager: Shutting down and abandoning module Landscape (11)
[2015.04.08-16.12.15:193][363]LogModuleManager: Shutting down and abandoning module SlateRHIRenderer (10)
[2015.04.08-16.12.15:198][363]LogModuleManager: Shutting down and abandoning module OpenGLDrv (9)
[2015.04.08-16.12.15:198][363]LogModuleManager: Shutting down and abandoning module D3D11RHI (8)
[2015.04.08-16.12.15:198][363]LogModuleManager: Shutting down and abandoning module Renderer (7)
[2015.04.08-16.12.15:198][363]LogModuleManager: Shutting down and abandoning module Engine (6)
[2015.04.08-16.12.15:198][363]LogModuleManager: Shutting down and abandoning module CoreUObject (5)
[2015.04.08-16.12.15:198][363]LogModuleManager: Shutting down and abandoning module NetworkFile (4)
[2015.04.08-16.12.15:198][363]LogModuleManager: Shutting down and abandoning module StreamingFile (3)
[2015.04.08-16.12.15:198][363]LogModuleManager: Shutting down and abandoning module SandboxFile (2)
[2015.04.08-16.12.15:198][363]LogModuleManager: Shutting down and abandoning module PakFile (1)
[2015.04.08-16.12.15:198][363]LogExit: Exiting.
[2015.04.08-16.12.15:203][363]Log file closed, 04/08/15 17:12:15
