Log file open, 04/08/15 16:41:44
LogInit:Display: Running engine for game: Project_8_46
LogInit: Version: 4.7.4-2497108+++depot+UE4-Releases+4.7
LogInit: API Version: 2455222
LogInit: Compiled (64-bit): Mar 31 2015 09:40:25
LogInit: Compiled with Visual C++: 18.00.21005.01
LogInit: Build Configuration: Development
LogInit: Branch Name: ++depot+UE4-Releases+4.7
LogInit: Command line: 
LogInit: Base directory: C:/Program Files/Epic Games/4.7/Engine/Binaries/Win64/
LogInit: Rocket: 1
[2015.04.08-15.41.44:049][  0]LogTaskGraph: Started task graph with 3 named threads and 6 total threads.
[2015.04.08-15.41.44:103][  0]LogOnline:Warning: No default platform service specified for OnlineSubsystem
[2015.04.08-15.41.44:114][  0]LogInit: Presizing for 0 objects not considered by GC, pre-allocating 0 bytes.
[2015.04.08-15.41.44:123][  0]LogInit: Object subsystem initialized
[2015.04.08-15.41.44:126][  0]LogInit: Selected Device Profile: [Windows]
[2015.04.08-15.41.44:126][  0]LogInit: Applying CVar settings loaded from the selected device profile: [Windows]
[2015.04.08-15.41.44:132][  0]LogInit: Computer: AXEL
[2015.04.08-15.41.44:132][  0]LogInit: User: Axel
[2015.04.08-15.41.44:132][  0]LogInit: CPU Page size=4096, Cores=4
[2015.04.08-15.41.44:132][  0]LogInit: High frequency timer resolution =2.435776 MHz
[2015.04.08-15.41.44:132][  0]LogMemory: Memory total: Physical=7.9GB (8GB approx) Virtual=131072.0GB
[2015.04.08-15.41.44:133][  0]LogMemory: Platform Memory Stats for Windows
[2015.04.08-15.41.44:133][  0]LogMemory: Process Physical Memory: 45.62 MB used, 45.62 MB peak
[2015.04.08-15.41.44:133][  0]LogMemory: Process Virtual Memory: 24.48 MB used, 24.55 MB peak
[2015.04.08-15.41.44:133][  0]LogMemory: Physical Memory: 4775.39 MB used, 8111.20 MB total
[2015.04.08-15.41.44:133][  0]LogMemory: Virtual Memory: 288.29 MB used, 134217728.00 MB total
[2015.04.08-15.41.44:154][  0]LogD3D11RHI: Found D3D11 adapter 0: NVIDIA GeForce GTX 850M        (Feature Level 11_0)
[2015.04.08-15.41.44:154][  0]LogD3D11RHI: Adapter has 1972MB of dedicated video memory, 0MB of dedicated system memory, and 2048MB of shared system memory, 1 output[s]
[2015.04.08-15.41.44:160][  0]LogD3D11RHI: Found D3D11 adapter 1: Intel(R) HD Graphics 4600 (Feature Level 11_0)
[2015.04.08-15.41.44:160][  0]LogD3D11RHI: Adapter has 0MB of dedicated video memory, 0MB of dedicated system memory, and 1792MB of shared system memory, 0 output[s]
[2015.04.08-15.41.44:161][  0]LogD3D11RHI: Found D3D11 adapter 2: Microsoft Basic Render Driver (Feature Level 11_0)
[2015.04.08-15.41.44:161][  0]LogD3D11RHI: Adapter has 0MB of dedicated video memory, 0MB of dedicated system memory, and 256MB of shared system memory, 0 output[s]
[2015.04.08-15.41.44:161][  0]LogD3D11RHI: Chosen D3D11 Adapter Id = 0
[2015.04.08-15.41.44:165][  0]LogRHI: Texture pool is 1361 MB (70% of 1945 MB)
[2015.04.08-15.41.44:174][  0]LogD3D11RHI: Async texture creation enabled
[2015.04.08-15.41.44:236][  0]LogTextLocalizationManager: The requested culture ('fr_FR') has no localization data; falling back to 'en' for localization and internationalization data.
[2015.04.08-15.41.44:313][  0]LogTextLocalizationManager:Warning: Loading localization resources contain conflicting entries for (Namespace:UICommands, Key:Save_ToolTip):
Resource: (C:/Program Files/Epic Games/4.7/Engine/Content/Localization/Editor/en/Editor.locres) Hash: (-29098895) String: (Saves the current level to disk)
Resource: (C:/Program Files/Epic Games/4.7/Engine/Content/Localization/Engine/en/Engine.locres) Hash: (-1280300587) String: (Save selected data to vlog file)
[2015.04.08-15.41.44:313][  0]LogTextLocalizationManager:Warning: Loading localization resources contain conflicting entries for (Namespace:ContentBrowser, Key:ImportAssetToolTip):
Resource: (C:/Program Files/Epic Games/4.7/Engine/Content/Localization/Editor/en/Editor.locres) Hash: (-630476809) String: (Import to {0}...)
Resource: (C:/Program Files/Epic Games/4.7/Engine/Content/Localization/Editor/en/Editor.locres) Hash: (1271782899) String: (Imports an asset from file to this folder.)
[2015.04.08-15.41.44:390][  0]LogContentStreaming: Texture pool size is 0.000000MB
[2015.04.08-15.41.46:477][  0]LogTargetPlatformManager:Display: Building Assets For Windows
[2015.04.08-15.41.47:009][  0]LogTargetPlatformManager:Display: Building Assets For Windows
[2015.04.08-15.41.47:064][  0]LogDerivedDataCache:Display: Max Cache Size: 512 MB
[2015.04.08-15.41.47:128][  0]LogDerivedDataCache: Loaded boot cache 0.06s 39MB C:/Users/Axel/AppData/Local/UnrealEngine/4.7/DerivedDataCache/Boot.ddc.
[2015.04.08-15.41.47:128][  0]LogDerivedDataCache:Display: Loaded Boot cache: C:/Users/Axel/AppData/Local/UnrealEngine/4.7/DerivedDataCache/Boot.ddc
[2015.04.08-15.41.47:128][  0]LogDerivedDataCache: FDerivedDataBackendGraph:  Pak pak cache file ../../../../../../Users/Axel/Documents/GitHub/08-46/UE4-Project/Project_8_46/DerivedDataCache/DDC.ddp not found, will not use a pak cache.
[2015.04.08-15.41.47:128][  0]LogDerivedDataCache: Unable to find inner node Pak for hierarchical cache Hierarchy.
[2015.04.08-15.41.47:237][  0]LogDerivedDataCache:Display: Pak cache opened for reading ../../../Engine/DerivedDataCache/Compressed.ddp.
[2015.04.08-15.41.47:249][  0]LogDerivedDataCache: Using Local data cache path C:/Users/Axel/AppData/Local/UnrealEngine/Common/DerivedDataCache: Writable
[2015.04.08-15.41.47:632][  0]LogMeshUtilities: No automatic mesh reduction module available
[2015.04.08-15.41.47:632][  0]LogMeshUtilities: No automatic mesh merging module available
[2015.04.08-15.41.48:353][  0]LogInit: WinSock: version 1.1 (2.2), MaxSocks=32767, MaxUdp=65467
[2015.04.08-15.41.48:498][  0]LogSlate:Warning: Failed to load font data from '../../../Engine/Content/Slate/Fonts/Roboto-Italic.ttf'
[2015.04.08-15.41.49:470][  0]UdpMessaging: Initializing bridge on interface 0.0.0.0:0 to multicast group 230.0.0.1:6666.
[2015.04.08-15.41.49:653][  0]SourceControl: Info Source control is disabled
[2015.04.08-15.41.49:653][  0]SourceControl: Info Source control is disabled
[2015.04.08-15.41.49:653][  0]SourceControl: Info Source control is disabled
[2015.04.08-15.41.49:653][  0]LogSourceControl: RunCommandInternalRaw: 'git version'
[2015.04.08-15.41.49:653][  0]LogSourceControl: RunCommandInternalRaw: ExecProcess ReturnCode=2 OutResults=''
[2015.04.08-15.41.49:661][  0]SourceControl: Info Source control is disabled
[2015.04.08-15.41.49:819][  0]LogObj: 24232 objects as part of root set at end of initial load.
[2015.04.08-15.41.49:819][  0]LogUObjectAllocator: 5137168 out of 0 bytes used by permanent object pool.
[2015.04.08-15.41.49:902][  0]LogEngine: Initializing Engine...
[2015.04.08-15.41.52:106][  0]LogInit: XAudio2 using 'Speakers (Realtek High Definition Audio)' : 2 channels at 48 kHz using 32 bits per sample (channel mask 0x3)
[2015.04.08-15.41.52:114][  0]LogInit: FAudioDevice initialized.
[2015.04.08-15.41.52:162][  0]LogAIModule: Creating AISystem for world NewWorld
[2015.04.08-15.41.52:212][  0]LogDerivedDataCache: Saved boot cache 0.05s 39MB C:/Users/Axel/AppData/Local/UnrealEngine/4.7/DerivedDataCache/Boot.ddc.
[2015.04.08-15.41.52:227][  0]LogInit: Texture streaming: Enabled
[2015.04.08-15.41.52:331][  0]LogAnalytics: Creating configured Analytics provider AnalyticsET
[2015.04.08-15.41.52:331][  0]LogAnalytics: ET APIKey = Rocket.Release. APIServer = http://et2.epicgames.com/ET2/. AppVersion = 4.7.4-2497108+++depot+UE4-Releases+4.7
[2015.04.08-15.41.52:331][  0]LogAnalytics: ET APIKey = Rocket.Release. DataRouterUploadURL = https://datarouter-public-service-gamedev.ol.epicgames.net/datarouter/api/v1/public/data. AppVersion = 4.7.4-2497108+++depot+UE4-Releases+4.7
[2015.04.08-15.41.52:331][  0]LogAnalytics: SetUserId e88c5383477aca45f485feae05ecce95|055f838899cf4f808bea9037a5bce58a|a41b6706-46c7-4e3e-8712-6c4db12eddd9
[2015.04.08-15.41.52:331][  0]LogAnalytics: AnalyticsET::StartSession [Rocket.Release]
[2015.04.08-15.41.52:373][  0]LogInit: Transaction tracking system initialized
[2015.04.08-15.41.52:586][  0]BlueprintLog: New page: Editor Load
[2015.04.08-15.41.52:625][  0]LogAssetRegistry: FAssetRegistry took 0.0110 seconds to start up
[2015.04.08-15.41.52:625][  0]LogDirectoryWatcher:Warning: Failed to begin reading directory changes for ../../../Engine/Plugins/Experimental/CharacterAI/Content/. Error: 0
[2015.04.08-15.41.53:162][  0]LogTargetPlatformManager:Display: Building Assets For Windows
[2015.04.08-15.41.53:517][  0]LogTargetPlatformManager:Display: Building Assets For Windows
[2015.04.08-15.41.57:350][  0]LogSlate:Warning: Failed to load font data from '../../../Engine/Content/Editor/Slate/Fonts/Roboto-Regular.ttf'
[2015.04.08-15.41.57:350][  0]LogSlate:Warning: Failed to load font data from '../../../Engine/Content/Editor/Slate/Fonts/Roboto-Bold.ttf'
[2015.04.08-15.41.57:360][  0]LogConsoleResponse:Display: 
[2015.04.08-15.41.57:565][  0]LogCook:Display: Done creating registry. It took  0.00s.
[2015.04.08-15.41.57:720][  0]SourceControl: Info Source control is disabled
[2015.04.08-15.41.57:721][  0]Cmd: MAP LOAD FILE="../../../../../../Users/Axel/Documents/GitHub/08-46/UE4-Project/Project_8_46/Content/FirstPersonBP/Maps/FirstPersonExampleMap.umap" TEMPLATE=0 SHOWPROGRESS=1 FEATURELEVEL=3
[2015.04.08-15.41.57:721][  0]LightingResults: New page: Lighting Build
[2015.04.08-15.41.57:737][  0]MapCheck: New page: Map Check
[2015.04.08-15.41.57:737][  0]LightingResults: New page: Lighting Build
[2015.04.08-15.41.57:753][  0]LogParticles: Destroying 0 GPU particle simulations for FXSystem 0x000000F005522520
[2015.04.08-15.41.57:779][  0]LogLinker:Warning: Asset '../../../Engine/Content/EngineMeshes/Humanoid.uasset' has been saved with empty engine version. The asset will be loaded but may be incompatible.
[2015.04.08-15.42.02:623][  0]LogEditorServer: Finished looking for orphan Actors (0.000 secs)
[2015.04.08-15.42.03:640][  0]LogAIModule: Creating AISystem for world FirstPersonExampleMap
[2015.04.08-15.42.03:641][  0]Cmd: MAP CHECKDEP
[2015.04.08-15.42.03:641][  0]MapCheck: New page: FirstPersonExampleMap - Apr 8, 2015, 5:42:03 PM
[2015.04.08-15.42.03:710][  0]MapCheck: Info Map check complete: 0 Error(s), 0 Warning(s), took 69.63ms to complete.
[2015.04.08-15.42.03:710][  0]LogFileHelpers: Loading map 'FirstPersonExampleMap' took 5.990
[2015.04.08-15.42.05:098][  0]LogCollectionManager: Loaded 0 collections in 0.003892 seconds
[2015.04.08-15.42.05:136][  0]LogContentBrowser: Native class hierarchy populated in 0.0265 seconds. Added 1696 classes and 261 folders.
[2015.04.08-15.42.05:515][  0]LogContentBrowser: Native class hierarchy updated for 'SceneOutliner' in 0.0019 seconds. Added 1 classes and 2 folders.
[2015.04.08-15.42.06:465][  0]LogCrashTracker: Crashtracker disabled due to settings.
[2015.04.08-15.42.06:538][  0]LogSlate:Warning: Failed to load font data from 'Veranda'
[2015.04.08-15.42.06:550][  0]LogUObjectGlobals:Warning: Failed to find object 'Class None.'
[2015.04.08-15.42.06:612][  0]LogLoad: Full Startup: 23.28 seconds (BP compile: 0.65 seconds)
[2015.04.08-15.42.06:697][  0]LogContentBrowser:Verbose: The content browser source was changed by the sources view to '/Game/FirstPersonBP'
[2015.04.08-15.42.08:151][  0]LogRenderer:Warning: Reallocating scene render targets to support 1208x576 (Frame:2).
[2015.04.08-15.42.13:415][118]LogAssetRegistry: Asset discovery search completed in 20.8018 seconds
[2015.04.08-15.42.20:260][500]LogContentBrowser:Verbose: The content browser source was changed by the sources view to 'None'
[2015.04.08-15.42.20:260][500]LogContentBrowser:Verbose: The content browser source was changed by the sources view to '/Game/FirstPersonBP/Blueprints'
[2015.04.08-15.42.22:004][596]LogContentBrowser:Verbose: The content browser source was changed by the sources view to 'None'
[2015.04.08-15.42.22:004][596]LogContentBrowser:Verbose: The content browser source was changed by the sources view to '/Game/FirstPersonBP/Blueprints'
[2015.04.08-15.42.22:230][603]LogContentBrowser:Verbose: The content browser source was changed by the sources view to 'None'
[2015.04.08-15.42.22:230][603]LogContentBrowser:Verbose: The content browser source was changed by the sources view to '/Game/FirstPersonBP/Blueprints'
[2015.04.08-15.42.22:685][629]LogContentBrowser:Verbose: The content browser source was changed by the sources view to 'None'
[2015.04.08-15.42.22:686][629]LogContentBrowser:Verbose: The content browser source was changed by the sources view to '/Game/FirstPersonBP/Blueprints'
[2015.04.08-15.42.22:945][642]LogContentBrowser:Verbose: The content browser source was changed by the sources view to 'None'
[2015.04.08-15.42.22:945][642]LogContentBrowser:Verbose: The content browser source was changed by the sources view to '/Game/FirstPersonBP/Character'
[2015.04.08-15.42.23:684][684]LogContentBrowser:Verbose: The content browser source was changed by the sources view to 'None'
[2015.04.08-15.42.23:685][684]LogContentBrowser:Verbose: The content browser source was changed by the sources view to '/Game/FirstPersonBP/Character'
[2015.04.08-15.42.24:336][720]LogContentBrowser:Verbose: The content browser source was changed by the sources view to 'None'
[2015.04.08-15.42.24:336][720]LogContentBrowser:Verbose: The content browser source was changed by the sources view to '/Game/FirstPersonBP/Character'
[2015.04.08-15.42.25:009][758]LogContentBrowser:Verbose: The content browser source was changed by the sources view to 'None'
[2015.04.08-15.42.25:009][758]LogContentBrowser:Verbose: The content browser source was changed by the sources view to '/Game/FirstPersonBP/Animations'
[2015.04.08-15.42.25:010][758]LogContentBrowser:Verbose: The content browser source was changed by the sources view to 'None'
[2015.04.08-15.42.25:010][758]LogContentBrowser:Verbose: The content browser source was changed by the sources view to '/Game/FirstPersonBP/Animations'
[2015.04.08-15.42.25:011][758]LogContentBrowser:Verbose: The content browser source was changed by the sources view to 'None'
[2015.04.08-15.42.25:011][758]LogContentBrowser:Verbose: The content browser source was changed by the sources view to '/Game/FirstPersonBP/Animations'
[2015.04.08-15.42.25:012][758]LogContentBrowser:Verbose: The content browser source was changed by the sources view to 'None'
[2015.04.08-15.42.25:012][758]LogContentBrowser:Verbose: The content browser source was changed by the sources view to '/Game/FirstPersonBP/Animations'
[2015.04.08-15.42.25:012][758]LogContentBrowser:Verbose: The content browser source was changed by the sources view to 'None'
[2015.04.08-15.42.25:012][758]LogContentBrowser:Verbose: The content browser source was changed by the sources view to '/Game/FirstPersonBP/Animations'
[2015.04.08-15.42.25:013][758]LogContentBrowser:Verbose: The content browser source was changed by the sources view to 'None'
[2015.04.08-15.42.25:013][758]LogContentBrowser:Verbose: The content browser source was changed by the sources view to '/Game/FirstPersonBP/Animations'
[2015.04.08-15.42.25:631][791]LogContentBrowser:Verbose: The content browser source was changed by the sources view to 'None'
[2015.04.08-15.42.25:632][791]LogContentBrowser:Verbose: The content browser source was changed by the sources view to '/Game/FirstPersonBP/Meshes'
[2015.04.08-15.42.25:633][791]LogContentBrowser:Verbose: The content browser source was changed by the sources view to 'None'
[2015.04.08-15.42.25:633][791]LogContentBrowser:Verbose: The content browser source was changed by the sources view to '/Game/FirstPersonBP/Meshes'
[2015.04.08-15.42.25:633][791]LogContentBrowser:Verbose: The content browser source was changed by the sources view to 'None'
[2015.04.08-15.42.25:633][791]LogContentBrowser:Verbose: The content browser source was changed by the sources view to '/Game/FirstPersonBP/Meshes'
[2015.04.08-15.42.26:194][822]LogContentBrowser:Verbose: The content browser source was changed by the sources view to 'None'
[2015.04.08-15.42.26:194][822]LogContentBrowser:Verbose: The content browser source was changed by the sources view to '/Game/FirstPersonBP/Textures'
[2015.04.08-15.42.26:681][845]LogEditorViewport: Clicking on Actor (double click): StaticMeshActor (Floor2)
[2015.04.08-15.42.27:813][875]LogContentBrowser:Verbose: The content browser source was changed by the sources view to 'None'
[2015.04.08-15.42.27:813][875]LogContentBrowser:Verbose: The content browser source was changed by the sources view to '/Game/FirstPersonBP/Audio'
[2015.04.08-15.42.28:321][902]LogUObjectGlobals:Warning: Failed to find object 'Object None.LevelToolbarPlay'
[2015.04.08-15.42.29:280][944]LogLinker:Warning: Asset '../../../Engine/Content/Tutorial/Mobile/CreatingSigningCertAndProvisionTutorial.uasset' has been saved with empty engine version. The asset will be loaded but may be incompatible.
[2015.04.08-15.42.29:284][944]LogLinker:Warning: Asset '../../../Engine/Content/Tutorial/Mobile/InstallingiTunesTutorial.uasset' has been saved with empty engine version. The asset will be loaded but may be incompatible.
[2015.04.08-15.42.29:287][944]LogLinker:Warning: Asset '../../../Engine/Content/Tutorial/Mobile/SettingUpAndroidTutorial.uasset' has been saved with empty engine version. The asset will be loaded but may be incompatible.
[2015.04.08-15.42.35:143][263]LogActorComponent: UnregisterComponent: (/Engine/Transient.ProjectileMovementComponent_40__A6522401) Not registered. Aborting.
[2015.04.08-15.42.35:143][263]LogActorComponent: UnregisterComponent: (/Engine/Transient.CharMoveComp) Not registered. Aborting.
[2015.04.08-15.42.39:574][406]LogActorComponent: UnregisterComponent: (/Engine/Transient.CharMoveComp) Not registered. Aborting.
[2015.04.08-15.42.44:724][406]LogActorComponent: UnregisterComponent: (/Engine/Transient.CharMoveComp) Not registered. Aborting.
[2015.04.08-15.42.49:762][406]LogObjectTools:Warning: ForceReplaceReferences replaced references for a transient object 'DEADCLASS_FirstPersonCharacter_C_0' or package '/Engine/Transient'.
[2015.04.08-15.42.49:762][406]LogObjectTools:Warning: ForceReplaceReferences replaced references for a transient object 'DEADCLASS_FirstPersonCharacter_C_1' or package '/Engine/Transient'.
[2015.04.08-15.42.49:763][406]LogObjectTools:Warning: ForceReplaceReferences replaced references for a transient object 'ExecuteUbergraph_FirstPersonCharacter' or package '/Engine/Transient'.
[2015.04.08-15.42.49:764][406]LogObjectTools:Warning: ForceReplaceReferences replaced references for a transient object 'REINST_SKEL_FirstPersonCharacter_C_96' or package '/Engine/Transient'.
[2015.04.08-15.42.49:764][406]LogObjectTools:Warning: ForceReplaceReferences replaced references for a transient object 'REINST_FirstPersonCharacter_C_95' or package '/Engine/Transient'.
[2015.04.08-15.42.51:978][524]LogContentBrowser:Verbose: The content browser source was changed by the sources view to '/Game/FirstPersonBP/Blueprints'
[2015.04.08-15.42.55:364][687]LogContentBrowser:Verbose: The content browser source was changed by the sources view to '/Game/FirstPersonBP/Blueprints'
[2015.04.08-15.43.07:803][378]LogActorComponent: UnregisterComponent: (/Engine/Transient.ProjectileMovementComponent_40__A6522401) Not registered. Aborting.
[2015.04.08-15.43.10:474][378]LogObjectTools:Warning: ForceReplaceReferences replaced references for a transient object 'DEADCLASS_FirstPersonProjectile_C_2' or package '/Engine/Transient'.
[2015.04.08-15.43.10:474][378]LogObjectTools:Warning: ForceReplaceReferences replaced references for a transient object 'DEADCLASS_FirstPersonProjectile_C_3' or package '/Engine/Transient'.
[2015.04.08-15.43.10:474][378]LogObjectTools:Warning: ForceReplaceReferences replaced references for a transient object 'DEADCLASS_FirstPersonHUD_C_6' or package '/Engine/Transient'.
[2015.04.08-15.43.10:474][378]LogObjectTools:Warning: ForceReplaceReferences replaced references for a transient object 'DEADCLASS_FirstPersonHUD_C_7' or package '/Engine/Transient'.
[2015.04.08-15.43.10:474][378]LogObjectTools:Warning: ForceReplaceReferences replaced references for a transient object 'DEADCLASS_FirstPersonGameMode_C_4' or package '/Engine/Transient'.
[2015.04.08-15.43.10:474][378]LogObjectTools:Warning: ForceReplaceReferences replaced references for a transient object 'Default__DEADCLASS_FirstPersonGameMode_C_4' or package '/Engine/Transient'.
[2015.04.08-15.43.10:474][378]LogObjectTools:Warning: ForceReplaceReferences replaced references for a transient object 'DEADCLASS_FirstPersonGameMode_C_5' or package '/Engine/Transient'.
[2015.04.08-15.43.10:475][378]LogObjectTools:Warning: ForceReplaceReferences replaced references for a transient object 'REINST_SKEL_FirstPersonHUD_C_118' or package '/Engine/Transient'.
[2015.04.08-15.43.10:475][378]LogObjectTools:Warning: ForceReplaceReferences replaced references for a transient object 'REINST_FirstPersonHUD_C_117' or package '/Engine/Transient'.
[2015.04.08-15.43.10:475][378]LogObjectTools:Warning: ForceReplaceReferences replaced references for a transient object 'REINST_SKEL_FirstPersonGameMode_C_116' or package '/Engine/Transient'.
[2015.04.08-15.43.10:475][378]LogObjectTools:Warning: ForceReplaceReferences replaced references for a transient object 'Default__REINST_FirstPersonGameMode_C_115' or package '/Engine/Transient'.
[2015.04.08-15.43.10:475][378]LogObjectTools:Warning: ForceReplaceReferences replaced references for a transient object 'REINST_FirstPersonGameMode_C_115' or package '/Engine/Transient'.
[2015.04.08-15.43.10:475][378]LogObjectTools:Warning: ForceReplaceReferences replaced references for a transient object 'REINST_SKEL_FirstPersonProjectile_C_114' or package '/Engine/Transient'.
[2015.04.08-15.43.10:475][378]LogObjectTools:Warning: ForceReplaceReferences replaced references for a transient object 'REINST_FirstPersonProjectile_C_113' or package '/Engine/Transient'.
[2015.04.08-15.43.12:804][503]Cmd: TRANSACTION UNDO
[2015.04.08-15.43.12:804][503]LogEditorTransaction: Undo Clicking on Actors (double-click)
[2015.04.08-15.43.13:951][551]LogContentBrowser:Verbose: The content browser source was changed by the sources view to '/Game/FirstPersonBP/Blueprints/GameState'
[2015.04.08-15.43.20:201][907]LogMetaData: Removing '/Game/FirstPersonBP/Blueprints/GameState/GameMode.SKEL_GameMode_C' ref from Metadata '/Game/FirstPersonBP/Blueprints/GameState/FirstPersonGameMode.PackageMetaData'
[2015.04.08-15.43.20:201][907]LogMetaData: Removing '/Game/FirstPersonBP/Blueprints/GameState/GameMode.GameMode_C' ref from Metadata '/Game/FirstPersonBP/Blueprints/GameState/FirstPersonGameMode.PackageMetaData'
[2015.04.08-15.43.20:327][907]LogSavePackage: Save=22.263542ms
[2015.04.08-15.43.20:327][907]LogSavePackage: Moving '../../../../../../Users/Axel/Documents/GitHub/08-46/UE4-Project/Project_8_46/Saved/GameModeB9B118A145C8EDAB5EA751BD6E3523AB.tmp' to '../../../../../../Users/Axel/Documents/GitHub/08-46/UE4-Project/Project_8_46/Content/FirstPersonBP/Blueprints/GameState/GameMode.uasset'
[2015.04.08-15.43.27:858][223]LogMetaData: Removing '/Game/FirstPersonBP/Blueprints/GameState/HUD.SKEL_HUD_C' ref from Metadata '/Game/FirstPersonBP/Blueprints/GameState/FirstPersonHUD.PackageMetaData'
[2015.04.08-15.43.27:858][223]LogMetaData: Removing '/Game/FirstPersonBP/Blueprints/GameState/HUD.HUD_C' ref from Metadata '/Game/FirstPersonBP/Blueprints/GameState/FirstPersonHUD.PackageMetaData'
[2015.04.08-15.43.27:976][223]LogSavePackage: Save=26.974566ms
[2015.04.08-15.43.27:976][223]LogSavePackage: Moving '../../../../../../Users/Axel/Documents/GitHub/08-46/UE4-Project/Project_8_46/Saved/HUD0EA6799949E1D1DE9D7CB0A0AC0C195C.tmp' to '../../../../../../Users/Axel/Documents/GitHub/08-46/UE4-Project/Project_8_46/Content/FirstPersonBP/Blueprints/GameState/HUD.uasset'
[2015.04.08-15.43.31:083][399]LogContentBrowser:Verbose: The content browser source was changed by the sources view to 'None'
[2015.04.08-15.43.32:083][452]LogContentBrowser:Verbose: The content browser source was changed by the sources view to '/Game/FirstPersonBP/Blueprints'
[2015.04.08-15.43.33:970][558]LogContentBrowser:Verbose: The content browser source was changed by the sources view to '/Game/FirstPersonBP/Blueprints'
[2015.04.08-15.43.38:885][838]LogContentBrowser:Verbose: The content browser source was changed by the sources view to '/Game/FirstPersonBP/Blueprints'
[2015.04.08-15.43.45:446][229]LogContentBrowser:Verbose: The content browser source was changed by the sources view to '/Game/FirstPersonBP/Blueprints/Character'
[2015.04.08-15.43.47:074][312]LogContentBrowser:Verbose: The content browser source was changed by the sources view to '/Game/FirstPersonBP/Blueprints/Character'
[2015.04.08-15.43.50:554][506]LogContentBrowser:Verbose: The content browser source was changed by the sources view to '/Game/FirstPersonBP/Blueprints/Character'
[2015.04.08-15.43.56:577][863]LogContentBrowser:Verbose: The content browser source was changed by the sources view to 'None'
[2015.04.08-15.43.58:049][943]LogContentBrowser:Verbose: The content browser source was changed by the sources view to '/Game/FirstPersonBP/Audio'
[2015.04.08-15.43.58:799][986]LogContentBrowser:Verbose: The content browser source was changed by the sources view to '/Game/FirstPersonBP/Animations'
[2015.04.08-15.44.03:641][141]LogObjectTools:Warning: ForceReplaceReferences replaced references for a transient object 'FirstPerson_AnimBlueprint_C_67' or package '/Engine/Transient'.
[2015.04.08-15.44.03:641][141]LogObjectTools:Warning: ForceReplaceReferences replaced references for a transient object 'FirstPerson_AnimBlueprint_C_66' or package '/Engine/Transient'.
[2015.04.08-15.44.03:641][141]LogObjectTools:Warning: ForceReplaceReferences replaced references for a transient object 'FirstPerson_AnimBlueprint_C_65' or package '/Engine/Transient'.
[2015.04.08-15.44.03:642][141]LogObjectTools:Warning: ForceReplaceReferences replaced references for a transient object 'FirstPerson_AnimBlueprint_C_64' or package '/Engine/Transient'.
[2015.04.08-15.44.03:642][141]LogObjectTools:Warning: ForceReplaceReferences replaced references for a transient object 'FirstPerson_AnimBlueprint_C_63' or package '/Engine/Transient'.
[2015.04.08-15.44.03:643][141]LogObjectTools:Warning: ForceReplaceReferences replaced references for a transient object 'FirstPerson_AnimBlueprint_C_62' or package '/Engine/Transient'.
[2015.04.08-15.44.03:643][141]LogObjectTools:Warning: ForceReplaceReferences replaced references for a transient object 'FirstPerson_AnimBlueprint_C_61' or package '/Engine/Transient'.
[2015.04.08-15.44.03:643][141]LogObjectTools:Warning: ForceReplaceReferences replaced references for a transient object 'FirstPerson_AnimBlueprint_C_60' or package '/Engine/Transient'.
[2015.04.08-15.44.03:644][141]LogObjectTools:Warning: ForceReplaceReferences replaced references for a transient object 'FirstPerson_AnimBlueprint_C_59' or package '/Engine/Transient'.
[2015.04.08-15.44.03:644][141]LogObjectTools:Warning: ForceReplaceReferences replaced references for a transient object 'FirstPerson_AnimBlueprint_C_58' or package '/Engine/Transient'.
[2015.04.08-15.44.03:645][141]LogObjectTools:Warning: ForceReplaceReferences replaced references for a transient object 'FirstPerson_AnimBlueprint_C_57' or package '/Engine/Transient'.
[2015.04.08-15.44.03:645][141]LogObjectTools:Warning: ForceReplaceReferences replaced references for a transient object 'FirstPerson_AnimBlueprint_C_56' or package '/Engine/Transient'.
[2015.04.08-15.44.03:645][141]LogObjectTools:Warning: ForceReplaceReferences replaced references for a transient object 'FirstPerson_AnimBlueprint_C_55' or package '/Engine/Transient'.
[2015.04.08-15.44.03:646][141]LogObjectTools:Warning: ForceReplaceReferences replaced references for a transient object 'FirstPerson_AnimBlueprint_C_54' or package '/Engine/Transient'.
[2015.04.08-15.44.03:646][141]LogObjectTools:Warning: ForceReplaceReferences replaced references for a transient object 'FirstPerson_AnimBlueprint_C_53' or package '/Engine/Transient'.
[2015.04.08-15.44.03:647][141]LogObjectTools:Warning: ForceReplaceReferences replaced references for a transient object 'FirstPerson_AnimBlueprint_C_52' or package '/Engine/Transient'.
[2015.04.08-15.44.03:647][141]LogObjectTools:Warning: ForceReplaceReferences replaced references for a transient object 'FirstPerson_AnimBlueprint_C_51' or package '/Engine/Transient'.
[2015.04.08-15.44.03:647][141]LogObjectTools:Warning: ForceReplaceReferences replaced references for a transient object 'FirstPerson_AnimBlueprint_C_50' or package '/Engine/Transient'.
[2015.04.08-15.44.03:648][141]LogObjectTools:Warning: ForceReplaceReferences replaced references for a transient object 'FirstPerson_AnimBlueprint_C_49' or package '/Engine/Transient'.
[2015.04.08-15.44.03:648][141]LogObjectTools:Warning: ForceReplaceReferences replaced references for a transient object 'FirstPerson_AnimBlueprint_C_48' or package '/Engine/Transient'.
[2015.04.08-15.44.03:648][141]LogObjectTools:Warning: ForceReplaceReferences replaced references for a transient object 'FirstPerson_AnimBlueprint_C_47' or package '/Engine/Transient'.
[2015.04.08-15.44.03:649][141]LogObjectTools:Warning: ForceReplaceReferences replaced references for a transient object 'FirstPerson_AnimBlueprint_C_46' or package '/Engine/Transient'.
[2015.04.08-15.44.03:649][141]LogObjectTools:Warning: ForceReplaceReferences replaced references for a transient object 'FirstPerson_AnimBlueprint_C_45' or package '/Engine/Transient'.
[2015.04.08-15.44.03:650][141]LogObjectTools:Warning: ForceReplaceReferences replaced references for a transient object 'FirstPerson_AnimBlueprint_C_44' or package '/Engine/Transient'.
[2015.04.08-15.44.03:650][141]LogObjectTools:Warning: ForceReplaceReferences replaced references for a transient object 'FirstPerson_AnimBlueprint_C_43' or package '/Engine/Transient'.
[2015.04.08-15.44.03:650][141]LogObjectTools:Warning: ForceReplaceReferences replaced references for a transient object 'FirstPerson_AnimBlueprint_C_42' or package '/Engine/Transient'.
[2015.04.08-15.44.03:651][141]LogObjectTools:Warning: ForceReplaceReferences replaced references for a transient object 'FirstPerson_AnimBlueprint_C_41' or package '/Engine/Transient'.
[2015.04.08-15.44.03:651][141]LogObjectTools:Warning: ForceReplaceReferences replaced references for a transient object 'FirstPerson_AnimBlueprint_C_40' or package '/Engine/Transient'.
[2015.04.08-15.44.03:652][141]LogObjectTools:Warning: ForceReplaceReferences replaced references for a transient object 'FirstPerson_AnimBlueprint_C_39' or package '/Engine/Transient'.
[2015.04.08-15.44.03:652][141]LogObjectTools:Warning: ForceReplaceReferences replaced references for a transient object 'FirstPerson_AnimBlueprint_C_38' or package '/Engine/Transient'.
[2015.04.08-15.44.03:652][141]LogObjectTools:Warning: ForceReplaceReferences replaced references for a transient object 'FirstPerson_AnimBlueprint_C_37' or package '/Engine/Transient'.
[2015.04.08-15.44.03:653][141]LogObjectTools:Warning: ForceReplaceReferences replaced references for a transient object 'FirstPerson_AnimBlueprint_C_36' or package '/Engine/Transient'.
[2015.04.08-15.44.03:653][141]LogObjectTools:Warning: ForceReplaceReferences replaced references for a transient object 'FirstPerson_AnimBlueprint_C_35' or package '/Engine/Transient'.
[2015.04.08-15.44.03:654][141]LogObjectTools:Warning: ForceReplaceReferences replaced references for a transient object 'FirstPerson_AnimBlueprint_C_34' or package '/Engine/Transient'.
[2015.04.08-15.44.03:654][141]LogObjectTools:Warning: ForceReplaceReferences replaced references for a transient object 'FirstPerson_AnimBlueprint_C_33' or package '/Engine/Transient'.
[2015.04.08-15.44.03:654][141]LogObjectTools:Warning: ForceReplaceReferences replaced references for a transient object 'FirstPerson_AnimBlueprint_C_32' or package '/Engine/Transient'.
[2015.04.08-15.44.03:655][141]LogObjectTools:Warning: ForceReplaceReferences replaced references for a transient object 'FirstPerson_AnimBlueprint_C_31' or package '/Engine/Transient'.
[2015.04.08-15.44.03:656][141]LogObjectTools:Warning: ForceReplaceReferences replaced references for a transient object 'FirstPerson_AnimBlueprint_C_30' or package '/Engine/Transient'.
[2015.04.08-15.44.03:656][141]LogObjectTools:Warning: ForceReplaceReferences replaced references for a transient object 'FirstPerson_AnimBlueprint_C_29' or package '/Engine/Transient'.
[2015.04.08-15.44.03:657][141]LogObjectTools:Warning: ForceReplaceReferences replaced references for a transient object 'FirstPerson_AnimBlueprint_C_28' or package '/Engine/Transient'.
[2015.04.08-15.44.03:658][141]LogObjectTools:Warning: ForceReplaceReferences replaced references for a transient object 'FirstPerson_AnimBlueprint_C_27' or package '/Engine/Transient'.
[2015.04.08-15.44.03:658][141]LogObjectTools:Warning: ForceReplaceReferences replaced references for a transient object 'FirstPerson_AnimBlueprint_C_26' or package '/Engine/Transient'.
[2015.04.08-15.44.03:659][141]LogObjectTools:Warning: ForceReplaceReferences replaced references for a transient object 'FirstPerson_AnimBlueprint_C_25' or package '/Engine/Transient'.
[2015.04.08-15.44.03:659][141]LogObjectTools:Warning: ForceReplaceReferences replaced references for a transient object 'FirstPerson_AnimBlueprint_C_24' or package '/Engine/Transient'.
[2015.04.08-15.44.03:660][141]LogObjectTools:Warning: ForceReplaceReferences replaced references for a transient object 'FirstPerson_AnimBlueprint_C_23' or package '/Engine/Transient'.
[2015.04.08-15.44.03:660][141]LogObjectTools:Warning: ForceReplaceReferences replaced references for a transient object 'FirstPerson_AnimBlueprint_C_22' or package '/Engine/Transient'.
[2015.04.08-15.44.03:661][141]LogObjectTools:Warning: ForceReplaceReferences replaced references for a transient object 'FirstPerson_AnimBlueprint_C_21' or package '/Engine/Transient'.
[2015.04.08-15.44.03:661][141]LogObjectTools:Warning: ForceReplaceReferences replaced references for a transient object 'FirstPerson_AnimBlueprint_C_20' or package '/Engine/Transient'.
[2015.04.08-15.44.03:662][141]LogObjectTools:Warning: ForceReplaceReferences replaced references for a transient object 'FirstPerson_AnimBlueprint_C_19' or package '/Engine/Transient'.
[2015.04.08-15.44.03:662][141]LogObjectTools:Warning: ForceReplaceReferences replaced references for a transient object 'FirstPerson_AnimBlueprint_C_18' or package '/Engine/Transient'.
[2015.04.08-15.44.03:662][141]LogObjectTools:Warning: ForceReplaceReferences replaced references for a transient object 'FirstPerson_AnimBlueprint_C_17' or package '/Engine/Transient'.
[2015.04.08-15.44.03:663][141]LogObjectTools:Warning: ForceReplaceReferences replaced references for a transient object 'FirstPerson_AnimBlueprint_C_16' or package '/Engine/Transient'.
[2015.04.08-15.44.03:663][141]LogObjectTools:Warning: ForceReplaceReferences replaced references for a transient object 'FirstPerson_AnimBlueprint_C_15' or package '/Engine/Transient'.
[2015.04.08-15.44.03:664][141]LogObjectTools:Warning: ForceReplaceReferences replaced references for a transient object 'FirstPerson_AnimBlueprint_C_14' or package '/Engine/Transient'.
[2015.04.08-15.44.03:664][141]LogObjectTools:Warning: ForceReplaceReferences replaced references for a transient object 'FirstPerson_AnimBlueprint_C_13' or package '/Engine/Transient'.
[2015.04.08-15.44.03:664][141]LogObjectTools:Warning: ForceReplaceReferences replaced references for a transient object 'FirstPerson_AnimBlueprint_C_12' or package '/Engine/Transient'.
[2015.04.08-15.44.03:665][141]LogObjectTools:Warning: ForceReplaceReferences replaced references for a transient object 'FirstPerson_AnimBlueprint_C_11' or package '/Engine/Transient'.
[2015.04.08-15.44.03:665][141]LogObjectTools:Warning: ForceReplaceReferences replaced references for a transient object 'FirstPerson_AnimBlueprint_C_10' or package '/Engine/Transient'.
[2015.04.08-15.44.03:666][141]LogObjectTools:Warning: ForceReplaceReferences replaced references for a transient object 'FirstPerson_AnimBlueprint_C_9' or package '/Engine/Transient'.
[2015.04.08-15.44.03:666][141]LogObjectTools:Warning: ForceReplaceReferences replaced references for a transient object 'FirstPerson_AnimBlueprint_C_8' or package '/Engine/Transient'.
[2015.04.08-15.44.03:667][141]LogObjectTools:Warning: ForceReplaceReferences replaced references for a transient object 'FirstPerson_AnimBlueprint_C_7' or package '/Engine/Transient'.
[2015.04.08-15.44.03:667][141]LogObjectTools:Warning: ForceReplaceReferences replaced references for a transient object 'FirstPerson_AnimBlueprint_C_6' or package '/Engine/Transient'.
[2015.04.08-15.44.05:319][212]LogContentBrowser:Verbose: The content browser source was changed by the sources view to '/Game/FirstPersonBP/Character'
[2015.04.08-15.44.10:117][365]LogObjectTools:Warning: ForceReplaceReferences replaced references for a transient object 'DEADCLASS_FirstPerson_AnimBlueprint_C_8' or package '/Engine/Transient'.
[2015.04.08-15.44.10:117][365]LogObjectTools:Warning: ForceReplaceReferences replaced references for a transient object 'DEADCLASS_FirstPerson_AnimBlueprint_C_9' or package '/Engine/Transient'.
[2015.04.08-15.44.10:119][365]LogObjectTools:Warning: ForceReplaceReferences replaced references for a transient object 'AnimSingleNodeInstance_586' or package '/Engine/Transient'.
[2015.04.08-15.44.10:119][365]LogObjectTools:Warning: ForceReplaceReferences replaced references for a transient object 'REINST_SKEL_FirstPerson_AnimBlueprint_C_6' or package '/Engine/Transient'.
[2015.04.08-15.44.10:119][365]LogObjectTools:Warning: ForceReplaceReferences replaced references for a transient object 'REINST_FirstPerson_AnimBlueprint_C_5' or package '/Engine/Transient'.
[2015.04.08-15.44.15:047][634]LogContentBrowser:Verbose: The content browser source was changed by the sources view to '/Game/FirstPersonBP/Maps'
[2015.04.08-15.44.20:129][847]LightingResults: New page: Lighting Build
[2015.04.08-15.44.20:129][847]MapCheck: New page: Map Check
[2015.04.08-15.44.20:129][847]LightingResults: New page: Lighting Build
[2015.04.08-15.44.20:174][847]LogParticles: Destroying 0 GPU particle simulations for FXSystem 0x000000F013C4FC40
[2015.04.08-15.44.20:266][847]LogAIModule: Creating AISystem for world NewWorld
[2015.04.08-15.44.20:282][847]LoadErrors: New page: New Map
[2015.04.08-15.44.20:287][847]LogLinker:Warning: Can't find file '/Game/FirstPersonBP/Blueprints/FirstPersonCharacter'
[2015.04.08-15.44.20:287][847]LogLinker:Warning: Can't find file for asset '/Game/FirstPersonBP/Blueprints/FirstPersonCharacter' while loading ../../../../../../Users/Axel/Documents/GitHub/08-46/UE4-Project/Project_8_46/Content/FirstPersonBP/Maps/FirstPersonExampleMap.umap.
[2015.04.08-15.44.20:287][847]LoadErrors:Error: Error /Game/FirstPersonBP/Maps/FirstPersonExampleMap : Can't find file for asset. /Game/FirstPersonBP/Blueprints/FirstPersonCharacter
[2015.04.08-15.44.20:289][847]LogLinker:Warning: Can't find file '/Game/FirstPersonBP/Blueprints/FirstPersonCharacter'
[2015.04.08-15.44.20:289][847]LogLinker:Warning: Can't find file for asset '/Game/FirstPersonBP/Blueprints/FirstPersonCharacter' while loading ../../../../../../Users/Axel/Documents/GitHub/08-46/UE4-Project/Project_8_46/Content/FirstPersonBP/Maps/FirstPersonExampleMap.umap.
[2015.04.08-15.44.20:289][847]LogLinker:Warning: Can't find file '/Game/FirstPersonBP/Blueprints/FirstPersonCharacter'
[2015.04.08-15.44.20:289][847]LogLinker:Warning: Can't find file for asset '/Game/FirstPersonBP/Blueprints/FirstPersonCharacter' while loading ../../../../../../Users/Axel/Documents/GitHub/08-46/UE4-Project/Project_8_46/Content/FirstPersonBP/Maps/FirstPersonExampleMap.umap.
[2015.04.08-15.44.20:290][847]LogLinker:Warning: Can't find file '/Game/FirstPersonBP/Blueprints/FirstPersonCharacter'
[2015.04.08-15.44.20:290][847]LogLinker:Warning: Can't find file for asset '/Game/FirstPersonBP/Blueprints/FirstPersonCharacter' while loading ../../../../../../Users/Axel/Documents/GitHub/08-46/UE4-Project/Project_8_46/Content/FirstPersonBP/Maps/FirstPersonExampleMap.umap.
[2015.04.08-15.44.20:290][847]LogLinker:Warning: Can't find file '/Game/FirstPersonBP/Blueprints/FirstPersonCharacter'
[2015.04.08-15.44.20:290][847]LogLinker:Warning: Can't find file for asset '/Game/FirstPersonBP/Blueprints/FirstPersonCharacter' while loading ../../../../../../Users/Axel/Documents/GitHub/08-46/UE4-Project/Project_8_46/Content/FirstPersonBP/Maps/FirstPersonExampleMap.umap.
[2015.04.08-15.44.20:294][847]LogLinker:Warning: Can't find file '/Game/FirstPersonBP/Blueprints/FirstPersonCharacter'
[2015.04.08-15.44.20:294][847]LogLinker:Warning: Can't find file for asset '/Game/FirstPersonBP/Blueprints/FirstPersonCharacter' while loading ../../../../../../Users/Axel/Documents/GitHub/08-46/UE4-Project/Project_8_46/Content/FirstPersonBP/Maps/FirstPersonExampleMap.umap.
[2015.04.08-15.44.20:296][847]LogLinker:Warning: Can't find file '/Game/FirstPersonBP/Blueprints/FirstPersonCharacter'
[2015.04.08-15.44.20:296][847]LogLinker:Warning: Can't find file for asset '/Game/FirstPersonBP/Blueprints/FirstPersonCharacter' while loading ../../../../../../Users/Axel/Documents/GitHub/08-46/UE4-Project/Project_8_46/Content/FirstPersonBP/Maps/FirstPersonExampleMap.umap.
[2015.04.08-15.44.20:297][847]LogLinker:Warning: Can't find file '/Game/FirstPersonBP/Blueprints/FirstPersonCharacter'
[2015.04.08-15.44.20:298][847]LogLinker:Warning: Can't find file for asset '/Game/FirstPersonBP/Blueprints/FirstPersonCharacter' while loading ../../../../../../Users/Axel/Documents/GitHub/08-46/UE4-Project/Project_8_46/Content/FirstPersonBP/Maps/FirstPersonExampleMap.umap.
[2015.04.08-15.44.20:298][847]LogLinker:Warning: Can't find file '/Game/FirstPersonBP/Blueprints/FirstPersonCharacter'
[2015.04.08-15.44.20:298][847]LogLinker:Warning: Can't find file for asset '/Game/FirstPersonBP/Blueprints/FirstPersonCharacter' while loading ../../../../../../Users/Axel/Documents/GitHub/08-46/UE4-Project/Project_8_46/Content/FirstPersonBP/Maps/FirstPersonExampleMap.umap.
[2015.04.08-15.44.20:300][847]LogLinker:Warning: Can't find file '/Game/FirstPersonBP/Blueprints/FirstPersonCharacter'
[2015.04.08-15.44.20:300][847]LogLinker:Warning: Can't find file for asset '/Game/FirstPersonBP/Blueprints/FirstPersonCharacter' while loading NULL.
[2015.04.08-15.44.20:300][847]LogLinker:Warning: Can't find file '/Game/FirstPersonBP/Blueprints/FirstPersonCharacter'
[2015.04.08-15.44.20:301][847]LogLinker:Warning: Can't find file for asset '/Game/FirstPersonBP/Blueprints/FirstPersonCharacter' while loading NULL.
[2015.04.08-15.44.20:301][847]LogLinker:Warning: Can't find file '/Game/FirstPersonBP/Blueprints/FirstPersonCharacter'
[2015.04.08-15.44.20:301][847]LogLinker:Warning: Can't find file for asset '/Game/FirstPersonBP/Blueprints/FirstPersonCharacter' while loading NULL.
[2015.04.08-15.44.20:301][847]LogLinker:Warning: Can't find file '/Game/FirstPersonBP/Blueprints/FirstPersonCharacter'
[2015.04.08-15.44.20:301][847]LogLinker:Warning: Can't find file for asset '/Game/FirstPersonBP/Blueprints/FirstPersonCharacter' while loading NULL.
[2015.04.08-15.44.20:301][847]LogLinker:Warning: Can't find file '/Game/FirstPersonBP/Blueprints/FirstPersonCharacter'
[2015.04.08-15.44.20:302][847]LogLinker:Warning: Can't find file for asset '/Game/FirstPersonBP/Blueprints/FirstPersonCharacter' while loading NULL.
[2015.04.08-15.44.20:302][847]LogLinker:Warning: Can't find file '/Game/FirstPersonBP/Blueprints/FirstPersonCharacter'
[2015.04.08-15.44.20:302][847]LogLinker:Warning: Can't find file for asset '/Game/FirstPersonBP/Blueprints/FirstPersonCharacter' while loading NULL.
[2015.04.08-15.44.20:302][847]LogLinker:Warning: Can't find file '/Game/FirstPersonBP/Blueprints/FirstPersonCharacter'
[2015.04.08-15.44.20:302][847]LogLinker:Warning: Can't find file for asset '/Game/FirstPersonBP/Blueprints/FirstPersonCharacter' while loading NULL.
[2015.04.08-15.44.20:302][847]LogLinker:Warning: Can't find file '/Game/FirstPersonBP/Blueprints/FirstPersonCharacter'
[2015.04.08-15.44.20:302][847]LogLinker:Warning: Can't find file for asset '/Game/FirstPersonBP/Blueprints/FirstPersonCharacter' while loading NULL.
[2015.04.08-15.44.20:303][847]LogLinker:Warning: Can't find file '/Game/FirstPersonBP/Blueprints/FirstPersonCharacter'
[2015.04.08-15.44.20:303][847]LogLinker:Warning: Can't find file for asset '/Game/FirstPersonBP/Blueprints/FirstPersonCharacter' while loading NULL.
[2015.04.08-15.44.20:304][847]LogLinker:Warning: Can't find file '/Game/FirstPersonBP/Blueprints/FirstPersonCharacter'
[2015.04.08-15.44.20:304][847]LogLinker:Warning: Can't find file for asset '/Game/FirstPersonBP/Blueprints/FirstPersonCharacter' while loading NULL.
[2015.04.08-15.44.20:305][847]LogLinker:Warning: Can't find file '/Game/FirstPersonBP/Blueprints/FirstPersonCharacter'
[2015.04.08-15.44.20:305][847]LogLinker:Warning: Can't find file for asset '/Game/FirstPersonBP/Blueprints/FirstPersonCharacter' while loading NULL.
[2015.04.08-15.44.20:305][847]LogLinker:Warning: CreateExport: Failed to load Outer for resource 'Arrow': FirstPersonCharacter_C /Game/FirstPersonBP/Maps/FirstPersonExampleMap.FirstPersonExampleMap:PersistentLevel.FirstPersonCharacter_18
[2015.04.08-15.44.20:306][847]LogLinker:Warning: Can't find file '/Game/FirstPersonBP/Blueprints/FirstPersonCharacter'
[2015.04.08-15.44.20:307][847]LogLinker:Warning: Can't find file for asset '/Game/FirstPersonBP/Blueprints/FirstPersonCharacter' while loading NULL.
[2015.04.08-15.44.20:307][847]LogLinker:Warning: Can't find file '/Game/FirstPersonBP/Blueprints/FirstPersonCharacter'
[2015.04.08-15.44.20:307][847]LogLinker:Warning: Can't find file for asset '/Game/FirstPersonBP/Blueprints/FirstPersonCharacter' while loading NULL.
[2015.04.08-15.44.20:307][847]LogLinker:Warning: CreateExport: Failed to load Outer for resource 'FirstPersonCamera': FirstPersonCharacter_C /Game/FirstPersonBP/Maps/FirstPersonExampleMap.FirstPersonExampleMap:PersistentLevel.FirstPersonCharacter_18
[2015.04.08-15.44.20:307][847]LogLinker:Warning: Can't find file '/Game/FirstPersonBP/Blueprints/FirstPersonCharacter'
[2015.04.08-15.44.20:307][847]LogLinker:Warning: Can't find file for asset '/Game/FirstPersonBP/Blueprints/FirstPersonCharacter' while loading NULL.
[2015.04.08-15.44.20:307][847]LogLinker:Warning: Can't find file '/Game/FirstPersonBP/Blueprints/FirstPersonCharacter'
[2015.04.08-15.44.20:308][847]LogLinker:Warning: Can't find file for asset '/Game/FirstPersonBP/Blueprints/FirstPersonCharacter' while loading NULL.
[2015.04.08-15.44.20:308][847]LogLinker:Warning: CreateExport: Failed to load Outer for resource 'CollisionCylinder': FirstPersonCharacter_C /Game/FirstPersonBP/Maps/FirstPersonExampleMap.FirstPersonExampleMap:PersistentLevel.FirstPersonCharacter_18
[2015.04.08-15.44.20:308][847]LogLinker:Warning: Can't find file '/Game/FirstPersonBP/Blueprints/FirstPersonCharacter'
[2015.04.08-15.44.20:308][847]LogLinker:Warning: Can't find file for asset '/Game/FirstPersonBP/Blueprints/FirstPersonCharacter' while loading NULL.
[2015.04.08-15.44.20:308][847]LogLinker:Warning: Can't find file '/Game/FirstPersonBP/Blueprints/FirstPersonCharacter'
[2015.04.08-15.44.20:308][847]LogLinker:Warning: Can't find file for asset '/Game/FirstPersonBP/Blueprints/FirstPersonCharacter' while loading NULL.
[2015.04.08-15.44.20:308][847]LogLinker:Warning: CreateExport: Failed to load Outer for resource 'CharMoveComp': FirstPersonCharacter_C /Game/FirstPersonBP/Maps/FirstPersonExampleMap.FirstPersonExampleMap:PersistentLevel.FirstPersonCharacter_18
[2015.04.08-15.44.20:309][847]LogLinker:Warning: Can't find file '/Game/FirstPersonBP/Blueprints/FirstPersonCharacter'
[2015.04.08-15.44.20:309][847]LogLinker:Warning: Can't find file for asset '/Game/FirstPersonBP/Blueprints/FirstPersonCharacter' while loading NULL.
[2015.04.08-15.44.20:309][847]LogLinker:Warning: Can't find file '/Game/FirstPersonBP/Blueprints/FirstPersonCharacter'
[2015.04.08-15.44.20:309][847]LogLinker:Warning: Can't find file for asset '/Game/FirstPersonBP/Blueprints/FirstPersonCharacter' while loading NULL.
[2015.04.08-15.44.20:312][847]LogLinker:Warning: Can't find file '/Game/FirstPersonBP/Blueprints/FirstPersonCharacter'
[2015.04.08-15.44.20:312][847]LogLinker:Warning: Can't find file for asset '/Game/FirstPersonBP/Blueprints/FirstPersonCharacter' while loading NULL.
[2015.04.08-15.44.20:312][847]LogLinker:Warning: Can't find file '/Game/FirstPersonBP/Blueprints/FirstPersonCharacter'
[2015.04.08-15.44.20:312][847]LogLinker:Warning: Can't find file for asset '/Game/FirstPersonBP/Blueprints/FirstPersonCharacter' while loading NULL.
[2015.04.08-15.44.20:312][847]LogLinker:Warning: CreateExport: Failed to load Outer for resource 'CharacterMesh0': FirstPersonCharacter_C /Game/FirstPersonBP/Maps/FirstPersonExampleMap.FirstPersonExampleMap:PersistentLevel.FirstPersonCharacter_18
[2015.04.08-15.44.20:313][847]LogLinker:Warning: Can't find file '/Game/FirstPersonBP/Blueprints/FirstPersonCharacter'
[2015.04.08-15.44.20:313][847]LogLinker:Warning: Can't find file for asset '/Game/FirstPersonBP/Blueprints/FirstPersonCharacter' while loading NULL.
[2015.04.08-15.44.20:313][847]LogLinker:Warning: Can't find file '/Game/FirstPersonBP/Blueprints/FirstPersonCharacter'
[2015.04.08-15.44.20:313][847]LogLinker:Warning: Can't find file for asset '/Game/FirstPersonBP/Blueprints/FirstPersonCharacter' while loading NULL.
[2015.04.08-15.44.20:313][847]LogLinker:Warning: CreateExport: Failed to load Outer for resource 'Mesh1P': FirstPersonCharacter_C /Game/FirstPersonBP/Maps/FirstPersonExampleMap.FirstPersonExampleMap:PersistentLevel.FirstPersonCharacter_18
[2015.04.08-15.44.20:317][847]LogLinker:Warning: Can't find file '/Game/FirstPersonBP/Blueprints/FirstPersonCharacter'
[2015.04.08-15.44.20:317][847]LogLinker:Warning: Can't find file for asset '/Game/FirstPersonBP/Blueprints/FirstPersonCharacter' while loading NULL.
[2015.04.08-15.44.20:317][847]LogLinker:Warning: Can't find file '/Game/FirstPersonBP/Blueprints/FirstPersonCharacter'
[2015.04.08-15.44.20:317][847]LoadErrors: Info Failed to load /Game/FirstPersonBP/Blueprints/FirstPersonCharacter.FirstPersonCharacter_C Referenced by PersistentLevel
[2015.04.08-15.44.20:317][847]LogLinker:Warning: Can't find file for asset '/Game/FirstPersonBP/Blueprints/FirstPersonCharacter' while loading NULL.
[2015.04.08-15.44.28:544][ 64]Cmd: MAP LOAD FILE="../../../Engine/Content/Maps/Templates/Template_Default.umap" TEMPLATE=1 SHOWPROGRESS=1 FEATURELEVEL=3
[2015.04.08-15.44.28:635][ 64]LightingResults: New page: Lighting Build
[2015.04.08-15.44.28:668][ 64]LoadErrors: New page: Loading map: Template_Default.umap
[2015.04.08-15.44.28:668][ 64]MapCheck: New page: Map Check
[2015.04.08-15.44.28:668][ 64]LightingResults: New page: Lighting Build
[2015.04.08-15.44.28:683][ 64]LogParticles: Destroying 0 GPU particle simulations for FXSystem 0x000000F03DA700E0
[2015.04.08-15.44.28:715][ 64]LogEditorServer: Finished looking for orphan Actors (0.000 secs)
[2015.04.08-15.44.28:721][ 64]LogAIModule: Creating AISystem for world Untitled_2
[2015.04.08-15.44.28:729][ 64]Cmd: MAP CHECKDEP
[2015.04.08-15.44.28:729][ 64]MapCheck: New page: Untitled_2 - Apr 8, 2015, 5:44:28 PM
[2015.04.08-15.44.28:812][ 64]MapCheck: Info Map check complete: 0 Error(s), 0 Warning(s), took 83.589ms to complete.
[2015.04.08-15.44.28:812][ 64]LogFileHelpers: Loading map 'Template_Default' took 0.273
[2015.04.08-15.44.43:850][278]LogSavePackage: Save=19.628653ms
[2015.04.08-15.44.43:850][278]LogSavePackage: Moving '../../../../../../Users/Axel/Documents/GitHub/08-46/UE4-Project/Project_8_46/Saved/Main_MapE0E2E23047452CF89E3DB7B6AF9AFF2E.tmp' to '../../../../../../Users/Axel/Documents/GitHub/08-46/UE4-Project/Project_8_46/Content/FirstPersonBP/Maps/Main_Map.umap'
[2015.04.08-15.44.43:938][278]LogFileHelpers: Saving map 'Main_Map' took 1.381
[2015.04.08-15.44.50:466][362]Cmd: MAP LOAD FILE="../../../../../../Users/Axel/Documents/GitHub/08-46/UE4-Project/Project_8_46/Content/FirstPersonBP/Maps/Main_Map.umap" TEMPLATE=0 SHOWPROGRESS=1 FEATURELEVEL=3
[2015.04.08-15.44.50:468][362]LightingResults: New page: Lighting Build
[2015.04.08-15.44.50:509][362]LoadErrors: New page: Loading map: Main_Map.umap
[2015.04.08-15.44.50:510][362]MapCheck: New page: Map Check
[2015.04.08-15.44.50:510][362]LightingResults: New page: Lighting Build
[2015.04.08-15.44.50:518][362]LogParticles: Destroying 0 GPU particle simulations for FXSystem 0x000000F03DC03D80
[2015.04.08-15.44.50:571][362]LogEditorServer: Finished looking for orphan Actors (0.000 secs)
[2015.04.08-15.44.50:575][362]LogAIModule: Creating AISystem for world Main_Map
[2015.04.08-15.44.50:625][362]Cmd: MAP CHECKDEP
[2015.04.08-15.44.50:626][362]MapCheck: New page: Main_Map - Apr 8, 2015, 5:44:50 PM
[2015.04.08-15.44.50:708][362]MapCheck: Info Map check complete: 0 Error(s), 0 Warning(s), took 82.467ms to complete.
[2015.04.08-15.44.50:743][362]LogFileHelpers: Loading map 'Main_Map' took 0.279
[2015.04.08-15.44.52:939][490]LogContentBrowser:Verbose: The content browser source was changed by the sources view to '/Game/FirstPersonBP/Character'
[2015.04.08-15.44.53:555][527]LogContentBrowser:Verbose: The content browser source was changed by the sources view to '/Game/FirstPersonBP/Blueprints'
[2015.04.08-15.44.54:270][569]LogContentBrowser:Verbose: The content browser source was changed by the sources view to '/Game/FirstPersonBP/Audio'
[2015.04.08-15.44.54:704][595]LogContentBrowser:Verbose: The content browser source was changed by the sources view to '/Game/FirstPersonBP/Animations'
[2015.04.08-15.44.55:288][630]LogContentBrowser:Verbose: The content browser source was changed by the sources view to '/Game/FirstPersonBP/Character'
[2015.04.08-15.44.55:837][663]LogContentBrowser:Verbose: The content browser source was changed by the sources view to '/Game/FirstPersonBP/Meshes'
[2015.04.08-15.44.59:117][832]LogActorFactory: Actor Factory created FirstPersonCube_Rounded
[2015.04.08-15.44.59:399][846]LogActorFactory: Actor Factory created FirstPersonCube_Rounded
[2015.04.08-15.45.01:181][944]Cmd: DELETE
[2015.04.08-15.45.01:181][944]Cmd: ACTOR DELETE
[2015.04.08-15.45.01:276][944]LogEditorActor: Deleted Actor: StaticMeshActor
[2015.04.08-15.45.01:286][944]LogEditorActor: Deleted 1 Actors (0.010 secs)
[2015.04.08-15.45.06:952][142]LogContentBrowser:Verbose: The content browser source was changed by the sources view to '/Game/FirstPersonBP/Textures'
[2015.04.08-15.45.10:020][322]LogContentBrowser:Verbose: The content browser source was changed by the sources view to '/Game/FirstPersonBP/Character'
[2015.04.08-15.45.19:615][864]LogSavePackage: Save=22.047184ms
[2015.04.08-15.45.19:615][864]LogSavePackage: Moving '../../../../../../Users/Axel/Documents/GitHub/08-46/UE4-Project/Project_8_46/Saved/Main_Map030FB0B04E2B4658B5C661AD41A2E975.tmp' to '../../../../../../Users/Axel/Documents/GitHub/08-46/UE4-Project/Project_8_46/Content/FirstPersonBP/Maps/Main_Map.umap'
[2015.04.08-15.45.19:636][864]LogFileHelpers: Saving map 'Main_Map' took 0.149
[2015.04.08-15.45.19:649][864]LogSavePackage: Save=3.459678ms
[2015.04.08-15.45.19:649][864]LogSavePackage: Moving '../../../../../../Users/Axel/Documents/GitHub/08-46/UE4-Project/Project_8_46/Saved/FirstPersonHUDFEDA5A464E97AD4BE695408B3439C723.tmp' to '../../../../../../Users/Axel/Documents/GitHub/08-46/UE4-Project/Project_8_46/Content/FirstPersonBP/Blueprints/GameState/FirstPersonHUD.uasset'
[2015.04.08-15.45.19:682][864]LogSavePackage: Save=3.432171ms
[2015.04.08-15.45.19:682][864]LogSavePackage: Moving '../../../../../../Users/Axel/Documents/GitHub/08-46/UE4-Project/Project_8_46/Saved/FirstPerson_Idle19DD2DBE44778306580DA18BC5527DA7.tmp' to '../../../../../../Users/Axel/Documents/GitHub/08-46/UE4-Project/Project_8_46/Content/FirstPersonBP/Animations/FirstPerson_Idle.uasset'
[2015.04.08-15.45.19:710][864]LogSavePackage: Save=3.592695ms
[2015.04.08-15.45.19:710][864]LogSavePackage: Moving '../../../../../../Users/Axel/Documents/GitHub/08-46/UE4-Project/Project_8_46/Saved/FirstPerson_Skeleton45B48DE646B34B6C71642596AADBF838.tmp' to '../../../../../../Users/Axel/Documents/GitHub/08-46/UE4-Project/Project_8_46/Content/FirstPersonBP/Character/FirstPerson_Skeleton.uasset'
[2015.04.08-15.45.19:735][864]LogSavePackage: Save=3.361557ms
[2015.04.08-15.45.19:735][864]LogSavePackage: Moving '../../../../../../Users/Axel/Documents/GitHub/08-46/UE4-Project/Project_8_46/Saved/FirstPerson_JumpEnd87548C1A4A926E6A3BE9E492460B559F.tmp' to '../../../../../../Users/Axel/Documents/GitHub/08-46/UE4-Project/Project_8_46/Content/FirstPersonBP/Animations/FirstPerson_JumpEnd.uasset'
[2015.04.08-15.45.19:753][864]LogSavePackage: Save=3.218276ms
[2015.04.08-15.45.19:753][864]LogSavePackage: Moving '../../../../../../Users/Axel/Documents/GitHub/08-46/UE4-Project/Project_8_46/Saved/FirstPerson_JumpLoop577A050F435EC92143276E8139B5AF99.tmp' to '../../../../../../Users/Axel/Documents/GitHub/08-46/UE4-Project/Project_8_46/Content/FirstPersonBP/Animations/FirstPerson_JumpLoop.uasset'
[2015.04.08-15.45.19:772][864]LogSavePackage: Save=3.284785ms
[2015.04.08-15.45.19:772][864]LogSavePackage: Moving '../../../../../../Users/Axel/Documents/GitHub/08-46/UE4-Project/Project_8_46/Saved/FirstPerson_JumpStart281617C9425B04D7AE69E29110FCFA47.tmp' to '../../../../../../Users/Axel/Documents/GitHub/08-46/UE4-Project/Project_8_46/Content/FirstPersonBP/Animations/FirstPerson_JumpStart.uasset'
[2015.04.08-15.45.19:788][864]LogSavePackage: Save=3.113176ms
[2015.04.08-15.45.19:788][864]LogSavePackage: Moving '../../../../../../Users/Axel/Documents/GitHub/08-46/UE4-Project/Project_8_46/Saved/FirstPerson_Run39B80BD74A69616C322A3491E3E48225.tmp' to '../../../../../../Users/Axel/Documents/GitHub/08-46/UE4-Project/Project_8_46/Content/FirstPersonBP/Animations/FirstPerson_Run.uasset'
[2015.04.08-15.45.19:805][864]LogSavePackage: Save=3.286838ms
[2015.04.08-15.45.19:805][864]LogSavePackage: Moving '../../../../../../Users/Axel/Documents/GitHub/08-46/UE4-Project/Project_8_46/Saved/FirstPerson_Fire_MontageE2E6EF42422BBF770A18E19BB9D0F347.tmp' to '../../../../../../Users/Axel/Documents/GitHub/08-46/UE4-Project/Project_8_46/Content/FirstPersonBP/Animations/FirstPerson_Fire_Montage.uasset'
[2015.04.08-15.45.19:823][864]LogSavePackage: Save=3.486774ms
[2015.04.08-15.45.19:823][864]LogSavePackage: Moving '../../../../../../Users/Axel/Documents/GitHub/08-46/UE4-Project/Project_8_46/Saved/FirstPerson_FireAA64884C408B4C14BAF0FFA1ED8F09B0.tmp' to '../../../../../../Users/Axel/Documents/GitHub/08-46/UE4-Project/Project_8_46/Content/FirstPersonBP/Animations/FirstPerson_Fire.uasset'
[2015.04.08-15.45.19:847][864]LogSavePackage: Save=3.522902ms
[2015.04.08-15.45.19:847][864]LogSavePackage: Moving '../../../../../../Users/Axel/Documents/GitHub/08-46/UE4-Project/Project_8_46/Saved/FirstPerson_ProjectileMeshCBD489B548502073FB09EA859D006588.tmp' to '../../../../../../Users/Axel/Documents/GitHub/08-46/UE4-Project/Project_8_46/Content/FirstPersonBP/Meshes/FirstPerson_ProjectileMesh.uasset'
[2015.04.08-15.45.19:869][864]LogSavePackage: Save=3.313934ms
[2015.04.08-15.45.19:869][864]LogSavePackage: Moving '../../../../../../Users/Axel/Documents/GitHub/08-46/UE4-Project/Project_8_46/Saved/FirstPerson_WeaponFire47FB5951410648589656CBBD201D969B.tmp' to '../../../../../../Users/Axel/Documents/GitHub/08-46/UE4-Project/Project_8_46/Content/FirstPersonBP/Audio/FirstPerson_WeaponFire.uasset'
[2015.04.08-15.45.19:910][864]LogSavePackage: Save=25.638235ms
[2015.04.08-15.45.19:910][864]LogSavePackage: Moving '../../../../../../Users/Axel/Documents/GitHub/08-46/UE4-Project/Project_8_46/Saved/FirstPerson_SkelMesh02A1E23E43CBD4FC2FD5BE9BED6A78D7.tmp' to '../../../../../../Users/Axel/Documents/GitHub/08-46/UE4-Project/Project_8_46/Content/FirstPersonBP/Character/FirstPerson_SkelMesh.uasset'
[2015.04.08-15.45.19:928][864]LogSavePackage: Save=6.308872ms
[2015.04.08-15.45.19:928][864]LogSavePackage: Moving '../../../../../../Users/Axel/Documents/GitHub/08-46/UE4-Project/Project_8_46/Saved/FirstPersonGameMode161BA0204138BCEB7FB708A60E831922.tmp' to '../../../../../../Users/Axel/Documents/GitHub/08-46/UE4-Project/Project_8_46/Content/FirstPersonBP/Blueprints/GameState/FirstPersonGameMode.uasset'
[2015.04.08-15.46.28:963][724]LogContentBrowser:Verbose: The content browser source was changed by the sources view to '/Game/FirstPersonBP/Blueprints'
[2015.04.08-15.46.29:380][749]LogContentBrowser:Verbose: The content browser source was changed by the sources view to '/Game/FirstPersonBP/Blueprints'
[2015.04.08-15.46.31:518][877]LogContentBrowser:Verbose: The content browser source was changed by the sources view to '/Game/FirstPersonBP/Scripts'
[2015.04.08-15.46.31:712][877]LogMetaData: Removing '/Game/FirstPersonBP/Scripts/GameState/GameMode.GameMode_C' ref from Metadata '/Game/FirstPersonBP/Blueprints/GameState/GameMode.PackageMetaData'
[2015.04.08-15.46.31:712][877]LogMetaData: Removing '/Game/FirstPersonBP/Scripts/GameState/GameMode.SKEL_GameMode_C' ref from Metadata '/Game/FirstPersonBP/Blueprints/GameState/GameMode.PackageMetaData'
[2015.04.08-15.46.31:757][877]LogMetaData: Removing '/Game/FirstPersonBP/Scripts/GameState/HUD.HUD_C' ref from Metadata '/Game/FirstPersonBP/Blueprints/GameState/HUD.PackageMetaData'
[2015.04.08-15.46.31:757][877]LogMetaData: Removing '/Game/FirstPersonBP/Scripts/GameState/HUD.SKEL_HUD_C' ref from Metadata '/Game/FirstPersonBP/Blueprints/GameState/HUD.PackageMetaData'
[2015.04.08-15.46.31:862][877]LogSavePackage: Save=23.917223ms
[2015.04.08-15.46.31:862][877]LogSavePackage: Moving '../../../../../../Users/Axel/Documents/GitHub/08-46/UE4-Project/Project_8_46/Saved/GameMode4501F37F4F380885A42681B6DEBF800D.tmp' to '../../../../../../Users/Axel/Documents/GitHub/08-46/UE4-Project/Project_8_46/Content/FirstPersonBP/Scripts/GameState/GameMode.uasset'
[2015.04.08-15.46.31:898][877]LogSavePackage: Save=25.965443ms
[2015.04.08-15.46.31:898][877]LogSavePackage: Moving '../../../../../../Users/Axel/Documents/GitHub/08-46/UE4-Project/Project_8_46/Saved/HUD2933F3D54B3DC0361F9BE8ACA33D410A.tmp' to '../../../../../../Users/Axel/Documents/GitHub/08-46/UE4-Project/Project_8_46/Content/FirstPersonBP/Scripts/GameState/HUD.uasset'
[2015.04.08-15.46.33:200][944]LogContentBrowser:Verbose: The content browser source was changed by the sources view to '/Game/FirstPersonBP'
[2015.04.08-15.46.34:002][989]LogContentBrowser:Verbose: The content browser source was changed by the sources view to '/Game/FirstPersonBP/Animations'
[2015.04.08-15.46.34:561][ 22]LogContentBrowser:Verbose: The content browser source was changed by the sources view to '/Game/FirstPersonBP/Animations'
[2015.04.08-15.46.42:248][457]LogContentBrowser:Verbose: The content browser source was changed by the sources view to '/Game'
[2015.04.08-15.46.44:324][581]LogContentBrowser:Verbose: The content browser source was changed by the sources view to '/Game/FirstPersonBP/Animations'
[2015.04.08-15.46.44:825][611]LogContentBrowser:Verbose: The content browser source was changed by the sources view to '/Game/FirstPersonBP/Animations'
[2015.04.08-15.46.47:712][773]LoadErrors:Error: Error Failed import for StaticMesh
[2015.04.08-15.46.48:033][773]Cmd: OBJ SAVEPACKAGE PACKAGE="/Game/Meshes/CubeMaterial" FILE="../../../../../../Users/Axel/Documents/GitHub/08-46/UE4-Project/Project_8_46/Content/Meshes/CubeMaterial.uasset" SILENT=true
[2015.04.08-15.46.48:489][773]LogSavePackage: Save=455.793976ms
[2015.04.08-15.46.48:489][773]LogSavePackage: Moving '../../../../../../Users/Axel/Documents/GitHub/08-46/UE4-Project/Project_8_46/Saved/CubeMaterial87DFB95A4A0EFA76399C5089C22B3661.tmp' to '../../../../../../Users/Axel/Documents/GitHub/08-46/UE4-Project/Project_8_46/Content/Meshes/CubeMaterial.uasset'
[2015.04.08-15.46.48:511][773]Cmd: OBJ SAVEPACKAGE PACKAGE="/Game/Meshes/CubeMesh" FILE="../../../../../../Users/Axel/Documents/GitHub/08-46/UE4-Project/Project_8_46/Content/Meshes/CubeMesh.uasset" SILENT=true
[2015.04.08-15.46.48:808][773]LogSavePackage: Save=293.917419ms
[2015.04.08-15.46.48:808][773]LogSavePackage: Moving '../../../../../../Users/Axel/Documents/GitHub/08-46/UE4-Project/Project_8_46/Saved/CubeMeshF0B13C46468A8679BCFBE6B22F297D4A.tmp' to '../../../../../../Users/Axel/Documents/GitHub/08-46/UE4-Project/Project_8_46/Content/Meshes/CubeMesh.uasset'
[2015.04.08-15.46.49:118][773]LogSavePackage: Save=287.532196ms
[2015.04.08-15.46.49:118][773]LogSavePackage: Moving '../../../../../../Users/Axel/Documents/GitHub/08-46/UE4-Project/Project_8_46/Saved/FirstPersonCube_RoundedB180AABC49106F5290C5AE9C8C75F84B.tmp' to '../../../../../../Users/Axel/Documents/GitHub/08-46/UE4-Project/Project_8_46/Content/Meshes/FirstPersonCube_Rounded.uasset'
[2015.04.08-15.46.49:523][773]LogMetaData: Removing '/Game/Scripts/GameState/GameMode.GameMode_C' ref from Metadata '/Game/FirstPersonBP/Scripts/GameState/GameMode.PackageMetaData'
[2015.04.08-15.46.49:524][773]LogMetaData: Removing '/Game/Scripts/GameState/GameMode.SKEL_GameMode_C' ref from Metadata '/Game/FirstPersonBP/Scripts/GameState/GameMode.PackageMetaData'
[2015.04.08-15.46.49:568][773]LogMetaData: Removing '/Game/Scripts/GameState/HUD.HUD_C' ref from Metadata '/Game/FirstPersonBP/Scripts/GameState/HUD.PackageMetaData'
[2015.04.08-15.46.49:568][773]LogMetaData: Removing '/Game/Scripts/GameState/HUD.SKEL_HUD_C' ref from Metadata '/Game/FirstPersonBP/Scripts/GameState/HUD.PackageMetaData'
[2015.04.08-15.46.49:667][773]Cmd: OBJ SAVEPACKAGE PACKAGE="/Game/Scripts/GameState/GameMode" FILE="../../../../../../Users/Axel/Documents/GitHub/08-46/UE4-Project/Project_8_46/Content/Scripts/GameState/GameMode.uasset" SILENT=true
[2015.04.08-15.46.49:677][773]LogSavePackage: Save=8.916255ms
[2015.04.08-15.46.49:678][773]LogSavePackage: Moving '../../../../../../Users/Axel/Documents/GitHub/08-46/UE4-Project/Project_8_46/Saved/GameMode70424A66400DA079BB6AA0B6AF6D438C.tmp' to '../../../../../../Users/Axel/Documents/GitHub/08-46/UE4-Project/Project_8_46/Content/Scripts/GameState/GameMode.uasset'
[2015.04.08-15.46.49:685][773]Cmd: OBJ SAVEPACKAGE PACKAGE="/Game/Scripts/GameState/HUD" FILE="../../../../../../Users/Axel/Documents/GitHub/08-46/UE4-Project/Project_8_46/Content/Scripts/GameState/HUD.uasset" SILENT=true
[2015.04.08-15.46.49:711][773]LogSavePackage: Save=24.807289ms
[2015.04.08-15.46.49:711][773]LogSavePackage: Moving '../../../../../../Users/Axel/Documents/GitHub/08-46/UE4-Project/Project_8_46/Saved/HUD1CC888D647DC1AC9FA316C86DB30E270.tmp' to '../../../../../../Users/Axel/Documents/GitHub/08-46/UE4-Project/Project_8_46/Content/Scripts/GameState/HUD.uasset'
[2015.04.08-15.46.49:915][773]LogLinker:Warning: Can't find file '/Game/FirstPersonBP/Scripts/GameState/HUD'
[2015.04.08-15.46.50:015][773]LogLinker:Warning: Can't find file '/Game/FirstPersonBP/Scripts/GameState/HUD'
[2015.04.08-15.46.50:180][773]LogSavePackage: Save=4.392440ms
[2015.04.08-15.46.50:180][773]LogSavePackage: Moving '../../../../../../Users/Axel/Documents/GitHub/08-46/UE4-Project/Project_8_46/Saved/FirstPersonCrosshairB513E6124D8C066D663595BD230DFD08.tmp' to '../../../../../../Users/Axel/Documents/GitHub/08-46/UE4-Project/Project_8_46/Content/Textures/FirstPersonCrosshair.uasset'
[2015.04.08-15.46.50:238][773]LogSavePackage: Save=26.935154ms
[2015.04.08-15.46.50:238][773]LogSavePackage: Moving '../../../../../../Users/Axel/Documents/GitHub/08-46/UE4-Project/Project_8_46/Saved/FirstPersonCrosshair16748EF546CB5DCC799481A90D95AE9D.tmp' to '../../../../../../Users/Axel/Documents/GitHub/08-46/UE4-Project/Project_8_46/Content/FirstPersonBP/Textures/FirstPersonCrosshair.uasset'
[2015.04.08-15.46.50:251][773]LogContentBrowser:Verbose: The content browser source was changed by the sources view to 'None'
[2015.04.08-15.46.50:251][773]LogContentBrowser:Verbose: The content browser source was changed by the sources view to '/Game/Animations'
[2015.04.08-15.46.50:252][773]LogContentBrowser:Verbose: The content browser source was changed by the sources view to '/Game/Animations'
[2015.04.08-15.46.50:252][773]LogContentBrowser:Verbose: The content browser source was changed by the sources view to '/Game/Animations'
[2015.04.08-15.46.50:252][773]LogContentBrowser:Verbose: The content browser source was changed by the sources view to '/Game/Animations'
[2015.04.08-15.46.50:253][773]LogContentBrowser:Verbose: The content browser source was changed by the sources view to '/Game/Animations'
[2015.04.08-15.46.50:253][773]LogContentBrowser:Verbose: The content browser source was changed by the sources view to '/Game/Animations'
[2015.04.08-15.46.50:253][773]LogContentBrowser:Verbose: The content browser source was changed by the sources view to '/Game/Animations'
[2015.04.08-15.46.52:431][899]LogContentBrowser:Verbose: The content browser source was changed by the sources view to '/Game/FirstPersonBP'
[2015.04.08-15.46.53:151][942]LogContentBrowser:Verbose: The content browser source was changed by the sources view to '/Game/FirstPersonBP/Character'
[2015.04.08-15.46.54:051][996]LogContentBrowser:Verbose: The content browser source was changed by the sources view to '/Game/FirstPersonBP/Maps'
[2015.04.08-15.46.55:235][ 67]LogContentBrowser:Verbose: The content browser source was changed by the sources view to '/Game/FirstPersonBP/Textures'
[2015.04.08-15.46.55:718][ 96]LogContentBrowser:Verbose: The content browser source was changed by the sources view to '/Game/FirstPersonBP/Maps'
[2015.04.08-15.47.01:865][394]LightingResults: New page: Lighting Build
[2015.04.08-15.47.01:865][394]MapCheck: New page: Map Check
[2015.04.08-15.47.01:865][394]LightingResults: New page: Lighting Build
[2015.04.08-15.47.01:909][394]LogParticles: Destroying 0 GPU particle simulations for FXSystem 0x000000F00F906A20
[2015.04.08-15.47.01:913][394]LogAIModule: Creating AISystem for world NewWorld
[2015.04.08-15.47.01:925][394]LoadErrors: New page: New Map
[2015.04.08-15.47.04:809][545]LogContentBrowser:Verbose: The content browser source was changed by the sources view to 'None'
[2015.04.08-15.47.04:810][545]LogContentBrowser:Verbose: The content browser source was changed by the sources view to '/Game/Maps'
[2015.04.08-15.47.05:353][578]LogContentBrowser:Verbose: The content browser source was changed by the sources view to '/Game/FirstPersonBP/Character'
[2015.04.08-15.47.07:654][702]LogUObjectGlobals:Warning: Failed to find object 'Object /Game/FirstPersonBP/Character/FirstPerson_ProjectileMesh.FirstPerson_ProjectileMesh'
[2015.04.08-15.47.07:662][702]LogContentBrowser:Verbose: The content browser source was changed by the sources view to 'None'
[2015.04.08-15.47.07:662][702]LogContentBrowser:Verbose: The content browser source was changed by the sources view to '/Game/Character'
[2015.04.08-15.47.09:864][815]LogContentBrowser:Verbose: The content browser source was changed by the sources view to '/Game/FirstPersonBP/Textures'
[2015.04.08-15.47.12:455][957]LogUObjectGlobals:Warning: Failed to find object 'Object /Game/FirstPersonBP/Textures/FirstPersonCrosshair.FirstPersonCrosshair'
[2015.04.08-15.47.12:462][957]LogContentBrowser:Verbose: The content browser source was changed by the sources view to 'None'
[2015.04.08-15.47.12:463][957]LogContentBrowser:Verbose: The content browser source was changed by the sources view to '/Game/Textures'
[2015.04.08-15.47.13:627][  8]LogContentBrowser:Verbose: The content browser source was changed by the sources view to '/Game/FirstPersonBP/Textures'
[2015.04.08-15.47.14:398][ 54]LogContentBrowser:Verbose: The content browser source was changed by the sources view to '/Game/FirstPersonBP'
[2015.04.08-15.47.16:958][204]LogUObjectGlobals:Warning: Failed to find object 'Object /Game/FirstPersonBP/Character/FirstPerson_ProjectileMesh.FirstPerson_ProjectileMesh'
[2015.04.08-15.47.16:959][204]LogUObjectGlobals:Warning: Failed to find object 'Object /Game/FirstPersonBP/Textures/FirstPersonCrosshair.FirstPersonCrosshair'
[2015.04.08-15.47.24:256][614]LogUObjectGlobals:Warning: Failed to find object 'Object /Game/FirstPersonBP/Character/FirstPerson_ProjectileMesh.FirstPerson_ProjectileMesh'
[2015.04.08-15.47.24:256][614]LogUObjectGlobals:Warning: Failed to find object 'Object /Game/FirstPersonBP/Textures/FirstPersonCrosshair.FirstPersonCrosshair'
[2015.04.08-15.47.25:199][649]LogContentBrowser:Verbose: The content browser source was changed by the sources view to '/Game/FirstPersonBP/Character'
[2015.04.08-15.47.25:648][676]LogContentBrowser:Verbose: The content browser source was changed by the sources view to '/Game/FirstPersonBP'
[2015.04.08-15.47.27:268][773]LogContentBrowser:Verbose: The content browser source was changed by the sources view to '/Game'
[2015.04.08-15.47.35:217][986]Cmd: QUIT_EDITOR
[2015.04.08-15.47.35:425][986]LogExit: Preparing to exit.
[2015.04.08-15.47.35:749][986]LogExit: Editor shut down
[2015.04.08-15.47.35:750][986]LogExit: Transaction tracking system shut down
[2015.04.08-15.47.35:752][986]LogParticles: Destroying 0 GPU particle simulations for FXSystem 0x000000F03DD8F920
[2015.04.08-15.47.35:752][986]LogParticles: Destroying 0 GPU particle simulations for FXSystem 0x000000F03CDB5120
[2015.04.08-15.47.35:752][986]LogParticles: Destroying 0 GPU particle simulations for FXSystem 0x000000F03CE7DBC0
[2015.04.08-15.47.35:752][986]LogParticles: Destroying 0 GPU particle simulations for FXSystem 0x000000F03CE7D620
[2015.04.08-15.47.35:752][986]LogParticles: Destroying 0 GPU particle simulations for FXSystem 0x000000F03ED17380
[2015.04.08-15.47.35:752][986]LogParticles: Destroying 0 GPU particle simulations for FXSystem 0x000000F03ED15C60
[2015.04.08-15.47.35:752][986]LogParticles: Destroying 0 GPU particle simulations for FXSystem 0x000000F03ED15EE0
[2015.04.08-15.47.35:753][986]LogParticles: Destroying 0 GPU particle simulations for FXSystem 0x000000F00F8B1940
[2015.04.08-15.47.35:807][986]LogExit: Object subsystem successfully closed.
[2015.04.08-15.47.35:852][986]LogModuleManager: Shutting down and abandoning module NewLevelDialog (178)
[2015.04.08-15.47.35:852][986]LogModuleManager: Shutting down and abandoning module CrashTracker (177)
[2015.04.08-15.47.35:852][986]LogModuleManager: Shutting down and abandoning module SuperSearch (176)
[2015.04.08-15.47.35:852][986]LogModuleManager: Shutting down and abandoning module SceneOutliner (175)
[2015.04.08-15.47.35:852][986]LogModuleManager: Shutting down and abandoning module EditorWidgets (174)
[2015.04.08-15.47.35:852][986]LogModuleManager: Shutting down and abandoning module CollectionManager (173)
[2015.04.08-15.47.35:888][986]LogModuleManager: Shutting down and abandoning module StatsViewer (172)
[2015.04.08-15.47.35:888][986]LogModuleManager: Shutting down and abandoning module FoliageEdit (171)
[2015.04.08-15.47.35:888][986]LogModuleManager: Shutting down and abandoning module LandscapeEditor (170)
[2015.04.08-15.47.35:889][986]LogModuleManager: Shutting down and abandoning module MeshPaint (169)
[2015.04.08-15.47.35:889][986]LogModuleManager: Shutting down and abandoning module ActorPickerMode (168)
[2015.04.08-15.47.35:889][986]LogModuleManager: Shutting down and abandoning module GeometryMode (167)
[2015.04.08-15.47.35:889][986]LogModuleManager: Shutting down and abandoning module TextureAlignMode (166)
[2015.04.08-15.47.35:889][986]LogModuleManager: Shutting down and abandoning module BspMode (165)
[2015.04.08-15.47.35:889][986]LogModuleManager: Shutting down and abandoning module PlacementMode (164)
[2015.04.08-15.47.35:889][986]LogModuleManager: Shutting down and abandoning module AutomationWorker (163)
[2015.04.08-15.47.35:889][986]LogModuleManager: Shutting down and abandoning module CharacterAI (162)
[2015.04.08-15.47.35:889][986]LogModuleManager: Shutting down and abandoning module SmartSnapping (161)
[2015.04.08-15.47.35:889][986]LogModuleManager: Shutting down and abandoning module ViewportSnapping (160)
[2015.04.08-15.47.35:889][986]LogModuleManager: Shutting down and abandoning module LogVisualizer (159)
[2015.04.08-15.47.35:889][986]LogModuleManager: Shutting down and abandoning module GameProjectGeneration (158)
[2015.04.08-15.47.35:889][986]LogModuleManager: Shutting down and abandoning module IntroTutorials (157)
[2015.04.08-15.47.35:889][986]LogModuleManager: Shutting down and abandoning module EditorLiveStreaming (156)
[2015.04.08-15.47.35:889][986]LogModuleManager: Shutting down and abandoning module HardwareTargeting (155)
[2015.04.08-15.47.35:889][986]LogModuleManager: Shutting down and abandoning module DeviceProfileEditor (154)
[2015.04.08-15.47.35:889][986]LogModuleManager: Shutting down and abandoning module UndoHistory (153)
[2015.04.08-15.47.35:889][986]LogModuleManager: Shutting down and abandoning module GameplayTagsEditor (152)
[2015.04.08-15.47.35:889][986]LogModuleManager: Shutting down and abandoning module UserFeedback (151)
[2015.04.08-15.47.35:889][986]LogModuleManager: Shutting down and abandoning module XmlParser (150)
[2015.04.08-15.47.35:889][986]LogModuleManager: Shutting down and abandoning module Blutility (149)
[2015.04.08-15.47.35:889][986]LogModuleManager: Shutting down and abandoning module IOSPlatformEditor (148)
[2015.04.08-15.47.35:889][986]LogModuleManager: Shutting down and abandoning module IOSRuntimeSettings (147)
[2015.04.08-15.47.35:889][986]LogModuleManager: Shutting down and abandoning module AndroidDeviceDetection (146)
[2015.04.08-15.47.36:786][986]LogModuleManager: Shutting down and abandoning module AndroidPlatformEditor (145)
[2015.04.08-15.47.36:786][986]LogModuleManager: Shutting down and abandoning module AndroidRuntimeSettings (144)
[2015.04.08-15.47.36:786][986]LogModuleManager: Shutting down and abandoning module ProjectTargetPlatformEditor (143)
[2015.04.08-15.47.36:786][986]LogModuleManager: Shutting down and abandoning module ProjectSettingsViewer (142)
[2015.04.08-15.47.36:786][986]LogModuleManager: Shutting down and abandoning module InputBindingEditor (141)
[2015.04.08-15.47.36:796][986]LogModuleManager: Shutting down and abandoning module EditorSettingsViewer (140)
[2015.04.08-15.47.36:796][986]LogModuleManager: Shutting down and abandoning module SettingsEditor (139)
[2015.04.08-15.47.36:796][986]LogModuleManager: Shutting down and abandoning module ProjectLauncher (138)
[2015.04.08-15.47.36:796][986]LogModuleManager: Shutting down and abandoning module SessionFrontend (137)
[2015.04.08-15.47.36:796][986]LogModuleManager: Shutting down and abandoning module ProfilerClient (136)
[2015.04.08-15.47.36:796][986]LogModuleManager: Shutting down and abandoning module TargetDeviceServices (135)
[2015.04.08-15.47.36:796][986]LogModuleManager: Shutting down and abandoning module DeviceManager (134)
[2015.04.08-15.47.36:796][986]LogModuleManager: Shutting down and abandoning module AutomationController (133)
[2015.04.08-15.47.36:796][986]LogModuleManager: Shutting down and abandoning module AutomationWindow (132)
[2015.04.08-15.47.36:796][986]LogModuleManager: Shutting down and abandoning module Layers (131)
[2015.04.08-15.47.36:796][986]LogModuleManager: Shutting down and abandoning module ComponentVisualizers (130)
[2015.04.08-15.47.36:796][986]LogModuleManager: Shutting down and abandoning module DetailCustomizations (129)
[2015.04.08-15.47.36:796][986]LogModuleManager: Shutting down and abandoning module PackagesDialog (128)
[2015.04.08-15.47.36:797][986]LogModuleManager: Shutting down and abandoning module AssetRegistry (127)
[2015.04.08-15.47.36:861][986]LogModuleManager: Shutting down and abandoning module Persona (126)
[2015.04.08-15.47.36:861][986]LogModuleManager: Shutting down and abandoning module SlateReflector (125)
[2015.04.08-15.47.36:861][986]LogModuleManager: Shutting down and abandoning module LevelEditor (124)
[2015.04.08-15.47.36:863][986]LogModuleManager: Shutting down and abandoning module Kismet (123)
[2015.04.08-15.47.36:863][986]LogModuleManager: Shutting down and abandoning module GraphEditor (122)
[2015.04.08-15.47.36:863][986]LogModuleManager: Shutting down and abandoning module ClassViewer (121)
[2015.04.08-15.47.36:863][986]LogModuleManager: Shutting down and abandoning module Toolbox (120)
[2015.04.08-15.47.36:863][986]LogModuleManager: Shutting down and abandoning module ModuleUI (119)
[2015.04.08-15.47.36:863][986]LogModuleManager: Shutting down and abandoning module MovieSceneTools (118)
[2015.04.08-15.47.36:863][986]LogModuleManager: Shutting down and abandoning module OutputLog (117)
[2015.04.08-15.47.36:863][986]LogModuleManager: Shutting down and abandoning module GammaUI (116)
[2015.04.08-15.47.36:864][986]LogModuleManager: Shutting down and abandoning module Documentation (115)
[2015.04.08-15.47.36:864][986]LogModuleManager: Shutting down and abandoning module GameLiveStreaming (114)
[2015.04.08-15.47.36:864][986]LogModuleManager: Shutting down and abandoning module StreamingPauseRendering (113)
[2015.04.08-15.47.36:864][986]LogModuleManager: Shutting down and abandoning module HTTP (112)
[2015.04.08-15.47.36:864][986]LogModuleManager: Shutting down and abandoning module AnalyticsET (111)
[2015.04.08-15.47.36:864][986]LogModuleManager: Shutting down and abandoning module Analytics (110)
[2015.04.08-15.47.36:864][986]LogModuleManager: Shutting down and abandoning module AITestSuite (109)
[2015.04.08-15.47.36:864][986]LogModuleManager: Shutting down and abandoning module GameplayDebugger (108)
[2015.04.08-15.47.36:864][986]LogModuleManager: Shutting down and abandoning module AIModule (107)
[2015.04.08-15.47.36:864][986]LogModuleManager: Shutting down and abandoning module ProfilerService (106)
[2015.04.08-15.47.37:017][986]LogModuleManager: Shutting down and abandoning module TaskGraph (105)
[2015.04.08-15.47.37:017][986]LogModuleManager: Shutting down and abandoning module SlateRemote (104)
[2015.04.08-15.47.37:017][986]LogModuleManager: Shutting down and abandoning module ScriptEditorPlugin (103)
[2015.04.08-15.47.37:017][986]LogModuleManager: Shutting down and abandoning module CustomMeshComponent (102)
[2015.04.08-15.47.37:017][986]LogModuleManager: Shutting down and abandoning module CableComponent (101)
[2015.04.08-15.47.37:017][986]LogModuleManager: Shutting down and abandoning module MessagingDebugger (100)
[2015.04.08-15.47.37:017][986]LogModuleManager: Shutting down and abandoning module MediaPlayerEditor (99)
[2015.04.08-15.47.37:017][986]LogModuleManager: Shutting down and abandoning module SpeedTreeImporter (98)
[2015.04.08-15.47.37:017][986]LogModuleManager: Shutting down and abandoning module PluginsEditor (97)
[2015.04.08-15.47.37:017][986]LogModuleManager: Shutting down and abandoning module MainFrame (96)
[2015.04.08-15.47.37:018][986]LogModuleManager: Shutting down and abandoning module EpicSurvey (95)
[2015.04.08-15.47.37:018][986]LogModuleManager: Shutting down and abandoning module DesktopPlatform (94)
[2015.04.08-15.47.37:018][986]LogModuleManager: Shutting down and abandoning module DirectoryWatcher (93)
[2015.04.08-15.47.37:018][986]LogModuleManager: Shutting down and abandoning module HotReload (92)
[2015.04.08-15.47.37:018][986]LogModuleManager: Shutting down and abandoning module VisualStudioSourceCodeAccess (91)
[2015.04.08-15.47.37:019][986]LogModuleManager: Shutting down and abandoning module UObjectPlugin (90)
[2015.04.08-15.47.37:019][986]LogModuleManager: Shutting down and abandoning module SubversionSourceControl (89)
[2015.04.08-15.47.37:019][986]LogModuleManager: Shutting down and abandoning module PerforceSourceControl (88)
[2015.04.08-15.47.37:019][986]LogModuleManager: Shutting down and abandoning module SourceControl (87)
[2015.04.08-15.47.37:019][986]LogModuleManager: Shutting down and abandoning module GitSourceControl (86)
[2015.04.08-15.47.37:019][986]LogModuleManager: Shutting down and abandoning module BlankPlugin (85)
[2015.04.08-15.47.37:019][986]LogModuleManager: Shutting down and abandoning module PaperTiledImporter (84)
[2015.04.08-15.47.37:019][986]LogModuleManager: Shutting down and abandoning module PaperJsonImporter (83)
[2015.04.08-15.47.37:019][986]LogModuleManager: Shutting down and abandoning module ContentBrowser (82)
[2015.04.08-15.47.37:021][986]LogModuleManager: Shutting down and abandoning module Paper2DEditor (81)
[2015.04.08-15.47.37:021][986]LogModuleManager: Shutting down and abandoning module ScriptPlugin (80)
[2015.04.08-15.47.37:021][986]LogModuleManager: Shutting down and abandoning module UdpMessaging (79)
[2015.04.08-15.47.37:122][986]LogModuleManager: Shutting down and abandoning module Paper2D (78)
[2015.04.08-15.47.37:122][986]LogModuleManager: Shutting down and abandoning module WindowsMoviePlayer (77)
[2015.04.08-15.47.37:128][986]LogModuleManager: Shutting down and abandoning module Media (76)
[2015.04.08-15.47.37:128][986]LogModuleManager: Shutting down and abandoning module WmfMedia (75)
[2015.04.08-15.47.37:129][986]LogModuleManager: Shutting down and abandoning module OnlineBlueprintSupport (74)
[2015.04.08-15.47.37:129][986]LogModuleManager: Shutting down and abandoning module PropertyEditor (73)
[2015.04.08-15.47.37:129][986]LogModuleManager: Shutting down and abandoning module BehaviorTreeEditor (72)
[2015.04.08-15.47.37:129][986]LogModuleManager: Shutting down and abandoning module FunctionalTesting (71)
[2015.04.08-15.47.37:129][986]LogModuleManager: Shutting down and abandoning module CollisionAnalyzer (70)
[2015.04.08-15.47.37:129][986]LogModuleManager: Shutting down and abandoning module WorkspaceMenuStructure (69)
[2015.04.08-15.47.37:129][986]LogModuleManager: Shutting down and abandoning module MessageLog (68)
[2015.04.08-15.47.37:129][986]LogModuleManager: Shutting down and abandoning module Sequencer (67)
[2015.04.08-15.47.37:129][986]LogModuleManager: Shutting down and abandoning module AssetTools (66)
[2015.04.08-15.47.37:129][986]LogModuleManager: Shutting down and abandoning module UMGEditor (65)
[2015.04.08-15.47.37:129][986]LogModuleManager: Shutting down and abandoning module UMG (64)
[2015.04.08-15.47.37:129][986]LogModuleManager: Shutting down and abandoning module Slate (63)
[2015.04.08-15.47.37:129][986]LogModuleManager: Shutting down and abandoning module EditorStyle (62)
[2015.04.08-15.47.37:141][986]LogModuleManager: Shutting down and abandoning module SessionServices (61)
[2015.04.08-15.47.37:141][986]LogModuleManager: Shutting down and abandoning module SourceCodeAccess (60)
[2015.04.08-15.47.37:141][986]LogModuleManager: Shutting down and abandoning module HeadMountedDisplay (59)
[2015.04.08-15.47.37:141][986]LogModuleManager: Shutting down and abandoning module XAudio2 (58)
[2015.04.08-15.47.37:141][986]LogModuleManager: Shutting down and abandoning module Networking (56)
[2015.04.08-15.47.37:141][986]LogModuleManager: Shutting down and abandoning module Core (55)
[2015.04.08-15.47.37:141][986]LogModuleManager: Shutting down and abandoning module KismetCompiler (54)
[2015.04.08-15.47.37:142][986]LogModuleManager: Shutting down and abandoning module PhysXFormats (53)
[2015.04.08-15.47.37:142][986]LogModuleManager: Shutting down and abandoning module MeshUtilities (52)
[2015.04.08-15.47.37:142][986]LogModuleManager: Shutting down and abandoning module DerivedDataCache (51)
[2015.04.08-15.47.37:224][986]LogDerivedDataCache: Shutdown
[2015.04.08-15.47.37:224][986]LogModuleManager: Shutting down and abandoning module ShaderFormatOpenGL (50)
[2015.04.08-15.47.37:224][986]LogModuleManager: Shutting down and abandoning module ShaderFormatD3D (49)
[2015.04.08-15.47.37:224][986]LogModuleManager: Shutting down and abandoning module MetalShaderFormat (48)
[2015.04.08-15.47.37:224][986]LogModuleManager: Shutting down and abandoning module TextureFormatUncompressed (47)
[2015.04.08-15.47.37:224][986]LogModuleManager: Shutting down and abandoning module TextureFormatPVR (46)
[2015.04.08-15.47.37:224][986]LogModuleManager: Shutting down and abandoning module TextureFormatIntelISPCTexComp (45)
[2015.04.08-15.47.37:224][986]LogModuleManager: Shutting down and abandoning module TextureFormatDXT (44)
[2015.04.08-15.47.37:224][986]LogModuleManager: Shutting down and abandoning module ImageWrapper (43)
[2015.04.08-15.47.37:224][986]LogModuleManager: Shutting down and abandoning module TextureFormatASTC (42)
[2015.04.08-15.47.37:224][986]LogModuleManager: Shutting down and abandoning module TextureFormatAndroid (41)
[2015.04.08-15.47.37:224][986]LogModuleManager: Shutting down and abandoning module AudioFormatOpus (40)
[2015.04.08-15.47.37:224][986]LogModuleManager: Shutting down and abandoning module AudioFormatOgg (39)
[2015.04.08-15.47.37:224][986]LogModuleManager: Shutting down and abandoning module AudioFormatADPCM (38)
[2015.04.08-15.47.37:224][986]LogModuleManager: Shutting down and abandoning module LinuxTargetPlatform (37)
[2015.04.08-15.47.37:224][986]LogModuleManager: Shutting down and abandoning module LinuxServerTargetPlatform (36)
[2015.04.08-15.47.37:224][986]LogModuleManager: Shutting down and abandoning module LinuxNoEditorTargetPlatform (35)
[2015.04.08-15.47.37:224][986]LogModuleManager: Shutting down and abandoning module Messaging (34)
[2015.04.08-15.47.37:224][986]LogModuleManager: Shutting down and abandoning module IOSTargetPlatform (33)
[2015.04.08-15.47.37:224][986]LogModuleManager: Shutting down and abandoning module HTML5TargetPlatform (32)
[2015.04.08-15.47.37:224][986]LogModuleManager: Shutting down and abandoning module Android_PVRTCTargetPlatform (31)
[2015.04.08-15.47.37:224][986]LogModuleManager: Shutting down and abandoning module Android_ETC2TargetPlatform (30)
[2015.04.08-15.47.37:224][986]LogModuleManager: Shutting down and abandoning module Android_ETC1TargetPlatform (29)
[2015.04.08-15.47.37:225][986]LogModuleManager: Shutting down and abandoning module Android_ES31TargetPlatform (28)
[2015.04.08-15.47.37:225][986]LogModuleManager: Shutting down and abandoning module Android_DXTTargetPlatform (27)
[2015.04.08-15.47.37:225][986]LogModuleManager: Shutting down and abandoning module Android_ATCTargetPlatform (26)
[2015.04.08-15.47.37:225][986]LogModuleManager: Shutting down and abandoning module AndroidTargetPlatform (25)
[2015.04.08-15.47.37:225][986]LogModuleManager: Shutting down and abandoning module WindowsTargetPlatform (24)
[2015.04.08-15.47.37:225][986]LogModuleManager: Shutting down and abandoning module WindowsServerTargetPlatform (23)
[2015.04.08-15.47.37:225][986]LogModuleManager: Shutting down and abandoning module WindowsNoEditorTargetPlatform (22)
[2015.04.08-15.47.37:225][986]LogModuleManager: Shutting down and abandoning module WindowsClientTargetPlatform (21)
[2015.04.08-15.47.37:225][986]LogModuleManager: Shutting down and abandoning module TargetPlatform (20)
[2015.04.08-15.47.37:225][986]LogModuleManager: Shutting down and abandoning module InputCore (19)
[2015.04.08-15.47.37:225][986]LogModuleManager: Shutting down and abandoning module Settings (18)
[2015.04.08-15.47.37:225][986]LogModuleManager: Shutting down and abandoning module OnlineSubsystem (16)
[2015.04.08-15.47.37:225][986]LogModuleManager: Shutting down and abandoning module OculusRift (15)
[2015.04.08-15.47.37:225][986]LogModuleManager: Shutting down and abandoning module ExampleDeviceProfileSelector (14)
[2015.04.08-15.47.37:225][986]LogModuleManager: Shutting down and abandoning module TextureCompressor (13)
[2015.04.08-15.47.37:225][986]LogModuleManager: Shutting down and abandoning module ShaderCore (12)
[2015.04.08-15.47.37:225][986]LogModuleManager: Shutting down and abandoning module Landscape (11)
[2015.04.08-15.47.37:225][986]LogModuleManager: Shutting down and abandoning module SlateRHIRenderer (10)
[2015.04.08-15.47.37:231][986]LogModuleManager: Shutting down and abandoning module OpenGLDrv (9)
[2015.04.08-15.47.37:231][986]LogModuleManager: Shutting down and abandoning module D3D11RHI (8)
[2015.04.08-15.47.37:231][986]LogModuleManager: Shutting down and abandoning module Renderer (7)
[2015.04.08-15.47.37:231][986]LogModuleManager: Shutting down and abandoning module Engine (6)
[2015.04.08-15.47.37:231][986]LogModuleManager: Shutting down and abandoning module CoreUObject (5)
[2015.04.08-15.47.37:231][986]LogModuleManager: Shutting down and abandoning module NetworkFile (4)
[2015.04.08-15.47.37:231][986]LogModuleManager: Shutting down and abandoning module StreamingFile (3)
[2015.04.08-15.47.37:231][986]LogModuleManager: Shutting down and abandoning module SandboxFile (2)
[2015.04.08-15.47.37:231][986]LogModuleManager: Shutting down and abandoning module PakFile (1)
[2015.04.08-15.47.37:232][986]LogExit: Exiting.
[2015.04.08-15.47.37:281][986]Log file closed, 04/08/15 16:47:37
