Log file open, 04/12/15 20:56:24
LogInit:Display: Running engine for game: Project_8_46
LogInit: Version: 4.7.5-2503383+++depot+UE4-Releases+4.7
LogInit: API Version: 2455222
LogInit: Compiled (64-bit): Apr  6 2015 23:21:51
LogInit: Compiled with Visual C++: 18.00.21005.01
LogInit: Build Configuration: Development
LogInit: Branch Name: ++depot+UE4-Releases+4.7
LogInit: Command line: 
LogInit: Base directory: C:/Program Files/Epic Games/4.7/Engine/Binaries/Win64/
LogInit: Rocket: 1
[2015.04.12-19.56.24:544][  0]LogTaskGraph: Started task graph with 3 named threads and 6 total threads.
[2015.04.12-19.56.24:599][  0]LogOnline:Warning: No default platform service specified for OnlineSubsystem
[2015.04.12-19.56.24:610][  0]LogInit: Presizing for 0 objects not considered by GC, pre-allocating 0 bytes.
[2015.04.12-19.56.24:619][  0]LogInit: Object subsystem initialized
[2015.04.12-19.56.24:621][  0]LogConsoleResponse:Warning: Skipping Unknown console variable: 'TranslucentSortAxis = (X=0.000000,Y=-1.000000,Z=0.000000)'
[2015.04.12-19.56.24:621][  0]LogConsoleResponse:Warning:   Found in ini file 'C:/Users/Axel/Documents/GitHub/08-46/UE4-Project/Project_8_46/Saved/Config/Windows/Engine.ini', in section '[/Script/Engine.RendererSettings]'
[2015.04.12-19.56.24:621][  0]LogConsoleResponse:Warning: Skipping Unknown console variable: 'UIScaleRule = ShortestSide'
[2015.04.12-19.56.24:621][  0]LogConsoleResponse:Warning:   Found in ini file 'C:/Users/Axel/Documents/GitHub/08-46/UE4-Project/Project_8_46/Saved/Config/Windows/Engine.ini', in section '[/Script/Engine.RendererSettings]'
[2015.04.12-19.56.24:621][  0]LogConsoleResponse:Warning: Skipping Unknown console variable: 'UIScaleCurve = (EditorCurveData=(Keys=),ExternalCurve=None)'
[2015.04.12-19.56.24:621][  0]LogConsoleResponse:Warning:   Found in ini file 'C:/Users/Axel/Documents/GitHub/08-46/UE4-Project/Project_8_46/Saved/Config/Windows/Engine.ini', in section '[/Script/Engine.RendererSettings]'
[2015.04.12-19.56.24:621][  0]LogInit: Selected Device Profile: [Windows]
[2015.04.12-19.56.24:621][  0]LogInit: Applying CVar settings loaded from the selected device profile: [Windows]
[2015.04.12-19.56.24:627][  0]LogInit: Computer: AXEL
[2015.04.12-19.56.24:627][  0]LogInit: User: Axel
[2015.04.12-19.56.24:627][  0]LogInit: CPU Page size=4096, Cores=4
[2015.04.12-19.56.24:627][  0]LogInit: High frequency timer resolution =2.435779 MHz
[2015.04.12-19.56.24:628][  0]LogMemory: Memory total: Physical=7.9GB (8GB approx) Virtual=131072.0GB
[2015.04.12-19.56.24:628][  0]LogMemory: Platform Memory Stats for Windows
[2015.04.12-19.56.24:628][  0]LogMemory: Process Physical Memory: 46.25 MB used, 46.25 MB peak
[2015.04.12-19.56.24:628][  0]LogMemory: Process Virtual Memory: 26.45 MB used, 26.45 MB peak
[2015.04.12-19.56.24:628][  0]LogMemory: Physical Memory: 4641.62 MB used, 8111.20 MB total
[2015.04.12-19.56.24:628][  0]LogMemory: Virtual Memory: 287.62 MB used, 134217728.00 MB total
[2015.04.12-19.56.24:648][  0]LogD3D11RHI: Found D3D11 adapter 0: NVIDIA GeForce GTX 850M        (Feature Level 11_0)
[2015.04.12-19.56.24:648][  0]LogD3D11RHI: Adapter has 1972MB of dedicated video memory, 0MB of dedicated system memory, and 2048MB of shared system memory, 1 output[s]
[2015.04.12-19.56.24:654][  0]LogD3D11RHI: Found D3D11 adapter 1: Intel(R) HD Graphics 4600 (Feature Level 11_0)
[2015.04.12-19.56.24:654][  0]LogD3D11RHI: Adapter has 0MB of dedicated video memory, 0MB of dedicated system memory, and 1792MB of shared system memory, 0 output[s]
[2015.04.12-19.56.24:655][  0]LogD3D11RHI: Found D3D11 adapter 2: Microsoft Basic Render Driver (Feature Level 11_0)
[2015.04.12-19.56.24:655][  0]LogD3D11RHI: Adapter has 0MB of dedicated video memory, 0MB of dedicated system memory, and 256MB of shared system memory, 0 output[s]
[2015.04.12-19.56.24:655][  0]LogD3D11RHI: Chosen D3D11 Adapter Id = 0
[2015.04.12-19.56.24:659][  0]LogRHI: Texture pool is 1361 MB (70% of 1945 MB)
[2015.04.12-19.56.24:669][  0]LogD3D11RHI: Async texture creation enabled
[2015.04.12-19.56.24:732][  0]LogTextLocalizationManager: The requested culture ('fr_FR') has no localization data; falling back to 'en' for localization and internationalization data.
[2015.04.12-19.56.24:810][  0]LogTextLocalizationManager:Warning: Loading localization resources contain conflicting entries for (Namespace:UICommands, Key:Save_ToolTip):
Resource: (C:/Program Files/Epic Games/4.7/Engine/Content/Localization/Editor/en/Editor.locres) Hash: (-29098895) String: (Saves the current level to disk)
Resource: (C:/Program Files/Epic Games/4.7/Engine/Content/Localization/Engine/en/Engine.locres) Hash: (-1280300587) String: (Save selected data to vlog file)
[2015.04.12-19.56.24:810][  0]LogTextLocalizationManager:Warning: Loading localization resources contain conflicting entries for (Namespace:ContentBrowser, Key:ImportAssetToolTip):
Resource: (C:/Program Files/Epic Games/4.7/Engine/Content/Localization/Editor/en/Editor.locres) Hash: (-630476809) String: (Import to {0}...)
Resource: (C:/Program Files/Epic Games/4.7/Engine/Content/Localization/Editor/en/Editor.locres) Hash: (1271782899) String: (Imports an asset from file to this folder.)
[2015.04.12-19.56.24:887][  0]LogContentStreaming: Texture pool size is 0.000000MB
[2015.04.12-19.56.26:968][  0]LogTargetPlatformManager:Display: Building Assets For Windows
[2015.04.12-19.56.27:476][  0]LogTargetPlatformManager:Display: Building Assets For Windows
[2015.04.12-19.56.27:536][  0]LogDerivedDataCache:Display: Max Cache Size: 512 MB
[2015.04.12-19.56.27:592][  0]LogDerivedDataCache: Loaded boot cache 0.06s 39MB C:/Users/Axel/AppData/Local/UnrealEngine/4.7/DerivedDataCache/Boot.ddc.
[2015.04.12-19.56.27:592][  0]LogDerivedDataCache:Display: Loaded Boot cache: C:/Users/Axel/AppData/Local/UnrealEngine/4.7/DerivedDataCache/Boot.ddc
[2015.04.12-19.56.27:593][  0]LogDerivedDataCache: FDerivedDataBackendGraph:  Pak pak cache file ../../../../../../Users/Axel/Documents/GitHub/08-46/UE4-Project/Project_8_46/DerivedDataCache/DDC.ddp not found, will not use a pak cache.
[2015.04.12-19.56.27:593][  0]LogDerivedDataCache: Unable to find inner node Pak for hierarchical cache Hierarchy.
[2015.04.12-19.56.27:704][  0]LogDerivedDataCache:Display: Pak cache opened for reading ../../../Engine/DerivedDataCache/Compressed.ddp.
[2015.04.12-19.56.27:716][  0]LogDerivedDataCache: Using Local data cache path C:/Users/Axel/AppData/Local/UnrealEngine/Common/DerivedDataCache: Writable
[2015.04.12-19.56.28:005][  0]LogMeshUtilities: No automatic mesh reduction module available
[2015.04.12-19.56.28:005][  0]LogMeshUtilities: No automatic mesh merging module available
[2015.04.12-19.56.28:528][  0]LogInit: WinSock: version 1.1 (2.2), MaxSocks=32767, MaxUdp=65467
[2015.04.12-19.56.28:640][  0]LogSlate:Warning: Failed to load font data from '../../../Engine/Content/Slate/Fonts/Roboto-Italic.ttf'
[2015.04.12-19.56.29:597][  0]UdpMessaging: Initializing bridge on interface 0.0.0.0:0 to multicast group 230.0.0.1:6666.
[2015.04.12-19.56.29:823][  0]SourceControl: Info Source control is disabled
[2015.04.12-19.56.29:823][  0]SourceControl: Info Source control is disabled
[2015.04.12-19.56.29:823][  0]SourceControl: Info Source control is disabled
[2015.04.12-19.56.29:823][  0]LogSourceControl: RunCommandInternalRaw: 'git version'
[2015.04.12-19.56.29:824][  0]LogSourceControl: RunCommandInternalRaw: ExecProcess ReturnCode=2 OutResults=''
[2015.04.12-19.56.29:832][  0]SourceControl: Info Source control is disabled
[2015.04.12-19.56.30:025][  0]LogObj: 24232 objects as part of root set at end of initial load.
[2015.04.12-19.56.30:025][  0]LogUObjectAllocator: 5137176 out of 0 bytes used by permanent object pool.
[2015.04.12-19.56.30:102][  0]LogEngine: Initializing Engine...
[2015.04.12-19.56.34:539][  0]OCULUS: 
[2015.04.12-19.56.34:724][  0]LogInit: XAudio2 using 'Speakers (Realtek High Definition Audio)' : 2 channels at 48 kHz using 32 bits per sample (channel mask 0x3)
[2015.04.12-19.56.34:745][  0]LogInit: FAudioDevice initialized.
[2015.04.12-19.56.34:778][  0]LogAIModule: Creating AISystem for world NewWorld
[2015.04.12-19.56.34:803][  0]LogDerivedDataCache: Saved boot cache 0.02s 39MB C:/Users/Axel/AppData/Local/UnrealEngine/4.7/DerivedDataCache/Boot.ddc.
[2015.04.12-19.56.34:811][  0]LogInit: Texture streaming: Enabled
[2015.04.12-19.56.34:896][  0]LogAnalytics: Creating configured Analytics provider AnalyticsET
[2015.04.12-19.56.34:896][  0]LogAnalytics: ET APIKey = Rocket.Release. APIServer = http://et2.epicgames.com/ET2/. AppVersion = 4.7.5-2503383+++depot+UE4-Releases+4.7
[2015.04.12-19.56.34:896][  0]LogAnalytics: ET APIKey = Rocket.Release. DataRouterUploadURL = https://datarouter-public-service-gamedev.ol.epicgames.net/datarouter/api/v1/public/data. AppVersion = 4.7.5-2503383+++depot+UE4-Releases+4.7
[2015.04.12-19.56.34:897][  0]LogAnalytics: SetUserId e88c5383477aca45f485feae05ecce95|055f838899cf4f808bea9037a5bce58a|a41b6706-46c7-4e3e-8712-6c4db12eddd9
[2015.04.12-19.56.34:897][  0]LogAnalytics: AnalyticsET::StartSession [Rocket.Release]
[2015.04.12-19.56.34:921][  0]LogInit: Transaction tracking system initialized
[2015.04.12-19.56.35:074][  0]BlueprintLog: New page: Editor Load
[2015.04.12-19.56.35:106][  0]LogAssetRegistry: FAssetRegistry took 0.0103 seconds to start up
[2015.04.12-19.56.35:106][  0]LogDirectoryWatcher:Warning: Failed to begin reading directory changes for ../../../Engine/Plugins/Experimental/CharacterAI/Content/. Error: 0
[2015.04.12-19.56.35:633][  0]LogTargetPlatformManager:Display: Building Assets For Windows
[2015.04.12-19.56.35:978][  0]LogTargetPlatformManager:Display: Building Assets For Windows
[2015.04.12-19.56.36:212][  0]LogSlate:Warning: Failed to load font data from '../../../Engine/Content/Editor/Slate/Fonts/Roboto-Regular.ttf'
[2015.04.12-19.56.36:212][  0]LogSlate:Warning: Failed to load font data from '../../../Engine/Content/Editor/Slate/Fonts/Roboto-Bold.ttf'
[2015.04.12-19.56.36:217][  0]LogConsoleResponse:Display: 
[2015.04.12-19.56.36:327][  0]LogCook:Display: Done creating registry. It took  0.00s.
[2015.04.12-19.56.36:455][  0]SourceControl: Info Source control is disabled
[2015.04.12-19.56.36:455][  0]Cmd: MAP LOAD FILE="../../../../../../Users/Axel/Documents/GitHub/08-46/UE4-Project/Project_8_46/Content/FirstPersonBP/Maps/FirstPersonExampleMap.umap" TEMPLATE=0 SHOWPROGRESS=1 FEATURELEVEL=3
[2015.04.12-19.56.36:456][  0]LogEditorServer:Warning: Can't find file '../../../../../../Users/Axel/Documents/GitHub/08-46/UE4-Project/Project_8_46/Content/FirstPersonBP/Maps/FirstPersonExampleMap.umap'
[2015.04.12-19.56.36:456][  0]Cmd: MAP CHECKDEP
[2015.04.12-19.56.36:456][  0]MapCheck: New page: Untitled_0 - Apr 12, 2015, 9:56:36 PM
[2015.04.12-19.56.36:517][  0]MapCheck: Info Map check complete: 0 Error(s), 0 Warning(s), took 61.064ms to complete.
[2015.04.12-19.56.36:517][  0]LogFileHelpers: Loading map 'FirstPersonExampleMap' took 0.062
[2015.04.12-19.56.36:644][  0]LogCollectionManager: Loaded 0 collections in 0.001748 seconds
[2015.04.12-19.56.36:653][  0]LogContentBrowser: Native class hierarchy populated in 0.0088 seconds. Added 1696 classes and 261 folders.
[2015.04.12-19.56.36:682][  0]LogContentBrowser: Native class hierarchy updated for 'SceneOutliner' in 0.0018 seconds. Added 1 classes and 2 folders.
[2015.04.12-19.56.36:723][  0]LogCrashTracker: Crashtracker disabled due to settings.
[2015.04.12-19.56.36:725][  0]LogSlate:Warning: Failed to load font data from 'Veranda'
[2015.04.12-19.56.36:738][  0]LogUObjectGlobals:Warning: Failed to find object 'Class None.'
[2015.04.12-19.56.36:767][  0]LogLoad: Full Startup: 13.02 seconds (BP compile: 0.00 seconds)
[2015.04.12-19.56.36:795][  0]LogContentBrowser:Verbose: The content browser source was changed by the sources view to '/Game/Character/UE_Model/Bend'
[2015.04.12-19.56.37:030][  0]LogRenderer:Warning: Reallocating scene render targets to support 1208x560 (Frame:2).
[2015.04.12-19.56.37:605][  5]LogAssetRegistry: Asset discovery search completed in 2.5095 seconds
[2015.04.12-19.56.41:287][194]LogContentBrowser:Verbose: The content browser source was change