Log file open, 04/13/15 18:49:02
LogInit:Display: Running engine for game: Project_8_46
LogInit: Version: 4.7.5-2503383+++depot+UE4-Releases+4.7
LogInit: API Version: 2455222
LogInit: Compiled (64-bit): Apr  6 2015 23:21:51
LogInit: Compiled with Visual C++: 18.00.21005.01
LogInit: Build Configuration: Development
LogInit: Branch Name: ++depot+UE4-Releases+4.7
LogInit: Command line: 
LogInit: Base directory: C:/Program Files/Epic Games/4.7/Engine/Binaries/Win64/
LogInit: Rocket: 1
[2015.04.13-17.49.02:569][  0]LogTaskGraph: Started task graph with 3 named threads and 6 total threads.
[2015.04.13-17.49.02:624][  0]LogOnline:Warning: No default platform service specified for OnlineSubsystem
[2015.04.13-17.49.02:637][  0]LogInit: Presizing for 0 objects not considered by GC, pre-allocating 0 bytes.
[2015.04.13-17.49.02:646][  0]LogInit: Object subsystem initialized
[2015.04.13-17.49.02:648][  0]LogConsoleResponse:Warning: Skipping Unknown console variable: 'TranslucentSortAxis = (X=0.000000,Y=-1.000000,Z=0.000000)'
[2015.04.13-17.49.02:648][  0]LogConsoleResponse:Warning:   Found in ini file 'C:/Users/Axel/Documents/GitHub/08-46/UE4-Project/Project_8_46/Saved/Config/Windows/Engine.ini', in section '[/Script/Engine.RendererSettings]'
[2015.04.13-17.49.02:648][  0]LogConsoleResponse:Warning: Skipping Unknown console variable: 'UIScaleRule = ShortestSide'
[2015.04.13-17.49.02:648][  0]LogConsoleResponse:Warning:   Found in ini file 'C:/Users/Axel/Documents/GitHub/08-46/UE4-Project/Project_8_46/Saved/Config/Windows/Engine.ini', in section '[/Script/Engine.RendererSettings]'
[2015.04.13-17.49.02:648][  0]LogConsoleResponse:Warning: Skipping Unknown console variable: 'UIScaleCurve = (EditorCurveData=(Keys=),ExternalCurve=None)'
[2015.04.13-17.49.02:648][  0]LogConsoleResponse:Warning:   Found in ini file 'C:/Users/Axel/Documents/GitHub/08-46/UE4-Project/Project_8_46/Saved/Config/Windows/Engine.ini', in section '[/Script/Engine.RendererSettings]'
[2015.04.13-17.49.02:648][  0]LogInit: Selected Device Profile: [Windows]
[2015.04.13-17.49.02:648][  0]LogInit: Applying CVar settings loaded from the selected device profile: [Windows]
[2015.04.13-17.49.02:656][  0]LogInit: Computer: AXEL
[2015.04.13-17.49.02:656][  0]LogInit: User: Axel
[2015.04.13-17.49.02:656][  0]LogInit: CPU Page size=4096, Cores=4
[2015.04.13-17.49.02:656][  0]LogInit: High frequency timer resolution =2.435779 MHz
[2015.04.13-17.49.02:656][  0]LogMemory: Memory total: Physical=7.9GB (8GB approx) Virtual=131072.0GB
[2015.04.13-17.49.02:657][  0]LogMemory: Platform Memory Stats for Windows
[2015.04.13-17.49.02:657][  0]LogMemory: Process Physical Memory: 46.20 MB used, 46.20 MB peak
[2015.04.13-17.49.02:657][  0]LogMemory: Process Virtual Memory: 26.49 MB used, 26.49 MB peak
[2015.04.13-17.49.02:657][  0]LogMemory: Physical Memory: 4788.85 MB used, 8111.20 MB total
[2015.04.13-17.49.02:657][  0]LogMemory: Virtual Memory: 287.62 MB used, 134217728.00 MB total
[2015.04.13-17.49.02:683][  0]LogD3D11RHI: Found D3D11 adapter 0: NVIDIA GeForce GTX 850M        (Feature Level 11_0)
[2015.04.13-17.49.02:683][  0]LogD3D11RHI: Adapter has 1972MB of dedicated video memory, 0MB of dedicated system memory, and 2048MB of shared system memory, 1 output[s]
[2015.04.13-17.49.02:689][  0]LogD3D11RHI: Found D3D11 adapter 1: Intel(R) HD Graphics 4600 (Feature Level 11_0)
[2015.04.13-17.49.02:689][  0]LogD3D11RHI: Adapter has 0MB of dedicated video memory, 0MB of dedicated system memory, and 1792MB of shared system memory, 0 output[s]
[2015.04.13-17.49.02:690][  0]LogD3D11RHI: Found D3D11 adapter 2: Microsoft Basic Render Driver (Feature Level 11_0)
[2015.04.13-17.49.02:690][  0]LogD3D11RHI: Adapter has 0MB of dedicated video memory, 0MB of dedicated system memory, and 256MB of shared system memory, 0 output[s]
[2015.04.13-17.49.02:690][  0]LogD3D11RHI: Chosen D3D11 Adapter Id = 0
[2015.04.13-17.49.02:695][  0]LogRHI: Texture pool is 1361 MB (70% of 1945 MB)
[2015.04.13-17.49.02:704][  0]LogD3D11RHI: Async texture creation enabled
[2015.04.13-17.49.02:764][  0]LogTextLocalizationManager: The requested culture ('fr_FR') has no localization data; falling back to 'en' for localization and internationalization data.
[2015.04.13-17.49.02:843][  0]LogTextLocalizationManager:Warning: Loading localization resources contain conflicting entries for (Namespace:UICommands, Key:Save_ToolTip):
Resource: (C:/Program Files/Epic Games/4.7/Engine/Content/Localization/Editor/en/Editor.locres) Hash: (-29098895) String: (Saves the current level to disk)
Resource: (C:/Program Files/Epic Games/4.7/Engine/Content/Localization/Engine/en/Engine.locres) Hash: (-1280300587) String: (Save selected data to vlog file)
[2015.04.13-17.49.02:843][  0]LogTextLocalizationManager:Warning: Loading localization resources contain conflicting entries for (Namespace:ContentBrowser, Key:ImportAssetToolTip):
Resource: (C:/Program Files/Epic Games/4.7/Engine/Content/Localization/Editor/en/Editor.locres) Hash: (-630476809) String: (Import to {0}...)
Resource: (C:/Program Files/Epic Games/4.7/Engine/Content/Localization/Editor/en/Editor.locres) Hash: (1271782899) String: (Imports an asset from file to this folder.)
[2015.04.13-17.49.02:925][  0]LogContentStreaming: Texture pool size is 0.000000MB
[2015.04.13-17.49.04:972][  0]LogTargetPlatformManager:Display: Building Assets For Windows
[2015.04.13-17.49.05:436][  0]LogTargetPlatformManager:Display: Building Assets For Windows
[2015.04.13-17.49.05:491][  0]LogDerivedDataCache:Display: Max Cache Size: 512 MB
[2015.04.13-17.49.05:535][  0]LogDerivedDataCache: Loaded boot cache 0.04s 39MB C:/Users/Axel/AppData/Local/UnrealEngine/4.7/DerivedDataCache/Boot.ddc.
[2015.04.13-17.49.05:535][  0]LogDerivedDataCache:Display: Loaded Boot cache: C:/Users/Axel/AppData/Local/UnrealEngine/4.7/DerivedDataCache/Boot.ddc
[2015.04.13-17.49.05:535][  0]LogDerivedDataCache: FDerivedDataBackendGraph:  Pak pak cache file ../../../../../../Users/Axel/Documents/GitHub/08-46/UE4-Project/Project_8_46/DerivedDataCache/DDC.ddp not found, will not use a pak cache.
[2015.04.13-17.49.05:535][  0]LogDerivedDataCache: Unable to find inner node Pak for hierarchical cache Hierarchy.
[2015.04.13-17.49.05:641][  0]LogDerivedDataCache:Display: Pak cache opened for reading ../../../Engine/DerivedDataCache/Compressed.ddp.
[2015.04.13-17.49.05:654][  0]LogDerivedDataCache: Using Local data cache path C:/Users/Axel/AppData/Local/UnrealEngine/Common/DerivedDataCache: Writable
[2015.04.13-17.49.05:900][  0]LogMeshUtilities: No automatic mesh reduction module available
[2015.04.13-17.49.05:900][  0]LogMeshUtilities: No automatic mesh merging module available
[2015.04.13-17.49.06:271][  0]LogInit: WinSock: version 1.1 (2.2), MaxSocks=32767, MaxUdp=65467
[2015.04.13-17.49.06:336][  0]LogSlate:Warning: Failed to load font data from '../../../Engine/Content/Slate/Fonts/Roboto-Italic.ttf'
[2015.04.13-17.49.07:037][  0]UdpMessaging: Initializing bridge on interface 0.0.0.0:0 to multicast group 230.0.0.1:6666.
[2015.04.13-17.49.07:229][  0]SourceControl: Info Source control is disabled
[2015.04.13-17.49.07:229][  0]SourceControl: Info Source control is disabled
[2015.04.13-17.49.07:229][  0]SourceControl: Info Source control is disabled
[2015.04.13-17.49.07:229][  0]LogSourceControl: RunCommandInternalRaw: 'git version'
[2015.04.13-17.49.07:229][  0]LogSourceControl: RunCommandInternalRaw: ExecProcess ReturnCode=2 OutResults=''
[2015.04.13-17.49.07:237][  0]SourceControl: Info Source control is disabled
[2015.04.13-17.49.07:399][  0]LogObj: 24232 objects as part of root set at end of initial load.
[2015.04.13-17.49.07:399][  0]LogUObjectAllocator: 5137176 out of 0 bytes used by permanent object pool.
[2015.04.13-17.49.07:474][  0]LogEngine: Initializing Engine...
[2015.04.13-17.49.12:557][  0]OCULUS: 
[2015.04.13-17.49.12:557][  0]OCULUS: 
[2015.04.13-17.49.12:728][  0]LogInit: XAudio2 using 'Speakers (Realtek High Definition Audio)' : 2 channels at 48 kHz using 32 bits per sample (channel mask 0x3)
[2015.04.13-17.49.12:738][  0]LogInit: FAudioDevice initialized.
[2015.04.13-17.49.12:775][  0]LogAIModule: Creating AISystem for world NewWorld
[2015.04.13-17.49.12:801][  0]LogDerivedDataCache: Saved boot cache 0.03s 39MB C:/Users/Axel/AppData/Local/UnrealEngine/4.7/DerivedDataCache/Boot.ddc.
[2015.04.13-17.49.12:810][  0]LogInit: Texture streaming: Enabled
[2015.04.13-17.49.12:900][  0]LogAnalytics: Creating configured Analytics provider AnalyticsET
[2015.04.13-17.49.12:900][  0]LogAnalytics: ET APIKey = Rocket.Release. APIServer = http://et2.epicgames.com/ET2/. AppVersion = 4.7.5-2503383+++depot+UE4-Releases+4.7
[2015.04.13-17.49.12:900][  0]LogAnalytics: ET APIKey = Rocket.Release. DataRouterUploadURL = https://datarouter-public-service-gamedev.ol.epicgames.net/datarouter/api/v1/public/data. AppVersion = 4.7.5-2503383+++depot+UE4-Releases+4.7
[2015.04.13-17.49.12:900][  0]LogAnalytics: SetUserId e88c5383477aca45f485feae05ecce95|055f838899cf4f808bea9037a5bce58a|a41b6706-46c7-4e3e-8712-6c4db12eddd9
[2015.04.13-17.49.12:900][  0]LogAnalytics: AnalyticsET::StartSession [Rocket.Release]
[2015.04.13-17.49.12:925][  0]LogInit: Transaction tracking system initialized
[2015.04.13-17.49.13:082][  0]BlueprintLog: New page: Editor Load
[2015.04.13-17.49.13:115][  0]LogAssetRegistry: FAssetRegistry took 0.0102 seconds to start up
[2015.04.13-17.49.13:115][  0]LogDirectoryWatcher:Warning: Failed to begin reading directory changes for ../../../Engine/Plugins/Experimental/CharacterAI/Content/. Error: 0
[2015.04.13-17.49.13:631][  0]LogTargetPlatformManager:Display: Building Assets For Windows
[2015.04.13-17.49.13:959][  0]LogTargetPlatformManager:Display: Building Assets For Windows
[2015.04.13-17.49.14:196][  0]LogLinker:Warning: Can't find file '/Game/Scripts/LevelScripting/Level'
[2015.04.13-17.49.14:196][  0]LogLinker:Warning: Can't find file '/Game/Scripts/LevelScripting/Level'
[2015.04.13-17.49.14:196][  0]LogUObjectGlobals:Warning: Failed to find object 'Class /Game/Scripts/LevelScripting/Level.Level_C'
[2015.04.13-17.49.14:224][  0]LogSlate:Warning: Failed to load font data from '../../../Engine/Content/Editor/Slate/Fonts/Roboto-Regular.ttf'
[2015.04.13-17.49.14:224][  0]LogSlate:Warning: Failed to load font data from '../../../Engine/Content/Editor/Slate/Fonts/Roboto-Bold.ttf'
[2015.04.13-17.49.14:228][  0]LogConsoleResponse:Display: 
[2015.04.13-17.49.14:363][  0]LogCook:Display: Done creating registry. It took  0.00s.
[2015.04.13-17.49.14:489][  0]SourceControl: Info Source control is disabled
[2015.04.13-17.49.14:489][  0]Cmd: MAP LOAD FILE="../../../../../../Users/Axel/Documents/GitHub/08-46/UE4-Project/Project_8_46/Content/FirstPersonBP/Maps/FirstPersonExampleMap.umap" TEMPLATE=0 SHOWPROGRESS=1 FEATURELEVEL=3
[2015.04.13-17.49.14:489][  0]LogEditorServer:Warning: Can't find file '../../../../../../Users/Axel/Documents/GitHub/08-46/UE4-Project/Project_8_46/Content/FirstPersonBP/Maps/FirstPersonExampleMap.umap'
[2015.04.13-17.49.14:489][  0]Cmd: MAP CHECKDEP
[2015.04.13-17.49.14:490][  0]MapCheck: New page: Untitled_0 - Apr 13, 2015, 7:49:14 PM
[2015.04.13-17.49.14:550][  0]MapCheck: Info Map check complete: 0 Error(s), 0 Warning(s), took 59.91ms to complete.
[2015.04.13-17.49.14:550][  0]LogFileHelpers: Loading map 'FirstPersonExampleMap' took 0.060
[2015.04.13-17.49.14:795][  0]LogCollectionManager: Loaded 0 collections in 0.001652 seconds
[2015.04.13-17.49.14:803][  0]LogContentBrowser: Native class hierarchy populated in 0.0082 seconds. Added 1696 classes and 261 folders.
[2015.04.13-17.49.14:830][  0]LogContentBrowser: Native class hierarchy updated for 'SceneOutliner' in 0.0016 seconds. Added 1 classes and 2 folders.
[2015.04.13-17.49.14:928][  0]LogCrashTracker: Crashtracker disabled due to settings.
[2015.04.13-17.49.14:929][  0]LogSlate:Warning: Failed to load font data from 'Veranda'
[2015.04.13-17.49.14:935][  0]LogUObjectGlobals:Warning: Failed to find object 'Class None.'
[2015.04.13-17.49.14:960][  0]LogLoad: Full Startup: 13.26 seconds (BP compile: 0.00 seconds)
[2015.04.13-17.49.15:334][  0]LogContentBrowser:Verbose: The content browser source was changed by the sources view to '/Game/Scripts/GameState'
[2015.04.13-17.49.15:553][  0]LogRenderer:Warning: Reallocating scene render targets to support 32x32 (Frame:2).
[2015.04.13-17.49.15:710][  0]LogRenderer:Warning: Reallocating scene render targets to support 1208x560 (Frame:4).
[2015.04.13-17.49.17:887][  7]LogAssetRegistry: Asset discovery search completed in 4.7831 seconds
[2015.04.13-17.49.21:548][ 18]LogContentBrowser:Verbose: The content browser source was changed by the sources view to '/Game/Scripts/LevelScripting'
[2015.04.13-17.49.23:349][124]LogContentBrowser:Verbose: The content browser source was changed by the sources view to '/Game/Scripts/Player'
[2015.04.13-17.49.23:643][141]LogContentBrowser:Verbose: The content browser source was changed by the sources view to '/Game/Scripts/LevelScripting'
[2015.04.13-17.49.28:030][215]LogContentBrowser:Verbose: The content browser source was changed by the sources view to '/Game/Scripts/LevelScripting'
[2015.04.13-17.49.52:887][633]LogSavePackage: Save=4.536536ms
[2015.04.13-17.49.52:887][633]LogSavePackage: Moving '../../../../../../Users/Axel/Documents/GitHub/08-46/UE4-Project/Project_8_46/Saved/Tutorial_BP9B45C23A42E93B14C01F3B8E755C97E3.tmp' to '../../../../../../Users/Axel/Documents/GitHub/08-46/UE4-Project/Project_8_46/Content/Scripts/LevelScripting/Tutorial_BP.uasset'
[2015.04.13-17.49.56:551][842]LogContentBrowser:Verbose: The content browser source was changed by the sources view to '/Game/Level'
[2015.04.13-17.49.58:540][901]Cmd: MAP LOAD FILE="../../../../../../Users/Axel/Documents/GitHub/08-46/UE4-Project/Project_8_46/Content/Level/MainTest_Level.umap" TEMPLATE=0 SHOWPROGRESS=1 FEATURELEVEL=3
[2015.04.13-17.49.58:541][901]LightingResults: New page: Lighting Build
[2015.04.13-17.49.58:553][901]LogContentBrowser: Native class hierarchy updated for 'StatsViewer' in 0.0017 seconds. Added 5 classes and 0 folders.
[2015.04.13-17.49.58:580][901]LoadErrors: New page: Loading map: MainTest_Level.umap
[2015.04.13-17.49.58:580][901]MapCheck: New page: Map Check
[2015.04.13-17.49.58:580][901]LightingResults: New page: Lighting Build
[2015.04.13-17.49.58:594][901]LogParticles: Destroying 0 GPU particle simulations for FXSystem 0x000000ADD1DC2980
[2015.04.13-17.49.58:603][901]LogEditorServer: Finished looking for orphan Actors (0.000 secs)
[2015.04.13-17.49.58:606][901]LogAIModule: Creating AISystem for world MainTest_Level
[2015.04.13-17.49.58:645][901]Cmd: MAP CHECKDEP
[2015.04.13-17.49.58:646][901]MapCheck: New page: MainTest_Level - Apr 13, 2015, 7:49:58 PM
[2015.04.13-17.49.58:716][901]MapCheck: Info Map check complete: 0 Error(s), 0 Warning(s), took 70.697ms to complete.
[2015.04.13-17.49.58:717][901]LogFileHelpers: Loading map 'MainTest_Level' took 0.179
[2015.04.13-17.50.33:354][915]LogBlueprint:Warning: [compiler] Warning Could not find a function named "InitLevel" in 'MainTest_Level_C'.
Make sure 'MainTest_Level_C' has been compiled for  Init Level 
[2015.04.13-17.50.33:421][915]LogBlueprint:Warning: [compiler] Warning Could not find the function 'InitLevel' called from  Init Level 
[2015.04.13-17.50.33:422][915]LogBlueprint:Warning: [compiler] Warning [0091.72] Compile of MainTest_Level successful, but with 2 Warning(s) [in 76 ms]
[2015.04.13-17.50.33:423][915]LogBlueprint:Warning: [compiler] Warning [0091.72] Compile of MainTest_Level successful, but with 3 Warning(s) [in 0 ms]
[2015.04.13-17.50.33:462][915]LogBlueprint:Warning: [compiler] Warning [0091.76] Compile of MainTest_Level successful, but with 4 Warning(s) [in 38 ms]
[2015.04.13-17.50.33:463][915]LogBlueprint:Warning: [compiler] Warning [0091.76] Compile of MainTest_Level successful, but with 5 Warning(s) [in 1 ms]
[2015.04.13-17.50.33:464][915]LogBlueprint:Warning: [compiler] Warning [0091.76] Compile of MainTest_Level successful, but with 6 Warning(s) [in 0 ms]
[2015.04.13-17.50.33:464][915]LogBlueprint:Warning: [compiler] Warning [0091.76] Compile of MainTest_Level successful, but with 7 Warning(s) [in 0 ms]
[2015.04.13-17.50.33:513][915]LogSavePackage: Save=170.059769ms
[2015.04.13-17.50.33:513][915]LogSavePackage: Moving '../../../../../../Users/Axel/Documents/GitHub/08-46/UE4-Project/Project_8_46/Saved/MainTest_Level7FB3AD0F4D212F49F68D7BA71BAC0947.tmp' to '../../../../../../Users/Axel/Documents/GitHub/08-46/UE4-Project/Project_8_46/Content/Level/MainTest_Level.umap'
[2015.04.13-17.50.33:556][915]LogFileHelpers: Saving map 'MainTest_Level' took 0.343
[2015.04.13-17.50.40:040][286]LogBlueprint:Warning: [compiler] Warning Could not find a function named "InitLevel" in 'MainTest_Level_C'.
Make sure 'MainTest_Level_C' has been compiled for  Init Level 
[2015.04.13-17.50.40:043][286]LogBlueprint:Warning: [compiler] Warning Could not find the function 'InitLevel' called from  Init Level 
[2015.04.13-17.50.40:044][286]LogBlueprint:Warning: [compiler] Warning [0098.34] Compile of MainTest_Level successful, but with 2 Warning(s) [in 11 ms]
[2015.04.13-17.50.40:044][286]LogBlueprint:Warning: [compiler] Warning [0098.34] Compile of MainTest_Level successful, but with 3 Warning(s) [in 0 ms]
[2015.04.13-17.50.40:070][286]LogBlueprint:Warning: [compiler] Warning [0098.37] Compile of MainTest_Level successful, but with 4 Warning(s) [in 25 ms]
[2015.04.13-17.50.40:071][286]LogBlueprint:Warning: [compiler] Warning [0098.37] Compile of MainTest_Level successful, but with 5 Warning(s) [in 1 ms]
[2015.04.13-17.50.40:071][286]LogBlueprint:Warning: [compiler] Warning [0098.37] Compile of MainTest_Level successful, but with 6 Warning(s) [in 0 ms]
[2015.04.13-17.50.40:071][286]LogBlueprint:Warning: [compiler] Warning [0098.37] Compile of MainTest_Level successful, but with 7 Warning(s) [in 0 ms]
[2015.04.13-17.50.40:118][286]LogSavePackage: Save=87.733742ms
[2015.04.13-17.50.40:118][286]LogSavePackage: Moving '../../../../../../Users/Axel/Documents/GitHub/08-46/UE4-Project/Project_8_46/Saved/MainTest_LevelAABCA5494BCB9EF2D2141FADDB0AD45C.tmp' to '../../../../../../Users/Axel/Documents/GitHub/08-46/UE4-Project/Project_8_46/Content/Level/MainTest_Level.umap'
[2015.04.13-17.50.40:161][286]LogFileHelpers: Saving map 'MainTest_Level' took 0.251
[2015.04.13-17.50.42:242][410]BlueprintLog: New page: Compile MainTest_Level
[2015.04.13-17.50.42:253][410]LogBlueprint:Warning: [compiler] Warning Could not find a function named "InitLevel" in 'MainTest_Level_C'.
Make sure 'MainTest_Level_C' has been compiled for  Init Level 
[2015.04.13-17.50.42:258][410]LogBlueprint:Warning: [compiler] Warning Could not find the function 'InitLevel' called from  Init Level 
[2015.04.13-17.50.42:306][410]LogBlueprint:Warning: [compiler] Warning [0100.60] Compile of MainTest_Level successful, but with 2 Warning(s) [in 63 ms]
[2015.04.13-17.50.42:306][410]BlueprintEditorCompileResults:Warning: Warning Could not find a function named "InitLevel" in 'MainTest_Level_C'.
Make sure 'MainTest_Level_C' has been compiled for  Init Level 
[2015.04.13-17.50.42:306][410]BlueprintEditorCompileResults:Warning: Warning Could not find the function 'InitLevel' called from  Init Level 
[2015.04.13-17.50.42:306][410]BlueprintEditorCompileResults:Warning: Warning [0100.60] Compile of MainTest_Level successful, but with 2 Warning(s) [in 63 ms]
[2015.04.13-17.50.44:090][508]LogContentBrowser:Verbose: The content browser source was changed by the sources view to 'None'
[2015.04.13-17.50.44:090][508]LogContentBrowser:Verbose: The content browser source was changed by the sources view to '/Game/Level'
[2015.04.13-17.50.55:119][142]LogSavePackage: Save=87.450874ms
[2015.04.13-17.50.55:119][142]LogSavePackage: Moving '../../../../../../Users/Axel/Documents/GitHub/08-46/UE4-Project/Project_8_46/Saved/MainTest_Level5683016B4310A7FBF4853A9D7EE61FB0.tmp' to '../../../../../../Users/Axel/Documents/GitHub/08-46/UE4-Project/Project_8_46/Content/Level/MainTest_Level.umap'
[2015.04.13-17.50.55:159][142]LogFileHelpers: Saving map 'MainTest_Level' took 0.250
[2015.04.13-17.51.13:305][230]BlueprintLog: New page: Compile MainTest_Level
[2015.04.13-17.51.13:370][230]BlueprintEditorCompileResults: Info [0131.67] Compile of MainTest_Level successful! [in 65 ms]
[2015.04.13-17.53.02:372][813]LogLinker:Warning: Asset '../../../Engine/Content/EngineMeshes/Humanoid.uasset' has been saved with empty engine version. The asset will be loaded but may be incompatible.
[2015.04.13-17.53.02:742][813]LogLinker:Warning: CreateExport: Failed to load Parent for Function /Game/Scripts/Props/UsableActor_BP.UsableActor_BP_C:UserConstructionScript; removing parent information, but keeping function
[2015.04.13-17.53.30:362][185]LogContentBrowser:Verbose: The content browser source was changed by the sources view to '/Game/Scripts/GameState'
[2015.04.13-17.53.59:963][903]LogSlate:Warning: Prevented a slow task dialog from being summoned while a context menu was open
[2015.04.13-17.54.31:826][350]LogRenderer:Warning: Reallocating scene render targets to support 1208x712 (Frame:22).
[2015.04.13-17.54.33:771][459]LogActorComponent: UnregisterComponent: (/Engine/Transient.CharMoveComp) Not registered. Aborting.
[2015.04.13-17.54.33:804][459]LogParticles: Destroying 0 GPU particle simulations for FXSystem 0x000000ADD5A1EDE0
[2015.04.13-17.54.33:958][459]LogSavePackage: Save=24.962856ms
[2015.04.13-17.54.33:958][459]LogSavePackage: Moving '../../../../../../Users/Axel/Documents/GitHub/08-46/UE4-Project/Project_8_46/Saved/GameMode_BPA570D05F4B6CC703A178CD9DE0072E7E.tmp' to '../../../../../../Users/Axel/Documents/GitHub/08-46/UE4-Project/Project_8_46/Content/Scripts/GameState/GameMode_BP.uasset'
[2015.04.13-17.54.33:980][459]LogSavePackage: Save=12.363601ms
[2015.04.13-17.54.33:980][459]LogSavePackage: Moving '../../../../../../Users/Axel/Documents/GitHub/08-46/UE4-Project/Project_8_46/Saved/GameState_BPC574FA004756A0C61ACE46BAB45E990D.tmp' to '../../../../../../Users/Axel/Documents/GitHub/08-46/UE4-Project/Project_8_46/Content/Scripts/GameState/GameState_BP.uasset'
[2015.04.13-18.41.59:113][827]LogActorComponent: UnregisterComponent: (/Engine/Transient.CharMoveComp) Not registered. Aborting.
[2015.04.13-18.42.02:628][827]LogActorComponent: RegisterComponentWithWorld: (/Engine/Transient.World_7:PersistentLevel.GameMode_BP_C_2.DefaultSceneRoot) Trying to register component with IsPendingKill() == true. Aborting.
[2015.04.13-18.42.02:628][827]LogObjectTools:Warning: ForceReplaceReferences replaced references for a transient object 'GameMode_BP_C_2' or package '/Engine/Transient'.
[2015.04.13-18.42.02:628][827]LogObjectTools:Warning: ForceReplaceReferences replaced references for a transient object 'DEADCLASS_GameState_BP_C_0' or package '/Engine/Transient'.
[2015.04.13-18.42.02:628][827]LogObjectTools:Warning: ForceReplaceReferences replaced references for a transient object 'DEADCLASS_GameState_BP_C_1' or package '/Engine/Transient'.
[2015.04.13-18.42.02:628][827]LogObjectTools:Warning: ForceReplaceReferences replaced references for a transient object 'REINST_SKEL_GameState_BP_C_149' or package '/Engine/Transient'.
[2015.04.13-18.42.02:628][827]LogObjectTools:Warning: ForceReplaceReferences replaced references for a transient object 'REINST_GameState_BP_C_148' or package '/Engine/Transient'.
[2015.04.13-18.42.02:735][827]LogParticles: Destroying 0 GPU particle simulations for FXSystem 0x000000ADC8637920
[2015.04.13-18.42.02:736][827]LogParticles: Destroying 0 GPU particle simulations for FXSystem 0x000000ADDB8F13A0
[2015.04.13-18.42.02:737][827]LogParticles: Destroying 0 GPU particle simulations for FXSystem 0x000000ADD98CAE80
[2015.04.13-18.42.03:719][842]LogGameMode:Warning: No GameStateClass was specified in GameMode_BP_C_6 (GameMode_BP_C)
[2015.04.13-18.42.04:471][879]LogSavePackage: Save=9.829709ms
[2015.04.13-18.42.04:471][879]LogSavePackage: Moving '../../../../../../Users/Axel/Documents/GitHub/08-46/UE4-Project/Project_8_46/Saved/GameMode_BP68CEBFD544F957A81B9208A016445AED.tmp' to '../../../../../../Users/Axel/Documents/GitHub/08-46/UE4-Project/Project_8_46/Content/Scripts/GameState/GameMode_BP.uasset'
[2015.04.13-18.42.07:483][ 60]BlueprintLog: New page: Compile GameMode_BP
[2015.04.13-18.42.07:578][ 60]BlueprintEditorCompileResults: Info [3185.88] Compile of GameMode_BP successful! [in 94 ms]
[2015.04.13-18.42.07:579][ 60]LogGameMode:Warning: No GameStateClass was specified in GameMode_BP_C_1 (GameMode_BP_C)
[2015.04.13-18.42.17:202][637]LogSlate:Warning: Prevented a slow task dialog from being summoned while a context menu was open
[2015.04.13-18.42.36:642][352]LogContentBrowser:Verbose: The content browser source was changed by the sources view to '/Game/Scripts/GameState'
[2015.04.13-18.46.47:701][230]LogGameMode:Warning: No GameStateClass was specified in GameMode_BP_C_3 (GameMode_BP_C)
[2015.04.13-18.46.51:832][464]LogParticles: Destroying 0 GPU particle simulations for FXSystem 0x000000ADD004A020
[2015.04.13-18.46.51:832][464]LogParticles: Destroying 0 GPU particle simulations for FXSystem 0x000000ADDE697060
[2015.04.13-19.54.59:075][667]LogGameMode:Warning: No GameStateClass was specified in GameMode_BP_C_5 (GameMode_BP_C)
[2015.04.13-19.55.02:325][861]LogGameMode:Warning: No GameStateClass was specified in GameMode_BP_C_7 (GameMode_BP_C)
[2015.04.13-19.55.03:424][897]LogSavePackage: Save=11.019473ms
[2015.04.13-19.55.03:424][897]LogSavePackage: Moving '../../../../../../Users/Axel/Documents/GitHub/08-46/UE4-Project/Project_8_46/Saved/GameMode_BP2EACE66F487BC4FE42701BB315D24C3E.tmp' to '../../../../../../Users/Axel/Documents/GitHub/08-46/UE4-Project/Project_8_46/Content/Scripts/GameState/GameMode_BP.uasset'
[2015.04.13-19.55.05:872][ 36]LogContentBrowser:Verbose: The content browser source was changed by the sources view to '/Game/Scripts/LevelScripting'
[2015.04.13-19.55.17:060][698]LogMetaData: Removing '/Game/Scripts/LevelScripting/LevelState.LevelState' ref from Metadata '/Game/Scripts/LevelScripting/CurrentLevelSection.PackageMetaData'
[2015.04.13-19.55.17:200][698]LogSavePackage: Save=9.193363ms
[2015.04.13-19.55.17:200][698]LogSavePackage: Moving '../../../../../../Users/Axel/Documents/GitHub/08-46/UE4-Project/Project_8_46/Saved/LevelStateD7EF3E8449F16147428D40888732EF3E.tmp' to '../../../../../../Users/Axel/Documents/GitHub/08-46/UE4-Project/Project_8_46/Content/Scripts/LevelScripting/LevelState.uasset'
[2015.04.13-19.55.17:306][698]LogSavePackage: Save=3.523308ms
[2015.04.13-19.55.17:306][698]LogSavePackage: Moving '../../../../../../Users/Axel/Documents/GitHub/08-46/UE4-Project/Project_8_46/Saved/CurrentLevelSectionE14EC0164B8B1949DF8930A3BB9D9325.tmp' to '../../../../../../Users/Axel/Documents/GitHub/08-46/UE4-Project/Project_8_46/Content/Scripts/LevelScripting/CurrentLevelSection.uasset'
[2015.04.13-19.55.23:810][ 88]LogContentBrowser:Verbose: The content browser source was changed by the sources view to '/Game/Scripts/GameState'
[2015.04.13-19.55.26:777][266]LogContentBrowser:Verbose: The content browser source was changed by the sources view to '/Game/Scripts/LevelScripting'
[2015.04.13-19.55.31:407][520]LogMetaData: Removing '/Game/Scripts/GameState/LevelState.LevelState' ref from Metadata '/Game/Scripts/LevelScripting/LevelState.PackageMetaData'
[2015.04.13-19.55.31:564][520]LogSavePackage: Save=3.549583ms
[2015.04.13-19.55.31:564][520]LogSavePackage: Moving '../../../../../../Users/Axel/Documents/GitHub/08-46/UE4-Project/Project_8_46/Saved/LevelStateF42AA6E84E2ECEF9BA94B0967CF66F96.tmp' to '../../../../../../Users/Axel/Documents/GitHub/08-46/UE4-Project/Project_8_46/Content/Scripts/GameState/LevelState.uasset'
[2015.04.13-19.55.31:916][520]LogSavePackage: Save=3.573395ms
[2015.04.13-19.55.31:916][520]LogSavePackage: Moving '../../../../../../Users/Axel/Documents/GitHub/08-46/UE4-Project/Project_8_46/Saved/CurrentLevelSection4EF0CE504475860EB964F4939264974D.tmp' to '../../../../../../Users/Axel/Documents/GitHub/08-46/UE4-Project/Project_8_46/Content/Scripts/LevelScripting/CurrentLevelSection.uasset'
[2015.04.13-19.55.38:430][726]LogParticles: Destroying 0 GPU particle simulations for FXSystem 0x000000ADD004B880
[2015.04.13-19.55.43:816][ 41]LogContentBrowser:Verbose: The content browser source was changed by the sources view to '/Game/Scripts/GameState'
[2015.04.13-19.55.50:649][428]LogContentBrowser:Verbose: The content browser source was changed by the sources view to '/Game/Scripts/GameState'
[2015.04.13-19.56.10:908][306]LogEnum:Warning: Enum name collision: 'LevelState::NewEnumerator0' is in both '/Game/Scripts/GameState/GameModeScripts/LevelState.LevelState' and '/Game/Scripts/GameState/LevelState.LevelState'
[2015.04.13-19.56.10:908][306]LogEnum:Warning: Enum name collision: 'LevelState::LevelState_MAX' is in both '/Game/Scripts/GameState/GameModeScripts/LevelState.LevelState' and '/Game/Scripts/GameState/LevelState.LevelState'
[2015.04.13-19.56.10:909][306]LogWindows:Error: Windows GetLastError: L’opération a réussi. (0)
[2015.04.13-19.56.11:355][306]LogCrashTracker: 


[2015.04.13-19.57.06:169][306]LogCrashTracker: 


[2015.04.13-19.57.06:170][306]LogWindows: === Critical error: ===
Fatal error: [File:D:\BuildFarm\buildmachine_++depot+UE4-Releases+4.7\Engine\Source\Runtime\Core\Private\GenericPlatform\GenericPlatformMemory.cpp] [Line: 54] 
Ran out of memory allocating 18446744073709551576 bytes with alignment 0


KERNELBASE.dll!UnknownFunction (0x00007ff85c58606c) + 0 bytes [UnknownFile:0]
UE4Editor-Core.dll!FOutputDeviceWindowsError::Serialize() (0x00007ff821248074) + 0 bytes [d:\buildfarm\buildmachine_++depot+ue4-releases+4.7\engine\source\runtime\core\private\windows\windowsplatformoutputdevices.cpp:95]
UE4Editor-Core.dll!FMsg::Logf__VA() (0x00007ff8210c774f) + 0 bytes [d:\buildfarm\buildmachine_++depot+ue4-releases+4.7\engine\source\runtime\core\private\misc\outputdevice.cpp:531]
UE4Editor-Core.dll!FGenericPlatformMemory::OnOutOfMemory() (0x00007ff820fde5c7) + 0 bytes [d:\buildfarm\buildmachine_++depot+ue4-releases+4.7\engine\source\runtime\core\private\genericplatform\genericplatformmemory.cpp:55]
UE4Editor-Core.dll!FMallocTBB::Realloc() (0x00007ff820fe7a22) + 0 bytes [d:\buildfarm\buildmachine_++depot+ue4-releases+4.7\engine\source\runtime\core\private\hal\malloctbb.cpp:99]
UE4Editor-Core.dll!FHeapAllocator::ForAnyElementType::ResizeAllocation() (0x00007ff820f65495) + 15 bytes [d:\buildfarm\buildmachine_++depot+ue4-releases+4.7\engine\source\runtime\core\public\containers\containerallocationpolicies.h:348]
UE4Editor-UnrealEd.dll!TArray<FText,FDefaultAllocator>::Empty() (0x00007ff815bf18f7) + 0 bytes [d:\buildfarm\buildmachine_++depot+ue4-releases+4.7\engine\source\runtime\core\public\containers\array.h:1537]
UE4Editor-UnrealEd.dll!FEnumEditorUtils::EnsureAllDisplayNamesExist() (0x00007ff815bf2bd5) + 0 bytes [d:\buildfarm\buildmachine_++depot+ue4-releases+4.7\engine\source\editor\unrealed\private\kismet2\enumeditorutils.cpp:379]
UE4Editor-CoreUObject.dll!UObject::ConditionalPostLoad() (0x00007ff83278f4b7) + 0 bytes [d:\buildfarm\buildmachine_++depot+ue4-releases+4.7\engine\source\runtime\coreuobject\private\uobject\obj.cpp:628]
UE4Editor-CoreUObject.dll!StaticDuplicateObjectEx() (0x00007ff832874749) + 0 bytes [d:\buildfarm\buildmachine_++depot+ue4-releases+4.7\engine\source\runtime\coreuobject\private\uobject\uobjectglobals.cpp:1536]
UE4Editor-CoreUObject.dll!StaticDuplicateObject() (0x00007ff832873a90) + 10 bytes [d:\buildfarm\buildmachine_++depot+ue4-releases+4.7\engine\source\runtime\coreuobject\private\uobject\uobjectglobals.cpp:1396]
UE4Editor-UnrealEd.dll!ObjectTools::DuplicateSingleObject() (0x00007ff8155601e8) + 64 bytes [d:\buildfarm\buildmachine_++depot+ue4-releases+4.7\engine\source\editor\unrealed\private\objecttools.cpp:445]
UE4Editor-UnrealEd.dll!ObjectTools::DuplicateObjects() (0x00007ff81555ee11) + 16 bytes [d:\buildfarm\buildmachine_++depot+ue4-releases+4.7\engine\source\editor\unrealed\private\objecttools.cpp:224]
UE4Editor-ContentBrowser.dll!SAssetView::ExecuteDropCopy() (0x00007ff80fc0f808) + 42 bytes [d:\buildfarm\buildmachine_++depot+ue4-releases+4.7\engine\source\editor\contentbrowser\private\sassetview.cpp:3693]
UE4Editor-ContentBrowser.dll!TBaseSPMethodDelegateInstance<0,SAssetView,0,TTypeWrapper<void> __cdecl(TArray<FAssetData,FDefaultAllocator>,FString)>::Execute() (0x00007ff80fc094a8) + 118 bytes [d:\buildfarm\buildmachine_++depot+ue4-releases+4.7\engine\source\runtime\core\public\delegates\delegateinstancesimpl_variadics.inl:282]
UE4Editor-ContentBrowser.dll!TBaseSPMethodDelegateInstance<0,SAssetView,0,void __cdecl(TArray<FAssetData,FDefaultAllocator>,FString)>::ExecuteIfSafe() (0x00007ff80fc15108) + 106 bytes [d:\buildfarm\buildmachine_++depot+ue4-releases+4.7\engine\source\runtime\core\public\delegates\delegateinstancesimpl_variadics.inl:388]
UE4Editor-ContentBrowser.dll!TBaseDelegate<void,TArray<FAssetData,FDefaultAllocator>,FString>::ExecuteIfBound() (0x00007ff80fc12448) + 107 bytes [d:\buildfarm\buildmachine_++depot+ue4-releases+4.7\engine\source\runtime\core\public\delegates\delegatesignatureimpl_variadics.inl:518]
UE4Editor-ContentBrowser.dll!<lambda_cf9c131c43d82f88733868d66300efc4>::operator()() (0x00007ff80fb7a501) + 113 bytes [d:\buildfarm\buildmachine_++depot+ue4-releases+4.7\engine\source\editor\contentbrowser\private\dragdrophandler.cpp:139]
UE4Editor-ContentBrowser.dll!TBaseFunctorDelegateInstance<void __cdecl(void),<lambda_cf9c131c43d82f88733868d66300efc4> >::ExecuteIfSafe() (0x00007ff80fc12ccd) + 0 bytes [d:\buildfarm\buildmachine_++depot+ue4-releases+4.7\engine\source\runtime\core\public\delegates\delegateinstancesimpl_variadics.inl:1073]
UE4Editor-Slate.dll!SMenuEntryBlock::OnClicked() (0x00007ff8279e8413) + 0 bytes [d:\buildfarm\buildmachine_++depot+ue4-releases+4.7\engine\source\runtime\slate\private\framework\multibox\smenuentryblock.cpp:892]
UE4Editor-Slate.dll!SMenuEntryBlock::OnMenuItemButtonClicked() (0x00007ff8279ed308) + 0 bytes [d:\buildfarm\buildmachine_++depot+ue4-releases+4.7\engine\source\runtime\slate\private\framework\multibox\smenuentryblock.cpp:842]
UE4Editor-Slate.dll!TMemberFunctionCaller<SMenuEntryBlock,FReply (__cdecl SMenuEntryBlock::*)(void) __ptr64>::operator()<>() (0x00007ff827967be7) + 16 bytes [d:\buildfarm\buildmachine_++depot+ue4-releases+4.7\engine\source\runtime\core\public\delegates\delegateinstanceinterface_variadics.h:161]
UE4Editor-Slate.dll!TTupleImpl<TIntegerSequence<> >::ApplyAfter_ExplicitReturnType<FReply,TMemberFunctionCaller<SMenuEntryBlock,FReply (__cdecl SMenuEntryBlock::*)(void) __ptr64> >() (0x00007ff8279690d9) + 19 bytes [d:\buildfarm\buildmachine_++depot+ue4-releases+4.7\engine\source\runtime\core\public\delegates\tuple.h:113]
UE4Editor-Slate.dll!TBaseSPMethodDelegateInstance<0,SMenuEntryBlock,0,FReply __cdecl(void)>::Execute() (0x00007ff8279cec39) + 36 bytes [d:\buildfarm\buildmachine_++depot+ue4-releases+4.7\engine\source\runtime\core\public\delegates\delegateinstancesimpl_variadics.inl:282]
UE4Editor-Slate.dll!TBaseDelegate<FReply>::Execute() (0x00007ff827a8153a) + 6 bytes [d:\buildfarm\buildmachine_++depot+ue4-releases+4.7\engine\source\runtime\core\public\delegates\delegatesignatureimpl_variadics.inl:439]
UE4Editor-Slate.dll!SButton::OnMouseButtonUp() (0x00007ff827aafd63) + 17 bytes [d:\buildfarm\buildmachine_++depot+ue4-releases+4.7\engine\source\runtime\slate\private\widgets\input\sbutton.cpp:228]
UE4Editor-Slate.dll!<lambda_de96dc3471181973108233c6db1f9843>::operator()() (0x00007ff8278cdd7c) + 24 bytes [d:\buildfarm\buildmachine_++depot+ue4-releases+4.7\engine\source\runtime\slate\private\framework\application\slateapplication.cpp:3985]
UE4Editor-Slate.dll!FEventRouter::Route<FReply,FEventRouter::FToLeafmostPolicy,FPointerEvent,<lambda_de96dc3471181973108233c6db1f9843> >() (0x00007ff827888407) + 21 bytes [d:\buildfarm\buildmachine_++depot+ue4-releases+4.7\engine\source\runtime\slate\private\framework\application\slateapplication.cpp:202]
UE4Editor-Slate.dll!FSlateApplication::ProcessMouseButtonUpEvent() (0x00007ff827934f29) + 75 bytes [d:\buildfarm\buildmachine_++depot+ue4-releases+4.7\engine\source\runtime\slate\private\framework\application\slateapplication.cpp:3988]
UE4Editor-Slate.dll!FSlateApplication::OnMouseUp() (0x00007ff827924926) + 16 bytes [d:\buildfarm\buildmachine_++depot+ue4-releases+4.7\engine\source\runtime\slate\private\framework\application\slateapplication.cpp:3949]
UE4Editor-Core.dll!FWindowsApplication::ProcessDeferredMessage() (0x00007ff8211a3975) + 12 bytes [d:\buildfarm\buildmachine_++depot+ue4-releases+4.7\engine\source\runtime\core\private\windows\windowsapplication.cpp:1373]
UE4Editor-Core.dll!FWindowsApplication::DeferMessage() (0x00007ff821195d2e) + 74 bytes [d:\buildfarm\buildmachine_++depot+ue4-releases+4.7\engine\source\runtime\core\private\windows\windowsapplication.cpp:1669]
UE4Editor-Core.dll!FWindowsApplication::ProcessMessage() (0x00007ff8211a4d50) + 41 bytes [d:\buildfarm\buildmachine_++depot+ue4-releases+4.7\engine\source\runtime\core\private\windows\windowsapplication.cpp:742]
UE4Editor-Core.dll!FWindowsApplication::AppWndProc() (0x00007ff821193192) + 0 bytes [d:\buildfarm\buildmachine_++depot+ue4-releases+4.7\engine\source\runtime\core\private\windows\windowsapplication.cpp:604]
USER32.dll!UnknownFunction (0x00007ff85c922434) + 0 bytes [UnknownFile:0]
USER32.dll!UnknownFunction (0x00007ff85c922297) + 0 bytes [UnknownFile:0]
UE4Editor-Core.dll!FWindowsPlatformMisc::PumpMessages() (0x00007ff821243ec6) + 48 bytes [d:\buildfarm\buildmachine_++depot+ue4-releases+4.7\engine\source\runtime\core\private\windows\windowsplatformmisc.cpp:774]
UE4Editor.exe!FEngineLoop::Tick() (0x00007ff7068900a9) + 8 bytes [d:\buildfarm\buildmachine_++depot+ue4-releases+4.7\engine\source\runtime\launch\private\launchengineloop.cpp:2233]
UE4Editor.exe!GuardedMain() (0x00007ff70688267c) + 0 bytes [d:\buildfarm\buildmachine_++depot+ue4-releases+4.7\engine\source\runtime\launch\private\launch.cpp:142]
UE4Editor.exe!GuardedMainWrapper() (0x00007ff7068826ea) + 5 bytes [d:\buildfarm\buildmachine_++depot+ue4-releases+4.7\engine\source\runtime\launch\private\windows\launchwindows.cpp:126]
UE4Editor.exe!WinMain() (0x00007ff706892219) + 17 bytes [d:\buildfarm\buildmachine_++depot+ue4-releases+4.7\engine\source\runtime\launch\private\windows\launchwindows.cpp:202]
UE4Editor.exe!__tmainCRTStartup() (0x00007ff706893159) + 21 bytes [f:\dd\vctools\crt\crtw32\dllstuff\crtexe.c:618]
KERNEL32.DLL!UnknownFunction (0x00007ff85ee016ad) + 0 bytes [UnknownFile:0]
ntdll.dll!UnknownFunction (0x00007ff85effe954) + 0 bytes [UnknownFile:0]
ntdll.dll!UnknownFunction (0x00007ff85effe954) + 0 bytes [UnknownFile:0]


[2015.04.13-19.57.06:308][306]LogExit: Executing StaticShutdownAfterError
[2015.04.13-19.57.06:768][306]LogWindows: FPlatformMisc::RequestExit(1)
[2015.04.13-19.57.06:768][306]Log file closed, 04/13/15 20:57:06
