Log file open, 04/11/15 19:02:15
LogInit:Display: Running engine for game: Project_8_46
LogInit: Version: 4.7.5-2503383+++depot+UE4-Releases+4.7
LogInit: API Version: 2455222
LogInit: Compiled (64-bit): Apr  6 2015 23:21:51
LogInit: Compiled with Visual C++: 18.00.21005.01
LogInit: Build Configuration: Development
LogInit: Branch Name: ++depot+UE4-Releases+4.7
LogInit: Command line: 
LogInit: Base directory: C:/Program Files/Epic Games/4.7/Engine/Binaries/Win64/
LogInit: Rocket: 1
[2015.04.11-18.02.15:572][  0]LogTaskGraph: Started task graph with 3 named threads and 6 total threads.
[2015.04.11-18.02.15:628][  0]LogOnline:Warning: No default platform service specified for OnlineSubsystem
[2015.04.11-18.02.15:638][  0]LogInit: Presizing for 0 objects not considered by GC, pre-allocating 0 bytes.
[2015.04.11-18.02.15:647][  0]LogInit: Object subsystem initialized
[2015.04.11-18.02.15:648][  0]LogConsoleResponse:Warning: Skipping Unknown console variable: 'TranslucentSortAxis = (X=0.000000,Y=-1.000000,Z=0.000000)'
[2015.04.11-18.02.15:648][  0]LogConsoleResponse:Warning:   Found in ini file 'C:/Users/Axel/Documents/GitHub/08-46/UE4-Project/Project_8_46/Saved/Config/Windows/Engine.ini', in section '[/Script/Engine.RendererSettings]'
[2015.04.11-18.02.15:648][  0]LogConsoleResponse:Warning: Skipping Unknown console variable: 'UIScaleRule = ShortestSide'
[2015.04.11-18.02.15:648][  0]LogConsoleResponse:Warning:   Found in ini file 'C:/Users/Axel/Documents/GitHub/08-46/UE4-Project/Project_8_46/Saved/Config/Windows/Engine.ini', in section '[/Script/Engine.RendererSettings]'
[2015.04.11-18.02.15:648][  0]LogConsoleResponse:Warning: Skipping Unknown console variable: 'UIScaleCurve = (EditorCurveData=(Keys=),ExternalCurve=None)'
[2015.04.11-18.02.15:648][  0]LogConsoleResponse:Warning:   Found in ini file 'C:/Users/Axel/Documents/GitHub/08-46/UE4-Project/Project_8_46/Saved/Config/Windows/Engine.ini', in section '[/Script/Engine.RendererSettings]'
[2015.04.11-18.02.15:649][  0]LogInit: Selected Device Profile: [Windows]
[2015.04.11-18.02.15:649][  0]LogInit: Applying CVar settings loaded from the selected device profile: [Windows]
[2015.04.11-18.02.15:656][  0]LogInit: Computer: AXEL
[2015.04.11-18.02.15:656][  0]LogInit: User: Axel
[2015.04.11-18.02.15:656][  0]LogInit: CPU Page size=4096, Cores=4
[2015.04.11-18.02.15:656][  0]LogInit: High frequency timer resolution =2.435779 MHz
[2015.04.11-18.02.15:656][  0]LogMemory: Memory total: Physical=7.9GB (8GB approx) Virtual=131072.0GB
[2015.04.11-18.02.15:656][  0]LogMemory: Platform Memory Stats for Windows
[2015.04.11-18.02.15:656][  0]LogMemory: Process Physical Memory: 46.18 MB used, 46.18 MB peak
[2015.04.11-18.02.15:656][  0]LogMemory: Process Virtual Memory: 26.42 MB used, 26.42 MB peak
[2015.04.11-18.02.15:656][  0]LogMemory: Physical Memory: 3609.18 MB used, 8111.20 MB total
[2015.04.11-18.02.15:656][  0]LogMemory: Virtual Memory: 287.62 MB used, 134217728.00 MB total
[2015.04.11-18.02.15:683][  0]LogD3D11RHI: Found D3D11 adapter 0: NVIDIA GeForce GTX 850M        (Feature Level 11_0)
[2015.04.11-18.02.15:683][  0]LogD3D11RHI: Adapter has 1972MB of dedicated video memory, 0MB of dedicated system memory, and 2048MB of shared system memory, 1 output[s]
[2015.04.11-18.02.15:689][  0]LogD3D11RHI: Found D3D11 adapter 1: Intel(R) HD Graphics 4600 (Feature Level 11_0)
[2015.04.11-18.02.15:689][  0]LogD3D11RHI: Adapter has 0MB of dedicated video memory, 0MB of dedicated system memory, and 1792MB of shared system memory, 0 output[s]
[2015.04.11-18.02.15:690][  0]LogD3D11RHI: Found D3D11 adapter 2: Microsoft Basic Render Driver (Feature Level 11_0)
[2015.04.11-18.02.15:690][  0]LogD3D11RHI: Adapter has 0MB of dedicated video memory, 0MB of dedicated system memory, and 256MB of shared system memory, 0 output[s]
[2015.04.11-18.02.15:690][  0]LogD3D11RHI: Chosen D3D11 Adapter Id = 0
[2015.04.11-18.02.15:693][  0]LogRHI: Texture pool is 1361 MB (70% of 1945 MB)
[2015.04.11-18.02.15:701][  0]LogD3D11RHI: Async texture creation enabled
[2015.04.11-18.02.15:758][  0]LogTextLocalizationManager: The requested culture ('fr_FR') has no localization data; falling back to 'en' for localization and internationalization data.
[2015.04.11-18.02.15:834][  0]LogTextLocalizationManager:Warning: Loading localization resources contain conflicting entries for (Namespace:UICommands, Key:Save_ToolTip):
Resource: (C:/Program Files/Epic Games/4.7/Engine/Content/Localization/Editor/en/Editor.locres) Hash: (-29098895) String: (Saves the current level to disk)
Resource: (C:/Program Files/Epic Games/4.7/Engine/Content/Localization/Engine/en/Engine.locres) Hash: (-1280300587) String: (Save selected data to vlog file)
[2015.04.11-18.02.15:834][  0]LogTextLocalizationManager:Warning: Loading localization resources contain conflicting entries for (Namespace:ContentBrowser, Key:ImportAssetToolTip):
Resource: (C:/Program Files/Epic Games/4.7/Engine/Content/Localization/Editor/en/Editor.locres) Hash: (-630476809) String: (Import to {0}...)
Resource: (C:/Program Files/Epic Games/4.7/Engine/Content/Localization/Editor/en/Editor.locres) Hash: (1271782899) String: (Imports an asset from file to this folder.)
[2015.04.11-18.02.15:910][  0]LogContentStreaming: Texture pool size is 0.000000MB
[2015.04.11-18.02.17:935][  0]LogTargetPlatformManager:Display: Building Assets For Windows
[2015.04.11-18.02.18:389][  0]LogTargetPlatformManager:Display: Building Assets For Windows
[2015.04.11-18.02.18:442][  0]LogDerivedDataCache:Display: Max Cache Size: 512 MB
[2015.04.11-18.02.18:487][  0]LogDerivedDataCache: Loaded boot cache 0.05s 39MB C:/Users/Axel/AppData/Local/UnrealEngine/4.7/DerivedDataCache/Boot.ddc.
[2015.04.11-18.02.18:487][  0]LogDerivedDataCache:Display: Loaded Boot cache: C:/Users/Axel/AppData/Local/UnrealEngine/4.7/DerivedDataCache/Boot.ddc
[2015.04.11-18.02.18:487][  0]LogDerivedDataCache: FDerivedDataBackendGraph:  Pak pak cache file ../../../../../../Users/Axel/Documents/GitHub/08-46/UE4-Project/Project_8_46/DerivedDataCache/DDC.ddp not found, will not use a pak cache.
[2015.04.11-18.02.18:487][  0]LogDerivedDataCache: Unable to find inner node Pak for hierarchical cache Hierarchy.
[2015.04.11-18.02.18:592][  0]LogDerivedDataCache:Display: Pak cache opened for reading ../../../Engine/DerivedDataCache/Compressed.ddp.
[2015.04.11-18.02.18:604][  0]LogDerivedDataCache: Using Local data cache path C:/Users/Axel/AppData/Local/UnrealEngine/Common/DerivedDataCache: Writable
[2015.04.11-18.02.18:855][  0]LogMeshUtilities: No automatic mesh reduction module available
[2015.04.11-18.02.18:855][  0]LogMeshUtilities: No automatic mesh merging module available
[2015.04.11-18.02.19:235][  0]LogInit: WinSock: version 1.1 (2.2), MaxSocks=32767, MaxUdp=65467
[2015.04.11-18.02.19:301][  0]LogSlate:Warning: Failed to load font data from '../../../Engine/Content/Slate/Fonts/Roboto-Italic.ttf'
[2015.04.11-18.02.19:995][  0]UdpMessaging: Initializing bridge on interface 0.0.0.0:0 to multicast group 230.0.0.1:6666.
[2015.04.11-18.02.20:193][  0]SourceControl: Info Source control is disabled
[2015.04.11-18.02.20:193][  0]SourceControl: Info Source control is disabled
[2015.04.11-18.02.20:193][  0]SourceControl: Info Source control is disabled
[2015.04.11-18.02.20:193][  0]LogSourceControl: RunCommandInternalRaw: 'git version'
[2015.04.11-18.02.20:194][  0]LogSourceControl: RunCommandInternalRaw: ExecProcess ReturnCode=2 OutResults=''
[2015.04.11-18.02.20:201][  0]SourceControl: Info Source control is disabled
[2015.04.11-18.02.20:358][  0]LogObj: 24232 objects as part of root set at end of initial load.
[2015.04.11-18.02.20:358][  0]LogUObjectAllocator: 5137176 out of 0 bytes used by permanent object pool.
[2015.04.11-18.02.20:430][  0]LogEngine: Initializing Engine...
[2015.04.11-18.02.25:526][  0]OCULUS: 
[2015.04.11-18.02.25:526][  0]OCULUS: 
[2015.04.11-18.02.25:670][  0]LogInit: XAudio2 using 'Speakers (Realtek High Definition Audio)' : 2 channels at 48 kHz using 32 bits per sample (channel mask 0x3)
[2015.04.11-18.02.25:677][  0]LogInit: FAudioDevice initialized.
[2015.04.11-18.02.25:709][  0]LogAIModule: Creating AISystem for world NewWorld
[2015.04.11-18.02.25:734][  0]LogDerivedDataCache: Saved boot cache 0.02s 39MB C:/Users/Axel/AppData/Local/UnrealEngine/4.7/DerivedDataCache/Boot.ddc.
[2015.04.11-18.02.25:740][  0]LogInit: Texture streaming: Enabled
[2015.04.11-18.02.25:815][  0]LogAnalytics: Creating configured Analytics provider AnalyticsET
[2015.04.11-18.02.25:815][  0]LogAnalytics: ET APIKey = Rocket.Release. APIServer = http://et2.epicgames.com/ET2/. AppVersion = 4.7.5-2503383+++depot+UE4-Releases+4.7
[2015.04.11-18.02.25:815][  0]LogAnalytics: ET APIKey = Rocket.Release. DataRouterUploadURL = https://datarouter-public-service-gamedev.ol.epicgames.net/datarouter/api/v1/public/data. AppVersion = 4.7.5-2503383+++depot+UE4-Releases+4.7
[2015.04.11-18.02.25:815][  0]LogAnalytics: SetUserId e88c5383477aca45f485feae05ecce95|055f838899cf4f808bea9037a5bce58a|a41b6706-46c7-4e3e-8712-6c4db12eddd9
[2015.04.11-18.02.25:816][  0]LogAnalytics: AnalyticsET::StartSession [Rocket.Release]
[2015.04.11-18.02.25:835][  0]LogInit: Transaction tracking system initialized
[2015.04.11-18.02.25:984][  0]BlueprintLog: New page: Editor Load
[2015.04.11-18.02.26:016][  0]LogAssetRegistry: FAssetRegistry took 0.0107 seconds to start up
[2015.04.11-18.02.26:016][  0]LogDirectoryWatcher:Warning: Failed to begin reading directory changes for ../../../Engine/Plugins/Experimental/CharacterAI/Content/. Error: 0
[2015.04.11-18.02.26:485][  0]LogTargetPlatformManager:Display: Building Assets For Windows
[2015.04.11-18.02.26:814][  0]LogTargetPlatformManager:Display: Building Assets For Windows
[2015.04.11-18.02.27:043][  0]LogSlate:Warning: Failed to load font data from '../../../Engine/Content/Editor/Slate/Fonts/Roboto-Regular.ttf'
[2015.04.11-18.02.27:044][  0]LogSlate:Warning: Failed to load font data from '../../../Engine/Content/Editor/Slate/Fonts/Roboto-Bold.ttf'
[2015.04.11-18.02.27:048][  0]LogConsoleResponse:Display: 
[2015.04.11-18.02.27:286][  0]LogCook:Display: Done creating registry. It took  0.00s.
[2015.04.11-18.02.27:404][  0]SourceControl: Info Source control is disabled
[2015.04.11-18.02.27:404][  0]Cmd: MAP LOAD FILE="../../../../../../Users/Axel/Documents/GitHub/08-46/UE4-Project/Project_8_46/Content/FirstPersonBP/Maps/FirstPersonExampleMap.umap" TEMPLATE=0 SHOWPROGRESS=1 FEATURELEVEL=3
[2015.04.11-18.02.27:404][  0]LogEditorServer:Warning: Can't find file '../../../../../../Users/Axel/Documents/GitHub/08-46/UE4-Project/Project_8_46/Content/FirstPersonBP/Maps/FirstPersonExampleMap.umap'
[2015.04.11-18.02.27:404][  0]Cmd: MAP CHECKDEP
[2015.04.11-18.02.27:405][  0]MapCheck: New page: Untitled_0 - Apr 11, 2015, 8:02:27 PM
[2015.04.11-18.02.27:462][  0]MapCheck: Info Map check complete: 0 Error(s), 0 Warning(s), took 57.453ms to complete.
[2015.04.11-18.02.27:462][  0]LogFileHelpers: Loading map 'FirstPersonExampleMap' took 0.058
[2015.04.11-18.02.27:874][  0]LogCollectionManager: Loaded 0 collections in 0.002035 seconds
[2015.04.11-18.02.27:882][  0]LogContentBrowser: Native class hierarchy populated in 0.0084 seconds. Added 1696 classes and 261 folders.
[2015.04.11-18.02.27:975][  0]LogContentBrowser: Native class hierarchy updated for 'SceneOutliner' in 0.0021 seconds. Added 1 classes and 2 folders.
[2015.04.11-18.02.28:231][  0]LogCrashTracker: Crashtracker disabled due to settings.
[2015.04.11-18.02.28:238][  0]LogSlate:Warning: Failed to load font data from 'Veranda'
[2015.04.11-18.02.28:258][  0]LogUObjectGlobals:Warning: Failed to find object 'Class None.'
[2015.04.11-18.02.28:301][  0]LogLoad: Full Startup: 14.09 seconds (BP compile: 0.00 seconds)
[2015.04.11-18.02.28:359][  0]LogContentBrowser:Verbose: The content browser source was changed by the sources view to '/Game/Level'
[2015.04.11-18.02.28:755][  0]LogRenderer:Warning: Reallocating scene render targets to support 1208x560 (Frame:2).
[2015.04.11-18.02.29:102][  4]LogAssetRegistry: Asset discovery search completed in 3.0971 seconds
[2015.04.11-18.02.34:952][262]Cmd: MAP LOAD FILE="../../../../../../Users/Axel/Documents/GitHub/08-46/UE4-Project/Project_8_46/Content/Level/Main_Level.umap" TEMPLATE=0 SHOWPROGRESS=1 FEATURELEVEL=3
[2015.04.11-18.02.34:953][262]LightingResults: New page: Lighting Build
[2015.04.11-18.02.34:964][262]LogContentBrowser: Native class hierarchy updated for 'StatsViewer' in 0.0016 seconds. Added 5 classes and 0 folders.
[2015.04.11-18.02.34:991][262]LoadErrors: New page: Loading map: Main_Level.umap
[2015.04.11-18.02.34:991][262]MapCheck: New page: Map Check
[2015.04.11-18.02.34:991][262]LightingResults: New page: Lighting Build
[2015.04.11-18.02.34:998][262]LogParticles: Destroying 0 GPU particle simulations for FXSystem 0x00000090CFF52980
[2015.04.11-18.02.35:017][262]LogEditorServer: Finished looking for orphan Actors (0.000 secs)
[2015.04.11-18.02.35:020][262]LogAIModule: Creating AISystem for world Main_Level
[2015.04.11-18.02.35:061][262]Cmd: MAP CHECKDEP
[2015.04.11-18.02.35:061][262]MapCheck: New page: Main_Level - Apr 11, 2015, 8:02:35 PM
[2015.04.11-18.02.35:126][262]MapCheck: Info Map check complete: 0 Error(s), 0 Warning(s), took 65.003ms to complete.
[2015.04.11-18.02.35:126][262]LogFileHelpers: Loading map 'Main_Level' took 0.174
[2015.04.11-18.02.44:898][827]MapCheck: New page: Map Check
[2015.04.11-18.02.45:044][827]Cmd: MAP REBUILD ALLVISIBLE
[2015.04.11-18.02.45:052][827]LogEditorServer: Rebuildmap Clear paths rebuilt
[2015.04.11-18.02.45:200][827]LightingResults: New page: Lighting Build - Apr 11, 2015, 8:02:45 PM
[2015.04.11-18.02.55:430][827]LogStaticLightingSystem:Warning: No importance volume found, so the scene bounding box was used.  You can optimize your scene's quality and lighting build times by adding importance volumes.
[2015.04.11-18.02.55:455][827]LogStaticLightingSystem: Running Lightmass w/ ImmediateImport mode ENABLED
[2015.04.11-18.02.55:455][827]LogStaticLightingSystem: Running Lightmass w/ ImmediateProcess mode ENABLED
[2015.04.11-18.02.55:455][827]LogStaticLightingSystem: Running Lightmass w/ Sorting mode ENABLED
[2015.04.11-18.02.55:455][827]LogStaticLightingSystem: Running Lightmass w/ Mapping paddings ENABLED
[2015.04.11-18.02.55:455][827]LogStaticLightingSystem: Running Lightmass w/ Mapping debug paddings DISABLED
[2015.04.11-18.02.55:745][827]LogEditorBuildUtils: Build time 0:00:10
[2015.04.11-18.02.58:575][836]Job is a success!
[2015.04.11-18.02.59:596][837]LogTexture:Display: Building textures: HQ_Lightmap0_1 (AutoDXT)
[2015.04.11-18.02.59:637][837]LogTexture:Display: Building textures: LQ_Lightmap_1_2 (DXT1)
[2015.04.11-18.02.59:639][837]LogTexture:Display: Building textures: HQ_Lightmap1_2 (AutoDXT)
[2015.04.11-18.02.59:640][837]LogTexture:Display: Building textures: LQ_Lightmap_0_1 (DXT1)
[2015.04.11-18.02.59:696][837]LogTexture:Display: Building textures: ShadowMapTexture2D_0 (BGRA8)
[2015.04.11-18.02.59:711][837]LogTexture:Display: Building textures: ShadowMapTexture2D_3 (BGRA8)
[2015.04.11-18.03.00:060][837]Lightmass on AXEL: 2.11 sec total, 216 ms importing, 0 ms setup, 289 ms photons, 1.59 sec processing, 0 ms extra exporting [2/2 mappings]. Threads: 11.0 sec total, 201 ms processing.
[2015.04.11-18.03.00:138][837]LogStaticLightingSystem: Illumination: 14.5 sec (263 ms encoding lightmaps)
[2015.04.11-18.03.00:138][837]LogStaticLightingSystem: Lightmap texture memory:  0.1 MB (0.1 MB streaming, 0.0 MB non-streaming), 4 textures
[2015.04.11-18.03.00:138][837]LogStaticLightingSystem: Shadowmap texture memory: 0.2 MB (0.2 MB streaming, 0.0 MB non-streaming), 2 textures
[2015.04.11-18.03.00:446][838]Cmd: MAP CHECK NOTIFYRESULTS
[2015.04.11-18.03.00:447][838]MapCheck: New page: Main_Level - Apr 11, 2015, 8:03:00 PM
[2015.04.11-18.03.00:540][838]MapCheck: Info Map check complete: 0 Error(s), 0 Warning(s), took 93.412ms to complete.
[2015.04.11-18.03.03:090][890]LogPlayLevel: PIE:  No blueprints needed recompiling
[2015.04.11-18.03.03:090][890]PIE: New page: PIE session: Main_Level (Apr 11, 2015, 8:03:03 PM)
[2015.04.11-18.03.03:097][890]LogPlayLevel: PIE: StaticDuplicateObject took: (0.005485s)
[2015.04.11-18.03.03:097][890]LogPlayLevel: PIE: World Init took: (0.000605s)
[2015.04.11-18.03.03:097][890]LogPlayLevel: PIE: Created PIE world by copying editor world from /Game/Level/Main_Level.Main_Level to /Game/Level/UEDPIE_0_Main_Level.Main_Level (0.006296s)
[2015.04.11-18.03.03:417][890]LogLinker:Warning: Asset '../../../Engine/Content/EngineMeshes/Humanoid.uasset' has been saved with empty engine version. The asset will be loaded but may be incompatible.
[2015.04.11-18.03.03:945][890]LogLinker:Warning: CreateExport: Failed to load Parent for Function /Game/Scripts/Props/UsableActor_BP.UsableActor_BP_C:UserConstructionScript; removing parent information, but keeping function
[2015.04.11-18.03.04:669][890]LogWorld: Game class is 'GameMode_BP_C'
[2015.04.11-18.03.04:672][890]LogAIModule: Creating AISystem for world Main_Level
[2015.04.11-18.03.04:675][890]LogWorld: Bringing World /Game/Level/UEDPIE_0_Main_Level.Main_Level up for play (max tick rate 60) at 2015.04.11-19.03.04
[2015.04.11-18.03.04:676][890]LogWorld: Bringing up level for play took: 0.003113
[2015.04.11-18.03.04:700][890]PIE: Info Play in editor start time for /Game/Level/UEDPIE_0_Main_Level 1.77
[2015.04.11-18.03.25:376][124]LogBlueprintUserMessages: Begin Focus : TakeableActor_BP
[2015.04.11-18.03.27:524][253]LogBlueprintUserMessages: End Focus : TakeableActor_BP
[2015.04.11-18.03.28:525][313]LogBlueprintUserMessages: Begin Focus : TakeableActor_BP
[2015.04.11-18.03.28:974][340]LogBlueprintUserMessages: End Focus : TakeableActor_BP
[2015.04.11-18.03.29:625][379]LogBlueprintUserMessages: Begin Focus : TakeableActor_BP
[2015.04.11-18.03.30:027][403]LogBlueprintUserMessages: Take Actor :  TakeableActor_BP
[2015.04.11-18.03.32:694][563]LogBlueprintUserMessages: Release object
[2015.04.11-18.03.33:061][585]LogBlueprintUserMessages: End Focus : TakeableActor_BP
[2015.04.11-18.03.33:145][590]LogBlueprintUserMessages: Begin Focus : TakeableActor_BP
[2015.04.11-18.03.33:244][596]LogBlueprintUserMessages: End Focus : TakeableActor_BP
[2015.04.11-18.03.33:929][637]LogBlueprintUserMessages: Begin Focus : TakeableActor_BP
[2015.04.11-18.03.34:145][650]LogBlueprintUserMessages: Take Actor :  TakeableActor_BP
[2015.04.11-18.03.36:331][781]LogBlueprintUserMessages: Release object
[2015.04.11-18.03.36:631][799]LogBlueprintUserMessages: End Focus : TakeableActor_BP
[2015.04.11-18.03.36:664][801]LogBlueprintUserMessages: Begin Focus : TakeableActor_BP
[2015.04.11-18.03.37:517][852]LogBlueprintUserMessages: End Focus : TakeableActor_BP
[2015.04.11-18.03.40:901][ 55]LogBlueprintUserMessages: Begin Focus : TakeableActor_BP
[2015.04.11-18.03.40:918][ 56]LogBlueprintUserMessages: End Focus : TakeableActor_BP
[2015.04.11-18.04.01:652][298]LogBlueprintUserMessages: Begin Focus : TakeableActor_BP
[2015.04.11-18.04.02:086][324]LogBlueprintUserMessages: Take Actor :  TakeableActor_BP
[2015.04.11-18.04.09:250][752]LogBlueprintUserMessages: End Focus : TakeableActor_BP
[2015.04.11-18.04.10:100][803]LogBlueprintUserMessages: Begin Focus : TakeableActor_BP
[2015.04.11-18.04.11:553][890]LogBlueprintUserMessages: End Focus : TakeableActor_BP
[2015.04.11-18.04.11:570][891]LogBlueprintUserMessages: Begin Focus : TakeableActor_BP
[2015.04.11-18.04.13:605][ 13]LogBlueprintUserMessages: Release object
[2015.04.11-18.04.13:638][ 15]LogBlueprintUserMessages: End Focus : TakeableActor_BP
[2015.04.11-18.04.33:055][172]LogParticles: Destroying 0 GPU particle simulations for FXSystem 0x00000090D6148220
[2015.04.11-18.04.35:991][323]LogSavePackage: Save=71.916214ms
[2015.04.11-18.04.35:991][323]LogSavePackage: Moving '../../../../../../Users/Axel/Documents/GitHub/08-46/UE4-Project/Project_8_46/Saved/Main_LevelF0DB8D9D4D545738839E818FA1C8D585.tmp' to '../../../../../../Users/Axel/Documents/GitHub/08-46/UE4-Project/Project_8_46/Content/Level/Main_Level.umap'
[2015.04.11-18.04.36:096][323]LogFileHelpers: Saving map 'Main_Level' took 0.356
[2015.04.11-18.04.38:967][348]Cmd: MAP LOAD FILE="../../../../../../Users/Axel/Documents/GitHub/08-46/UE4-Project/Project_8_46/Content/Level/Test_Level.umap" TEMPLATE=0 SHOWPROGRESS=1 FEATURELEVEL=3
[2015.04.11-18.04.38:967][348]LightingResults: New page: Lighting Build
[2015.04.11-18.04.39:004][348]LoadErrors: New page: Loading map: Test_Level.umap
[2015.04.11-18.04.39:005][348]MapCheck: New page: Map Check
[2015.04.11-18.04.39:005][348]LightingResults: New page: Lighting Build
[2015.04.11-18.04.39:014][348]LogParticles: Destroying 0 GPU particle simulations for FXSystem 0x00000090D5E06CA0
[2015.04.11-18.04.39:022][348]LogEditorServer: Finished looking for orphan Actors (0.000 secs)
[2015.04.11-18.04.39:023][348]LogAIModule: Creating AISystem for world Test_Level
[2015.04.11-18.04.39:060][348]Cmd: MAP CHECKDEP
[2015.04.11-18.04.39:060][348]MapCheck: New page: Test_Level - Apr 11, 2015, 8:04:39 PM
[2015.04.11-18.04.39:140][348]MapCheck: Info Map check complete: 0 Error(s), 0 Warning(s), took 80.135ms to complete.
[2015.04.11-18.04.39:140][348]LogFileHelpers: Loading map 'Test_Level' took 0.176
[2015.04.11-18.04.42:193][519]LogPlayLevel: PIE:  No blueprints needed recompiling
[2015.04.11-18.04.42:193][519]PIE: New page: PIE session: Test_Level (Apr 11, 2015, 8:04:42 PM)
[2015.04.11-18.04.42:199][519]LogPlayLevel: PIE: StaticDuplicateObject took: (0.005441s)
[2015.04.11-18.04.42:199][519]LogPlayLevel: PIE: World Init took: (0.000593s)
[2015.04.11-18.04.42:199][519]LogPlayLevel: PIE: Created PIE world by copying editor world from /Game/Level/Test_Level.Test_Level to /Game/Level/UEDPIE_0_Test_Level.Test_Level (0.006206s)
[2015.04.11-18.04.42:231][519]LogWorld: Game class is 'GameMode_BP_C'
[2015.04.11-18.04.42:233][519]LogAIModule: Creating AISystem for world Test_Level
[2015.04.11-18.04.42:236][519]LogWorld: Bringing World /Game/Level/UEDPIE_0_Test_Level.Test_Level up for play (max tick rate 60) at 2015.04.11-19.04.42
[2015.04.11-18.04.42:236][519]LogWorld: Bringing up level for play took: 0.002307
[2015.04.11-18.04.42:239][519]PIE: Info Play in editor start time for /Game/Level/UEDPIE_0_Test_Level -0.692
[2015.04.11-18.07.38:840][ 69]LogParticles: Destroying 0 GPU particle simulations for FXSystem 0x00000090C9404EA0
[2015.04.11-18.07.39:006][ 70]Cmd: QUIT_EDITOR
[2015.04.11-18.07.39:238][ 70]LogExit: Preparing to exit.
[2015.04.11-18.07.40:323][ 70]LogExit: Editor shut down
[2015.04.11-18.07.40:324][ 70]LogParticles: Destroying 0 GPU particle simulations for FXSystem 0x00000090C93CFC40
[2015.04.11-18.07.40:324][ 70]LogExit: Transaction tracking system shut down
[2015.04.11-18.07.40:326][ 70]LogParticles: Destroying 0 GPU particle simulations for FXSystem 0x00000090C6D7FBA0
[2015.04.11-18.07.40:326][ 70]LogParticles: Destroying 0 GPU particle simulations for FXSystem 0x00000090C93CD800
[2015.04.11-18.07.40:326][ 70]LogParticles: Destroying 0 GPU particle simulations for FXSystem 0x00000090C74A6FC0
[2015.04.11-18.07.40:327][ 70]LogParticles: Destroying 0 GPU particle simulations for FXSystem 0x00000090D6149760
[2015.04.11-18.07.40:379][ 70]LogExit: Object subsystem successfully closed.
[2015.04.11-18.07.40:426][ 70]LogModuleManager: Shutting down and abandoning module StatsViewer (177)
[2015.04.11-18.07.40:426][ 70]LogModuleManager: Shutting down and abandoning module CrashTracker (176)
[2015.04.11-18.07.40:426][ 70]LogModuleManager: Shutting down and abandoning module SuperSearch (175)
[2015.04.11-18.07.40:426][ 70]LogModuleManager: Shutting down and abandoning module SceneOutliner (174)
[2015.04.11-18.07.40:426][ 70]LogModuleManager: Shutting down and abandoning module EditorWidgets (173)
[2015.04.11-18.07.40:426][ 70]LogModuleManager: Shutting down and abandoning module CollectionManager (172)
[2015.04.11-18.07.40:431][ 70]LogModuleManager: Shutting down and abandoning module FoliageEdit (171)
[2015.04.11-18.07.40:431][ 70]LogModuleManager: Shutting down and abandoning module LandscapeEditor (170)
[2015.04.11-18.07.40:432][ 70]LogModuleManager: Shutting down and abandoning module MeshPaint (169)
[2015.04.11-18.07.40:432][ 70]LogModuleManager: Shutting down and abandoning module ActorPickerMode (168)
[2015.04.11-18.07.40:432][ 70]LogModuleManager: Shutting down and abandoning module GeometryMode (167)
[2015.04.11-18.07.40:432][ 70]LogModuleManager: Shutting down and abandoning module TextureAlignMode (166)
[2015.04.11-18.07.40:432][ 70]LogModuleManager: Shutting down and abandoning module BspMode (165)
[2015.04.11-18.07.40:432][ 70]LogModuleManager: Shutting down and abandoning module PlacementMode (164)
[2015.04.11-18.07.40:432][ 70]LogModuleManager: Shutting down and abandoning module AutomationWorker (163)
[2015.04.11-18.07.40:432][ 70]LogModuleManager: Shutting down and abandoning module CharacterAI (162)
[2015.04.11-18.07.40:432][ 70]LogModuleManager: Shutting down and abandoning module SmartSnapping (161)
[2015.04.11-18.07.40:432][ 70]LogModuleManager: Shutting down and abandoning module ViewportSnapping (160)
[2015.04.11-18.07.40:432][ 70]LogModuleManager: Shutting down and abandoning module LogVisualizer (159)
[2015.04.11-18.07.40:432][ 70]LogModuleManager: Shutting down and abandoning module GameProjectGeneration (158)
[2015.04.11-18.07.40:432][ 70]LogModuleManager: Shutting down and abandoning module IntroTutorials (157)
[2015.04.11-18.07.40:432][ 70]LogModuleManager: Shutting down and abandoning module EditorLiveStreaming (156)
[2015.04.11-18.07.40:432][ 70]LogModuleManager: Shutting down and abandoning module HardwareTargeting (155)
[2015.04.11-18.07.40:432][ 70]LogModuleManager: Shutting down and abandoning module DeviceProfileEditor (154)
[2015.04.11-18.07.40:432][ 70]LogModuleManager: Shutting down and abandoning module UndoHistory (153)
[2015.04.11-18.07.40:432][ 70]LogModuleManager: Shutting down and abandoning module GameplayTagsEditor (152)
[2015.04.11-18.07.40:432][ 70]LogModuleManager: Shutting down and abandoning module UserFeedback (151)
[2015.04.11-18.07.40:432][ 70]LogModuleManager: Shutting down and abandoning module XmlParser (150)
[2015.04.11-18.07.40:432][ 70]LogModuleManager: Shutting down and abandoning module Blutility (149)
[2015.04.11-18.07.40:432][ 70]LogModuleManager: Shutting down and abandoning module IOSPlatformEditor (148)
[2015.04.11-18.07.40:432][ 70]LogModuleManager: Shutting down and abandoning module IOSRuntimeSettings (147)
[2015.04.11-18.07.40:432][ 70]LogModuleManager: Shutting down and abandoning module AndroidDeviceDetection (146)
[2015.04.11-18.07.41:038][ 70]LogModuleManager: Shutting down and abandoning module AndroidPlatformEditor (145)
[2015.04.11-18.07.41:038][ 70]LogModuleManager: Shutting down and abandoning module AndroidRuntimeSettings (144)
[2015.04.11-18.07.41:038][ 70]LogModuleManager: Shutting down and abandoning module ProjectTargetPlatformEditor (143)
[2015.04.11-18.07.41:038][ 70]LogModuleManager: Shutting down and abandoning module ProjectSettingsViewer (142)
[2015.04.11-18.07.41:038][ 70]LogModuleManager: Shutting down and abandoning module InputBindingEditor (141)
[2015.04.11-18.07.41:040][ 70]LogModuleManager: Shutting down and abandoning module EditorSettingsViewer (140)
[2015.04.11-18.07.41:040][ 70]LogModuleManager: Shutting down and abandoning module SettingsEditor (139)
[2015.04.11-18.07.41:040][ 70]LogModuleManager: Shutting down and abandoning module ProjectLauncher (138)
[2015.04.11-18.07.41:040][ 70]LogModuleManager: Shutting down and abandoning module SessionFrontend (137)
[2015.04.11-18.07.41:040][ 70]LogModuleManager: Shutting down and abandoning module ProfilerClient (136)
[2015.04.11-18.07.41:040][ 70]LogModuleManager: Shutting down and abandoning module TargetDeviceServices (135)
[2015.04.11-18.07.41:040][ 70]LogModuleManager: Shutting down and abandoning module DeviceManager (134)
[2015.04.11-18.07.41:040][ 70]LogModuleManager: Shutting down and abandoning module AutomationController (133)
[2015.04.11-18.07.41:040][ 70]LogModuleManager: Shutting down and abandoning module AutomationWindow (132)
[2015.04.11-18.07.41:040][ 70]LogModuleManager: Shutting down and abandoning module Layers (131)
[2015.04.11-18.07.41:040][ 70]LogModuleManager: Shutting down and abandoning module ComponentVisualizers (130)
[2015.04.11-18.07.41:040][ 70]LogModuleManager: Shutting down and abandoning module DetailCustomizations (129)
[2015.04.11-18.07.41:041][ 70]LogModuleManager: Shutting down and abandoning module PackagesDialog (128)
[2015.04.11-18.07.41:041][ 70]LogModuleManager: Shutting down and abandoning module AssetRegistry (127)
[2015.04.11-18.07.41:098][ 70]LogModuleManager: Shutting down and abandoning module Persona (126)
[2015.04.11-18.07.41:098][ 70]LogModuleManager: Shutting down and abandoning module SlateReflector (125)
[2015.04.11-18.07.41:098][ 70]LogModuleManager: Shutting down and abandoning module LevelEditor (124)
[2015.04.11-18.07.41:099][ 70]LogModuleManager: Shutting down and abandoning module Kismet (123)
[2015.04.11-18.07.41:099][ 70]LogModuleManager: Shutting down and abandoning module GraphEditor (122)
[2015.04.11-18.07.41:099][ 70]LogModuleManager: Shutting down and abandoning module ClassViewer (121)
[2015.04.11-18.07.41:099][ 70]LogModuleManager: Shutting down and abandoning module Toolbox (120)
[2015.04.11-18.07.41:099][ 70]LogModuleManager: Shutting down and abandoning module ModuleUI (119)
[2015.04.11-18.07.41:099][ 70]LogModuleManager: Shutting down and abandoning module MovieSceneTools (118)
[2015.04.11-18.07.41:099][ 70]LogModuleManager: Shutting down and abandoning module OutputLog (117)
[2015.04.11-18.07.41:099][ 70]LogModuleManager: Shutting down and abandoning module GammaUI (116)
[2015.04.11-18.07.41:099][ 70]LogModuleManager: Shutting down and abandoning module Documentation (115)
[2015.04.11-18.07.41:099][ 70]LogModuleManager: Shutting down and abandoning module GameLiveStreaming (114)
[2015.04.11-18.07.41:099][ 70]LogModuleManager: Shutting down and abandoning module StreamingPauseRendering (113)
[2015.04.11-18.07.41:099][ 70]LogModuleManager: Shutting down and abandoning module HTTP (112)
[2015.04.11-18.07.41:099][ 70]LogModuleManager: Shutting down and abandoning module AnalyticsET (111)
[2015.04.11-18.07.41:099][ 70]LogModuleManager: Shutting down and abandoning module Analytics (110)
[2015.04.11-18.07.41:099][ 70]LogModuleManager: Shutting down and abandoning module AITestSuite (109)
[2015.04.11-18.07.41:099][ 70]LogModuleManager: Shutting down and abandoning module GameplayDebugger (108)
[2015.04.11-18.07.41:099][ 70]LogModuleManager: Shutting down and abandoning module AIModule (107)
[2015.04.11-18.07.41:099][ 70]LogModuleManager: Shutting down and abandoning module ProfilerService (106)
[2015.04.11-18.07.41:197][ 70]LogModuleManager: Shutting down and abandoning module TaskGraph (105)
[2015.04.11-18.07.41:197][ 70]LogModuleManager: Shutting down and abandoning module SlateRemote (104)
[2015.04.11-18.07.41:197][ 70]LogModuleManager: Shutting down and abandoning module ScriptEditorPlugin (103)
[2015.04.11-18.07.41:197][ 70]LogModuleManager: Shutting down and abandoning module CustomMeshComponent (102)
[2015.04.11-18.07.41:197][ 70]LogModuleManager: Shutting down and abandoning module CableComponent (101)
[2015.04.11-18.07.41:197][ 70]LogModuleManager: Shutting down and abandoning module MessagingDebugger (100)
[2015.04.11-18.07.41:197][ 70]LogModuleManager: Shutting down and abandoning module MediaPlayerEditor (99)
[2015.04.11-18.07.41:197][ 70]LogModuleManager: Shutting down and abandoning module SpeedTreeImporter (98)
[2015.04.11-18.07.41:197][ 70]LogModuleManager: Shutting down and abandoning module PluginsEditor (97)
[2015.04.11-18.07.41:197][ 70]LogModuleManager: Shutting down and abandoning module MainFrame (96)
[2015.04.11-18.07.41:198][ 70]LogModuleManager: Shutting down and abandoning module EpicSurvey (95)
[2015.04.11-18.07.41:198][ 70]LogModuleManager: Shutting down and abandoning module DesktopPlatform (94)
[2015.04.11-18.07.41:198][ 70]LogModuleManager: Shutting down and abandoning module DirectoryWatcher (93)
[2015.04.11-18.07.41:199][ 70]LogModuleManager: Shutting down and abandoning module HotReload (92)
[2015.04.11-18.07.41:199][ 70]LogModuleManager: Shutting down and abandoning module VisualStudioSourceCodeAccess (91)
[2015.04.11-18.07.41:199][ 70]LogModuleManager: Shutting down and abandoning module UObjectPlugin (90)
[2015.04.11-18.07.41:199][ 70]LogModuleManager: Shutting down and abandoning module SubversionSourceControl (89)
[2015.04.11-18.07.41:199][ 70]LogModuleManager: Shutting down and abandoning module PerforceSourceControl (88)
[2015.04.11-18.07.41:199][ 70]LogModuleManager: Shutting down and abandoning module SourceControl (87)
[2015.04.11-18.07.41:199][ 70]LogModuleManager: Shutting down and abandoning module GitSourceControl (86)
[2015.04.11-18.07.41:199][ 70]LogModuleManager: Shutting down and abandoning module BlankPlugin (85)
[2015.04.11-18.07.41:199][ 70]LogModuleManager: Shutting down and abandoning module PaperTiledImporter (84)
[2015.04.11-18.07.41:199][ 70]LogModuleManager: Shutting down and abandoning module PaperJsonImporter (83)
[2015.04.11-18.07.41:199][ 70]LogModuleManager: Shutting down and abandoning module ContentBrowser (82)
[2015.04.11-18.07.41:201][ 70]LogModuleManager: Shutting down and abandoning module Paper2DEditor (81)
[2015.04.11-18.07.41:201][ 70]LogModuleManager: Shutting down and abandoning module ScriptPlugin (80)
[2015.04.11-18.07.41:201][ 70]LogModuleManager: Shutting down and abandoning module UdpMessaging (79)
[2015.04.11-18.07.41:303][ 70]LogModuleManager: Shutting down and abandoning module Paper2D (78)
[2015.04.11-18.07.41:303][ 70]LogModuleManager: Shutting down and abandoning module WindowsMoviePlayer (77)
[2015.04.11-18.07.41:306][ 70]LogModuleManager: Shutting down and abandoning module Media (76)
[2015.04.11-18.07.41:306][ 70]LogModuleManager: Shutting down and abandoning module WmfMedia (75)
[2015.04.11-18.07.41:307][ 70]LogModuleManager: Shutting down and abandoning module OnlineBlueprintSupport (74)
[2015.04.11-18.07.41:307][ 70]LogModuleManager: Shutting down and abandoning module PropertyEditor (73)
[2015.04.11-18.07.41:307][ 70]LogModuleManager: Shutting down and abandoning module BehaviorTreeEditor (72)
[2015.04.11-18.07.41:307][ 70]LogModuleManager: Shutting down and abandoning module FunctionalTesting (71)
[2015.04.11-18.07.41:307][ 70]LogModuleManager: Shutting down and abandoning module CollisionAnalyzer (70)
[2015.04.11-18.07.41:307][ 70]LogModuleManager: Shutting down and abandoning module WorkspaceMenuStructure (69)
[2015.04.11-18.07.41:307][ 70]LogModuleManager: Shutting down and abandoning module MessageLog (68)
[2015.04.11-18.07.41:307][ 70]LogModuleManager: Shutting down and abandoning module Sequencer (67)
[2015.04.11-18.07.41:307][ 70]LogModuleManager: Shutting down and abandoning module AssetTools (66)
[2015.04.11-18.07.41:307][ 70]LogModuleManager: Shutting down and abandoning module UMGEditor (65)
[2015.04.11-18.07.41:307][ 70]LogModuleManager: Shutting down and abandoning module UMG (64)
[2015.04.11-18.07.41:307][ 70]LogModuleManager: Shutting down and abandoning module Slate (63)
[2015.04.11-18.07.41:307][ 70]LogModuleManager: Shutting down and abandoning module EditorStyle (62)
[2015.04.11-18.07.41:313][ 70]LogModuleManager: Shutting down and abandoning module SessionServices (61)
[2015.04.11-18.07.41:313][ 70]LogModuleManager: Shutting down and abandoning module SourceCodeAccess (60)
[2015.04.11-18.07.41:313][ 70]LogModuleManager: Shutting down and abandoning module HeadMountedDisplay (59)
[2015.04.11-18.07.41:313][ 70]LogModuleManager: Shutting down and abandoning module XAudio2 (58)
[2015.04.11-18.07.41:313][ 70]LogModuleManager: Shutting down and abandoning module Networking (56)
[2015.04.11-18.07.41:313][ 70]LogModuleManager: Shutting down and abandoning module Core (55)
[2015.04.11-18.07.41:313][ 70]LogModuleManager: Shutting down and abandoning module KismetCompiler (54)
[2015.04.11-18.07.41:313][ 70]LogModuleManager: Shutting down and abandoning module PhysXFormats (53)
[2015.04.11-18.07.41:313][ 70]LogModuleManager: Shutting down and abandoning module MeshUtilities (52)
[2015.04.11-18.07.41:313][ 70]LogModuleManager: Shutting down and abandoning module DerivedDataCache (51)
[2015.04.11-18.07.41:372][ 70]LogDerivedDataCache: Shutdown
[2015.04.11-18.07.41:372][ 70]LogModuleManager: Shutting down and abandoning module ShaderFormatOpenGL (50)
[2015.04.11-18.07.41:372][ 70]LogModuleManager: Shutting down and abandoning module ShaderFormatD3D (49)
[2015.04.11-18.07.41:372][ 70]LogModuleManager: Shutting down and abandoning module MetalShaderFormat (48)
[2015.04.11-18.07.41:372][ 70]LogModuleManager: Shutting down and abandoning module TextureFormatUncompressed (47)
[2015.04.11-18.07.41:372][ 70]LogModuleManager: Shutting down and abandoning module TextureFormatPVR (46)
[2015.04.11-18.07.41:372][ 70]LogModuleManager: Shutting down and abandoning module TextureFormatIntelISPCTexComp (45)
[2015.04.11-18.07.41:372][ 70]LogModuleManager: Shutting down and abandoning module TextureFormatDXT (44)
[2015.04.11-18.07.41:372][ 70]LogModuleManager: Shutting down and abandoning module ImageWrapper (43)
[2015.04.11-18.07.41:372][ 70]LogModuleManager: Shutting down and abandoning module TextureFormatASTC (42)
[2015.04.11-18.07.41:372][ 70]LogModuleManager: Shutting down and abandoning module TextureFormatAndroid (41)
[2015.04.11-18.07.41:372][ 70]LogModuleManager: Shutting down and abandoning module AudioFormatOpus (40)
[2015.04.11-18.07.41:372][ 70]LogModuleManager: Shutting down and abandoning module AudioFormatOgg (39)
[2015.04.11-18.07.41:372][ 70]LogModuleManager: Shutting down and abandoning module AudioFormatADPCM (38)
[2015.04.11-18.07.41:372][ 70]LogModuleManager: Shutting down and abandoning module LinuxTargetPlatform (37)
[2015.04.11-18.07.41:372][ 70]LogModuleManager: Shutting down and abandoning module LinuxServerTargetPlatform (36)
[2015.04.11-18.07.41:372][ 70]LogModuleManager: Shutting down and abandoning module LinuxNoEditorTargetPlatform (35)
[2015.04.11-18.07.41:372][ 70]LogModuleManager: Shutting down and abandoning module Messaging (34)
[2015.04.11-18.07.41:372][ 70]LogModuleManager: Shutting down and abandoning module IOSTargetPlatform (33)
[2015.04.11-18.07.41:372][ 70]LogModuleManager: Shutting down and abandoning module HTML5TargetPlatform (32)
[2015.04.11-18.07.41:372][ 70]LogModuleManager: Shutting down and abandoning module Android_PVRTCTargetPlatform (31)
[2015.04.11-18.07.41:372][ 70]LogModuleManager: Shutting down and abandoning module Android_ETC2TargetPlatform (30)
[2015.04.11-18.07.41:372][ 70]LogModuleManager: Shutting down and abandoning module Android_ETC1TargetPlatform (29)
[2015.04.11-18.07.41:372][ 70]LogModuleManager: Shutting down and abandoning module Android_ES31TargetPlatform (28)
[2015.04.11-18.07.41:372][ 70]LogModuleManager: Shutting down and abandoning module Android_DXTTargetPlatform (27)
[2015.04.11-18.07.41:372][ 70]LogModuleManager: Shutting down and abandoning module Android_ATCTargetPlatform (26)
[2015.04.11-18.07.41:372][ 70]LogModuleManager: Shutting down and abandoning module AndroidTargetPlatform (25)
[2015.04.11-18.07.41:372][ 70]LogModuleManager: Shutting down and abandoning module WindowsTargetPlatform (24)
[2015.04.11-18.07.41:372][ 70]LogModuleManager: Shutting down and abandoning module WindowsServerTargetPlatform (23)
[2015.04.11-18.07.41:372][ 70]LogModuleManager: Shutting down and abandoning module WindowsNoEditorTargetPlatform (22)
[2015.04.11-18.07.41:372][ 70]LogModuleManager: Shutting down and abandoning module WindowsClientTargetPlatform (21)
[2015.04.11-18.07.41:372][ 70]LogModuleManager: Shutting down and abandoning module TargetPlatform (20)
[2015.04.11-18.07.41:372][ 70]LogModuleManager: Shutting down and abandoning module InputCore (19)
[2015.04.11-18.07.41:372][ 70]LogModuleManager: Shutting down and abandoning module Settings (18)
[2015.04.11-18.07.41:372][ 70]LogModuleManager: Shutting down and abandoning module OnlineSubsystem (16)
[2015.04.11-18.07.41:372][ 70]LogModuleManager: Shutting down and abandoning module OculusRift (15)
[2015.04.11-18.07.41:372][ 70]LogModuleManager: Shutting down and abandoning module ExampleDeviceProfileSelector (14)
[2015.04.11-18.07.41:372][ 70]LogModuleManager: Shutting down and abandoning module TextureCompressor (13)
[2015.04.11-18.07.41:372][ 70]LogModuleManager: Shutting down and abandoning module ShaderCore (12)
[2015.04.11-18.07.41:372][ 70]LogModuleManager: Shutting down and abandoning module Landscape (11)
[2015.04.11-18.07.41:372][ 70]LogModuleManager: Shutting down and abandoning module SlateRHIRenderer (10)
[2015.04.11-18.07.41:376][ 70]LogModuleManager: Shutting down and abandoning module OpenGLDrv (9)
[2015.04.11-18.07.41:376][ 70]LogModuleManager: Shutting down and abandoning module D3D11RHI (8)
[2015.04.11-18.07.41:376][ 70]LogModuleManager: Shutting down and abandoning module Renderer (7)
[2015.04.11-18.07.41:376][ 70]LogModuleManager: Shutting down and abandoning module Engine (6)
[2015.04.11-18.07.41:376][ 70]LogModuleManager: Shutting down and abandoning module CoreUObject (5)
[2015.04.11-18.07.41:376][ 70]LogModuleManager: Shutting down and abandoning module NetworkFile (4)
[2015.04.11-18.07.41:376][ 70]LogModuleManager: Shutting down and abandoning module StreamingFile (3)
[2015.04.11-18.07.41:376][ 70]LogModuleManager: Shutting down and abandoning module SandboxFile (2)
[2015.04.11-18.07.41:376][ 70]LogModuleManager: Shutting down and abandoning module PakFile (1)
[2015.04.11-18.07.41:376][ 70]LogExit: Exiting.
[2015.04.11-18.07.41:381][ 70]Log file closed, 04/11/15 19:07:41
